200110 113953.786|CONFIG|Thread-6|setFileHandlers|Now logging to C:\Users\625783\Desktop\pc2-9.6.0-1-10-20\bin\logs directory.
200110 113953.786|INFO|Thread-6|info|
200110 113953.786|INFO|Thread-6|info|Version 9.6.0 20190102 (Wednesday, January 2nd 2019 01:20 UTC) Java ver 1.8.0_191 build 5102 Windows 10 10.0 (amd64) 
200110 113953.786|INFO|Thread-6|info|Login: administrator1 (aka administrator1)
200110 113953.786|INFO|Thread-6|startLog|Working directory is C:\Users\625783\Desktop\pc2-9.6.0-1-10-20\bin
200110 113953.786|INFO|Thread-6|startLog|Process id is 13028@CHS-2513-L-29-S
200110 113953.786|INFO|Thread-6|info|Attempting to load UI class edu.csus.ecs.pc2.ui.admin.AdministratorView
200110 113953.786|INFO|Thread-6|info|Loaded UI class edu.csus.ecs.pc2.ui.admin.AdministratorView
200110 113954.554|INFO|Thread-6|info| handlePacket original LOGIN_SUCCESS after -- all settings loaded 
200110 113954.554|INFO|Thread-6|info|handlePacket end Packet[LOGIN_SUCCESS] #2 SERVER0 @ site 1 -> ADMINISTRATOR1 @ site 1
200110 113954.554|INFO|Thread-6|info| receiveObject(S) end   got Packet[LOGIN_SUCCESS] #2 SERVER0 @ site 1 -> ADMINISTRATOR1 @ site 1
200110 114055.910|INFO|AWT-EventQueue-0|sendToLocalServer|Sending packet to server Packet[GENERATE_ACCOUNTS] #2 ADMINISTRATOR1 @ site 1 -> SERVER0 @ site 1
200110 114055.910|INFO|AWT-EventQueue-0|sendToLocalServer|Sent    packet to server Packet[GENERATE_ACCOUNTS] #2 ADMINISTRATOR1 @ site 1 -> SERVER0 @ site 1
200110 114055.910|INFO|AWT-EventQueue-0|sendToLocalServer|Sending packet to server Packet[GENERATE_ACCOUNTS] #3 ADMINISTRATOR1 @ site 1 -> SERVER0 @ site 1
200110 114055.910|INFO|AWT-EventQueue-0|sendToLocalServer|Sent    packet to server Packet[GENERATE_ACCOUNTS] #3 ADMINISTRATOR1 @ site 1 -> SERVER0 @ site 1
200110 114055.910|INFO|AWT-EventQueue-0|sendToLocalServer|Sending packet to server Packet[GENERATE_ACCOUNTS] #4 ADMINISTRATOR1 @ site 1 -> SERVER0 @ site 1
200110 114055.910|INFO|AWT-EventQueue-0|sendToLocalServer|Sent    packet to server Packet[GENERATE_ACCOUNTS] #4 ADMINISTRATOR1 @ site 1 -> SERVER0 @ site 1
200110 114055.941|INFO|Thread-10|info| receiveObject(S) start got Packet[ADD_SETTING] #4 SERVER0 @ site 1 -> SERVER0 @ site 0
200110 114055.941|INFO|Thread-10|dumpPacket|Packet ADD_SETTING (Seq #4, o#4 ) recieveObject
200110 114055.941|INFO|Thread-10|dumpPacket|  From: SERVER0 @ site 1, oSERVER0 @ site 1 (CHS-2513-L-29-S @ 10.4.0.242) (Contest Id: Default-5053916771268647617)
200110 114055.941|INFO|Thread-10|dumpPacket|    To: SERVER0 @ site 0
200110 114055.941|INFO|Thread-10|dumpPacket|   key: CLIENT_ID is: edu.csus.ecs.pc2.core.model.ClientId SERVER0 @ site 1
200110 114055.941|INFO|Thread-10|dumpPacket|   key: SITE_NUMBER is: java.lang.Integer 1
200110 114055.941|INFO|Thread-10|dumpPacket|   key: ACCOUNT_ARRAY is: [Ledu.csus.ecs.pc2.core.model.Account; [Ledu.csus.ecs.pc2.core.model.Account;@5d4d275f
200110 114055.941|INFO|Thread-10|info|handlePacket start Packet[ADD_SETTING] #4 SERVER0 @ site 1 -> SERVER0 @ site 0
200110 114055.941|INFO|Thread-10|dumpPacket|Packet ADD_SETTING (Seq #4, o#4 ) handlePacket
200110 114055.941|INFO|Thread-10|dumpPacket|  From: SERVER0 @ site 1, oSERVER0 @ site 1 (CHS-2513-L-29-S @ 10.4.0.242) (Contest Id: Default-5053916771268647617)
200110 114055.941|INFO|Thread-10|dumpPacket|    To: SERVER0 @ site 0
200110 114055.941|INFO|Thread-10|dumpPacket|   key: CLIENT_ID is: edu.csus.ecs.pc2.core.model.ClientId SERVER0 @ site 1
200110 114055.941|INFO|Thread-10|dumpPacket|   key: SITE_NUMBER is: java.lang.Integer 1
200110 114055.941|INFO|Thread-10|dumpPacket|   key: ACCOUNT_ARRAY is: [Ledu.csus.ecs.pc2.core.model.Account; [Ledu.csus.ecs.pc2.core.model.Account;@5d4d275f
200110 114055.956|INFO|Thread-11|info| receiveObject(S) start got Packet[ADD_SETTING] #5 SERVER0 @ site 1 -> SERVER0 @ site 0
200110 114055.956|INFO|Thread-11|dumpPacket|Packet ADD_SETTING (Seq #5, o#5 ) recieveObject
200110 114055.956|INFO|Thread-11|dumpPacket|  From: SERVER0 @ site 1, oSERVER0 @ site 1 (CHS-2513-L-29-S @ 10.4.0.242) (Contest Id: Default-5053916771268647617)
200110 114055.956|INFO|Thread-11|dumpPacket|    To: SERVER0 @ site 0
200110 114055.956|INFO|Thread-11|dumpPacket|   key: CLIENT_ID is: edu.csus.ecs.pc2.core.model.ClientId SERVER0 @ site 1
200110 114055.956|INFO|Thread-11|dumpPacket|   key: SITE_NUMBER is: java.lang.Integer 1
200110 114055.956|INFO|Thread-11|dumpPacket|   key: ACCOUNT_ARRAY is: [Ledu.csus.ecs.pc2.core.model.Account; [Ledu.csus.ecs.pc2.core.model.Account;@53031aba
200110 114055.956|INFO|Thread-11|info|handlePacket start Packet[ADD_SETTING] #5 SERVER0 @ site 1 -> SERVER0 @ site 0
200110 114055.956|INFO|Thread-11|dumpPacket|Packet ADD_SETTING (Seq #5, o#5 ) handlePacket
200110 114055.956|INFO|Thread-11|dumpPacket|  From: SERVER0 @ site 1, oSERVER0 @ site 1 (CHS-2513-L-29-S @ 10.4.0.242) (Contest Id: Default-5053916771268647617)
200110 114055.956|INFO|Thread-11|dumpPacket|    To: SERVER0 @ site 0
200110 114055.956|INFO|Thread-11|dumpPacket|   key: CLIENT_ID is: edu.csus.ecs.pc2.core.model.ClientId SERVER0 @ site 1
200110 114055.956|INFO|Thread-11|dumpPacket|   key: SITE_NUMBER is: java.lang.Integer 1
200110 114055.956|INFO|Thread-11|dumpPacket|   key: ACCOUNT_ARRAY is: [Ledu.csus.ecs.pc2.core.model.Account; [Ledu.csus.ecs.pc2.core.model.Account;@53031aba
200110 114055.988|INFO|Thread-10|info|handlePacket end Packet[ADD_SETTING] #4 SERVER0 @ site 1 -> SERVER0 @ site 0
200110 114055.988|INFO|Thread-10|info| receiveObject(S) end   got Packet[ADD_SETTING] #4 SERVER0 @ site 1 -> SERVER0 @ site 0
200110 114055.988|INFO|Thread-11|info|handlePacket end Packet[ADD_SETTING] #5 SERVER0 @ site 1 -> SERVER0 @ site 0
200110 114055.988|INFO|Thread-11|info| receiveObject(S) end   got Packet[ADD_SETTING] #5 SERVER0 @ site 1 -> SERVER0 @ site 0
200110 114056.003|INFO|Thread-12|info| receiveObject(S) start got Packet[ADD_SETTING] #6 SERVER0 @ site 1 -> SERVER0 @ site 0
200110 114056.003|INFO|Thread-12|dumpPacket|Packet ADD_SETTING (Seq #6, o#6 ) recieveObject
200110 114056.003|INFO|Thread-12|dumpPacket|  From: SERVER0 @ site 1, oSERVER0 @ site 1 (CHS-2513-L-29-S @ 10.4.0.242) (Contest Id: Default-5053916771268647617)
200110 114056.003|INFO|Thread-12|dumpPacket|    To: SERVER0 @ site 0
200110 114056.003|INFO|Thread-12|dumpPacket|   key: CLIENT_ID is: edu.csus.ecs.pc2.core.model.ClientId SERVER0 @ site 1
200110 114056.003|INFO|Thread-12|dumpPacket|   key: SITE_NUMBER is: java.lang.Integer 1
200110 114056.003|INFO|Thread-12|dumpPacket|   key: ACCOUNT_ARRAY is: [Ledu.csus.ecs.pc2.core.model.Account; [Ledu.csus.ecs.pc2.core.model.Account;@4cc01c7a
200110 114056.003|INFO|Thread-12|info|handlePacket start Packet[ADD_SETTING] #6 SERVER0 @ site 1 -> SERVER0 @ site 0
200110 114056.003|INFO|Thread-12|dumpPacket|Packet ADD_SETTING (Seq #6, o#6 ) handlePacket
200110 114056.003|INFO|Thread-12|dumpPacket|  From: SERVER0 @ site 1, oSERVER0 @ site 1 (CHS-2513-L-29-S @ 10.4.0.242) (Contest Id: Default-5053916771268647617)
200110 114056.003|INFO|Thread-12|dumpPacket|    To: SERVER0 @ site 0
200110 114056.003|INFO|Thread-12|dumpPacket|   key: CLIENT_ID is: edu.csus.ecs.pc2.core.model.ClientId SERVER0 @ site 1
200110 114056.003|INFO|Thread-12|dumpPacket|   key: SITE_NUMBER is: java.lang.Integer 1
200110 114056.003|INFO|Thread-12|dumpPacket|   key: ACCOUNT_ARRAY is: [Ledu.csus.ecs.pc2.core.model.Account; [Ledu.csus.ecs.pc2.core.model.Account;@4cc01c7a
200110 114056.066|INFO|Thread-12|info|handlePacket end Packet[ADD_SETTING] #6 SERVER0 @ site 1 -> SERVER0 @ site 0
200110 114056.066|INFO|Thread-12|info| receiveObject(S) end   got Packet[ADD_SETTING] #6 SERVER0 @ site 1 -> SERVER0 @ site 0
200110 114153.362|INFO|AWT-EventQueue-0|sendToLocalServer|Sending packet to server Packet[ADD_SETTING] #5 ADMINISTRATOR1 @ site 1 -> SERVER0 @ site 1
200110 114153.362|INFO|AWT-EventQueue-0|sendToLocalServer|Sent    packet to server Packet[ADD_SETTING] #5 ADMINISTRATOR1 @ site 1 -> SERVER0 @ site 1
200110 114153.396|INFO|Thread-14|info| receiveObject(S) start got Packet[ADD_SETTING] #7 SERVER0 @ site 1 -> SERVER0 @ site 0
200110 114153.396|INFO|Thread-14|dumpPacket|Packet ADD_SETTING (Seq #7, o#5 ) recieveObject
200110 114153.397|INFO|Thread-14|dumpPacket|  From: SERVER0 @ site 1, oADMINISTRATOR1 @ site 1 (CHS-2513-L-29-S @ 10.4.0.242) (Contest Id: Default-5053916771268647617)
200110 114153.397|INFO|Thread-14|dumpPacket|    To: SERVER0 @ site 0
200110 114153.397|INFO|Thread-14|dumpPacket|   key: LANGUAGE is: edu.csus.ecs.pc2.core.model.Language Java
200110 114153.397|INFO|Thread-14|info|handlePacket start Packet[ADD_SETTING] #7 SERVER0 @ site 1 -> SERVER0 @ site 0
200110 114153.397|INFO|Thread-14|dumpPacket|Packet ADD_SETTING (Seq #7, o#5 ) handlePacket
200110 114153.397|INFO|Thread-14|dumpPacket|  From: SERVER0 @ site 1, oADMINISTRATOR1 @ site 1 (CHS-2513-L-29-S @ 10.4.0.242) (Contest Id: Default-5053916771268647617)
200110 114153.397|INFO|Thread-14|dumpPacket|    To: SERVER0 @ site 0
200110 114153.397|INFO|Thread-14|dumpPacket|   key: LANGUAGE is: edu.csus.ecs.pc2.core.model.Language Java
200110 114153.398|INFO|Thread-14|info|handlePacket end Packet[ADD_SETTING] #7 SERVER0 @ site 1 -> SERVER0 @ site 0
200110 114153.398|INFO|Thread-14|info| receiveObject(S) end   got Packet[ADD_SETTING] #7 SERVER0 @ site 1 -> SERVER0 @ site 0
200110 114251.989|DEBUG|AWT-EventQueue-0|enableUpdateButton|Input ContestTime (but not saving) 
|edu.csus.ecs.pc2.ui.InvalidFieldValue: Invalid contest length
|    at edu.csus.ecs.pc2.ui.EditContestTimePane.getContestTimeFromFields (EditContestTimePane.java:263)
|    at edu.csus.ecs.pc2.ui.EditContestTimePane.enableUpdateButton (EditContestTimePane.java:215)
|    at edu.csus.ecs.pc2.ui.EditContestTimePane.access$4 (EditContestTimePane.java:203)
|    at edu.csus.ecs.pc2.ui.EditContestTimePane$8.keyTyped (EditContestTimePane.java:583)
|    at java.awt.Component.processKeyEvent (Unknown Source)
|    at javax.swing.JComponent.processKeyEvent (Unknown Source)
|    at java.awt.Component.processEvent (Unknown Source)
|    at java.awt.Container.processEvent (Unknown Source)
|    at java.awt.Component.dispatchEventImpl (Unknown Source)
|    at java.awt.Container.dispatchEventImpl (Unknown Source)
|    at java.awt.Component.dispatchEvent (Unknown Source)
|    at java.awt.KeyboardFocusManager.redispatchEvent (Unknown Source)
|    at java.awt.DefaultKeyboardFocusManager.dispatchKeyEvent (Unknown Source)
|    at java.awt.DefaultKeyboardFocusManager.preDispatchKeyEvent (Unknown Source)
|    at java.awt.DefaultKeyboardFocusManager.typeAheadAssertions (Unknown Source)
|    at java.awt.DefaultKeyboardFocusManager.dispatchEvent (Unknown Source)
|    at java.awt.Component.dispatchEventImpl (Unknown Source)
|    at java.awt.Container.dispatchEventImpl (Unknown Source)
|    at java.awt.Window.dispatchEventImpl (Unknown Source)
|    at java.awt.Component.dispatchEvent (Unknown Source)
|    at java.awt.EventQueue.dispatchEventImpl (Unknown Source)
|    at java.awt.EventQueue.access$500 (Unknown Source)
|    at java.awt.EventQueue$3.run (Unknown Source)
|    at java.awt.EventQueue$3.run (Unknown Source)
|    at java.security.AccessController.doPrivileged (Unknown Source)
|    at java.security.ProtectionDomain$JavaSecurityAccessImpl.doIntersectionPrivilege (Unknown Source)
|    at java.security.ProtectionDomain$JavaSecurityAccessImpl.doIntersectionPrivilege (Unknown Source)
|    at java.awt.EventQueue$4.run (Unknown Source)
|    at java.awt.EventQueue$4.run (Unknown Source)
|    at java.security.AccessController.doPrivileged (Unknown Source)
|    at java.security.ProtectionDomain$JavaSecurityAccessImpl.doIntersectionPrivilege (Unknown Source)
|    at java.awt.EventQueue.dispatchEvent (Unknown Source)
|    at java.awt.EventDispatchThread.pumpOneEventForFilters (Unknown Source)
|    at java.awt.EventDispatchThread.pumpEventsForFilter (Unknown Source)
|    at java.awt.EventDispatchThread.pumpEventsForHierarchy (Unknown Source)
|    at java.awt.EventDispatchThread.pumpEvents (Unknown Source)
|    at java.awt.EventDispatchThread.pumpEvents (Unknown Source)
|    at java.awt.EventDispatchThread.run (Unknown Source)
200110 114252.208|DEBUG|AWT-EventQueue-0|enableUpdateButton|Input ContestTime (but not saving) 
|edu.csus.ecs.pc2.ui.InvalidFieldValue: Invalid contest length
|    at edu.csus.ecs.pc2.ui.EditContestTimePane.getContestTimeFromFields (EditContestTimePane.java:263)
|    at edu.csus.ecs.pc2.ui.EditContestTimePane.enableUpdateButton (EditContestTimePane.java:215)
|    at edu.csus.ecs.pc2.ui.EditContestTimePane.access$4 (EditContestTimePane.java:203)
|    at edu.csus.ecs.pc2.ui.EditContestTimePane$8.keyTyped (EditContestTimePane.java:583)
|    at java.awt.Component.processKeyEvent (Unknown Source)
|    at javax.swing.JComponent.processKeyEvent (Unknown Source)
|    at java.awt.Component.processEvent (Unknown Source)
|    at java.awt.Container.processEvent (Unknown Source)
|    at java.awt.Component.dispatchEventImpl (Unknown Source)
|    at java.awt.Container.dispatchEventImpl (Unknown Source)
|    at java.awt.Component.dispatchEvent (Unknown Source)
|    at java.awt.KeyboardFocusManager.redispatchEvent (Unknown Source)
|    at java.awt.DefaultKeyboardFocusManager.dispatchKeyEvent (Unknown Source)
|    at java.awt.DefaultKeyboardFocusManager.preDispatchKeyEvent (Unknown Source)
|    at java.awt.DefaultKeyboardFocusManager.typeAheadAssertions (Unknown Source)
|    at java.awt.DefaultKeyboardFocusManager.dispatchEvent (Unknown Source)
|    at java.awt.Component.dispatchEventImpl (Unknown Source)
|    at java.awt.Container.dispatchEventImpl (Unknown Source)
|    at java.awt.Window.dispatchEventImpl (Unknown Source)
|    at java.awt.Component.dispatchEvent (Unknown Source)
|    at java.awt.EventQueue.dispatchEventImpl (Unknown Source)
|    at java.awt.EventQueue.access$500 (Unknown Source)
|    at java.awt.EventQueue$3.run (Unknown Source)
|    at java.awt.EventQueue$3.run (Unknown Source)
|    at java.security.AccessController.doPrivileged (Unknown Source)
|    at java.security.ProtectionDomain$JavaSecurityAccessImpl.doIntersectionPrivilege (Unknown Source)
|    at java.security.ProtectionDomain$JavaSecurityAccessImpl.doIntersectionPrivilege (Unknown Source)
|    at java.awt.EventQueue$4.run (Unknown Source)
|    at java.awt.EventQueue$4.run (Unknown Source)
|    at java.security.AccessController.doPrivileged (Unknown Source)
|    at java.security.ProtectionDomain$JavaSecurityAccessImpl.doIntersectionPrivilege (Unknown Source)
|    at java.awt.EventQueue.dispatchEvent (Unknown Source)
|    at java.awt.EventDispatchThread.pumpOneEventForFilters (Unknown Source)
|    at java.awt.EventDispatchThread.pumpEventsForFilter (Unknown Source)
|    at java.awt.EventDispatchThread.pumpEventsForHierarchy (Unknown Source)
|    at java.awt.EventDispatchThread.pumpEvents (Unknown Source)
|    at java.awt.EventDispatchThread.pumpEvents (Unknown Source)
|    at java.awt.EventDispatchThread.run (Unknown Source)
200110 114254.764|DEBUG|AWT-EventQueue-0|enableUpdateButton|Input ContestTime (but not saving) 
|edu.csus.ecs.pc2.ui.InvalidFieldValue: Invalid remaining time
|    at edu.csus.ecs.pc2.ui.EditContestTimePane.getContestTimeFromFields (EditContestTimePane.java:256)
|    at edu.csus.ecs.pc2.ui.EditContestTimePane.enableUpdateButton (EditContestTimePane.java:215)
|    at edu.csus.ecs.pc2.ui.EditContestTimePane.access$4 (EditContestTimePane.java:203)
|    at edu.csus.ecs.pc2.ui.EditContestTimePane$6.keyTyped (EditContestTimePane.java:549)
|    at java.awt.Component.processKeyEvent (Unknown Source)
|    at javax.swing.JComponent.processKeyEvent (Unknown Source)
|    at java.awt.Component.processEvent (Unknown Source)
|    at java.awt.Container.processEvent (Unknown Source)
|    at java.awt.Component.dispatchEventImpl (Unknown Source)
|    at java.awt.Container.dispatchEventImpl (Unknown Source)
|    at java.awt.Component.dispatchEvent (Unknown Source)
|    at java.awt.KeyboardFocusManager.redispatchEvent (Unknown Source)
|    at java.awt.DefaultKeyboardFocusManager.dispatchKeyEvent (Unknown Source)
|    at java.awt.DefaultKeyboardFocusManager.preDispatchKeyEvent (Unknown Source)
|    at java.awt.DefaultKeyboardFocusManager.typeAheadAssertions (Unknown Source)
|    at java.awt.DefaultKeyboardFocusManager.dispatchEvent (Unknown Source)
|    at java.awt.Component.dispatchEventImpl (Unknown Source)
|    at java.awt.Container.dispatchEventImpl (Unknown Source)
|    at java.awt.Window.dispatchEventImpl (Unknown Source)
|    at java.awt.Component.dispatchEvent (Unknown Source)
|    at java.awt.EventQueue.dispatchEventImpl (Unknown Source)
|    at java.awt.EventQueue.access$500 (Unknown Source)
|    at java.awt.EventQueue$3.run (Unknown Source)
|    at java.awt.EventQueue$3.run (Unknown Source)
|    at java.security.AccessController.doPrivileged (Unknown Source)
|    at java.security.ProtectionDomain$JavaSecurityAccessImpl.doIntersectionPrivilege (Unknown Source)
|    at java.security.ProtectionDomain$JavaSecurityAccessImpl.doIntersectionPrivilege (Unknown Source)
|    at java.awt.EventQueue$4.run (Unknown Source)
|    at java.awt.EventQueue$4.run (Unknown Source)
|    at java.security.AccessController.doPrivileged (Unknown Source)
|    at java.security.ProtectionDomain$JavaSecurityAccessImpl.doIntersectionPrivilege (Unknown Source)
|    at java.awt.EventQueue.dispatchEvent (Unknown Source)
|    at java.awt.EventDispatchThread.pumpOneEventForFilters (Unknown Source)
|    at java.awt.EventDispatchThread.pumpEventsForFilter (Unknown Source)
|    at java.awt.EventDispatchThread.pumpEventsForHierarchy (Unknown Source)
|    at java.awt.EventDispatchThread.pumpEvents (Unknown Source)
|    at java.awt.EventDispatchThread.pumpEvents (Unknown Source)
|    at java.awt.EventDispatchThread.run (Unknown Source)
200110 114254.984|DEBUG|AWT-EventQueue-0|enableUpdateButton|Input ContestTime (but not saving) 
|edu.csus.ecs.pc2.ui.InvalidFieldValue: Invalid remaining time
|    at edu.csus.ecs.pc2.ui.EditContestTimePane.getContestTimeFromFields (EditContestTimePane.java:256)
|    at edu.csus.ecs.pc2.ui.EditContestTimePane.enableUpdateButton (EditContestTimePane.java:215)
|    at edu.csus.ecs.pc2.ui.EditContestTimePane.access$4 (EditContestTimePane.java:203)
|    at edu.csus.ecs.pc2.ui.EditContestTimePane$6.keyTyped (EditContestTimePane.java:549)
|    at java.awt.Component.processKeyEvent (Unknown Source)
|    at javax.swing.JComponent.processKeyEvent (Unknown Source)
|    at java.awt.Component.processEvent (Unknown Source)
|    at java.awt.Container.processEvent (Unknown Source)
|    at java.awt.Component.dispatchEventImpl (Unknown Source)
|    at java.awt.Container.dispatchEventImpl (Unknown Source)
|    at java.awt.Component.dispatchEvent (Unknown Source)
|    at java.awt.KeyboardFocusManager.redispatchEvent (Unknown Source)
|    at java.awt.DefaultKeyboardFocusManager.dispatchKeyEvent (Unknown Source)
|    at java.awt.DefaultKeyboardFocusManager.preDispatchKeyEvent (Unknown Source)
|    at java.awt.DefaultKeyboardFocusManager.typeAheadAssertions (Unknown Source)
|    at java.awt.DefaultKeyboardFocusManager.dispatchEvent (Unknown Source)
|    at java.awt.Component.dispatchEventImpl (Unknown Source)
|    at java.awt.Container.dispatchEventImpl (Unknown Source)
|    at java.awt.Window.dispatchEventImpl (Unknown Source)
|    at java.awt.Component.dispatchEvent (Unknown Source)
|    at java.awt.EventQueue.dispatchEventImpl (Unknown Source)
|    at java.awt.EventQueue.access$500 (Unknown Source)
|    at java.awt.EventQueue$3.run (Unknown Source)
|    at java.awt.EventQueue$3.run (Unknown Source)
|    at java.security.AccessController.doPrivileged (Unknown Source)
|    at java.security.ProtectionDomain$JavaSecurityAccessImpl.doIntersectionPrivilege (Unknown Source)
|    at java.security.ProtectionDomain$JavaSecurityAccessImpl.doIntersectionPrivilege (Unknown Source)
|    at java.awt.EventQueue$4.run (Unknown Source)
|    at java.awt.EventQueue$4.run (Unknown Source)
|    at java.security.AccessController.doPrivileged (Unknown Source)
|    at java.security.ProtectionDomain$JavaSecurityAccessImpl.doIntersectionPrivilege (Unknown Source)
|    at java.awt.EventQueue.dispatchEvent (Unknown Source)
|    at java.awt.EventDispatchThread.pumpOneEventForFilters (Unknown Source)
|    at java.awt.EventDispatchThread.pumpEventsForFilter (Unknown Source)
|    at java.awt.EventDispatchThread.pumpEventsForHierarchy (Unknown Source)
|    at java.awt.EventDispatchThread.pumpEvents (Unknown Source)
|    at java.awt.EventDispatchThread.pumpEvents (Unknown Source)
|    at java.awt.EventDispatchThread.run (Unknown Source)
200110 114300.712|INFO|AWT-EventQueue-0|sendToLocalServer|Sending packet to server Packet[UPDATE_SETTING] #6 ADMINISTRATOR1 @ site 1 -> SERVER0 @ site 1
200110 114300.712|INFO|AWT-EventQueue-0|sendToLocalServer|Sent    packet to server Packet[UPDATE_SETTING] #6 ADMINISTRATOR1 @ site 1 -> SERVER0 @ site 1
200110 114300.712|INFO|AWT-EventQueue-0|sendToLocalServer|Sending packet to server Packet[UPDATE_SETTING] #7 ADMINISTRATOR1 @ site 1 -> SERVER0 @ site 1
200110 114300.712|INFO|AWT-EventQueue-0|sendToLocalServer|Sent    packet to server Packet[UPDATE_SETTING] #7 ADMINISTRATOR1 @ site 1 -> SERVER0 @ site 1
200110 114300.739|INFO|Thread-17|info| receiveObject(S) start got Packet[UPDATE_SETTING] #8 SERVER0 @ site 1 -> SERVER0 @ site 0
200110 114300.739|INFO|Thread-17|dumpPacket|Packet UPDATE_SETTING (Seq #8, o#6 ) recieveObject
200110 114300.739|INFO|Thread-17|dumpPacket|  From: SERVER0 @ site 1, oADMINISTRATOR1 @ site 1 (CHS-2513-L-29-S @ 10.4.0.242) (Contest Id: Default-5053916771268647617)
200110 114300.739|INFO|Thread-17|dumpPacket|    To: SERVER0 @ site 0
200110 114300.739|INFO|Thread-17|dumpPacket|   key: CONTEST_TIME is: edu.csus.ecs.pc2.core.model.ContestTime edu.csus.ecs.pc2.core.model.ContestTime@5de0ae1b
200110 114300.739|INFO|Thread-17|info|handlePacket start Packet[UPDATE_SETTING] #8 SERVER0 @ site 1 -> SERVER0 @ site 0
200110 114300.739|INFO|Thread-17|dumpPacket|Packet UPDATE_SETTING (Seq #8, o#6 ) handlePacket
200110 114300.739|INFO|Thread-17|dumpPacket|  From: SERVER0 @ site 1, oADMINISTRATOR1 @ site 1 (CHS-2513-L-29-S @ 10.4.0.242) (Contest Id: Default-5053916771268647617)
200110 114300.739|INFO|Thread-17|dumpPacket|    To: SERVER0 @ site 0
200110 114300.739|INFO|Thread-17|dumpPacket|   key: CONTEST_TIME is: edu.csus.ecs.pc2.core.model.ContestTime edu.csus.ecs.pc2.core.model.ContestTime@5de0ae1b
200110 114300.739|INFO|Thread-17|info|handlePacket end Packet[UPDATE_SETTING] #8 SERVER0 @ site 1 -> SERVER0 @ site 0
200110 114300.739|INFO|Thread-17|info| receiveObject(S) end   got Packet[UPDATE_SETTING] #8 SERVER0 @ site 1 -> SERVER0 @ site 0
200110 114300.754|INFO|Thread-18|info| receiveObject(S) start got Packet[UPDATE_SETTING] #9 SERVER0 @ site 1 -> SERVER0 @ site 0
200110 114300.754|INFO|Thread-18|dumpPacket|Packet UPDATE_SETTING (Seq #9, o#7 ) recieveObject
200110 114300.754|INFO|Thread-18|dumpPacket|  From: SERVER0 @ site 1, oADMINISTRATOR1 @ site 1 (CHS-2513-L-29-S @ 10.4.0.242) (Contest Id: Default-5053916771268647617)
200110 114300.754|INFO|Thread-18|dumpPacket|    To: SERVER0 @ site 0
200110 114300.754|INFO|Thread-18|dumpPacket|   key: CONTEST_INFORMATION is: edu.csus.ecs.pc2.core.model.ContestInformation edu.csus.ecs.pc2.core.model.ContestInformation@c679501
200110 114300.754|INFO|Thread-18|info|handlePacket start Packet[UPDATE_SETTING] #9 SERVER0 @ site 1 -> SERVER0 @ site 0
200110 114300.754|INFO|Thread-18|dumpPacket|Packet UPDATE_SETTING (Seq #9, o#7 ) handlePacket
200110 114300.754|INFO|Thread-18|dumpPacket|  From: SERVER0 @ site 1, oADMINISTRATOR1 @ site 1 (CHS-2513-L-29-S @ 10.4.0.242) (Contest Id: Default-5053916771268647617)
200110 114300.754|INFO|Thread-18|dumpPacket|    To: SERVER0 @ site 0
200110 114300.754|INFO|Thread-18|dumpPacket|   key: CONTEST_INFORMATION is: edu.csus.ecs.pc2.core.model.ContestInformation edu.csus.ecs.pc2.core.model.ContestInformation@c679501
200110 114300.754|INFO|Thread-18|updateScheduledStartTime|ContestTimePane.updateScheduledStartTime(): updated Scheduled Start Time field to undefined
200110 114300.786|INFO|Thread-18|info|handlePacket end Packet[UPDATE_SETTING] #9 SERVER0 @ site 1 -> SERVER0 @ site 0
200110 114300.786|INFO|Thread-18|info| receiveObject(S) end   got Packet[UPDATE_SETTING] #9 SERVER0 @ site 1 -> SERVER0 @ site 0
200110 114458.274|INFO|AWT-EventQueue-0|sendToLocalServer|Sending packet to server Packet[UPDATE_SETTING] #8 ADMINISTRATOR1 @ site 1 -> SERVER0 @ site 1
200110 114458.274|INFO|AWT-EventQueue-0|sendToLocalServer|Sent    packet to server Packet[UPDATE_SETTING] #8 ADMINISTRATOR1 @ site 1 -> SERVER0 @ site 1
200110 114458.321|INFO|Thread-20|info| receiveObject(S) start got Packet[UPDATE_SETTING] #10 SERVER0 @ site 1 -> SERVER0 @ site 0
200110 114458.321|INFO|Thread-20|dumpPacket|Packet UPDATE_SETTING (Seq #10, o#8 ) recieveObject
200110 114458.321|INFO|Thread-20|dumpPacket|  From: SERVER0 @ site 1, oADMINISTRATOR1 @ site 1 (CHS-2513-L-29-S @ 10.4.0.242) (Contest Id: Default-5053916771268647617)
200110 114458.321|INFO|Thread-20|dumpPacket|    To: SERVER0 @ site 0
200110 114458.321|INFO|Thread-20|dumpPacket|   key: CONTEST_INFORMATION is: edu.csus.ecs.pc2.core.model.ContestInformation edu.csus.ecs.pc2.core.model.ContestInformation@11b2a3d7
200110 114458.321|INFO|Thread-20|info|handlePacket start Packet[UPDATE_SETTING] #10 SERVER0 @ site 1 -> SERVER0 @ site 0
200110 114458.321|INFO|Thread-20|dumpPacket|Packet UPDATE_SETTING (Seq #10, o#8 ) handlePacket
200110 114458.321|INFO|Thread-20|dumpPacket|  From: SERVER0 @ site 1, oADMINISTRATOR1 @ site 1 (CHS-2513-L-29-S @ 10.4.0.242) (Contest Id: Default-5053916771268647617)
200110 114458.321|INFO|Thread-20|dumpPacket|    To: SERVER0 @ site 0
200110 114458.321|INFO|Thread-20|dumpPacket|   key: CONTEST_INFORMATION is: edu.csus.ecs.pc2.core.model.ContestInformation edu.csus.ecs.pc2.core.model.ContestInformation@11b2a3d7
200110 114458.321|INFO|Thread-20|updateScheduledStartTime|ContestTimePane.updateScheduledStartTime(): updated Scheduled Start Time field to undefined
200110 114458.336|INFO|Thread-20|info|handlePacket end Packet[UPDATE_SETTING] #10 SERVER0 @ site 1 -> SERVER0 @ site 0
200110 114458.336|INFO|Thread-20|info| receiveObject(S) end   got Packet[UPDATE_SETTING] #10 SERVER0 @ site 1 -> SERVER0 @ site 0
200110 114839.072|INFO|AWT-EventQueue-0|sendToLocalServer|Sending packet to server Packet[ADD_SETTING] #9 ADMINISTRATOR1 @ site 1 -> SERVER0 @ site 1
200110 114839.072|INFO|AWT-EventQueue-0|sendToLocalServer|Sent    packet to server Packet[ADD_SETTING] #9 ADMINISTRATOR1 @ site 1 -> SERVER0 @ site 1
200110 114839.103|INFO|Thread-23|info| receiveObject(S) start got Packet[ADD_SETTING] #11 SERVER0 @ site 1 -> SERVER0 @ site 0
200110 114839.119|INFO|Thread-23|dumpPacket|Packet ADD_SETTING (Seq #11, o#9 ) recieveObject
200110 114839.119|INFO|Thread-23|dumpPacket|  From: SERVER0 @ site 1, oADMINISTRATOR1 @ site 1 (CHS-2513-L-29-S @ 10.4.0.242) (Contest Id: Default-5053916771268647617)
200110 114839.119|INFO|Thread-23|dumpPacket|    To: SERVER0 @ site 0
200110 114839.119|INFO|Thread-23|dumpPacket|   key: PROBLEM is: edu.csus.ecs.pc2.core.model.Problem Scale
200110 114839.119|INFO|Thread-23|dumpPacket|   key: PROBLEM_DATA_FILES is: edu.csus.ecs.pc2.core.model.ProblemDataFiles Scale-7240596095855506735 1 data files, 1 answer files. Data: scale.dat Answer: scale.out  Output Validator: null Input Validator: null
200110 114839.119|INFO|Thread-23|info|handlePacket start Packet[ADD_SETTING] #11 SERVER0 @ site 1 -> SERVER0 @ site 0
200110 114839.119|INFO|Thread-23|dumpPacket|Packet ADD_SETTING (Seq #11, o#9 ) handlePacket
200110 114839.119|INFO|Thread-23|dumpPacket|  From: SERVER0 @ site 1, oADMINISTRATOR1 @ site 1 (CHS-2513-L-29-S @ 10.4.0.242) (Contest Id: Default-5053916771268647617)
200110 114839.119|INFO|Thread-23|dumpPacket|    To: SERVER0 @ site 0
200110 114839.119|INFO|Thread-23|dumpPacket|   key: PROBLEM is: edu.csus.ecs.pc2.core.model.Problem Scale
200110 114839.119|INFO|Thread-23|dumpPacket|   key: PROBLEM_DATA_FILES is: edu.csus.ecs.pc2.core.model.ProblemDataFiles Scale-7240596095855506735 1 data files, 1 answer files. Data: scale.dat Answer: scale.out  Output Validator: null Input Validator: null
200110 114839.135|INFO|Thread-23|info|handlePacket end Packet[ADD_SETTING] #11 SERVER0 @ site 1 -> SERVER0 @ site 0
200110 114839.135|INFO|Thread-23|info| receiveObject(S) end   got Packet[ADD_SETTING] #11 SERVER0 @ site 1 -> SERVER0 @ site 0
200110 114941.090|INFO|AWT-EventQueue-0|sendToLocalServer|Sending packet to server Packet[ADD_SETTING] #10 ADMINISTRATOR1 @ site 1 -> SERVER0 @ site 1
200110 114941.090|INFO|AWT-EventQueue-0|sendToLocalServer|Sent    packet to server Packet[ADD_SETTING] #10 ADMINISTRATOR1 @ site 1 -> SERVER0 @ site 1
200110 114941.121|INFO|Thread-25|info| receiveObject(S) start got Packet[ADD_SETTING] #13 SERVER0 @ site 1 -> SERVER0 @ site 0
200110 114941.121|INFO|Thread-25|dumpPacket|Packet ADD_SETTING (Seq #13, o#10 ) recieveObject
200110 114941.121|INFO|Thread-25|dumpPacket|  From: SERVER0 @ site 1, oADMINISTRATOR1 @ site 1 (CHS-2513-L-29-S @ 10.4.0.242) (Contest Id: Default-5053916771268647617)
200110 114941.121|INFO|Thread-25|dumpPacket|    To: SERVER0 @ site 0
200110 114941.121|INFO|Thread-25|dumpPacket|   key: PROBLEM is: edu.csus.ecs.pc2.core.model.Problem Playtime
200110 114941.121|INFO|Thread-25|dumpPacket|   key: PROBLEM_DATA_FILES is: edu.csus.ecs.pc2.core.model.ProblemDataFiles Playtime--6880609553831630343 1 data files, 1 answer files. Data: playtime.dat Answer: playtime.out  Output Validator: null Input Validator: null
200110 114941.121|INFO|Thread-25|info|handlePacket start Packet[ADD_SETTING] #13 SERVER0 @ site 1 -> SERVER0 @ site 0
200110 114941.121|INFO|Thread-25|dumpPacket|Packet ADD_SETTING (Seq #13, o#10 ) handlePacket
200110 114941.121|INFO|Thread-25|dumpPacket|  From: SERVER0 @ site 1, oADMINISTRATOR1 @ site 1 (CHS-2513-L-29-S @ 10.4.0.242) (Contest Id: Default-5053916771268647617)
200110 114941.121|INFO|Thread-25|dumpPacket|    To: SERVER0 @ site 0
200110 114941.121|INFO|Thread-25|dumpPacket|   key: PROBLEM is: edu.csus.ecs.pc2.core.model.Problem Playtime
200110 114941.121|INFO|Thread-25|dumpPacket|   key: PROBLEM_DATA_FILES is: edu.csus.ecs.pc2.core.model.ProblemDataFiles Playtime--6880609553831630343 1 data files, 1 answer files. Data: playtime.dat Answer: playtime.out  Output Validator: null Input Validator: null
200110 114941.136|INFO|Thread-25|info|handlePacket end Packet[ADD_SETTING] #13 SERVER0 @ site 1 -> SERVER0 @ site 0
200110 114941.136|INFO|Thread-25|info| receiveObject(S) end   got Packet[ADD_SETTING] #13 SERVER0 @ site 1 -> SERVER0 @ site 0
200110 115008.783|INFO|AWT-EventQueue-0|sendToLocalServer|Sending packet to server Packet[ADD_SETTING] #11 ADMINISTRATOR1 @ site 1 -> SERVER0 @ site 1
200110 115008.783|INFO|AWT-EventQueue-0|sendToLocalServer|Sent    packet to server Packet[ADD_SETTING] #11 ADMINISTRATOR1 @ site 1 -> SERVER0 @ site 1
200110 115008.829|INFO|Thread-27|info| receiveObject(S) start got Packet[ADD_SETTING] #15 SERVER0 @ site 1 -> SERVER0 @ site 0
200110 115008.829|INFO|Thread-27|dumpPacket|Packet ADD_SETTING (Seq #15, o#11 ) recieveObject
200110 115008.829|INFO|Thread-27|dumpPacket|  From: SERVER0 @ site 1, oADMINISTRATOR1 @ site 1 (CHS-2513-L-29-S @ 10.4.0.242) (Contest Id: Default-5053916771268647617)
200110 115008.829|INFO|Thread-27|dumpPacket|    To: SERVER0 @ site 0
200110 115008.829|INFO|Thread-27|dumpPacket|   key: PROBLEM is: edu.csus.ecs.pc2.core.model.Problem Floor Cleaner
200110 115008.829|INFO|Thread-27|dumpPacket|   key: PROBLEM_DATA_FILES is: edu.csus.ecs.pc2.core.model.ProblemDataFiles Floor_Cleaner-8187387806821416961 1 data files, 1 answer files. Data: floor_cleaner.dat Answer: floor_cleaner.out  Output Validator: null Input Validator: null
200110 115008.829|INFO|Thread-27|info|handlePacket start Packet[ADD_SETTING] #15 SERVER0 @ site 1 -> SERVER0 @ site 0
200110 115008.829|INFO|Thread-27|dumpPacket|Packet ADD_SETTING (Seq #15, o#11 ) handlePacket
200110 115008.829|INFO|Thread-27|dumpPacket|  From: SERVER0 @ site 1, oADMINISTRATOR1 @ site 1 (CHS-2513-L-29-S @ 10.4.0.242) (Contest Id: Default-5053916771268647617)
200110 115008.829|INFO|Thread-27|dumpPacket|    To: SERVER0 @ site 0
200110 115008.829|INFO|Thread-27|dumpPacket|   key: PROBLEM is: edu.csus.ecs.pc2.core.model.Problem Floor Cleaner
200110 115008.829|INFO|Thread-27|dumpPacket|   key: PROBLEM_DATA_FILES is: edu.csus.ecs.pc2.core.model.ProblemDataFiles Floor_Cleaner-8187387806821416961 1 data files, 1 answer files. Data: floor_cleaner.dat Answer: floor_cleaner.out  Output Validator: null Input Validator: null
200110 115008.845|INFO|Thread-27|info|handlePacket end Packet[ADD_SETTING] #15 SERVER0 @ site 1 -> SERVER0 @ site 0
200110 115008.845|INFO|Thread-27|info| receiveObject(S) end   got Packet[ADD_SETTING] #15 SERVER0 @ site 1 -> SERVER0 @ site 0
200110 115014.412|INFO|AWT-EventQueue-0|sendToLocalServer|Sending packet to server Packet[UPDATE_SETTING] #12 ADMINISTRATOR1 @ site 1 -> SERVER0 @ site 1
200110 115014.412|INFO|AWT-EventQueue-0|sendToLocalServer|Sent    packet to server Packet[UPDATE_SETTING] #12 ADMINISTRATOR1 @ site 1 -> SERVER0 @ site 1
200110 115014.427|INFO|Thread-29|info| receiveObject(S) start got Packet[UPDATE_SETTING] #17 SERVER0 @ site 1 -> SERVER0 @ site 0
200110 115014.427|INFO|Thread-29|dumpPacket|Packet UPDATE_SETTING (Seq #17, o#12 ) recieveObject
200110 115014.427|INFO|Thread-29|dumpPacket|  From: SERVER0 @ site 1, oADMINISTRATOR1 @ site 1 (CHS-2513-L-29-S @ 10.4.0.242) (Contest Id: Default-5053916771268647617)
200110 115014.427|INFO|Thread-29|dumpPacket|    To: SERVER0 @ site 0
200110 115014.427|INFO|Thread-29|dumpPacket|   key: PROBLEM is: edu.csus.ecs.pc2.core.model.Problem Playtime
200110 115014.427|INFO|Thread-29|dumpPacket|   key: PROBLEM_DATA_FILES is: edu.csus.ecs.pc2.core.model.ProblemDataFiles Playtime--6880609553831630343 1 data files, 1 answer files. Data: playtime.dat Answer: playtime.out  Output Validator: null Input Validator: null
200110 115014.427|INFO|Thread-29|info|handlePacket start Packet[UPDATE_SETTING] #17 SERVER0 @ site 1 -> SERVER0 @ site 0
200110 115014.427|INFO|Thread-29|dumpPacket|Packet UPDATE_SETTING (Seq #17, o#12 ) handlePacket
200110 115014.427|INFO|Thread-29|dumpPacket|  From: SERVER0 @ site 1, oADMINISTRATOR1 @ site 1 (CHS-2513-L-29-S @ 10.4.0.242) (Contest Id: Default-5053916771268647617)
200110 115014.427|INFO|Thread-29|dumpPacket|    To: SERVER0 @ site 0
200110 115014.427|INFO|Thread-29|dumpPacket|   key: PROBLEM is: edu.csus.ecs.pc2.core.model.Problem Playtime
200110 115014.427|INFO|Thread-29|dumpPacket|   key: PROBLEM_DATA_FILES is: edu.csus.ecs.pc2.core.model.ProblemDataFiles Playtime--6880609553831630343 1 data files, 1 answer files. Data: playtime.dat Answer: playtime.out  Output Validator: null Input Validator: null
200110 115014.458|INFO|Thread-29|info|handlePacket end Packet[UPDATE_SETTING] #17 SERVER0 @ site 1 -> SERVER0 @ site 0
200110 115014.458|INFO|Thread-29|info| receiveObject(S) end   got Packet[UPDATE_SETTING] #17 SERVER0 @ site 1 -> SERVER0 @ site 0
200110 115047.356|INFO|AWT-EventQueue-0|sendToLocalServer|Sending packet to server Packet[ADD_SETTING] #13 ADMINISTRATOR1 @ site 1 -> SERVER0 @ site 1
200110 115047.356|INFO|AWT-EventQueue-0|sendToLocalServer|Sent    packet to server Packet[ADD_SETTING] #13 ADMINISTRATOR1 @ site 1 -> SERVER0 @ site 1
200110 115047.387|INFO|Thread-31|info| receiveObject(S) start got Packet[ADD_SETTING] #19 SERVER0 @ site 1 -> SERVER0 @ site 0
200110 115047.387|INFO|Thread-31|dumpPacket|Packet ADD_SETTING (Seq #19, o#13 ) recieveObject
200110 115047.387|INFO|Thread-31|dumpPacket|  From: SERVER0 @ site 1, oADMINISTRATOR1 @ site 1 (CHS-2513-L-29-S @ 10.4.0.242) (Contest Id: Default-5053916771268647617)
200110 115047.387|INFO|Thread-31|dumpPacket|    To: SERVER0 @ site 0
200110 115047.387|INFO|Thread-31|dumpPacket|   key: PROBLEM is: edu.csus.ecs.pc2.core.model.Problem Feed Store
200110 115047.387|INFO|Thread-31|dumpPacket|   key: PROBLEM_DATA_FILES is: edu.csus.ecs.pc2.core.model.ProblemDataFiles Feed_Store-3055666975435761890 1 data files, 1 answer files. Data: feed_store.dat Answer: feed_store.out  Output Validator: null Input Validator: null
200110 115047.387|INFO|Thread-31|info|handlePacket start Packet[ADD_SETTING] #19 SERVER0 @ site 1 -> SERVER0 @ site 0
200110 115047.387|INFO|Thread-31|dumpPacket|Packet ADD_SETTING (Seq #19, o#13 ) handlePacket
200110 115047.387|INFO|Thread-31|dumpPacket|  From: SERVER0 @ site 1, oADMINISTRATOR1 @ site 1 (CHS-2513-L-29-S @ 10.4.0.242) (Contest Id: Default-5053916771268647617)
200110 115047.387|INFO|Thread-31|dumpPacket|    To: SERVER0 @ site 0
200110 115047.387|INFO|Thread-31|dumpPacket|   key: PROBLEM is: edu.csus.ecs.pc2.core.model.Problem Feed Store
200110 115047.387|INFO|Thread-31|dumpPacket|   key: PROBLEM_DATA_FILES is: edu.csus.ecs.pc2.core.model.ProblemDataFiles Feed_Store-3055666975435761890 1 data files, 1 answer files. Data: feed_store.dat Answer: feed_store.out  Output Validator: null Input Validator: null
200110 115047.403|INFO|Thread-31|info|handlePacket end Packet[ADD_SETTING] #19 SERVER0 @ site 1 -> SERVER0 @ site 0
200110 115047.409|INFO|Thread-31|info| receiveObject(S) end   got Packet[ADD_SETTING] #19 SERVER0 @ site 1 -> SERVER0 @ site 0
200110 115124.597|INFO|AWT-EventQueue-0|sendToLocalServer|Sending packet to server Packet[ADD_SETTING] #14 ADMINISTRATOR1 @ site 1 -> SERVER0 @ site 1
200110 115124.597|INFO|AWT-EventQueue-0|sendToLocalServer|Sent    packet to server Packet[ADD_SETTING] #14 ADMINISTRATOR1 @ site 1 -> SERVER0 @ site 1
200110 115124.629|INFO|Thread-33|info| receiveObject(S) start got Packet[ADD_SETTING] #21 SERVER0 @ site 1 -> SERVER0 @ site 0
200110 115124.629|INFO|Thread-33|dumpPacket|Packet ADD_SETTING (Seq #21, o#14 ) recieveObject
200110 115124.629|INFO|Thread-33|dumpPacket|  From: SERVER0 @ site 1, oADMINISTRATOR1 @ site 1 (CHS-2513-L-29-S @ 10.4.0.242) (Contest Id: Default-5053916771268647617)
200110 115124.629|INFO|Thread-33|dumpPacket|    To: SERVER0 @ site 0
200110 115124.629|INFO|Thread-33|dumpPacket|   key: PROBLEM is: edu.csus.ecs.pc2.core.model.Problem Reverse
200110 115124.629|INFO|Thread-33|dumpPacket|   key: PROBLEM_DATA_FILES is: edu.csus.ecs.pc2.core.model.ProblemDataFiles Reverse--2982540782513586259 1 data files, 1 answer files. Data: reverse.dat Answer: reverse.out  Output Validator: null Input Validator: null
200110 115124.629|INFO|Thread-33|info|handlePacket start Packet[ADD_SETTING] #21 SERVER0 @ site 1 -> SERVER0 @ site 0
200110 115124.629|INFO|Thread-33|dumpPacket|Packet ADD_SETTING (Seq #21, o#14 ) handlePacket
200110 115124.629|INFO|Thread-33|dumpPacket|  From: SERVER0 @ site 1, oADMINISTRATOR1 @ site 1 (CHS-2513-L-29-S @ 10.4.0.242) (Contest Id: Default-5053916771268647617)
200110 115124.629|INFO|Thread-33|dumpPacket|    To: SERVER0 @ site 0
200110 115124.629|INFO|Thread-33|dumpPacket|   key: PROBLEM is: edu.csus.ecs.pc2.core.model.Problem Reverse
200110 115124.629|INFO|Thread-33|dumpPacket|   key: PROBLEM_DATA_FILES is: edu.csus.ecs.pc2.core.model.ProblemDataFiles Reverse--2982540782513586259 1 data files, 1 answer files. Data: reverse.dat Answer: reverse.out  Output Validator: null Input Validator: null
200110 115124.644|INFO|Thread-33|info|handlePacket end Packet[ADD_SETTING] #21 SERVER0 @ site 1 -> SERVER0 @ site 0
200110 115124.644|INFO|Thread-33|info| receiveObject(S) end   got Packet[ADD_SETTING] #21 SERVER0 @ site 1 -> SERVER0 @ site 0
200110 115155.895|INFO|AWT-EventQueue-0|sendToLocalServer|Sending packet to server Packet[ADD_SETTING] #15 ADMINISTRATOR1 @ site 1 -> SERVER0 @ site 1
200110 115155.895|INFO|AWT-EventQueue-0|sendToLocalServer|Sent    packet to server Packet[ADD_SETTING] #15 ADMINISTRATOR1 @ site 1 -> SERVER0 @ site 1
200110 115155.926|INFO|Thread-35|info| receiveObject(S) start got Packet[ADD_SETTING] #23 SERVER0 @ site 1 -> SERVER0 @ site 0
200110 115155.926|INFO|Thread-35|dumpPacket|Packet ADD_SETTING (Seq #23, o#15 ) recieveObject
200110 115155.926|INFO|Thread-35|dumpPacket|  From: SERVER0 @ site 1, oADMINISTRATOR1 @ site 1 (CHS-2513-L-29-S @ 10.4.0.242) (Contest Id: Default-5053916771268647617)
200110 115155.926|INFO|Thread-35|dumpPacket|    To: SERVER0 @ site 0
200110 115155.926|INFO|Thread-35|dumpPacket|   key: PROBLEM is: edu.csus.ecs.pc2.core.model.Problem Spiral
200110 115155.926|INFO|Thread-35|dumpPacket|   key: PROBLEM_DATA_FILES is: edu.csus.ecs.pc2.core.model.ProblemDataFiles Spiral--7372903428126228707 1 data files, 1 answer files. Data: spiral.dat Answer: spiral.out  Output Validator: null Input Validator: null
200110 115155.926|INFO|Thread-35|info|handlePacket start Packet[ADD_SETTING] #23 SERVER0 @ site 1 -> SERVER0 @ site 0
200110 115155.926|INFO|Thread-35|dumpPacket|Packet ADD_SETTING (Seq #23, o#15 ) handlePacket
200110 115155.926|INFO|Thread-35|dumpPacket|  From: SERVER0 @ site 1, oADMINISTRATOR1 @ site 1 (CHS-2513-L-29-S @ 10.4.0.242) (Contest Id: Default-5053916771268647617)
200110 115155.926|INFO|Thread-35|dumpPacket|    To: SERVER0 @ site 0
200110 115155.926|INFO|Thread-35|dumpPacket|   key: PROBLEM is: edu.csus.ecs.pc2.core.model.Problem Spiral
200110 115155.926|INFO|Thread-35|dumpPacket|   key: PROBLEM_DATA_FILES is: edu.csus.ecs.pc2.core.model.ProblemDataFiles Spiral--7372903428126228707 1 data files, 1 answer files. Data: spiral.dat Answer: spiral.out  Output Validator: null Input Validator: null
200110 115155.942|INFO|Thread-35|info|handlePacket end Packet[ADD_SETTING] #23 SERVER0 @ site 1 -> SERVER0 @ site 0
200110 115155.942|INFO|Thread-35|info| receiveObject(S) end   got Packet[ADD_SETTING] #23 SERVER0 @ site 1 -> SERVER0 @ site 0
200110 115226.488|INFO|AWT-EventQueue-0|sendToLocalServer|Sending packet to server Packet[ADD_SETTING] #16 ADMINISTRATOR1 @ site 1 -> SERVER0 @ site 1
200110 115226.488|INFO|AWT-EventQueue-0|sendToLocalServer|Sent    packet to server Packet[ADD_SETTING] #16 ADMINISTRATOR1 @ site 1 -> SERVER0 @ site 1
200110 115226.519|INFO|Thread-37|info| receiveObject(S) start got Packet[ADD_SETTING] #25 SERVER0 @ site 1 -> SERVER0 @ site 0
200110 115226.519|INFO|Thread-37|dumpPacket|Packet ADD_SETTING (Seq #25, o#16 ) recieveObject
200110 115226.519|INFO|Thread-37|dumpPacket|  From: SERVER0 @ site 1, oADMINISTRATOR1 @ site 1 (CHS-2513-L-29-S @ 10.4.0.242) (Contest Id: Default-5053916771268647617)
200110 115226.519|INFO|Thread-37|dumpPacket|    To: SERVER0 @ site 0
200110 115226.519|INFO|Thread-37|dumpPacket|   key: PROBLEM is: edu.csus.ecs.pc2.core.model.Problem Demo Clean Up
200110 115226.519|INFO|Thread-37|dumpPacket|   key: PROBLEM_DATA_FILES is: edu.csus.ecs.pc2.core.model.ProblemDataFiles Demo_Clean_Up--7697438239547019681 1 data files, 1 answer files. Data: demo_clean_up.dat Answer: demo_clean_up.out  Output Validator: null Input Validator: null
200110 115226.519|INFO|Thread-37|info|handlePacket start Packet[ADD_SETTING] #25 SERVER0 @ site 1 -> SERVER0 @ site 0
200110 115226.519|INFO|Thread-37|dumpPacket|Packet ADD_SETTING (Seq #25, o#16 ) handlePacket
200110 115226.519|INFO|Thread-37|dumpPacket|  From: SERVER0 @ site 1, oADMINISTRATOR1 @ site 1 (CHS-2513-L-29-S @ 10.4.0.242) (Contest Id: Default-5053916771268647617)
200110 115226.519|INFO|Thread-37|dumpPacket|    To: SERVER0 @ site 0
200110 115226.519|INFO|Thread-37|dumpPacket|   key: PROBLEM is: edu.csus.ecs.pc2.core.model.Problem Demo Clean Up
200110 115226.519|INFO|Thread-37|dumpPacket|   key: PROBLEM_DATA_FILES is: edu.csus.ecs.pc2.core.model.ProblemDataFiles Demo_Clean_Up--7697438239547019681 1 data files, 1 answer files. Data: demo_clean_up.dat Answer: demo_clean_up.out  Output Validator: null Input Validator: null
200110 115226.535|INFO|Thread-37|info|handlePacket end Packet[ADD_SETTING] #25 SERVER0 @ site 1 -> SERVER0 @ site 0
200110 115226.535|INFO|Thread-37|info| receiveObject(S) end   got Packet[ADD_SETTING] #25 SERVER0 @ site 1 -> SERVER0 @ site 0
200110 115255.181|INFO|AWT-EventQueue-0|sendToLocalServer|Sending packet to server Packet[ADD_SETTING] #17 ADMINISTRATOR1 @ site 1 -> SERVER0 @ site 1
200110 115255.181|INFO|AWT-EventQueue-0|sendToLocalServer|Sent    packet to server Packet[ADD_SETTING] #17 ADMINISTRATOR1 @ site 1 -> SERVER0 @ site 1
200110 115255.211|INFO|Thread-39|info| receiveObject(S) start got Packet[ADD_SETTING] #27 SERVER0 @ site 1 -> SERVER0 @ site 0
200110 115255.211|INFO|Thread-39|dumpPacket|Packet ADD_SETTING (Seq #27, o#17 ) recieveObject
200110 115255.211|INFO|Thread-39|dumpPacket|  From: SERVER0 @ site 1, oADMINISTRATOR1 @ site 1 (CHS-2513-L-29-S @ 10.4.0.242) (Contest Id: Default-5053916771268647617)
200110 115255.211|INFO|Thread-39|dumpPacket|    To: SERVER0 @ site 0
200110 115255.211|INFO|Thread-39|dumpPacket|   key: PROBLEM is: edu.csus.ecs.pc2.core.model.Problem Rook
200110 115255.211|INFO|Thread-39|dumpPacket|   key: PROBLEM_DATA_FILES is: edu.csus.ecs.pc2.core.model.ProblemDataFiles Rook--1447082115065482455 0 data files, 1 answer files. Data: Answer: rook.out  Output Validator: null Input Validator: null
200110 115255.211|INFO|Thread-39|info|handlePacket start Packet[ADD_SETTING] #27 SERVER0 @ site 1 -> SERVER0 @ site 0
200110 115255.211|INFO|Thread-39|dumpPacket|Packet ADD_SETTING (Seq #27, o#17 ) handlePacket
200110 115255.211|INFO|Thread-39|dumpPacket|  From: SERVER0 @ site 1, oADMINISTRATOR1 @ site 1 (CHS-2513-L-29-S @ 10.4.0.242) (Contest Id: Default-5053916771268647617)
200110 115255.211|INFO|Thread-39|dumpPacket|    To: SERVER0 @ site 0
200110 115255.211|INFO|Thread-39|dumpPacket|   key: PROBLEM is: edu.csus.ecs.pc2.core.model.Problem Rook
200110 115255.211|INFO|Thread-39|dumpPacket|   key: PROBLEM_DATA_FILES is: edu.csus.ecs.pc2.core.model.ProblemDataFiles Rook--1447082115065482455 0 data files, 1 answer files. Data: Answer: rook.out  Output Validator: null Input Validator: null
200110 115255.227|INFO|Thread-39|info|handlePacket end Packet[ADD_SETTING] #27 SERVER0 @ site 1 -> SERVER0 @ site 0
200110 115255.227|INFO|Thread-39|info| receiveObject(S) end   got Packet[ADD_SETTING] #27 SERVER0 @ site 1 -> SERVER0 @ site 0
200110 115321.727|INFO|AWT-EventQueue-0|sendToLocalServer|Sending packet to server Packet[ADD_SETTING] #18 ADMINISTRATOR1 @ site 1 -> SERVER0 @ site 1
200110 115321.727|INFO|AWT-EventQueue-0|sendToLocalServer|Sent    packet to server Packet[ADD_SETTING] #18 ADMINISTRATOR1 @ site 1 -> SERVER0 @ site 1
200110 115321.774|INFO|Thread-41|info| receiveObject(S) start got Packet[ADD_SETTING] #29 SERVER0 @ site 1 -> SERVER0 @ site 0
200110 115321.774|INFO|Thread-41|dumpPacket|Packet ADD_SETTING (Seq #29, o#18 ) recieveObject
200110 115321.774|INFO|Thread-41|dumpPacket|  From: SERVER0 @ site 1, oADMINISTRATOR1 @ site 1 (CHS-2513-L-29-S @ 10.4.0.242) (Contest Id: Default-5053916771268647617)
200110 115321.774|INFO|Thread-41|dumpPacket|    To: SERVER0 @ site 0
200110 115321.774|INFO|Thread-41|dumpPacket|   key: PROBLEM is: edu.csus.ecs.pc2.core.model.Problem Word Mix
200110 115321.774|INFO|Thread-41|dumpPacket|   key: PROBLEM_DATA_FILES is: edu.csus.ecs.pc2.core.model.ProblemDataFiles Word_Mix-5366080239438405028 1 data files, 1 answer files. Data: word_mix.dat Answer: word_mix.out  Output Validator: null Input Validator: null
200110 115321.774|INFO|Thread-41|info|handlePacket start Packet[ADD_SETTING] #29 SERVER0 @ site 1 -> SERVER0 @ site 0
200110 115321.774|INFO|Thread-41|dumpPacket|Packet ADD_SETTING (Seq #29, o#18 ) handlePacket
200110 115321.774|INFO|Thread-41|dumpPacket|  From: SERVER0 @ site 1, oADMINISTRATOR1 @ site 1 (CHS-2513-L-29-S @ 10.4.0.242) (Contest Id: Default-5053916771268647617)
200110 115321.774|INFO|Thread-41|dumpPacket|    To: SERVER0 @ site 0
200110 115321.774|INFO|Thread-41|dumpPacket|   key: PROBLEM is: edu.csus.ecs.pc2.core.model.Problem Word Mix
200110 115321.774|INFO|Thread-41|dumpPacket|   key: PROBLEM_DATA_FILES is: edu.csus.ecs.pc2.core.model.ProblemDataFiles Word_Mix-5366080239438405028 1 data files, 1 answer files. Data: word_mix.dat Answer: word_mix.out  Output Validator: null Input Validator: null
200110 115321.790|INFO|Thread-41|info|handlePacket end Packet[ADD_SETTING] #29 SERVER0 @ site 1 -> SERVER0 @ site 0
200110 115321.790|INFO|Thread-41|info| receiveObject(S) end   got Packet[ADD_SETTING] #29 SERVER0 @ site 1 -> SERVER0 @ site 0
200110 115348.758|INFO|AWT-EventQueue-0|sendToLocalServer|Sending packet to server Packet[ADD_SETTING] #19 ADMINISTRATOR1 @ site 1 -> SERVER0 @ site 1
200110 115348.758|INFO|AWT-EventQueue-0|sendToLocalServer|Sent    packet to server Packet[ADD_SETTING] #19 ADMINISTRATOR1 @ site 1 -> SERVER0 @ site 1
200110 115348.789|INFO|Thread-43|info| receiveObject(S) start got Packet[ADD_SETTING] #31 SERVER0 @ site 1 -> SERVER0 @ site 0
200110 115348.789|INFO|Thread-43|dumpPacket|Packet ADD_SETTING (Seq #31, o#19 ) recieveObject
200110 115348.789|INFO|Thread-43|dumpPacket|  From: SERVER0 @ site 1, oADMINISTRATOR1 @ site 1 (CHS-2513-L-29-S @ 10.4.0.242) (Contest Id: Default-5053916771268647617)
200110 115348.789|INFO|Thread-43|dumpPacket|    To: SERVER0 @ site 0
200110 115348.789|INFO|Thread-43|dumpPacket|   key: PROBLEM is: edu.csus.ecs.pc2.core.model.Problem Rain Boots
200110 115348.789|INFO|Thread-43|dumpPacket|   key: PROBLEM_DATA_FILES is: edu.csus.ecs.pc2.core.model.ProblemDataFiles Rain_Boots--2606853793672691817 1 data files, 1 answer files. Data: rain_boots.dat Answer: rain_boots.out  Output Validator: null Input Validator: null
200110 115348.789|INFO|Thread-43|info|handlePacket start Packet[ADD_SETTING] #31 SERVER0 @ site 1 -> SERVER0 @ site 0
200110 115348.789|INFO|Thread-43|dumpPacket|Packet ADD_SETTING (Seq #31, o#19 ) handlePacket
200110 115348.789|INFO|Thread-43|dumpPacket|  From: SERVER0 @ site 1, oADMINISTRATOR1 @ site 1 (CHS-2513-L-29-S @ 10.4.0.242) (Contest Id: Default-5053916771268647617)
200110 115348.789|INFO|Thread-43|dumpPacket|    To: SERVER0 @ site 0
200110 115348.789|INFO|Thread-43|dumpPacket|   key: PROBLEM is: edu.csus.ecs.pc2.core.model.Problem Rain Boots
200110 115348.789|INFO|Thread-43|dumpPacket|   key: PROBLEM_DATA_FILES is: edu.csus.ecs.pc2.core.model.ProblemDataFiles Rain_Boots--2606853793672691817 1 data files, 1 answer files. Data: rain_boots.dat Answer: rain_boots.out  Output Validator: null Input Validator: null
200110 115348.805|INFO|Thread-43|info|handlePacket end Packet[ADD_SETTING] #31 SERVER0 @ site 1 -> SERVER0 @ site 0
200110 115348.805|INFO|Thread-43|info| receiveObject(S) end   got Packet[ADD_SETTING] #31 SERVER0 @ site 1 -> SERVER0 @ site 0
200110 115425.592|INFO|AWT-EventQueue-0|sendToLocalServer|Sending packet to server Packet[ADD_SETTING] #20 ADMINISTRATOR1 @ site 1 -> SERVER0 @ site 1
200110 115425.592|INFO|AWT-EventQueue-0|sendToLocalServer|Sent    packet to server Packet[ADD_SETTING] #20 ADMINISTRATOR1 @ site 1 -> SERVER0 @ site 1
200110 115425.623|INFO|Thread-45|info| receiveObject(S) start got Packet[ADD_SETTING] #33 SERVER0 @ site 1 -> SERVER0 @ site 0
200110 115425.623|INFO|Thread-45|dumpPacket|Packet ADD_SETTING (Seq #33, o#20 ) recieveObject
200110 115425.623|INFO|Thread-45|dumpPacket|  From: SERVER0 @ site 1, oADMINISTRATOR1 @ site 1 (CHS-2513-L-29-S @ 10.4.0.242) (Contest Id: Default-5053916771268647617)
200110 115425.623|INFO|Thread-45|dumpPacket|    To: SERVER0 @ site 0
200110 115425.623|INFO|Thread-45|dumpPacket|   key: PROBLEM is: edu.csus.ecs.pc2.core.model.Problem Triangle Height
200110 115425.623|INFO|Thread-45|dumpPacket|   key: PROBLEM_DATA_FILES is: edu.csus.ecs.pc2.core.model.ProblemDataFiles Triangle_Height--2002149900713166121 1 data files, 1 answer files. Data: triangle_height.dat Answer: triangle_height.out  Output Validator: null Input Validator: null
200110 115425.623|INFO|Thread-45|info|handlePacket start Packet[ADD_SETTING] #33 SERVER0 @ site 1 -> SERVER0 @ site 0
200110 115425.623|INFO|Thread-45|dumpPacket|Packet ADD_SETTING (Seq #33, o#20 ) handlePacket
200110 115425.623|INFO|Thread-45|dumpPacket|  From: SERVER0 @ site 1, oADMINISTRATOR1 @ site 1 (CHS-2513-L-29-S @ 10.4.0.242) (Contest Id: Default-5053916771268647617)
200110 115425.623|INFO|Thread-45|dumpPacket|    To: SERVER0 @ site 0
200110 115425.623|INFO|Thread-45|dumpPacket|   key: PROBLEM is: edu.csus.ecs.pc2.core.model.Problem Triangle Height
200110 115425.623|INFO|Thread-45|dumpPacket|   key: PROBLEM_DATA_FILES is: edu.csus.ecs.pc2.core.model.ProblemDataFiles Triangle_Height--2002149900713166121 1 data files, 1 answer files. Data: triangle_height.dat Answer: triangle_height.out  Output Validator: null Input Validator: null
200110 115425.639|INFO|Thread-45|info|handlePacket end Packet[ADD_SETTING] #33 SERVER0 @ site 1 -> SERVER0 @ site 0
200110 115425.639|INFO|Thread-45|info| receiveObject(S) end   got Packet[ADD_SETTING] #33 SERVER0 @ site 1 -> SERVER0 @ site 0
200110 115505.435|INFO|AWT-EventQueue-0|sendToLocalServer|Sending packet to server Packet[ADD_SETTING] #21 ADMINISTRATOR1 @ site 1 -> SERVER0 @ site 1
200110 115505.435|INFO|AWT-EventQueue-0|sendToLocalServer|Sent    packet to server Packet[ADD_SETTING] #21 ADMINISTRATOR1 @ site 1 -> SERVER0 @ site 1
200110 115505.481|INFO|Thread-47|info| receiveObject(S) start got Packet[ADD_SETTING] #35 SERVER0 @ site 1 -> SERVER0 @ site 0
200110 115505.481|INFO|Thread-47|dumpPacket|Packet ADD_SETTING (Seq #35, o#21 ) recieveObject
200110 115505.481|INFO|Thread-47|dumpPacket|  From: SERVER0 @ site 1, oADMINISTRATOR1 @ site 1 (CHS-2513-L-29-S @ 10.4.0.242) (Contest Id: Default-5053916771268647617)
200110 115505.481|INFO|Thread-47|dumpPacket|    To: SERVER0 @ site 0
200110 115505.481|INFO|Thread-47|dumpPacket|   key: PROBLEM is: edu.csus.ecs.pc2.core.model.Problem Best Seller
200110 115505.481|INFO|Thread-47|dumpPacket|   key: PROBLEM_DATA_FILES is: edu.csus.ecs.pc2.core.model.ProblemDataFiles Best_Seller--1221713392265743635 1 data files, 1 answer files. Data: best_seller.dat Answer: best_seller.out  Output Validator: null Input Validator: null
200110 115505.481|INFO|Thread-47|info|handlePacket start Packet[ADD_SETTING] #35 SERVER0 @ site 1 -> SERVER0 @ site 0
200110 115505.481|INFO|Thread-47|dumpPacket|Packet ADD_SETTING (Seq #35, o#21 ) handlePacket
200110 115505.481|INFO|Thread-47|dumpPacket|  From: SERVER0 @ site 1, oADMINISTRATOR1 @ site 1 (CHS-2513-L-29-S @ 10.4.0.242) (Contest Id: Default-5053916771268647617)
200110 115505.481|INFO|Thread-47|dumpPacket|    To: SERVER0 @ site 0
200110 115505.481|INFO|Thread-47|dumpPacket|   key: PROBLEM is: edu.csus.ecs.pc2.core.model.Problem Best Seller
200110 115505.481|INFO|Thread-47|dumpPacket|   key: PROBLEM_DATA_FILES is: edu.csus.ecs.pc2.core.model.ProblemDataFiles Best_Seller--1221713392265743635 1 data files, 1 answer files. Data: best_seller.dat Answer: best_seller.out  Output Validator: null Input Validator: null
200110 115505.497|INFO|Thread-47|info|handlePacket end Packet[ADD_SETTING] #35 SERVER0 @ site 1 -> SERVER0 @ site 0
200110 115505.497|INFO|Thread-47|info| receiveObject(S) end   got Packet[ADD_SETTING] #35 SERVER0 @ site 1 -> SERVER0 @ site 0
200110 115712.362|INFO|AWT-EventQueue-0|sendToLocalServer|Sending packet to server Packet[UPDATE_SETTING] #22 ADMINISTRATOR1 @ site 1 -> SERVER0 @ site 1
200110 115712.362|INFO|AWT-EventQueue-0|sendToLocalServer|Sent    packet to server Packet[UPDATE_SETTING] #22 ADMINISTRATOR1 @ site 1 -> SERVER0 @ site 1
200110 115712.392|INFO|Thread-49|info| receiveObject(S) start got Packet[UPDATE_SETTING] #37 SERVER0 @ site 1 -> SERVER0 @ site 0
200110 115712.392|INFO|Thread-49|dumpPacket|Packet UPDATE_SETTING (Seq #37, o#22 ) recieveObject
200110 115712.392|INFO|Thread-49|dumpPacket|  From: SERVER0 @ site 1, oADMINISTRATOR1 @ site 1 (CHS-2513-L-29-S @ 10.4.0.242) (Contest Id: Default-5053916771268647617)
200110 115712.392|INFO|Thread-49|dumpPacket|    To: SERVER0 @ site 0
200110 115712.392|INFO|Thread-49|dumpPacket|   key: CLIENT_SETTINGS is: edu.csus.ecs.pc2.core.model.ClientSettings edu.csus.ecs.pc2.core.model.ClientSettings@621fb352
200110 115712.392|INFO|Thread-49|info|handlePacket start Packet[UPDATE_SETTING] #37 SERVER0 @ site 1 -> SERVER0 @ site 0
200110 115712.392|INFO|Thread-49|dumpPacket|Packet UPDATE_SETTING (Seq #37, o#22 ) handlePacket
200110 115712.392|INFO|Thread-49|dumpPacket|  From: SERVER0 @ site 1, oADMINISTRATOR1 @ site 1 (CHS-2513-L-29-S @ 10.4.0.242) (Contest Id: Default-5053916771268647617)
200110 115712.392|INFO|Thread-49|dumpPacket|    To: SERVER0 @ site 0
200110 115712.392|INFO|Thread-49|dumpPacket|   key: CLIENT_SETTINGS is: edu.csus.ecs.pc2.core.model.ClientSettings edu.csus.ecs.pc2.core.model.ClientSettings@621fb352
200110 115712.392|INFO|Thread-49|info|handlePacket end Packet[UPDATE_SETTING] #37 SERVER0 @ site 1 -> SERVER0 @ site 0
200110 115712.392|INFO|Thread-49|info| receiveObject(S) end   got Packet[UPDATE_SETTING] #37 SERVER0 @ site 1 -> SERVER0 @ site 0
200110 115728.357|INFO|AWT-EventQueue-0|sendToLocalServer|Sending packet to server Packet[UPDATE_SETTING] #23 ADMINISTRATOR1 @ site 1 -> SERVER0 @ site 1
200110 115728.357|INFO|AWT-EventQueue-0|sendToLocalServer|Sent    packet to server Packet[UPDATE_SETTING] #23 ADMINISTRATOR1 @ site 1 -> SERVER0 @ site 1
200110 115728.373|INFO|Thread-51|info| receiveObject(S) start got Packet[UPDATE_SETTING] #38 SERVER0 @ site 1 -> SERVER0 @ site 0
200110 115728.373|INFO|Thread-51|dumpPacket|Packet UPDATE_SETTING (Seq #38, o#23 ) recieveObject
200110 115728.373|INFO|Thread-51|dumpPacket|  From: SERVER0 @ site 1, oADMINISTRATOR1 @ site 1 (CHS-2513-L-29-S @ 10.4.0.242) (Contest Id: Default-5053916771268647617)
200110 115728.373|INFO|Thread-51|dumpPacket|    To: SERVER0 @ site 0
200110 115728.373|INFO|Thread-51|dumpPacket|   key: CLIENT_SETTINGS is: edu.csus.ecs.pc2.core.model.ClientSettings edu.csus.ecs.pc2.core.model.ClientSettings@99cffe7
200110 115728.373|INFO|Thread-51|info|handlePacket start Packet[UPDATE_SETTING] #38 SERVER0 @ site 1 -> SERVER0 @ site 0
200110 115728.373|INFO|Thread-51|dumpPacket|Packet UPDATE_SETTING (Seq #38, o#23 ) handlePacket
200110 115728.373|INFO|Thread-51|dumpPacket|  From: SERVER0 @ site 1, oADMINISTRATOR1 @ site 1 (CHS-2513-L-29-S @ 10.4.0.242) (Contest Id: Default-5053916771268647617)
200110 115728.373|INFO|Thread-51|dumpPacket|    To: SERVER0 @ site 0
200110 115728.373|INFO|Thread-51|dumpPacket|   key: CLIENT_SETTINGS is: edu.csus.ecs.pc2.core.model.ClientSettings edu.csus.ecs.pc2.core.model.ClientSettings@99cffe7
200110 115728.373|INFO|Thread-51|info|handlePacket end Packet[UPDATE_SETTING] #38 SERVER0 @ site 1 -> SERVER0 @ site 0
200110 115728.373|INFO|Thread-51|info| receiveObject(S) end   got Packet[UPDATE_SETTING] #38 SERVER0 @ site 1 -> SERVER0 @ site 0
200110 115746.215|INFO|AWT-EventQueue-0|sendToLocalServer|Sending packet to server Packet[UPDATE_SETTING] #24 ADMINISTRATOR1 @ site 1 -> SERVER0 @ site 1
200110 115746.215|INFO|AWT-EventQueue-0|sendToLocalServer|Sent    packet to server Packet[UPDATE_SETTING] #24 ADMINISTRATOR1 @ site 1 -> SERVER0 @ site 1
200110 115746.246|INFO|Thread-53|info| receiveObject(S) start got Packet[UPDATE_SETTING] #39 SERVER0 @ site 1 -> SERVER0 @ site 0
200110 115746.246|INFO|Thread-53|dumpPacket|Packet UPDATE_SETTING (Seq #39, o#24 ) recieveObject
200110 115746.246|INFO|Thread-53|dumpPacket|  From: SERVER0 @ site 1, oADMINISTRATOR1 @ site 1 (CHS-2513-L-29-S @ 10.4.0.242) (Contest Id: Default-5053916771268647617)
200110 115746.246|INFO|Thread-53|dumpPacket|    To: SERVER0 @ site 0
200110 115746.246|INFO|Thread-53|dumpPacket|   key: CLIENT_SETTINGS is: edu.csus.ecs.pc2.core.model.ClientSettings edu.csus.ecs.pc2.core.model.ClientSettings@2f501aeb
200110 115746.246|INFO|Thread-53|info|handlePacket start Packet[UPDATE_SETTING] #39 SERVER0 @ site 1 -> SERVER0 @ site 0
200110 115746.246|INFO|Thread-53|dumpPacket|Packet UPDATE_SETTING (Seq #39, o#24 ) handlePacket
200110 115746.246|INFO|Thread-53|dumpPacket|  From: SERVER0 @ site 1, oADMINISTRATOR1 @ site 1 (CHS-2513-L-29-S @ 10.4.0.242) (Contest Id: Default-5053916771268647617)
200110 115746.246|INFO|Thread-53|dumpPacket|    To: SERVER0 @ site 0
200110 115746.246|INFO|Thread-53|dumpPacket|   key: CLIENT_SETTINGS is: edu.csus.ecs.pc2.core.model.ClientSettings edu.csus.ecs.pc2.core.model.ClientSettings@2f501aeb
200110 115746.246|INFO|Thread-53|info|handlePacket end Packet[UPDATE_SETTING] #39 SERVER0 @ site 1 -> SERVER0 @ site 0
200110 115746.246|INFO|Thread-53|info| receiveObject(S) end   got Packet[UPDATE_SETTING] #39 SERVER0 @ site 1 -> SERVER0 @ site 0
200110 145757.916|CONFIG|Thread-8|setFileHandlers|Now logging to /Users/hunterhan/Desktop/pc2-9.6.0-1-10-20/bin/logs directory.
200110 145757.917|INFO|Thread-8|info|
200110 145757.917|INFO|Thread-8|info|Version 9.6.0 20190102 (Wednesday, January 2nd 2019 01:20 UTC) Java ver 1.8.0_221 build 5102 Mac OS X 10.15.2 (x86_64) 
200110 145757.917|INFO|Thread-8|info|Login: administrator1 (aka administrator1)
200110 145757.917|INFO|Thread-8|startLog|Working directory is /Users/hunterhan/Desktop/pc2-9.6.0-1-10-20/bin
200110 145757.917|INFO|Thread-8|startLog|Process id is 7323@Hunters-MacBook-Pro.local
200110 145757.918|INFO|Thread-8|info|Attempting to load UI class edu.csus.ecs.pc2.ui.admin.AdministratorView
200110 145757.929|INFO|Thread-8|info|Loaded UI class edu.csus.ecs.pc2.ui.admin.AdministratorView
200110 145759.192|INFO|Thread-8|info| handlePacket original LOGIN_SUCCESS after -- all settings loaded 
200110 145759.193|INFO|Thread-8|info|handlePacket end Packet[LOGIN_SUCCESS] #4 SERVER0 @ site 1 -> ADMINISTRATOR1 @ site 1
200110 145759.193|INFO|Thread-8|info| receiveObject(S) end   got Packet[LOGIN_SUCCESS] #4 SERVER0 @ site 1 -> ADMINISTRATOR1 @ site 1
200110 150210.352|INFO|Thread-9|info| receiveObject(S) start got Packet[ESTABLISHED_CONNECTION] #6 SERVER0 @ site 1 -> SERVER0 @ site 0
200110 150210.354|INFO|Thread-9|dumpPacket|Packet ESTABLISHED_CONNECTION (Seq #6, o#6 ) recieveObject
200110 150210.354|INFO|Thread-9|dumpPacket|  From: SERVER0 @ site 1, oSERVER0 @ site 1 (Hunters-MacBook-Pro.local @ 127.0.0.1) (Contest Id: Default-3586998405885201546)
200110 150210.355|INFO|Thread-9|dumpPacket|    To: SERVER0 @ site 0
200110 150210.355|INFO|Thread-9|dumpPacket|   key: CONNECTION_HANDLE_ID is: edu.csus.ecs.pc2.core.transport.ConnectionHandlerID Socket[addr=/192.168.1.3,port=52645,localport=50002]-4283340409569227294
200110 150210.355|INFO|Thread-9|info|handlePacket start Packet[ESTABLISHED_CONNECTION] #6 SERVER0 @ site 1 -> SERVER0 @ site 0
200110 150210.356|INFO|Thread-9|dumpPacket|Packet ESTABLISHED_CONNECTION (Seq #6, o#6 ) handlePacket
200110 150210.356|INFO|Thread-9|dumpPacket|  From: SERVER0 @ site 1, oSERVER0 @ site 1 (Hunters-MacBook-Pro.local @ 127.0.0.1) (Contest Id: Default-3586998405885201546)
200110 150210.356|INFO|Thread-9|dumpPacket|    To: SERVER0 @ site 0
200110 150210.356|INFO|Thread-9|dumpPacket|   key: CONNECTION_HANDLE_ID is: edu.csus.ecs.pc2.core.transport.ConnectionHandlerID Socket[addr=/192.168.1.3,port=52645,localport=50002]-4283340409569227294
200110 150210.357|INFO|Thread-9|info| receiveObject(S) end   got Packet[ESTABLISHED_CONNECTION] #6 SERVER0 @ site 1 -> SERVER0 @ site 0
200110 150256.045|DEBUG|AWT-EventQueue-0|getAccountFromFields|trouble parsing scoringAdjustement `` For input string: ""
200110 150256.047|INFO|AWT-EventQueue-0|sendToLocalServer|Sending packet to server Packet[ADD_SETTING] #4 ADMINISTRATOR1 @ site 1 -> SERVER0 @ site 1
200110 150256.048|INFO|AWT-EventQueue-0|sendToLocalServer|Sent    packet to server Packet[ADD_SETTING] #4 ADMINISTRATOR1 @ site 1 -> SERVER0 @ site 1
200110 150256.133|INFO|Thread-11|info| receiveObject(S) start got Packet[UPDATE_SETTING] #9 SERVER0 @ site 1 -> SERVER0 @ site 0
200110 150256.133|INFO|Thread-11|dumpPacket|Packet UPDATE_SETTING (Seq #9, o#9 ) recieveObject
200110 150256.133|INFO|Thread-11|dumpPacket|  From: SERVER0 @ site 1, oSERVER0 @ site 1 (Hunters-MacBook-Pro.local @ 127.0.0.1) (Contest Id: Default-3586998405885201546)
200110 150256.134|INFO|Thread-11|dumpPacket|    To: SERVER0 @ site 0
200110 150256.134|INFO|Thread-11|dumpPacket|   key: ACCOUNT is: edu.csus.ecs.pc2.core.model.Account judge1
200110 150256.134|INFO|Thread-11|info|handlePacket start Packet[UPDATE_SETTING] #9 SERVER0 @ site 1 -> SERVER0 @ site 0
200110 150256.134|INFO|Thread-11|dumpPacket|Packet UPDATE_SETTING (Seq #9, o#9 ) handlePacket
200110 150256.135|INFO|Thread-11|dumpPacket|  From: SERVER0 @ site 1, oSERVER0 @ site 1 (Hunters-MacBook-Pro.local @ 127.0.0.1) (Contest Id: Default-3586998405885201546)
200110 150256.135|INFO|Thread-11|dumpPacket|    To: SERVER0 @ site 0
200110 150256.135|INFO|Thread-11|dumpPacket|   key: ACCOUNT is: edu.csus.ecs.pc2.core.model.Account judge1
200110 150256.257|INFO|Thread-11|info|handlePacket end Packet[UPDATE_SETTING] #9 SERVER0 @ site 1 -> SERVER0 @ site 0
200110 150256.258|INFO|Thread-11|info| receiveObject(S) end   got Packet[UPDATE_SETTING] #9 SERVER0 @ site 1 -> SERVER0 @ site 0
200110 150303.352|INFO|Thread-12|info| receiveObject(S) start got Packet[LOGIN] #11 SERVER0 @ site 1 -> SERVER0 @ site 0
200110 150303.353|INFO|Thread-12|dumpPacket|Packet LOGIN (Seq #11, o#11 ) recieveObject
200110 150303.353|INFO|Thread-12|dumpPacket|  From: SERVER0 @ site 1, oSERVER0 @ site 1 (Hunters-MacBook-Pro.local @ 127.0.0.1) (Contest Id: Default-3586998405885201546)
200110 150303.353|INFO|Thread-12|dumpPacket|    To: SERVER0 @ site 0
200110 150303.353|INFO|Thread-12|dumpPacket|   key: CLIENT_SETTINGS is: edu.csus.ecs.pc2.core.model.ClientSettings edu.csus.ecs.pc2.core.model.ClientSettings@b5ccdd9
200110 150303.353|INFO|Thread-12|dumpPacket|   key: CONNECTION_HANDLE_ID is: edu.csus.ecs.pc2.core.transport.ConnectionHandlerID Socket[addr=/192.168.1.3,port=52645,localport=50002]-4283340409569227294
200110 150303.354|INFO|Thread-12|dumpPacket|   key: CLIENT_ID is: edu.csus.ecs.pc2.core.model.ClientId JUDGE1 @ site 1
200110 150303.354|INFO|Thread-12|info|handlePacket start Packet[LOGIN] #11 SERVER0 @ site 1 -> SERVER0 @ site 0
200110 150303.354|INFO|Thread-12|dumpPacket|Packet LOGIN (Seq #11, o#11 ) handlePacket
200110 150303.354|INFO|Thread-12|dumpPacket|  From: SERVER0 @ site 1, oSERVER0 @ site 1 (Hunters-MacBook-Pro.local @ 127.0.0.1) (Contest Id: Default-3586998405885201546)
200110 150303.355|INFO|Thread-12|dumpPacket|    To: SERVER0 @ site 0
200110 150303.355|INFO|Thread-12|dumpPacket|   key: CLIENT_SETTINGS is: edu.csus.ecs.pc2.core.model.ClientSettings edu.csus.ecs.pc2.core.model.ClientSettings@b5ccdd9
200110 150303.355|INFO|Thread-12|dumpPacket|   key: CONNECTION_HANDLE_ID is: edu.csus.ecs.pc2.core.transport.ConnectionHandlerID Socket[addr=/192.168.1.3,port=52645,localport=50002]-4283340409569227294
200110 150303.355|INFO|Thread-12|dumpPacket|   key: CLIENT_ID is: edu.csus.ecs.pc2.core.model.ClientId JUDGE1 @ site 1
200110 150303.361|INFO|Thread-12|info|handlePacket end Packet[LOGIN] #11 SERVER0 @ site 1 -> SERVER0 @ site 0
200110 150303.361|INFO|Thread-12|info| receiveObject(S) end   got Packet[LOGIN] #11 SERVER0 @ site 1 -> SERVER0 @ site 0
200110 150317.832|INFO|Thread-13|info| receiveObject(S) start got Packet[LOGOUT] #12 SERVER0 @ site 1 -> SERVER0 @ site 0
200110 150317.834|INFO|Thread-13|dumpPacket|Packet LOGOUT (Seq #12, o#12 ) recieveObject
200110 150317.835|INFO|Thread-13|dumpPacket|  From: SERVER0 @ site 1, oSERVER0 @ site 1 (Hunters-MacBook-Pro.local @ 127.0.0.1) (Contest Id: Default-3586998405885201546)
200110 150317.837|INFO|Thread-13|dumpPacket|    To: SERVER0 @ site 0
200110 150317.839|INFO|Thread-13|dumpPacket|   key: CLIENT_ID is: edu.csus.ecs.pc2.core.model.ClientId JUDGE1 @ site 1
200110 150317.839|INFO|Thread-13|info|handlePacket start Packet[LOGOUT] #12 SERVER0 @ site 1 -> SERVER0 @ site 0
200110 150317.839|INFO|Thread-13|dumpPacket|Packet LOGOUT (Seq #12, o#12 ) handlePacket
200110 150317.840|INFO|Thread-13|dumpPacket|  From: SERVER0 @ site 1, oSERVER0 @ site 1 (Hunters-MacBook-Pro.local @ 127.0.0.1) (Contest Id: Default-3586998405885201546)
200110 150317.840|INFO|Thread-13|dumpPacket|    To: SERVER0 @ site 0
200110 150317.840|INFO|Thread-13|dumpPacket|   key: CLIENT_ID is: edu.csus.ecs.pc2.core.model.ClientId JUDGE1 @ site 1
200110 150317.841|INFO|Thread-14|info| receiveObject(S) start got Packet[DROPPED_CONNECTION] #13 SERVER0 @ site 1 -> SERVER0 @ site 0
200110 150317.841|INFO|Thread-14|dumpPacket|Packet DROPPED_CONNECTION (Seq #13, o#13 ) recieveObject
200110 150317.842|INFO|Thread-14|dumpPacket|  From: SERVER0 @ site 1, oSERVER0 @ site 1 (Hunters-MacBook-Pro.local @ 127.0.0.1) (Contest Id: Default-3586998405885201546)
200110 150317.842|INFO|Thread-14|dumpPacket|    To: SERVER0 @ site 0
200110 150317.842|INFO|Thread-14|dumpPacket|   key: CONNECTION_HANDLE_ID is: edu.csus.ecs.pc2.core.transport.ConnectionHandlerID Socket[addr=/192.168.1.3,port=52645,localport=50002]-4283340409569227294
200110 150317.842|INFO|Thread-14|info|handlePacket start Packet[DROPPED_CONNECTION] #13 SERVER0 @ site 1 -> SERVER0 @ site 0
200110 150317.843|INFO|Thread-14|dumpPacket|Packet DROPPED_CONNECTION (Seq #13, o#13 ) handlePacket
200110 150317.843|INFO|Thread-14|dumpPacket|  From: SERVER0 @ site 1, oSERVER0 @ site 1 (Hunters-MacBook-Pro.local @ 127.0.0.1) (Contest Id: Default-3586998405885201546)
200110 150317.843|INFO|Thread-14|dumpPacket|    To: SERVER0 @ site 0
200110 150317.843|INFO|Thread-14|dumpPacket|   key: CONNECTION_HANDLE_ID is: edu.csus.ecs.pc2.core.transport.ConnectionHandlerID Socket[addr=/192.168.1.3,port=52645,localport=50002]-4283340409569227294
200110 150317.849|INFO|Thread-14|info| receiveObject(S) end   got Packet[DROPPED_CONNECTION] #13 SERVER0 @ site 1 -> SERVER0 @ site 0
200110 150317.850|INFO|Thread-13|info|handlePacket end Packet[LOGOUT] #12 SERVER0 @ site 1 -> SERVER0 @ site 0
200110 150317.850|INFO|Thread-13|info| receiveObject(S) end   got Packet[LOGOUT] #12 SERVER0 @ site 1 -> SERVER0 @ site 0
200110 191241.760|CONFIG|Thread-4|setFileHandlers|Now logging to /Users/hunterhan/Desktop/pc2-9.6.0-1-10-20/bin/logs directory.
200110 191241.761|INFO|Thread-4|info|
200110 191241.761|INFO|Thread-4|info|Version 9.6.0 20190102 (Wednesday, January 2nd 2019 01:20 UTC) Java ver 1.8.0_221 build 5102 Mac OS X 10.15.2 (x86_64) 
200110 191241.761|INFO|Thread-4|info|Login: administrator1 (aka administrator1)
200110 191241.761|INFO|Thread-4|startLog|Working directory is /Users/hunterhan/Desktop/pc2-9.6.0-1-10-20/bin
200110 191241.761|INFO|Thread-4|startLog|Process id is 20957@Hunters-MBP.T-mobile.com
200110 191241.761|INFO|Thread-4|info|Attempting to load UI class edu.csus.ecs.pc2.ui.admin.AdministratorView
200110 191241.772|INFO|Thread-4|info|Loaded UI class edu.csus.ecs.pc2.ui.admin.AdministratorView
200110 191243.082|INFO|Thread-4|info| handlePacket original LOGIN_SUCCESS after -- all settings loaded 
200110 191243.083|INFO|Thread-4|info|handlePacket end Packet[LOGIN_SUCCESS] #2 SERVER0 @ site 1 -> ADMINISTRATOR1 @ site 1
200110 191243.083|INFO|Thread-4|info| receiveObject(S) end   got Packet[LOGIN_SUCCESS] #2 SERVER0 @ site 1 -> ADMINISTRATOR1 @ site 1
200110 200116.696|CONFIG|Thread-4|setFileHandlers|Now logging to /Users/hunterhan/Desktop/pc2-9.6.0-1-10-20/bin/logs directory.
200110 200116.696|INFO|Thread-4|info|
200110 200116.696|INFO|Thread-4|info|Version 9.6.0 20190102 (Wednesday, January 2nd 2019 01:20 UTC) Java ver 1.8.0_221 build 5102 Mac OS X 10.15.2 (x86_64) 
200110 200116.696|INFO|Thread-4|info|Login: administrator1 (aka administrator1)
200110 200116.696|INFO|Thread-4|startLog|Working directory is /Users/hunterhan/Desktop/pc2-9.6.0-1-10-20/bin
200110 200116.697|INFO|Thread-4|startLog|Process id is 24320@Hunters-MBP.T-mobile.com
200110 200116.697|INFO|Thread-4|info|Attempting to load UI class edu.csus.ecs.pc2.ui.admin.AdministratorView
200110 200116.715|INFO|Thread-4|info|Loaded UI class edu.csus.ecs.pc2.ui.admin.AdministratorView
200110 200118.202|INFO|Thread-4|info| handlePacket original LOGIN_SUCCESS after -- all settings loaded 
200110 200118.203|INFO|Thread-4|info|handlePacket end Packet[LOGIN_SUCCESS] #2 SERVER0 @ site 1 -> ADMINISTRATOR1 @ site 1
200110 200118.203|INFO|Thread-4|info| receiveObject(S) end   got Packet[LOGIN_SUCCESS] #2 SERVER0 @ site 1 -> ADMINISTRATOR1 @ site 1
200117 144900.703|CONFIG|Thread-6|setFileHandlers|Now logging to /Users/hunterhan/Desktop/pc2-9.6.0-1-10-20/bin/logs directory.
200117 144900.703|INFO|Thread-6|info|
200117 144900.704|INFO|Thread-6|info|Version 9.6.0 20190102 (Wednesday, January 2nd 2019 01:20 UTC) Java ver 1.8.0_221 build 5102 Mac OS X 10.15.2 (x86_64) 
200117 144900.704|INFO|Thread-6|info|Login: administrator1 (aka administrator1)
200117 144900.704|INFO|Thread-6|startLog|Working directory is /Users/hunterhan/Desktop/pc2-9.6.0-1-10-20/bin
200117 144900.704|INFO|Thread-6|startLog|Process id is 40816@Daniels-iPhone.District.FBISD.local
200117 144900.705|INFO|Thread-6|info|Attempting to load UI class edu.csus.ecs.pc2.ui.admin.AdministratorView
200117 144900.717|INFO|Thread-6|info|Loaded UI class edu.csus.ecs.pc2.ui.admin.AdministratorView
200117 144901.999|INFO|Thread-6|info| handlePacket original LOGIN_SUCCESS after -- all settings loaded 
200117 144901.999|INFO|Thread-6|info|handlePacket end Packet[LOGIN_SUCCESS] #3 SERVER0 @ site 1 -> ADMINISTRATOR1 @ site 1
200117 144902.000|INFO|Thread-6|info| receiveObject(S) end   got Packet[LOGIN_SUCCESS] #3 SERVER0 @ site 1 -> ADMINISTRATOR1 @ site 1
