200110 113953.692|CONFIG|AWT-EventQueue-0|setFileHandlers|Now logging to C:\Users\625783\Desktop\pc2-9.6.0-1-10-20\bin\logs directory.
200110 113953.692|INFO|AWT-EventQueue-0|info|
200110 113953.692|INFO|AWT-EventQueue-0|info|Version 9.6.0 20190102 (Wednesday, January 2nd 2019 01:20 UTC) Java ver 1.8.0_191 build 5102 Windows 10 10.0 (amd64) 
200110 113953.692|INFO|AWT-EventQueue-0|info|Login: administrator1 (aka administrator1)
200110 113953.692|INFO|AWT-EventQueue-0|startLog|Working directory is C:\Users\625783\Desktop\pc2-9.6.0-1-10-20\bin
200110 113953.692|INFO|AWT-EventQueue-0|startLog|Process id is 13028@CHS-2513-L-29-S
200110 113953.692|INFO|AWT-EventQueue-0|info|Contacting server at 10.4.0.242:50002 as ADMINISTRATOR1 @ site 0
200110 113953.692|INFO|AWT-EventQueue-0|info|sendLoginRequest start - sending from ADMINISTRATOR1 @ site 0
200110 113953.708|INFO|AWT-EventQueue-0|sendToLocalServer|Sending packet to server Packet[LOGIN_REQUEST] #1 ADMINISTRATOR1 @ site 0 -> SERVER0 @ site 0
200110 113953.708|INFO|Thread-4|run|send(Serializable)
200110 113953.708|INFO|AWT-EventQueue-0|sendToLocalServer|Sent    packet to server Packet[LOGIN_REQUEST] #1 ADMINISTRATOR1 @ site 0 -> SERVER0 @ site 0
200110 113953.708|INFO|AWT-EventQueue-0|info|sendLoginRequest end - packet sent.
200110 113953.739|INFO|Thread-1|receive|public void receive(SealedObject TransportPacket, ConnectionHandlerID connectionHandlerID)
200110 113953.739|INFO|Thread-1|receive|public void receive(SealedObject TransportPacket, ConnectionHandlerID connectionHandlerID)
200110 113953.739|INFO|Thread-5|info| receiveObject(S) start got Packet[LOGIN] #3 SERVER0 @ site 1 -> SERVER0 @ site 0
200110 113953.739|INFO|Thread-5|dumpPacket|Packet LOGIN (Seq #3, o#3 ) recieveObject
200110 113953.739|INFO|Thread-5|dumpPacket|  From: SERVER0 @ site 1, oSERVER0 @ site 1 (CHS-2513-L-29-S @ 10.4.0.242) (Contest Id: Default-5053916771268647617)
200110 113953.755|INFO|Thread-5|dumpPacket|    To: SERVER0 @ site 0
200110 113953.755|INFO|Thread-5|dumpPacket|   key: CLIENT_SETTINGS is: edu.csus.ecs.pc2.core.model.ClientSettings edu.csus.ecs.pc2.core.model.ClientSettings@33defa28
200110 113953.755|INFO|Thread-5|dumpPacket|   key: CONNECTION_HANDLE_ID is: edu.csus.ecs.pc2.core.transport.ConnectionHandlerID Socket[addr=/10.4.0.242,port=49549,localport=50002]-7376117641218038274
200110 113953.755|INFO|Thread-5|dumpPacket|   key: CLIENT_ID is: edu.csus.ecs.pc2.core.model.ClientId ADMINISTRATOR1 @ site 1
200110 113953.755|INFO|Thread-5|info|handlePacket start Packet[LOGIN] #3 SERVER0 @ site 1 -> SERVER0 @ site 0
200110 113953.755|INFO|Thread-5|dumpPacket|Packet LOGIN (Seq #3, o#3 ) handlePacket
200110 113953.755|INFO|Thread-5|dumpPacket|  From: SERVER0 @ site 1, oSERVER0 @ site 1 (CHS-2513-L-29-S @ 10.4.0.242) (Contest Id: Default-5053916771268647617)
200110 113953.755|INFO|Thread-5|dumpPacket|    To: SERVER0 @ site 0
200110 113953.755|INFO|Thread-5|dumpPacket|   key: CLIENT_SETTINGS is: edu.csus.ecs.pc2.core.model.ClientSettings edu.csus.ecs.pc2.core.model.ClientSettings@33defa28
200110 113953.755|INFO|Thread-5|dumpPacket|   key: CONNECTION_HANDLE_ID is: edu.csus.ecs.pc2.core.transport.ConnectionHandlerID Socket[addr=/10.4.0.242,port=49549,localport=50002]-7376117641218038274
200110 113953.755|INFO|Thread-5|dumpPacket|   key: CLIENT_ID is: edu.csus.ecs.pc2.core.model.ClientId ADMINISTRATOR1 @ site 1
200110 113953.755|INFO|Thread-5|info|Note: got a LOGIN packet before this site was logged in Packet[LOGIN] #3 SERVER0 @ site 1 -> SERVER0 @ site 0
200110 113953.755|INFO|Thread-5|info|handlePacket end Packet[LOGIN] #3 SERVER0 @ site 1 -> SERVER0 @ site 0
200110 113953.755|INFO|Thread-5|info| receiveObject(S) end   got Packet[LOGIN] #3 SERVER0 @ site 1 -> SERVER0 @ site 0
200110 113953.770|INFO|Thread-6|info| receiveObject(S) start got Packet[LOGIN_SUCCESS] #2 SERVER0 @ site 1 -> ADMINISTRATOR1 @ site 1
200110 113953.770|INFO|Thread-6|dumpPacket|Packet LOGIN_SUCCESS (Seq #2, o#2 ) recieveObject
200110 113953.770|INFO|Thread-6|dumpPacket|  From: SERVER0 @ site 1, oSERVER0 @ site 1 (CHS-2513-L-29-S @ 10.4.0.242) (Contest Id: Default-5053916771268647617)
200110 113953.770|INFO|Thread-6|dumpPacket|    To: ADMINISTRATOR1 @ site 1
200110 113953.770|INFO|Thread-6|dumpPacket|   key: JUDGEMENT_LIST is: [Ledu.csus.ecs.pc2.core.model.Judgement; [Ledu.csus.ecs.pc2.core.model.Judgement;@2e89ba7e
200110 113953.770|INFO|Thread-6|dumpPacket|   key: CLARIFICATION_LIST is: [Ledu.csus.ecs.pc2.core.model.Clarification; [Ledu.csus.ecs.pc2.core.model.Clarification;@204e51df
200110 113953.770|INFO|Thread-6|dumpPacket|   key: GENERAL_PROBLEM is: edu.csus.ecs.pc2.core.model.Problem General
200110 113953.770|INFO|Thread-6|dumpPacket|   key: LANGUAGE_LIST is: [Ledu.csus.ecs.pc2.core.model.Language; [Ledu.csus.ecs.pc2.core.model.Language;@2471d10e
200110 113953.770|INFO|Thread-6|dumpPacket|   key: SITE_LIST is: [Ledu.csus.ecs.pc2.core.model.Site; [Ledu.csus.ecs.pc2.core.model.Site;@61735be4
200110 113953.770|INFO|Thread-6|dumpPacket|   key: GROUP_LIST is: [Ledu.csus.ecs.pc2.core.model.Group; [Ledu.csus.ecs.pc2.core.model.Group;@2ca47fe
200110 113953.770|INFO|Thread-6|dumpPacket|   key: CONTEST_TIME_LIST is: [Ledu.csus.ecs.pc2.core.model.ContestTime; [Ledu.csus.ecs.pc2.core.model.ContestTime;@50583ed1
200110 113953.770|INFO|Thread-6|dumpPacket|   key: CONTEST_INFORMATION is: edu.csus.ecs.pc2.core.model.ContestInformation edu.csus.ecs.pc2.core.model.ContestInformation@7a0b7c75
200110 113953.770|INFO|Thread-6|dumpPacket|   key: CONTEST_TIME is: edu.csus.ecs.pc2.core.model.ContestTime edu.csus.ecs.pc2.core.model.ContestTime@15ca4ab
200110 113953.770|INFO|Thread-6|dumpPacket|   key: CONNECTION_HANDLE_ID_LIST is: [Ledu.csus.ecs.pc2.core.transport.ConnectionHandlerID; [Ledu.csus.ecs.pc2.core.transport.ConnectionHandlerID;@5179f6c9
200110 113953.770|INFO|Thread-6|dumpPacket|   key: REMOTE_LOGGED_IN_USERS is: [Ledu.csus.ecs.pc2.core.model.ClientId; [Ledu.csus.ecs.pc2.core.model.ClientId;@40c6e481
200110 113953.770|INFO|Thread-6|dumpPacket|   key: BALLOON_SETTINGS_LIST is: [Ledu.csus.ecs.pc2.core.model.BalloonSettings; [Ledu.csus.ecs.pc2.core.model.BalloonSettings;@610fd038
200110 113953.770|INFO|Thread-6|dumpPacket|   key: PROFILE is: edu.csus.ecs.pc2.core.model.Profile Default-3586998405885201546
200110 113953.770|INFO|Thread-6|dumpPacket|   key: RUN_LIST is: [Ledu.csus.ecs.pc2.core.model.Run; [Ledu.csus.ecs.pc2.core.model.Run;@512594e
200110 113953.770|INFO|Thread-6|dumpPacket|   key: PROFILE_LIST is: [Ledu.csus.ecs.pc2.core.model.Profile; [Ledu.csus.ecs.pc2.core.model.Profile;@1b43289b
200110 113953.770|INFO|Thread-6|dumpPacket|   key: LOCAL_LOGGED_IN_USERS is: [Ledu.csus.ecs.pc2.core.model.ClientId; [Ledu.csus.ecs.pc2.core.model.ClientId;@6cd6359e
200110 113953.770|INFO|Thread-6|dumpPacket|   key: ACCOUNT_ARRAY is: [Ledu.csus.ecs.pc2.core.model.Account; [Ledu.csus.ecs.pc2.core.model.Account;@7347b62c
200110 113953.770|INFO|Thread-6|dumpPacket|   key: CLIENT_SETTINGS_LIST is: [Ledu.csus.ecs.pc2.core.model.ClientSettings; [Ledu.csus.ecs.pc2.core.model.ClientSettings;@64085923
200110 113953.770|INFO|Thread-6|dumpPacket|   key: SITE_NUMBER is: java.lang.Integer 1
200110 113953.770|INFO|Thread-6|dumpPacket|   key: SERVER_CLOCK_OFFSET is: java.util.GregorianCalendar java.util.GregorianCalendar[time=1578677993723,areFieldsSet=true,areAllFieldsSet=false,lenient=true,zone=sun.util.calendar.ZoneInfo[id="GMT",offset=0,dstSavings=0,useDaylight=false,transitions=0,lastRule=null],firstDayOfWeek=1,minimalDaysInFirstWeek=1,ERA=1,YEAR=2020,MONTH=0,WEEK_OF_YEAR=2,WEEK_OF_MONTH=2,DAY_OF_MONTH=10,DAY_OF_YEAR=10,DAY_OF_WEEK=6,DAY_OF_WEEK_IN_MONTH=2,AM_PM=1,HOUR=5,HOUR_OF_DAY=17,MINUTE=39,SECOND=53,MILLISECOND=723,ZONE_OFFSET=0,DST_OFFSET=0]
200110 113953.770|INFO|Thread-6|dumpPacket|   key: CONTEST_IDENTIFIER is: java.lang.String Default-5053916771268647617
200110 113953.770|INFO|Thread-6|dumpPacket|   key: CATEGORY_LIST is: [Ledu.csus.ecs.pc2.core.model.Category; [Ledu.csus.ecs.pc2.core.model.Category;@668da2c9
200110 113953.770|INFO|Thread-6|dumpPacket|   key: PROBLEM_DATA_FILES is: [Ledu.csus.ecs.pc2.core.model.ProblemDataFiles; [Ledu.csus.ecs.pc2.core.model.ProblemDataFiles;@3baa0143
200110 113953.770|INFO|Thread-6|dumpPacket|   key: PROBLEM_LIST is: [Ledu.csus.ecs.pc2.core.model.Problem; [Ledu.csus.ecs.pc2.core.model.Problem;@759236cc
200110 113953.770|INFO|Thread-6|dumpPacket|   key: CLIENT_ID is: edu.csus.ecs.pc2.core.model.ClientId ADMINISTRATOR1 @ site 1
200110 113953.770|INFO|Thread-6|info|handlePacket start Packet[LOGIN_SUCCESS] #2 SERVER0 @ site 1 -> ADMINISTRATOR1 @ site 1
200110 113953.770|INFO|Thread-6|dumpPacket|Packet LOGIN_SUCCESS (Seq #2, o#2 ) handlePacket
200110 113953.770|INFO|Thread-6|dumpPacket|  From: SERVER0 @ site 1, oSERVER0 @ site 1 (CHS-2513-L-29-S @ 10.4.0.242) (Contest Id: Default-5053916771268647617)
200110 113953.770|INFO|Thread-6|dumpPacket|    To: ADMINISTRATOR1 @ site 1
200110 113953.770|INFO|Thread-6|dumpPacket|   key: JUDGEMENT_LIST is: [Ledu.csus.ecs.pc2.core.model.Judgement; [Ledu.csus.ecs.pc2.core.model.Judgement;@2e89ba7e
200110 113953.770|INFO|Thread-6|dumpPacket|   key: CLARIFICATION_LIST is: [Ledu.csus.ecs.pc2.core.model.Clarification; [Ledu.csus.ecs.pc2.core.model.Clarification;@204e51df
200110 113953.770|INFO|Thread-6|dumpPacket|   key: GENERAL_PROBLEM is: edu.csus.ecs.pc2.core.model.Problem General
200110 113953.770|INFO|Thread-6|dumpPacket|   key: LANGUAGE_LIST is: [Ledu.csus.ecs.pc2.core.model.Language; [Ledu.csus.ecs.pc2.core.model.Language;@2471d10e
200110 113953.770|INFO|Thread-6|dumpPacket|   key: SITE_LIST is: [Ledu.csus.ecs.pc2.core.model.Site; [Ledu.csus.ecs.pc2.core.model.Site;@61735be4
200110 113953.770|INFO|Thread-6|dumpPacket|   key: GROUP_LIST is: [Ledu.csus.ecs.pc2.core.model.Group; [Ledu.csus.ecs.pc2.core.model.Group;@2ca47fe
200110 113953.770|INFO|Thread-6|dumpPacket|   key: CONTEST_TIME_LIST is: [Ledu.csus.ecs.pc2.core.model.ContestTime; [Ledu.csus.ecs.pc2.core.model.ContestTime;@50583ed1
200110 113953.770|INFO|Thread-6|dumpPacket|   key: CONTEST_INFORMATION is: edu.csus.ecs.pc2.core.model.ContestInformation edu.csus.ecs.pc2.core.model.ContestInformation@7a0b7c75
200110 113953.770|INFO|Thread-6|dumpPacket|   key: CONTEST_TIME is: edu.csus.ecs.pc2.core.model.ContestTime edu.csus.ecs.pc2.core.model.ContestTime@15ca4ab
200110 113953.770|INFO|Thread-6|dumpPacket|   key: CONNECTION_HANDLE_ID_LIST is: [Ledu.csus.ecs.pc2.core.transport.ConnectionHandlerID; [Ledu.csus.ecs.pc2.core.transport.ConnectionHandlerID;@5179f6c9
200110 113953.770|INFO|Thread-6|dumpPacket|   key: REMOTE_LOGGED_IN_USERS is: [Ledu.csus.ecs.pc2.core.model.ClientId; [Ledu.csus.ecs.pc2.core.model.ClientId;@40c6e481
200110 113953.770|INFO|Thread-6|dumpPacket|   key: BALLOON_SETTINGS_LIST is: [Ledu.csus.ecs.pc2.core.model.BalloonSettings; [Ledu.csus.ecs.pc2.core.model.BalloonSettings;@610fd038
200110 113953.770|INFO|Thread-6|dumpPacket|   key: PROFILE is: edu.csus.ecs.pc2.core.model.Profile Default-3586998405885201546
200110 113953.770|INFO|Thread-6|dumpPacket|   key: RUN_LIST is: [Ledu.csus.ecs.pc2.core.model.Run; [Ledu.csus.ecs.pc2.core.model.Run;@512594e
200110 113953.770|INFO|Thread-6|dumpPacket|   key: PROFILE_LIST is: [Ledu.csus.ecs.pc2.core.model.Profile; [Ledu.csus.ecs.pc2.core.model.Profile;@1b43289b
200110 113953.770|INFO|Thread-6|dumpPacket|   key: LOCAL_LOGGED_IN_USERS is: [Ledu.csus.ecs.pc2.core.model.ClientId; [Ledu.csus.ecs.pc2.core.model.ClientId;@6cd6359e
200110 113953.770|INFO|Thread-6|dumpPacket|   key: ACCOUNT_ARRAY is: [Ledu.csus.ecs.pc2.core.model.Account; [Ledu.csus.ecs.pc2.core.model.Account;@7347b62c
200110 113953.770|INFO|Thread-6|dumpPacket|   key: CLIENT_SETTINGS_LIST is: [Ledu.csus.ecs.pc2.core.model.ClientSettings; [Ledu.csus.ecs.pc2.core.model.ClientSettings;@64085923
200110 113953.770|INFO|Thread-6|dumpPacket|   key: SITE_NUMBER is: java.lang.Integer 1
200110 113953.770|INFO|Thread-6|dumpPacket|   key: SERVER_CLOCK_OFFSET is: java.util.GregorianCalendar java.util.GregorianCalendar[time=1578677993723,areFieldsSet=true,areAllFieldsSet=false,lenient=true,zone=sun.util.calendar.ZoneInfo[id="GMT",offset=0,dstSavings=0,useDaylight=false,transitions=0,lastRule=null],firstDayOfWeek=1,minimalDaysInFirstWeek=1,ERA=1,YEAR=2020,MONTH=0,WEEK_OF_YEAR=2,WEEK_OF_MONTH=2,DAY_OF_MONTH=10,DAY_OF_YEAR=10,DAY_OF_WEEK=6,DAY_OF_WEEK_IN_MONTH=2,AM_PM=1,HOUR=5,HOUR_OF_DAY=17,MINUTE=39,SECOND=53,MILLISECOND=723,ZONE_OFFSET=0,DST_OFFSET=0]
200110 113953.770|INFO|Thread-6|dumpPacket|   key: CONTEST_IDENTIFIER is: java.lang.String Default-5053916771268647617
200110 113953.770|INFO|Thread-6|dumpPacket|   key: CATEGORY_LIST is: [Ledu.csus.ecs.pc2.core.model.Category; [Ledu.csus.ecs.pc2.core.model.Category;@668da2c9
200110 113953.770|INFO|Thread-6|dumpPacket|   key: PROBLEM_DATA_FILES is: [Ledu.csus.ecs.pc2.core.model.ProblemDataFiles; [Ledu.csus.ecs.pc2.core.model.ProblemDataFiles;@3baa0143
200110 113953.770|INFO|Thread-6|dumpPacket|   key: PROBLEM_LIST is: [Ledu.csus.ecs.pc2.core.model.Problem; [Ledu.csus.ecs.pc2.core.model.Problem;@759236cc
200110 113953.770|INFO|Thread-6|dumpPacket|   key: CLIENT_ID is: edu.csus.ecs.pc2.core.model.ClientId ADMINISTRATOR1 @ site 1
200110 114055.910|INFO|Thread-7|run|send(Serializable)
200110 114055.910|INFO|Thread-8|run|send(Serializable)
200110 114055.910|INFO|Thread-9|run|send(Serializable)
200110 114055.941|INFO|Thread-1|receive|public void receive(SealedObject TransportPacket, ConnectionHandlerID connectionHandlerID)
200110 114055.956|INFO|Thread-1|receive|public void receive(SealedObject TransportPacket, ConnectionHandlerID connectionHandlerID)
200110 114056.003|INFO|Thread-1|receive|public void receive(SealedObject TransportPacket, ConnectionHandlerID connectionHandlerID)
200110 114153.362|INFO|Thread-13|run|send(Serializable)
200110 114153.395|INFO|Thread-1|receive|public void receive(SealedObject TransportPacket, ConnectionHandlerID connectionHandlerID)
200110 114300.712|INFO|Thread-15|run|send(Serializable)
200110 114300.713|INFO|Thread-16|run|send(Serializable)
200110 114300.739|INFO|Thread-1|receive|public void receive(SealedObject TransportPacket, ConnectionHandlerID connectionHandlerID)
200110 114300.754|INFO|Thread-1|receive|public void receive(SealedObject TransportPacket, ConnectionHandlerID connectionHandlerID)
200110 114458.274|INFO|Thread-19|run|send(Serializable)
200110 114458.321|INFO|Thread-1|receive|public void receive(SealedObject TransportPacket, ConnectionHandlerID connectionHandlerID)
200110 114839.072|INFO|Thread-22|run|send(Serializable)
200110 114839.103|INFO|Thread-1|receive|public void receive(SealedObject TransportPacket, ConnectionHandlerID connectionHandlerID)
200110 114941.090|INFO|Thread-24|run|send(Serializable)
200110 114941.121|INFO|Thread-1|receive|public void receive(SealedObject TransportPacket, ConnectionHandlerID connectionHandlerID)
200110 115008.783|INFO|Thread-26|run|send(Serializable)
200110 115008.814|INFO|Thread-1|receive|public void receive(SealedObject TransportPacket, ConnectionHandlerID connectionHandlerID)
200110 115014.412|INFO|Thread-28|run|send(Serializable)
200110 115014.427|INFO|Thread-1|receive|public void receive(SealedObject TransportPacket, ConnectionHandlerID connectionHandlerID)
200110 115047.356|INFO|Thread-30|run|send(Serializable)
200110 115047.387|INFO|Thread-1|receive|public void receive(SealedObject TransportPacket, ConnectionHandlerID connectionHandlerID)
200110 115124.597|INFO|Thread-32|run|send(Serializable)
200110 115124.629|INFO|Thread-1|receive|public void receive(SealedObject TransportPacket, ConnectionHandlerID connectionHandlerID)
200110 115155.895|INFO|Thread-34|run|send(Serializable)
200110 115155.926|INFO|Thread-1|receive|public void receive(SealedObject TransportPacket, ConnectionHandlerID connectionHandlerID)
200110 115226.488|INFO|Thread-36|run|send(Serializable)
200110 115226.519|INFO|Thread-1|receive|public void receive(SealedObject TransportPacket, ConnectionHandlerID connectionHandlerID)
200110 115255.181|INFO|Thread-38|run|send(Serializable)
200110 115255.211|INFO|Thread-1|receive|public void receive(SealedObject TransportPacket, ConnectionHandlerID connectionHandlerID)
200110 115321.743|INFO|Thread-40|run|send(Serializable)
200110 115321.758|INFO|Thread-1|receive|public void receive(SealedObject TransportPacket, ConnectionHandlerID connectionHandlerID)
200110 115348.758|INFO|Thread-42|run|send(Serializable)
200110 115348.789|INFO|Thread-1|receive|public void receive(SealedObject TransportPacket, ConnectionHandlerID connectionHandlerID)
200110 115425.592|INFO|Thread-44|run|send(Serializable)
200110 115425.623|INFO|Thread-1|receive|public void receive(SealedObject TransportPacket, ConnectionHandlerID connectionHandlerID)
200110 115505.435|INFO|Thread-46|run|send(Serializable)
200110 115505.481|INFO|Thread-1|receive|public void receive(SealedObject TransportPacket, ConnectionHandlerID connectionHandlerID)
200110 115712.362|INFO|Thread-48|run|send(Serializable)
200110 115712.392|INFO|Thread-1|receive|public void receive(SealedObject TransportPacket, ConnectionHandlerID connectionHandlerID)
200110 115728.357|INFO|Thread-50|run|send(Serializable)
200110 115728.373|INFO|Thread-1|receive|public void receive(SealedObject TransportPacket, ConnectionHandlerID connectionHandlerID)
200110 115746.215|INFO|Thread-52|run|send(Serializable)
200110 115746.246|INFO|Thread-1|receive|public void receive(SealedObject TransportPacket, ConnectionHandlerID connectionHandlerID)
200110 145752.542|CONFIG|AWT-EventQueue-0|setFileHandlers|Now logging to /Users/hunterhan/Desktop/pc2-9.6.0-1-10-20/bin/logs directory.
200110 145752.542|INFO|AWT-EventQueue-0|info|
200110 145752.543|INFO|AWT-EventQueue-0|info|Version 9.6.0 20190102 (Wednesday, January 2nd 2019 01:20 UTC) Java ver 1.8.0_221 build 5102 Mac OS X 10.15.2 (x86_64) 
200110 145752.543|INFO|AWT-EventQueue-0|info|Login: administrator1 (aka administrator1)
200110 145752.543|INFO|AWT-EventQueue-0|startLog|Working directory is /Users/hunterhan/Desktop/pc2-9.6.0-1-10-20/bin
200110 145752.545|INFO|AWT-EventQueue-0|startLog|Process id is 7323@Hunters-MacBook-Pro.local
200110 145752.545|INFO|AWT-EventQueue-0|info|Contacting server at 192.168.1.3:50002 as ADMINISTRATOR1 @ site 0
200110 145752.546|INFO|AWT-EventQueue-0|info|sendLoginRequest start - sending from ADMINISTRATOR1 @ site 0
200110 145752.546|INFO|AWT-EventQueue-0|sendToLocalServer|Sending packet to server Packet[LOGIN_REQUEST] #2 ADMINISTRATOR1 @ site 0 -> SERVER0 @ site 0
200110 145752.546|INFO|AWT-EventQueue-0|sendToLocalServer|Sent    packet to server Packet[LOGIN_REQUEST] #2 ADMINISTRATOR1 @ site 0 -> SERVER0 @ site 0
200110 145752.546|INFO|Thread-4|run|send(Serializable)
200110 145752.547|INFO|AWT-EventQueue-0|info|sendLoginRequest end - packet sent.
200110 145752.561|INFO|Thread-1|receive|public void receive(SealedObject TransportPacket, ConnectionHandlerID connectionHandlerID)
200110 145752.562|INFO|Thread-5|info| receiveObject(S) start got Packet[LOGIN_FAILED] #3 SERVER0 @ site 1 -> ADMINISTRATOR1 @ site 0
200110 145752.562|INFO|Thread-5|dumpPacket|Packet LOGIN_FAILED (Seq #3, o#3 ) recieveObject
200110 145752.563|INFO|Thread-5|dumpPacket|  From: SERVER0 @ site 1, oSERVER0 @ site 1 (Hunters-MacBook-Pro.local @ 127.0.0.1) (Contest Id: Default-3586998405885201546)
200110 145752.563|INFO|Thread-5|dumpPacket|    To: ADMINISTRATOR1 @ site 0
200110 145752.563|INFO|Thread-5|dumpPacket|   key: MESSAGE_STRING is: java.lang.String Invalid password
200110 145752.563|INFO|Thread-5|info|handlePacket start Packet[LOGIN_FAILED] #3 SERVER0 @ site 1 -> ADMINISTRATOR1 @ site 0
200110 145752.563|INFO|Thread-5|dumpPacket|Packet LOGIN_FAILED (Seq #3, o#3 ) handlePacket
200110 145752.563|INFO|Thread-5|dumpPacket|  From: SERVER0 @ site 1, oSERVER0 @ site 1 (Hunters-MacBook-Pro.local @ 127.0.0.1) (Contest Id: Default-3586998405885201546)
200110 145752.564|INFO|Thread-5|dumpPacket|    To: ADMINISTRATOR1 @ site 0
200110 145752.564|INFO|Thread-5|dumpPacket|   key: MESSAGE_STRING is: java.lang.String Invalid password
200110 145753.139|INFO|Thread-5|info| receiveObject(S) end   got Packet[LOGIN_FAILED] #3 SERVER0 @ site 1 -> ADMINISTRATOR1 @ site 0
200110 191241.543|CONFIG|AWT-EventQueue-0|setFileHandlers|Now logging to /Users/hunterhan/Desktop/pc2-9.6.0-1-10-20/bin/logs directory.
200110 191241.544|INFO|AWT-EventQueue-0|info|
200110 191241.545|INFO|AWT-EventQueue-0|info|Version 9.6.0 20190102 (Wednesday, January 2nd 2019 01:20 UTC) Java ver 1.8.0_221 build 5102 Mac OS X 10.15.2 (x86_64) 
200110 191241.545|INFO|AWT-EventQueue-0|info|Login: administrator1 (aka administrator1)
200110 191241.545|INFO|AWT-EventQueue-0|startLog|Working directory is /Users/hunterhan/Desktop/pc2-9.6.0-1-10-20/bin
200110 191241.574|INFO|AWT-EventQueue-0|startLog|Process id is 20957@Hunters-MBP.T-mobile.com
200110 191241.574|INFO|AWT-EventQueue-0|info|Contacting server at localhost:50002 as ADMINISTRATOR1 @ site 0
200110 191241.574|INFO|AWT-EventQueue-0|info|sendLoginRequest start - sending from ADMINISTRATOR1 @ site 0
200110 191241.579|INFO|AWT-EventQueue-0|sendToLocalServer|Sending packet to server Packet[LOGIN_REQUEST] #1 ADMINISTRATOR1 @ site 0 -> SERVER0 @ site 0
200110 191241.580|INFO|Thread-2|run|send(Serializable)
200110 191241.581|INFO|AWT-EventQueue-0|sendToLocalServer|Sent    packet to server Packet[LOGIN_REQUEST] #1 ADMINISTRATOR1 @ site 0 -> SERVER0 @ site 0
200110 191241.582|INFO|AWT-EventQueue-0|info|sendLoginRequest end - packet sent.
200110 191241.638|INFO|Thread-1|receive|public void receive(SealedObject TransportPacket, ConnectionHandlerID connectionHandlerID)
200110 191241.673|INFO|Thread-3|info| receiveObject(S) start got Packet[LOGIN] #3 SERVER0 @ site 1 -> SERVER0 @ site 0
200110 191241.674|INFO|Thread-3|dumpPacket|Packet LOGIN (Seq #3, o#3 ) recieveObject
200110 191241.674|INFO|Thread-3|dumpPacket|  From: SERVER0 @ site 1, oSERVER0 @ site 1 (Hunters-MBP.T-mobile.com @ 192.168.29.141) (Contest Id: Default-5053916771268647617)
200110 191241.674|INFO|Thread-3|dumpPacket|    To: SERVER0 @ site 0
200110 191241.674|INFO|Thread-3|dumpPacket|   key: CLIENT_SETTINGS is: edu.csus.ecs.pc2.core.model.ClientSettings edu.csus.ecs.pc2.core.model.ClientSettings@5aaf8bf2
200110 191241.674|INFO|Thread-3|dumpPacket|   key: CONNECTION_HANDLE_ID is: edu.csus.ecs.pc2.core.transport.ConnectionHandlerID Socket[addr=/127.0.0.1,port=57709,localport=50002]--2836519901856352392
200110 191241.675|INFO|Thread-3|dumpPacket|   key: CLIENT_ID is: edu.csus.ecs.pc2.core.model.ClientId ADMINISTRATOR1 @ site 1
200110 191241.675|INFO|Thread-3|info|handlePacket start Packet[LOGIN] #3 SERVER0 @ site 1 -> SERVER0 @ site 0
200110 191241.675|INFO|Thread-3|dumpPacket|Packet LOGIN (Seq #3, o#3 ) handlePacket
200110 191241.675|INFO|Thread-3|dumpPacket|  From: SERVER0 @ site 1, oSERVER0 @ site 1 (Hunters-MBP.T-mobile.com @ 192.168.29.141) (Contest Id: Default-5053916771268647617)
200110 191241.675|INFO|Thread-3|dumpPacket|    To: SERVER0 @ site 0
200110 191241.675|INFO|Thread-1|receive|public void receive(SealedObject TransportPacket, ConnectionHandlerID connectionHandlerID)
200110 191241.676|INFO|Thread-3|dumpPacket|   key: CLIENT_SETTINGS is: edu.csus.ecs.pc2.core.model.ClientSettings edu.csus.ecs.pc2.core.model.ClientSettings@5aaf8bf2
200110 191241.676|INFO|Thread-3|dumpPacket|   key: CONNECTION_HANDLE_ID is: edu.csus.ecs.pc2.core.transport.ConnectionHandlerID Socket[addr=/127.0.0.1,port=57709,localport=50002]--2836519901856352392
200110 191241.676|INFO|Thread-3|dumpPacket|   key: CLIENT_ID is: edu.csus.ecs.pc2.core.model.ClientId ADMINISTRATOR1 @ site 1
200110 191241.677|INFO|Thread-3|info|Note: got a LOGIN packet before this site was logged in Packet[LOGIN] #3 SERVER0 @ site 1 -> SERVER0 @ site 0
200110 191241.677|INFO|Thread-3|info|handlePacket end Packet[LOGIN] #3 SERVER0 @ site 1 -> SERVER0 @ site 0
200110 191241.677|INFO|Thread-3|info| receiveObject(S) end   got Packet[LOGIN] #3 SERVER0 @ site 1 -> SERVER0 @ site 0
200110 191241.740|INFO|Thread-4|info| receiveObject(S) start got Packet[LOGIN_SUCCESS] #2 SERVER0 @ site 1 -> ADMINISTRATOR1 @ site 1
200110 191241.741|INFO|Thread-4|dumpPacket|Packet LOGIN_SUCCESS (Seq #2, o#2 ) recieveObject
200110 191241.741|INFO|Thread-4|dumpPacket|  From: SERVER0 @ site 1, oSERVER0 @ site 1 (Hunters-MBP.T-mobile.com @ 192.168.29.141) (Contest Id: Default-5053916771268647617)
200110 191241.741|INFO|Thread-4|dumpPacket|    To: ADMINISTRATOR1 @ site 1
200110 191241.741|INFO|Thread-4|dumpPacket|   key: JUDGEMENT_LIST is: [Ledu.csus.ecs.pc2.core.model.Judgement; [Ledu.csus.ecs.pc2.core.model.Judgement;@67f01b48
200110 191241.741|INFO|Thread-4|dumpPacket|   key: CLARIFICATION_LIST is: [Ledu.csus.ecs.pc2.core.model.Clarification; [Ledu.csus.ecs.pc2.core.model.Clarification;@6937e9c6
200110 191241.741|INFO|Thread-4|dumpPacket|   key: GENERAL_PROBLEM is: edu.csus.ecs.pc2.core.model.Problem General
200110 191241.741|INFO|Thread-4|dumpPacket|   key: LANGUAGE_LIST is: [Ledu.csus.ecs.pc2.core.model.Language; [Ledu.csus.ecs.pc2.core.model.Language;@6d087038
200110 191241.741|INFO|Thread-4|dumpPacket|   key: SITE_LIST is: [Ledu.csus.ecs.pc2.core.model.Site; [Ledu.csus.ecs.pc2.core.model.Site;@280ae3fd
200110 191241.741|INFO|Thread-4|dumpPacket|   key: GROUP_LIST is: [Ledu.csus.ecs.pc2.core.model.Group; [Ledu.csus.ecs.pc2.core.model.Group;@4fc787ef
200110 191241.742|INFO|Thread-4|dumpPacket|   key: CONTEST_TIME_LIST is: [Ledu.csus.ecs.pc2.core.model.ContestTime; [Ledu.csus.ecs.pc2.core.model.ContestTime;@19e82e08
200110 191241.742|INFO|Thread-4|dumpPacket|   key: CONTEST_INFORMATION is: edu.csus.ecs.pc2.core.model.ContestInformation edu.csus.ecs.pc2.core.model.ContestInformation@37cf14bd
200110 191241.742|INFO|Thread-4|dumpPacket|   key: CONTEST_TIME is: edu.csus.ecs.pc2.core.model.ContestTime edu.csus.ecs.pc2.core.model.ContestTime@48251cb2
200110 191241.742|INFO|Thread-4|dumpPacket|   key: CONNECTION_HANDLE_ID_LIST is: [Ledu.csus.ecs.pc2.core.transport.ConnectionHandlerID; [Ledu.csus.ecs.pc2.core.transport.ConnectionHandlerID;@3bae12a6
200110 191241.742|INFO|Thread-4|dumpPacket|   key: REMOTE_LOGGED_IN_USERS is: [Ledu.csus.ecs.pc2.core.model.ClientId; [Ledu.csus.ecs.pc2.core.model.ClientId;@636ee3b5
200110 191241.742|INFO|Thread-4|dumpPacket|   key: BALLOON_SETTINGS_LIST is: [Ledu.csus.ecs.pc2.core.model.BalloonSettings; [Ledu.csus.ecs.pc2.core.model.BalloonSettings;@2ccb7999
200110 191241.742|INFO|Thread-4|dumpPacket|   key: PROFILE is: edu.csus.ecs.pc2.core.model.Profile Default-3586998405885201546
200110 191241.743|INFO|Thread-4|dumpPacket|   key: RUN_LIST is: [Ledu.csus.ecs.pc2.core.model.Run; [Ledu.csus.ecs.pc2.core.model.Run;@4c6b203e
200110 191241.743|INFO|Thread-4|dumpPacket|   key: PROFILE_LIST is: [Ledu.csus.ecs.pc2.core.model.Profile; [Ledu.csus.ecs.pc2.core.model.Profile;@71b2037
200110 191241.743|INFO|Thread-4|dumpPacket|   key: LOCAL_LOGGED_IN_USERS is: [Ledu.csus.ecs.pc2.core.model.ClientId; [Ledu.csus.ecs.pc2.core.model.ClientId;@137c082a
200110 191241.743|INFO|Thread-4|dumpPacket|   key: ACCOUNT_ARRAY is: [Ledu.csus.ecs.pc2.core.model.Account; [Ledu.csus.ecs.pc2.core.model.Account;@648cac6d
200110 191241.743|INFO|Thread-4|dumpPacket|   key: CLIENT_SETTINGS_LIST is: [Ledu.csus.ecs.pc2.core.model.ClientSettings; [Ledu.csus.ecs.pc2.core.model.ClientSettings;@71731a12
200110 191241.743|INFO|Thread-4|dumpPacket|   key: SITE_NUMBER is: java.lang.Integer 1
200110 191241.743|INFO|Thread-4|dumpPacket|   key: SERVER_CLOCK_OFFSET is: java.util.GregorianCalendar java.util.GregorianCalendar[time=1578705161617,areFieldsSet=true,areAllFieldsSet=false,lenient=true,zone=sun.util.calendar.ZoneInfo[id="GMT",offset=0,dstSavings=0,useDaylight=false,transitions=0,lastRule=null],firstDayOfWeek=1,minimalDaysInFirstWeek=1,ERA=1,YEAR=2020,MONTH=0,WEEK_OF_YEAR=2,WEEK_OF_MONTH=2,DAY_OF_MONTH=11,DAY_OF_YEAR=11,DAY_OF_WEEK=7,DAY_OF_WEEK_IN_MONTH=2,AM_PM=0,HOUR=1,HOUR_OF_DAY=1,MINUTE=12,SECOND=41,MILLISECOND=617,ZONE_OFFSET=0,DST_OFFSET=0]
200110 191241.743|INFO|Thread-4|dumpPacket|   key: CONTEST_IDENTIFIER is: java.lang.String Default-5053916771268647617
200110 191241.743|INFO|Thread-4|dumpPacket|   key: CATEGORY_LIST is: [Ledu.csus.ecs.pc2.core.model.Category; [Ledu.csus.ecs.pc2.core.model.Category;@2f378693
200110 191241.744|INFO|Thread-4|dumpPacket|   key: PROBLEM_DATA_FILES is: [Ledu.csus.ecs.pc2.core.model.ProblemDataFiles; [Ledu.csus.ecs.pc2.core.model.ProblemDataFiles;@5c79f607
200110 191241.744|INFO|Thread-4|dumpPacket|   key: PROBLEM_LIST is: [Ledu.csus.ecs.pc2.core.model.Problem; [Ledu.csus.ecs.pc2.core.model.Problem;@5d97c621
200110 191241.744|INFO|Thread-4|dumpPacket|   key: CLIENT_ID is: edu.csus.ecs.pc2.core.model.ClientId ADMINISTRATOR1 @ site 1
200110 191241.744|INFO|Thread-4|info|handlePacket start Packet[LOGIN_SUCCESS] #2 SERVER0 @ site 1 -> ADMINISTRATOR1 @ site 1
200110 191241.744|INFO|Thread-4|dumpPacket|Packet LOGIN_SUCCESS (Seq #2, o#2 ) handlePacket
200110 191241.744|INFO|Thread-4|dumpPacket|  From: SERVER0 @ site 1, oSERVER0 @ site 1 (Hunters-MBP.T-mobile.com @ 192.168.29.141) (Contest Id: Default-5053916771268647617)
200110 191241.744|INFO|Thread-4|dumpPacket|    To: ADMINISTRATOR1 @ site 1
200110 191241.744|INFO|Thread-4|dumpPacket|   key: JUDGEMENT_LIST is: [Ledu.csus.ecs.pc2.core.model.Judgement; [Ledu.csus.ecs.pc2.core.model.Judgement;@67f01b48
200110 191241.744|INFO|Thread-4|dumpPacket|   key: CLARIFICATION_LIST is: [Ledu.csus.ecs.pc2.core.model.Clarification; [Ledu.csus.ecs.pc2.core.model.Clarification;@6937e9c6
200110 191241.744|INFO|Thread-4|dumpPacket|   key: GENERAL_PROBLEM is: edu.csus.ecs.pc2.core.model.Problem General
200110 191241.745|INFO|Thread-4|dumpPacket|   key: LANGUAGE_LIST is: [Ledu.csus.ecs.pc2.core.model.Language; [Ledu.csus.ecs.pc2.core.model.Language;@6d087038
200110 191241.745|INFO|Thread-4|dumpPacket|   key: SITE_LIST is: [Ledu.csus.ecs.pc2.core.model.Site; [Ledu.csus.ecs.pc2.core.model.Site;@280ae3fd
200110 191241.745|INFO|Thread-4|dumpPacket|   key: GROUP_LIST is: [Ledu.csus.ecs.pc2.core.model.Group; [Ledu.csus.ecs.pc2.core.model.Group;@4fc787ef
200110 191241.745|INFO|Thread-4|dumpPacket|   key: CONTEST_TIME_LIST is: [Ledu.csus.ecs.pc2.core.model.ContestTime; [Ledu.csus.ecs.pc2.core.model.ContestTime;@19e82e08
200110 191241.745|INFO|Thread-4|dumpPacket|   key: CONTEST_INFORMATION is: edu.csus.ecs.pc2.core.model.ContestInformation edu.csus.ecs.pc2.core.model.ContestInformation@37cf14bd
200110 191241.745|INFO|Thread-4|dumpPacket|   key: CONTEST_TIME is: edu.csus.ecs.pc2.core.model.ContestTime edu.csus.ecs.pc2.core.model.ContestTime@48251cb2
200110 191241.745|INFO|Thread-4|dumpPacket|   key: CONNECTION_HANDLE_ID_LIST is: [Ledu.csus.ecs.pc2.core.transport.ConnectionHandlerID; [Ledu.csus.ecs.pc2.core.transport.ConnectionHandlerID;@3bae12a6
200110 191241.745|INFO|Thread-4|dumpPacket|   key: REMOTE_LOGGED_IN_USERS is: [Ledu.csus.ecs.pc2.core.model.ClientId; [Ledu.csus.ecs.pc2.core.model.ClientId;@636ee3b5
200110 191241.745|INFO|Thread-4|dumpPacket|   key: BALLOON_SETTINGS_LIST is: [Ledu.csus.ecs.pc2.core.model.BalloonSettings; [Ledu.csus.ecs.pc2.core.model.BalloonSettings;@2ccb7999
200110 191241.745|INFO|Thread-4|dumpPacket|   key: PROFILE is: edu.csus.ecs.pc2.core.model.Profile Default-3586998405885201546
200110 191241.746|INFO|Thread-4|dumpPacket|   key: RUN_LIST is: [Ledu.csus.ecs.pc2.core.model.Run; [Ledu.csus.ecs.pc2.core.model.Run;@4c6b203e
200110 191241.746|INFO|Thread-4|dumpPacket|   key: PROFILE_LIST is: [Ledu.csus.ecs.pc2.core.model.Profile; [Ledu.csus.ecs.pc2.core.model.Profile;@71b2037
200110 191241.746|INFO|Thread-4|dumpPacket|   key: LOCAL_LOGGED_IN_USERS is: [Ledu.csus.ecs.pc2.core.model.ClientId; [Ledu.csus.ecs.pc2.core.model.ClientId;@137c082a
200110 191241.746|INFO|Thread-4|dumpPacket|   key: ACCOUNT_ARRAY is: [Ledu.csus.ecs.pc2.core.model.Account; [Ledu.csus.ecs.pc2.core.model.Account;@648cac6d
200110 191241.746|INFO|Thread-4|dumpPacket|   key: CLIENT_SETTINGS_LIST is: [Ledu.csus.ecs.pc2.core.model.ClientSettings; [Ledu.csus.ecs.pc2.core.model.ClientSettings;@71731a12
200110 191241.746|INFO|Thread-4|dumpPacket|   key: SITE_NUMBER is: java.lang.Integer 1
200110 191241.746|INFO|Thread-4|dumpPacket|   key: SERVER_CLOCK_OFFSET is: java.util.GregorianCalendar java.util.GregorianCalendar[time=1578705161617,areFieldsSet=true,areAllFieldsSet=false,lenient=true,zone=sun.util.calendar.ZoneInfo[id="GMT",offset=0,dstSavings=0,useDaylight=false,transitions=0,lastRule=null],firstDayOfWeek=1,minimalDaysInFirstWeek=1,ERA=1,YEAR=2020,MONTH=0,WEEK_OF_YEAR=2,WEEK_OF_MONTH=2,DAY_OF_MONTH=11,DAY_OF_YEAR=11,DAY_OF_WEEK=7,DAY_OF_WEEK_IN_MONTH=2,AM_PM=0,HOUR=1,HOUR_OF_DAY=1,MINUTE=12,SECOND=41,MILLISECOND=617,ZONE_OFFSET=0,DST_OFFSET=0]
200110 191241.746|INFO|Thread-4|dumpPacket|   key: CONTEST_IDENTIFIER is: java.lang.String Default-5053916771268647617
200110 191241.746|INFO|Thread-4|dumpPacket|   key: CATEGORY_LIST is: [Ledu.csus.ecs.pc2.core.model.Category; [Ledu.csus.ecs.pc2.core.model.Category;@2f378693
200110 191241.746|INFO|Thread-4|dumpPacket|   key: PROBLEM_DATA_FILES is: [Ledu.csus.ecs.pc2.core.model.ProblemDataFiles; [Ledu.csus.ecs.pc2.core.model.ProblemDataFiles;@5c79f607
200110 191241.746|INFO|Thread-4|dumpPacket|   key: PROBLEM_LIST is: [Ledu.csus.ecs.pc2.core.model.Problem; [Ledu.csus.ecs.pc2.core.model.Problem;@5d97c621
200110 191241.747|INFO|Thread-4|dumpPacket|   key: CLIENT_ID is: edu.csus.ecs.pc2.core.model.ClientId ADMINISTRATOR1 @ site 1
200110 200116.531|CONFIG|AWT-EventQueue-0|setFileHandlers|Now logging to /Users/hunterhan/Desktop/pc2-9.6.0-1-10-20/bin/logs directory.
200110 200116.532|INFO|AWT-EventQueue-0|info|
200110 200116.532|INFO|AWT-EventQueue-0|info|Version 9.6.0 20190102 (Wednesday, January 2nd 2019 01:20 UTC) Java ver 1.8.0_221 build 5102 Mac OS X 10.15.2 (x86_64) 
200110 200116.533|INFO|AWT-EventQueue-0|info|Login: administrator1 (aka administrator1)
200110 200116.533|INFO|AWT-EventQueue-0|startLog|Working directory is /Users/hunterhan/Desktop/pc2-9.6.0-1-10-20/bin
200110 200116.534|INFO|AWT-EventQueue-0|startLog|Process id is 24320@Hunters-MBP.T-mobile.com
200110 200116.534|INFO|AWT-EventQueue-0|info|Contacting server at localhost:50002 as ADMINISTRATOR1 @ site 0
200110 200116.535|INFO|AWT-EventQueue-0|info|sendLoginRequest start - sending from ADMINISTRATOR1 @ site 0
200110 200116.540|INFO|AWT-EventQueue-0|sendToLocalServer|Sending packet to server Packet[LOGIN_REQUEST] #1 ADMINISTRATOR1 @ site 0 -> SERVER0 @ site 0
200110 200116.541|INFO|Thread-2|run|send(Serializable)
200110 200116.542|INFO|AWT-EventQueue-0|sendToLocalServer|Sent    packet to server Packet[LOGIN_REQUEST] #1 ADMINISTRATOR1 @ site 0 -> SERVER0 @ site 0
200110 200116.543|INFO|AWT-EventQueue-0|info|sendLoginRequest end - packet sent.
200110 200116.577|INFO|Thread-1|receive|public void receive(SealedObject TransportPacket, ConnectionHandlerID connectionHandlerID)
200110 200116.610|INFO|Thread-3|info| receiveObject(S) start got Packet[LOGIN] #3 SERVER0 @ site 1 -> SERVER0 @ site 0
200110 200116.610|INFO|Thread-1|receive|public void receive(SealedObject TransportPacket, ConnectionHandlerID connectionHandlerID)
200110 200116.610|INFO|Thread-3|dumpPacket|Packet LOGIN (Seq #3, o#3 ) recieveObject
200110 200116.610|INFO|Thread-3|dumpPacket|  From: SERVER0 @ site 1, oSERVER0 @ site 1 (Hunters-MBP.T-mobile.com @ 192.168.29.141) (Contest Id: Default-5053916771268647617)
200110 200116.611|INFO|Thread-3|dumpPacket|    To: SERVER0 @ site 0
200110 200116.611|INFO|Thread-3|dumpPacket|   key: CLIENT_SETTINGS is: edu.csus.ecs.pc2.core.model.ClientSettings edu.csus.ecs.pc2.core.model.ClientSettings@60392aa4
200110 200116.611|INFO|Thread-3|dumpPacket|   key: CONNECTION_HANDLE_ID is: edu.csus.ecs.pc2.core.transport.ConnectionHandlerID Socket[addr=/127.0.0.1,port=59138,localport=50002]-4019964973416750047
200110 200116.611|INFO|Thread-3|dumpPacket|   key: CLIENT_ID is: edu.csus.ecs.pc2.core.model.ClientId ADMINISTRATOR1 @ site 1
200110 200116.611|INFO|Thread-3|info|handlePacket start Packet[LOGIN] #3 SERVER0 @ site 1 -> SERVER0 @ site 0
200110 200116.612|INFO|Thread-3|dumpPacket|Packet LOGIN (Seq #3, o#3 ) handlePacket
200110 200116.612|INFO|Thread-3|dumpPacket|  From: SERVER0 @ site 1, oSERVER0 @ site 1 (Hunters-MBP.T-mobile.com @ 192.168.29.141) (Contest Id: Default-5053916771268647617)
200110 200116.612|INFO|Thread-3|dumpPacket|    To: SERVER0 @ site 0
200110 200116.612|INFO|Thread-3|dumpPacket|   key: CLIENT_SETTINGS is: edu.csus.ecs.pc2.core.model.ClientSettings edu.csus.ecs.pc2.core.model.ClientSettings@60392aa4
200110 200116.612|INFO|Thread-3|dumpPacket|   key: CONNECTION_HANDLE_ID is: edu.csus.ecs.pc2.core.transport.ConnectionHandlerID Socket[addr=/127.0.0.1,port=59138,localport=50002]-4019964973416750047
200110 200116.617|INFO|Thread-3|dumpPacket|   key: CLIENT_ID is: edu.csus.ecs.pc2.core.model.ClientId ADMINISTRATOR1 @ site 1
200110 200116.617|INFO|Thread-3|info|Note: got a LOGIN packet before this site was logged in Packet[LOGIN] #3 SERVER0 @ site 1 -> SERVER0 @ site 0
200110 200116.618|INFO|Thread-3|info|handlePacket end Packet[LOGIN] #3 SERVER0 @ site 1 -> SERVER0 @ site 0
200110 200116.618|INFO|Thread-3|info| receiveObject(S) end   got Packet[LOGIN] #3 SERVER0 @ site 1 -> SERVER0 @ site 0
200110 200116.678|INFO|Thread-4|info| receiveObject(S) start got Packet[LOGIN_SUCCESS] #2 SERVER0 @ site 1 -> ADMINISTRATOR1 @ site 1
200110 200116.678|INFO|Thread-4|dumpPacket|Packet LOGIN_SUCCESS (Seq #2, o#2 ) recieveObject
200110 200116.678|INFO|Thread-4|dumpPacket|  From: SERVER0 @ site 1, oSERVER0 @ site 1 (Hunters-MBP.T-mobile.com @ 192.168.29.141) (Contest Id: Default-5053916771268647617)
200110 200116.678|INFO|Thread-4|dumpPacket|    To: ADMINISTRATOR1 @ site 1
200110 200116.678|INFO|Thread-4|dumpPacket|   key: JUDGEMENT_LIST is: [Ledu.csus.ecs.pc2.core.model.Judgement; [Ledu.csus.ecs.pc2.core.model.Judgement;@1e295cd7
200110 200116.678|INFO|Thread-4|dumpPacket|   key: CLARIFICATION_LIST is: [Ledu.csus.ecs.pc2.core.model.Clarification; [Ledu.csus.ecs.pc2.core.model.Clarification;@10eeb162
200110 200116.678|INFO|Thread-4|dumpPacket|   key: GENERAL_PROBLEM is: edu.csus.ecs.pc2.core.model.Problem General
200110 200116.678|INFO|Thread-4|dumpPacket|   key: LANGUAGE_LIST is: [Ledu.csus.ecs.pc2.core.model.Language; [Ledu.csus.ecs.pc2.core.model.Language;@14d137a7
200110 200116.679|INFO|Thread-4|dumpPacket|   key: SITE_LIST is: [Ledu.csus.ecs.pc2.core.model.Site; [Ledu.csus.ecs.pc2.core.model.Site;@51d3bb59
200110 200116.679|INFO|Thread-4|dumpPacket|   key: GROUP_LIST is: [Ledu.csus.ecs.pc2.core.model.Group; [Ledu.csus.ecs.pc2.core.model.Group;@5c89a50
200110 200116.679|INFO|Thread-4|dumpPacket|   key: CONTEST_TIME_LIST is: [Ledu.csus.ecs.pc2.core.model.ContestTime; [Ledu.csus.ecs.pc2.core.model.ContestTime;@60c84e2a
200110 200116.679|INFO|Thread-4|dumpPacket|   key: CONTEST_INFORMATION is: edu.csus.ecs.pc2.core.model.ContestInformation edu.csus.ecs.pc2.core.model.ContestInformation@7d39319b
200110 200116.679|INFO|Thread-4|dumpPacket|   key: CONTEST_TIME is: edu.csus.ecs.pc2.core.model.ContestTime edu.csus.ecs.pc2.core.model.ContestTime@31fc4416
200110 200116.679|INFO|Thread-4|dumpPacket|   key: CONNECTION_HANDLE_ID_LIST is: [Ledu.csus.ecs.pc2.core.transport.ConnectionHandlerID; [Ledu.csus.ecs.pc2.core.transport.ConnectionHandlerID;@70275263
200110 200116.679|INFO|Thread-4|dumpPacket|   key: REMOTE_LOGGED_IN_USERS is: [Ledu.csus.ecs.pc2.core.model.ClientId; [Ledu.csus.ecs.pc2.core.model.ClientId;@523cfb53
200110 200116.679|INFO|Thread-4|dumpPacket|   key: BALLOON_SETTINGS_LIST is: [Ledu.csus.ecs.pc2.core.model.BalloonSettings; [Ledu.csus.ecs.pc2.core.model.BalloonSettings;@663dbd66
200110 200116.679|INFO|Thread-4|dumpPacket|   key: PROFILE is: edu.csus.ecs.pc2.core.model.Profile Default-3586998405885201546
200110 200116.680|INFO|Thread-4|dumpPacket|   key: RUN_LIST is: [Ledu.csus.ecs.pc2.core.model.Run; [Ledu.csus.ecs.pc2.core.model.Run;@35b29943
200110 200116.680|INFO|Thread-4|dumpPacket|   key: PROFILE_LIST is: [Ledu.csus.ecs.pc2.core.model.Profile; [Ledu.csus.ecs.pc2.core.model.Profile;@7f4c61dc
200110 200116.680|INFO|Thread-4|dumpPacket|   key: LOCAL_LOGGED_IN_USERS is: [Ledu.csus.ecs.pc2.core.model.ClientId; [Ledu.csus.ecs.pc2.core.model.ClientId;@4a9feb05
200110 200116.680|INFO|Thread-4|dumpPacket|   key: ACCOUNT_ARRAY is: [Ledu.csus.ecs.pc2.core.model.Account; [Ledu.csus.ecs.pc2.core.model.Account;@41c2b9bd
200110 200116.680|INFO|Thread-4|dumpPacket|   key: CLIENT_SETTINGS_LIST is: [Ledu.csus.ecs.pc2.core.model.ClientSettings; [Ledu.csus.ecs.pc2.core.model.ClientSettings;@601b5847
200110 200116.680|INFO|Thread-4|dumpPacket|   key: SITE_NUMBER is: java.lang.Integer 1
200110 200116.680|INFO|Thread-4|dumpPacket|   key: SERVER_CLOCK_OFFSET is: java.util.GregorianCalendar java.util.GregorianCalendar[time=1578708076570,areFieldsSet=true,areAllFieldsSet=false,lenient=true,zone=sun.util.calendar.ZoneInfo[id="GMT",offset=0,dstSavings=0,useDaylight=false,transitions=0,lastRule=null],firstDayOfWeek=1,minimalDaysInFirstWeek=1,ERA=1,YEAR=2020,MONTH=0,WEEK_OF_YEAR=2,WEEK_OF_MONTH=2,DAY_OF_MONTH=11,DAY_OF_YEAR=11,DAY_OF_WEEK=7,DAY_OF_WEEK_IN_MONTH=2,AM_PM=0,HOUR=2,HOUR_OF_DAY=2,MINUTE=1,SECOND=16,MILLISECOND=570,ZONE_OFFSET=0,DST_OFFSET=0]
200110 200116.680|INFO|Thread-4|dumpPacket|   key: CONTEST_IDENTIFIER is: java.lang.String Default-5053916771268647617
200110 200116.681|INFO|Thread-4|dumpPacket|   key: CATEGORY_LIST is: [Ledu.csus.ecs.pc2.core.model.Category; [Ledu.csus.ecs.pc2.core.model.Category;@7c459719
200110 200116.681|INFO|Thread-4|dumpPacket|   key: PROBLEM_DATA_FILES is: [Ledu.csus.ecs.pc2.core.model.ProblemDataFiles; [Ledu.csus.ecs.pc2.core.model.ProblemDataFiles;@49379c57
200110 200116.681|INFO|Thread-4|dumpPacket|   key: PROBLEM_LIST is: [Ledu.csus.ecs.pc2.core.model.Problem; [Ledu.csus.ecs.pc2.core.model.Problem;@1decdb9d
200110 200116.681|INFO|Thread-4|dumpPacket|   key: CLIENT_ID is: edu.csus.ecs.pc2.core.model.ClientId ADMINISTRATOR1 @ site 1
200110 200116.681|INFO|Thread-4|info|handlePacket start Packet[LOGIN_SUCCESS] #2 SERVER0 @ site 1 -> ADMINISTRATOR1 @ site 1
200110 200116.681|INFO|Thread-4|dumpPacket|Packet LOGIN_SUCCESS (Seq #2, o#2 ) handlePacket
200110 200116.681|INFO|Thread-4|dumpPacket|  From: SERVER0 @ site 1, oSERVER0 @ site 1 (Hunters-MBP.T-mobile.com @ 192.168.29.141) (Contest Id: Default-5053916771268647617)
200110 200116.681|INFO|Thread-4|dumpPacket|    To: ADMINISTRATOR1 @ site 1
200110 200116.681|INFO|Thread-4|dumpPacket|   key: JUDGEMENT_LIST is: [Ledu.csus.ecs.pc2.core.model.Judgement; [Ledu.csus.ecs.pc2.core.model.Judgement;@1e295cd7
200110 200116.681|INFO|Thread-4|dumpPacket|   key: CLARIFICATION_LIST is: [Ledu.csus.ecs.pc2.core.model.Clarification; [Ledu.csus.ecs.pc2.core.model.Clarification;@10eeb162
200110 200116.681|INFO|Thread-4|dumpPacket|   key: GENERAL_PROBLEM is: edu.csus.ecs.pc2.core.model.Problem General
200110 200116.682|INFO|Thread-4|dumpPacket|   key: LANGUAGE_LIST is: [Ledu.csus.ecs.pc2.core.model.Language; [Ledu.csus.ecs.pc2.core.model.Language;@14d137a7
200110 200116.682|INFO|Thread-4|dumpPacket|   key: SITE_LIST is: [Ledu.csus.ecs.pc2.core.model.Site; [Ledu.csus.ecs.pc2.core.model.Site;@51d3bb59
200110 200116.682|INFO|Thread-4|dumpPacket|   key: GROUP_LIST is: [Ledu.csus.ecs.pc2.core.model.Group; [Ledu.csus.ecs.pc2.core.model.Group;@5c89a50
200110 200116.682|INFO|Thread-4|dumpPacket|   key: CONTEST_TIME_LIST is: [Ledu.csus.ecs.pc2.core.model.ContestTime; [Ledu.csus.ecs.pc2.core.model.ContestTime;@60c84e2a
200110 200116.682|INFO|Thread-4|dumpPacket|   key: CONTEST_INFORMATION is: edu.csus.ecs.pc2.core.model.ContestInformation edu.csus.ecs.pc2.core.model.ContestInformation@7d39319b
200110 200116.682|INFO|Thread-4|dumpPacket|   key: CONTEST_TIME is: edu.csus.ecs.pc2.core.model.ContestTime edu.csus.ecs.pc2.core.model.ContestTime@31fc4416
200110 200116.682|INFO|Thread-4|dumpPacket|   key: CONNECTION_HANDLE_ID_LIST is: [Ledu.csus.ecs.pc2.core.transport.ConnectionHandlerID; [Ledu.csus.ecs.pc2.core.transport.ConnectionHandlerID;@70275263
200110 200116.682|INFO|Thread-4|dumpPacket|   key: REMOTE_LOGGED_IN_USERS is: [Ledu.csus.ecs.pc2.core.model.ClientId; [Ledu.csus.ecs.pc2.core.model.ClientId;@523cfb53
200110 200116.682|INFO|Thread-4|dumpPacket|   key: BALLOON_SETTINGS_LIST is: [Ledu.csus.ecs.pc2.core.model.BalloonSettings; [Ledu.csus.ecs.pc2.core.model.BalloonSettings;@663dbd66
200110 200116.682|INFO|Thread-4|dumpPacket|   key: PROFILE is: edu.csus.ecs.pc2.core.model.Profile Default-3586998405885201546
200110 200116.683|INFO|Thread-4|dumpPacket|   key: RUN_LIST is: [Ledu.csus.ecs.pc2.core.model.Run; [Ledu.csus.ecs.pc2.core.model.Run;@35b29943
200110 200116.683|INFO|Thread-4|dumpPacket|   key: PROFILE_LIST is: [Ledu.csus.ecs.pc2.core.model.Profile; [Ledu.csus.ecs.pc2.core.model.Profile;@7f4c61dc
200110 200116.683|INFO|Thread-4|dumpPacket|   key: LOCAL_LOGGED_IN_USERS is: [Ledu.csus.ecs.pc2.core.model.ClientId; [Ledu.csus.ecs.pc2.core.model.ClientId;@4a9feb05
200110 200116.683|INFO|Thread-4|dumpPacket|   key: ACCOUNT_ARRAY is: [Ledu.csus.ecs.pc2.core.model.Account; [Ledu.csus.ecs.pc2.core.model.Account;@41c2b9bd
200110 200116.683|INFO|Thread-4|dumpPacket|   key: CLIENT_SETTINGS_LIST is: [Ledu.csus.ecs.pc2.core.model.ClientSettings; [Ledu.csus.ecs.pc2.core.model.ClientSettings;@601b5847
200110 200116.683|INFO|Thread-4|dumpPacket|   key: SITE_NUMBER is: java.lang.Integer 1
200110 200116.683|INFO|Thread-4|dumpPacket|   key: SERVER_CLOCK_OFFSET is: java.util.GregorianCalendar java.util.GregorianCalendar[time=1578708076570,areFieldsSet=true,areAllFieldsSet=false,lenient=true,zone=sun.util.calendar.ZoneInfo[id="GMT",offset=0,dstSavings=0,useDaylight=false,transitions=0,lastRule=null],firstDayOfWeek=1,minimalDaysInFirstWeek=1,ERA=1,YEAR=2020,MONTH=0,WEEK_OF_YEAR=2,WEEK_OF_MONTH=2,DAY_OF_MONTH=11,DAY_OF_YEAR=11,DAY_OF_WEEK=7,DAY_OF_WEEK_IN_MONTH=2,AM_PM=0,HOUR=2,HOUR_OF_DAY=2,MINUTE=1,SECOND=16,MILLISECOND=570,ZONE_OFFSET=0,DST_OFFSET=0]
200110 200116.683|INFO|Thread-4|dumpPacket|   key: CONTEST_IDENTIFIER is: java.lang.String Default-5053916771268647617
200110 200116.683|INFO|Thread-4|dumpPacket|   key: CATEGORY_LIST is: [Ledu.csus.ecs.pc2.core.model.Category; [Ledu.csus.ecs.pc2.core.model.Category;@7c459719
200110 200116.683|INFO|Thread-4|dumpPacket|   key: PROBLEM_DATA_FILES is: [Ledu.csus.ecs.pc2.core.model.ProblemDataFiles; [Ledu.csus.ecs.pc2.core.model.ProblemDataFiles;@49379c57
200110 200116.684|INFO|Thread-4|dumpPacket|   key: PROBLEM_LIST is: [Ledu.csus.ecs.pc2.core.model.Problem; [Ledu.csus.ecs.pc2.core.model.Problem;@1decdb9d
200110 200116.684|INFO|Thread-4|dumpPacket|   key: CLIENT_ID is: edu.csus.ecs.pc2.core.model.ClientId ADMINISTRATOR1 @ site 1
200117 144852.943|CONFIG|AWT-EventQueue-0|setFileHandlers|Now logging to /Users/hunterhan/Desktop/pc2-9.6.0-1-10-20/bin/logs directory.
200117 144852.944|INFO|AWT-EventQueue-0|info|
200117 144852.944|INFO|AWT-EventQueue-0|info|Version 9.6.0 20190102 (Wednesday, January 2nd 2019 01:20 UTC) Java ver 1.8.0_221 build 5102 Mac OS X 10.15.2 (x86_64) 
200117 144852.945|INFO|AWT-EventQueue-0|info|Login: administrator1 (aka administrator1)
200117 144852.945|INFO|AWT-EventQueue-0|startLog|Working directory is /Users/hunterhan/Desktop/pc2-9.6.0-1-10-20/bin
200117 144852.951|INFO|AWT-EventQueue-0|startLog|Process id is 40816@Daniels-iPhone.District.FBISD.local
200117 144852.951|INFO|AWT-EventQueue-0|info|Contacting server at localhost:50002 as ADMINISTRATOR1 @ site 0
200117 144852.952|INFO|AWT-EventQueue-0|info|sendLoginRequest start - sending from ADMINISTRATOR1 @ site 0
200117 144852.958|INFO|AWT-EventQueue-0|sendToLocalServer|Sending packet to server Packet[LOGIN_REQUEST] #1 ADMINISTRATOR1 @ site 0 -> SERVER0 @ site 0
200117 144852.959|INFO|Thread-2|run|send(Serializable)
200117 144852.961|INFO|AWT-EventQueue-0|sendToLocalServer|Sent    packet to server Packet[LOGIN_REQUEST] #1 ADMINISTRATOR1 @ site 0 -> SERVER0 @ site 0
200117 144852.961|INFO|AWT-EventQueue-0|info|sendLoginRequest end - packet sent.
200117 144853.022|INFO|Thread-1|receive|public void receive(SealedObject TransportPacket, ConnectionHandlerID connectionHandlerID)
200117 144853.025|INFO|Thread-3|info| receiveObject(S) start got Packet[LOGIN_FAILED] #2 SERVER0 @ site 1 -> ADMINISTRATOR1 @ site 0
200117 144853.025|INFO|Thread-3|dumpPacket|Packet LOGIN_FAILED (Seq #2, o#2 ) recieveObject
200117 144853.026|INFO|Thread-3|dumpPacket|  From: SERVER0 @ site 1, oSERVER0 @ site 1 (Daniels-iPhone.District.FBISD.local @ 10.95.96.41) (Contest Id: Default-5053916771268647617)
200117 144853.026|INFO|Thread-3|dumpPacket|    To: ADMINISTRATOR1 @ site 0
200117 144853.026|INFO|Thread-3|dumpPacket|   key: MESSAGE_STRING is: java.lang.String Invalid password
200117 144853.027|INFO|Thread-3|info|handlePacket start Packet[LOGIN_FAILED] #2 SERVER0 @ site 1 -> ADMINISTRATOR1 @ site 0
200117 144853.027|INFO|Thread-3|dumpPacket|Packet LOGIN_FAILED (Seq #2, o#2 ) handlePacket
200117 144853.027|INFO|Thread-3|dumpPacket|  From: SERVER0 @ site 1, oSERVER0 @ site 1 (Daniels-iPhone.District.FBISD.local @ 10.95.96.41) (Contest Id: Default-5053916771268647617)
200117 144853.028|INFO|Thread-3|dumpPacket|    To: ADMINISTRATOR1 @ site 0
200117 144853.028|INFO|Thread-3|dumpPacket|   key: MESSAGE_STRING is: java.lang.String Invalid password
200117 144853.971|INFO|Thread-3|info| receiveObject(S) end   got Packet[LOGIN_FAILED] #2 SERVER0 @ site 1 -> ADMINISTRATOR1 @ site 0
