200110 150219.414|CONFIG|AWT-EventQueue-0|setFileHandlers|Now logging to /Users/hunterhan/Desktop/pc2-9.6.0-1-10-20/bin/logs directory.
200110 150219.414|INFO|AWT-EventQueue-0|info|
200110 150219.414|INFO|AWT-EventQueue-0|info|Version 9.6.0 20190102 (Wednesday, January 2nd 2019 01:20 UTC) Java ver 1.8.0_221 build 5102 Mac OS X 10.15.2 (x86_64) 
200110 150219.414|INFO|AWT-EventQueue-0|info|Login: judge1 (aka judge1)
200110 150219.415|INFO|AWT-EventQueue-0|startLog|Working directory is /Users/hunterhan/Desktop/pc2-9.6.0-1-10-20/bin
200110 150219.416|INFO|AWT-EventQueue-0|startLog|Process id is 7693@Hunters-MacBook-Pro.local
200110 150219.417|INFO|AWT-EventQueue-0|info|Contacting server at 192.168.1.3:50002 as JUDGE1 @ site 0
200110 150219.417|INFO|AWT-EventQueue-0|info|sendLoginRequest start - sending from JUDGE1 @ site 0
200110 150219.422|INFO|AWT-EventQueue-0|sendToLocalServer|Sending packet to server Packet[LOGIN_REQUEST] #1 JUDGE1 @ site 0 -> SERVER0 @ site 0
200110 150219.424|INFO|Thread-2|run|send(Serializable)
200110 150219.425|INFO|AWT-EventQueue-0|sendToLocalServer|Sent    packet to server Packet[LOGIN_REQUEST] #1 JUDGE1 @ site 0 -> SERVER0 @ site 0
200110 150219.426|INFO|AWT-EventQueue-0|info|sendLoginRequest end - packet sent.
200110 150219.460|INFO|Thread-1|receive|public void receive(SealedObject TransportPacket, ConnectionHandlerID connectionHandlerID)
200110 150219.463|INFO|Thread-3|info| receiveObject(S) start got Packet[LOGIN_FAILED] #7 SERVER0 @ site 1 -> JUDGE1 @ site 0
200110 150219.463|INFO|Thread-3|dumpPacket|Packet LOGIN_FAILED (Seq #7, o#7 ) recieveObject
200110 150219.463|INFO|Thread-3|dumpPacket|  From: SERVER0 @ site 1, oSERVER0 @ site 1 (Hunters-MacBook-Pro.local @ 127.0.0.1) (Contest Id: Default-3586998405885201546)
200110 150219.464|INFO|Thread-3|dumpPacket|    To: JUDGE1 @ site 0
200110 150219.464|INFO|Thread-3|dumpPacket|   key: MESSAGE_STRING is: java.lang.String No such account
200110 150219.464|INFO|Thread-3|info|handlePacket start Packet[LOGIN_FAILED] #7 SERVER0 @ site 1 -> JUDGE1 @ site 0
200110 150219.464|INFO|Thread-3|dumpPacket|Packet LOGIN_FAILED (Seq #7, o#7 ) handlePacket
200110 150219.465|INFO|Thread-3|dumpPacket|  From: SERVER0 @ site 1, oSERVER0 @ site 1 (Hunters-MacBook-Pro.local @ 127.0.0.1) (Contest Id: Default-3586998405885201546)
200110 150219.465|INFO|Thread-3|dumpPacket|    To: JUDGE1 @ site 0
200110 150219.465|INFO|Thread-3|dumpPacket|   key: MESSAGE_STRING is: java.lang.String No such account
200110 150220.196|INFO|Thread-3|info| receiveObject(S) end   got Packet[LOGIN_FAILED] #7 SERVER0 @ site 1 -> JUDGE1 @ site 0
200110 150303.317|CONFIG|AWT-EventQueue-0|setFileHandlers|Now logging to /Users/hunterhan/Desktop/pc2-9.6.0-1-10-20/bin/logs directory.
200110 150303.318|INFO|AWT-EventQueue-0|info|
200110 150303.318|INFO|AWT-EventQueue-0|info|Version 9.6.0 20190102 (Wednesday, January 2nd 2019 01:20 UTC) Java ver 1.8.0_221 build 5102 Mac OS X 10.15.2 (x86_64) 
200110 150303.318|INFO|AWT-EventQueue-0|info|Login: judge1 (aka judge1)
200110 150303.318|INFO|AWT-EventQueue-0|startLog|Working directory is /Users/hunterhan/Desktop/pc2-9.6.0-1-10-20/bin
200110 150303.320|INFO|AWT-EventQueue-0|startLog|Process id is 7693@Hunters-MacBook-Pro.local
200110 150303.320|INFO|AWT-EventQueue-0|info|Contacting server at 192.168.1.3:50002 as JUDGE1 @ site 0
200110 150303.320|INFO|AWT-EventQueue-0|info|sendLoginRequest start - sending from JUDGE1 @ site 0
200110 150303.320|INFO|AWT-EventQueue-0|sendToLocalServer|Sending packet to server Packet[LOGIN_REQUEST] #3 JUDGE1 @ site 0 -> SERVER0 @ site 0
200110 150303.320|INFO|AWT-EventQueue-0|sendToLocalServer|Sent    packet to server Packet[LOGIN_REQUEST] #3 JUDGE1 @ site 0 -> SERVER0 @ site 0
200110 150303.320|INFO|AWT-EventQueue-0|info|sendLoginRequest end - packet sent.
200110 150303.320|INFO|Thread-6|run|send(Serializable)
200110 150303.341|INFO|Thread-1|receive|public void receive(SealedObject TransportPacket, ConnectionHandlerID connectionHandlerID)
200110 150303.424|INFO|Thread-1|receive|public void receive(SealedObject TransportPacket, ConnectionHandlerID connectionHandlerID)
200110 150303.424|INFO|Thread-7|info| receiveObject(S) start got Packet[LOGIN_SUCCESS] #10 SERVER0 @ site 1 -> JUDGE1 @ site 1
200110 150303.425|INFO|Thread-7|dumpPacket|Packet LOGIN_SUCCESS (Seq #10, o#10 ) recieveObject
200110 150303.425|INFO|Thread-7|dumpPacket|  From: SERVER0 @ site 1, oSERVER0 @ site 1 (Hunters-MacBook-Pro.local @ 127.0.0.1) (Contest Id: Default-3586998405885201546)
200110 150303.425|INFO|Thread-7|dumpPacket|    To: JUDGE1 @ site 1
200110 150303.425|INFO|Thread-7|dumpPacket|   key: JUDGEMENT_LIST is: [Ledu.csus.ecs.pc2.core.model.Judgement; [Ledu.csus.ecs.pc2.core.model.Judgement;@6683502a
200110 150303.425|INFO|Thread-7|dumpPacket|   key: CLARIFICATION_LIST is: [Ledu.csus.ecs.pc2.core.model.Clarification; [Ledu.csus.ecs.pc2.core.model.Clarification;@6844b28a
200110 150303.425|INFO|Thread-7|dumpPacket|   key: GENERAL_PROBLEM is: edu.csus.ecs.pc2.core.model.Problem General
200110 150303.425|INFO|Thread-7|dumpPacket|   key: LANGUAGE_LIST is: [Ledu.csus.ecs.pc2.core.model.Language; [Ledu.csus.ecs.pc2.core.model.Language;@6c7b3b5a
200110 150303.425|INFO|Thread-7|dumpPacket|   key: SITE_LIST is: [Ledu.csus.ecs.pc2.core.model.Site; [Ledu.csus.ecs.pc2.core.model.Site;@2979b8b1
200110 150303.425|INFO|Thread-7|dumpPacket|   key: GROUP_LIST is: [Ledu.csus.ecs.pc2.core.model.Group; [Ledu.csus.ecs.pc2.core.model.Group;@5587bfb4
200110 150303.425|INFO|Thread-7|dumpPacket|   key: CONTEST_TIME_LIST is: [Ledu.csus.ecs.pc2.core.model.ContestTime; [Ledu.csus.ecs.pc2.core.model.ContestTime;@181a976c
200110 150303.425|INFO|Thread-7|dumpPacket|   key: CONTEST_INFORMATION is: edu.csus.ecs.pc2.core.model.ContestInformation edu.csus.ecs.pc2.core.model.ContestInformation@2d0ecede
200110 150303.426|INFO|Thread-7|dumpPacket|   key: CONTEST_TIME is: edu.csus.ecs.pc2.core.model.ContestTime edu.csus.ecs.pc2.core.model.ContestTime@495647fe
200110 150303.426|INFO|Thread-7|dumpPacket|   key: CONNECTION_HANDLE_ID_LIST is: [Ledu.csus.ecs.pc2.core.transport.ConnectionHandlerID; [Ledu.csus.ecs.pc2.core.transport.ConnectionHandlerID;@21c43b7f
200110 150303.426|INFO|Thread-8|info| receiveObject(S) start got Packet[LOGIN] #11 SERVER0 @ site 1 -> SERVER0 @ site 0
200110 150303.426|INFO|Thread-7|dumpPacket|   key: REMOTE_LOGGED_IN_USERS is: [Ledu.csus.ecs.pc2.core.model.ClientId; [Ledu.csus.ecs.pc2.core.model.ClientId;@6d2969dc
200110 150303.426|INFO|Thread-8|dumpPacket|Packet LOGIN (Seq #11, o#11 ) recieveObject
200110 150303.426|INFO|Thread-7|dumpPacket|   key: BALLOON_SETTINGS_LIST is: [Ledu.csus.ecs.pc2.core.model.BalloonSettings; [Ledu.csus.ecs.pc2.core.model.BalloonSettings;@360a2299
200110 150303.426|INFO|Thread-8|dumpPacket|  From: SERVER0 @ site 1, oSERVER0 @ site 1 (Hunters-MacBook-Pro.local @ 127.0.0.1) (Contest Id: Default-3586998405885201546)
200110 150303.426|INFO|Thread-7|dumpPacket|   key: PROFILE is: edu.csus.ecs.pc2.core.model.Profile Default-6487112501776802790
200110 150303.426|INFO|Thread-8|dumpPacket|    To: SERVER0 @ site 0
200110 150303.427|INFO|Thread-7|dumpPacket|   key: RUN_LIST is: [Ledu.csus.ecs.pc2.core.model.Run; [Ledu.csus.ecs.pc2.core.model.Run;@4d18fa11
200110 150303.427|INFO|Thread-8|dumpPacket|   key: CLIENT_SETTINGS is: edu.csus.ecs.pc2.core.model.ClientSettings edu.csus.ecs.pc2.core.model.ClientSettings@2635ef6e
200110 150303.427|INFO|Thread-7|dumpPacket|   key: PROFILE_LIST is: [Ledu.csus.ecs.pc2.core.model.Profile; [Ledu.csus.ecs.pc2.core.model.Profile;@4d072f0e
200110 150303.427|INFO|Thread-8|dumpPacket|   key: CONNECTION_HANDLE_ID is: edu.csus.ecs.pc2.core.transport.ConnectionHandlerID Socket[addr=/192.168.1.3,port=52645,localport=50002]-4283340409569227294
200110 150303.427|INFO|Thread-7|dumpPacket|   key: LOCAL_LOGGED_IN_USERS is: [Ledu.csus.ecs.pc2.core.model.ClientId; [Ledu.csus.ecs.pc2.core.model.ClientId;@6b46c8fb
200110 150303.427|INFO|Thread-8|dumpPacket|   key: CLIENT_ID is: edu.csus.ecs.pc2.core.model.ClientId JUDGE1 @ site 1
200110 150303.427|INFO|Thread-7|dumpPacket|   key: ACCOUNT_ARRAY is: [Ledu.csus.ecs.pc2.core.model.Account; [Ledu.csus.ecs.pc2.core.model.Account;@c3f31e0
200110 150303.427|INFO|Thread-8|info|handlePacket start Packet[LOGIN] #11 SERVER0 @ site 1 -> SERVER0 @ site 0
200110 150303.427|INFO|Thread-7|dumpPacket|   key: CLIENT_SETTINGS_LIST is: [Ledu.csus.ecs.pc2.core.model.ClientSettings; [Ledu.csus.ecs.pc2.core.model.ClientSettings;@67d8a04
200110 150303.428|INFO|Thread-8|dumpPacket|Packet LOGIN (Seq #11, o#11 ) handlePacket
200110 150303.428|INFO|Thread-7|dumpPacket|   key: SITE_NUMBER is: java.lang.Integer 1
200110 150303.428|INFO|Thread-8|dumpPacket|  From: SERVER0 @ site 1, oSERVER0 @ site 1 (Hunters-MacBook-Pro.local @ 127.0.0.1) (Contest Id: Default-3586998405885201546)
200110 150303.428|INFO|Thread-8|dumpPacket|    To: SERVER0 @ site 0
200110 150303.428|INFO|Thread-7|dumpPacket|   key: SERVER_CLOCK_OFFSET is: java.util.GregorianCalendar java.util.GregorianCalendar[time=1578690183329,areFieldsSet=true,areAllFieldsSet=false,lenient=true,zone=sun.util.calendar.ZoneInfo[id="GMT",offset=0,dstSavings=0,useDaylight=false,transitions=0,lastRule=null],firstDayOfWeek=1,minimalDaysInFirstWeek=1,ERA=1,YEAR=2020,MONTH=0,WEEK_OF_YEAR=2,WEEK_OF_MONTH=2,DAY_OF_MONTH=10,DAY_OF_YEAR=10,DAY_OF_WEEK=6,DAY_OF_WEEK_IN_MONTH=2,AM_PM=1,HOUR=9,HOUR_OF_DAY=21,MINUTE=3,SECOND=3,MILLISECOND=329,ZONE_OFFSET=0,DST_OFFSET=0]
200110 150303.428|INFO|Thread-8|dumpPacket|   key: CLIENT_SETTINGS is: edu.csus.ecs.pc2.core.model.ClientSettings edu.csus.ecs.pc2.core.model.ClientSettings@2635ef6e
200110 150303.428|INFO|Thread-7|dumpPacket|   key: CONTEST_IDENTIFIER is: java.lang.String Default-3586998405885201546
200110 150303.428|INFO|Thread-8|dumpPacket|   key: CONNECTION_HANDLE_ID is: edu.csus.ecs.pc2.core.transport.ConnectionHandlerID Socket[addr=/192.168.1.3,port=52645,localport=50002]-4283340409569227294
200110 150303.428|INFO|Thread-7|dumpPacket|   key: CATEGORY_LIST is: [Ledu.csus.ecs.pc2.core.model.Category; [Ledu.csus.ecs.pc2.core.model.Category;@7276ba9a
200110 150303.428|INFO|Thread-8|dumpPacket|   key: CLIENT_ID is: edu.csus.ecs.pc2.core.model.ClientId JUDGE1 @ site 1
200110 150303.429|INFO|Thread-7|dumpPacket|   key: PROBLEM_DATA_FILES is: [Ledu.csus.ecs.pc2.core.model.ProblemDataFiles; [Ledu.csus.ecs.pc2.core.model.ProblemDataFiles;@2f2ab53f
200110 150303.429|INFO|Thread-8|info|Note: got a LOGIN packet before this site was logged in Packet[LOGIN] #11 SERVER0 @ site 1 -> SERVER0 @ site 0
200110 150303.429|INFO|Thread-7|dumpPacket|   key: PROBLEM_LIST is: [Ledu.csus.ecs.pc2.core.model.Problem; [Ledu.csus.ecs.pc2.core.model.Problem;@5a6f210b
200110 150303.429|INFO|Thread-8|info|handlePacket end Packet[LOGIN] #11 SERVER0 @ site 1 -> SERVER0 @ site 0
200110 150303.429|INFO|Thread-7|dumpPacket|   key: CLIENT_ID is: edu.csus.ecs.pc2.core.model.ClientId JUDGE1 @ site 1
200110 150303.429|INFO|Thread-8|info| receiveObject(S) end   got Packet[LOGIN] #11 SERVER0 @ site 1 -> SERVER0 @ site 0
200110 150303.429|INFO|Thread-7|info|handlePacket start Packet[LOGIN_SUCCESS] #10 SERVER0 @ site 1 -> JUDGE1 @ site 1
200110 150303.429|INFO|Thread-7|dumpPacket|Packet LOGIN_SUCCESS (Seq #10, o#10 ) handlePacket
200110 150303.430|INFO|Thread-7|dumpPacket|  From: SERVER0 @ site 1, oSERVER0 @ site 1 (Hunters-MacBook-Pro.local @ 127.0.0.1) (Contest Id: Default-3586998405885201546)
200110 150303.430|INFO|Thread-7|dumpPacket|    To: JUDGE1 @ site 1
200110 150303.430|INFO|Thread-7|dumpPacket|   key: JUDGEMENT_LIST is: [Ledu.csus.ecs.pc2.core.model.Judgement; [Ledu.csus.ecs.pc2.core.model.Judgement;@6683502a
200110 150303.430|INFO|Thread-7|dumpPacket|   key: CLARIFICATION_LIST is: [Ledu.csus.ecs.pc2.core.model.Clarification; [Ledu.csus.ecs.pc2.core.model.Clarification;@6844b28a
200110 150303.430|INFO|Thread-7|dumpPacket|   key: GENERAL_PROBLEM is: edu.csus.ecs.pc2.core.model.Problem General
200110 150303.430|INFO|Thread-7|dumpPacket|   key: LANGUAGE_LIST is: [Ledu.csus.ecs.pc2.core.model.Language; [Ledu.csus.ecs.pc2.core.model.Language;@6c7b3b5a
200110 150303.430|INFO|Thread-7|dumpPacket|   key: SITE_LIST is: [Ledu.csus.ecs.pc2.core.model.Site; [Ledu.csus.ecs.pc2.core.model.Site;@2979b8b1
200110 150303.430|INFO|Thread-7|dumpPacket|   key: GROUP_LIST is: [Ledu.csus.ecs.pc2.core.model.Group; [Ledu.csus.ecs.pc2.core.model.Group;@5587bfb4
200110 150303.431|INFO|Thread-7|dumpPacket|   key: CONTEST_TIME_LIST is: [Ledu.csus.ecs.pc2.core.model.ContestTime; [Ledu.csus.ecs.pc2.core.model.ContestTime;@181a976c
200110 150303.431|INFO|Thread-7|dumpPacket|   key: CONTEST_INFORMATION is: edu.csus.ecs.pc2.core.model.ContestInformation edu.csus.ecs.pc2.core.model.ContestInformation@2d0ecede
200110 150303.431|INFO|Thread-7|dumpPacket|   key: CONTEST_TIME is: edu.csus.ecs.pc2.core.model.ContestTime edu.csus.ecs.pc2.core.model.ContestTime@495647fe
200110 150303.431|INFO|Thread-7|dumpPacket|   key: CONNECTION_HANDLE_ID_LIST is: [Ledu.csus.ecs.pc2.core.transport.ConnectionHandlerID; [Ledu.csus.ecs.pc2.core.transport.ConnectionHandlerID;@21c43b7f
200110 150303.431|INFO|Thread-7|dumpPacket|   key: REMOTE_LOGGED_IN_USERS is: [Ledu.csus.ecs.pc2.core.model.ClientId; [Ledu.csus.ecs.pc2.core.model.ClientId;@6d2969dc
200110 150303.431|INFO|Thread-7|dumpPacket|   key: BALLOON_SETTINGS_LIST is: [Ledu.csus.ecs.pc2.core.model.BalloonSettings; [Ledu.csus.ecs.pc2.core.model.BalloonSettings;@360a2299
200110 150303.431|INFO|Thread-7|dumpPacket|   key: PROFILE is: edu.csus.ecs.pc2.core.model.Profile Default-6487112501776802790
200110 150303.431|INFO|Thread-7|dumpPacket|   key: RUN_LIST is: [Ledu.csus.ecs.pc2.core.model.Run; [Ledu.csus.ecs.pc2.core.model.Run;@4d18fa11
200110 150303.431|INFO|Thread-7|dumpPacket|   key: PROFILE_LIST is: [Ledu.csus.ecs.pc2.core.model.Profile; [Ledu.csus.ecs.pc2.core.model.Profile;@4d072f0e
200110 150303.431|INFO|Thread-7|dumpPacket|   key: LOCAL_LOGGED_IN_USERS is: [Ledu.csus.ecs.pc2.core.model.ClientId; [Ledu.csus.ecs.pc2.core.model.ClientId;@6b46c8fb
200110 150303.431|INFO|Thread-7|dumpPacket|   key: ACCOUNT_ARRAY is: [Ledu.csus.ecs.pc2.core.model.Account; [Ledu.csus.ecs.pc2.core.model.Account;@c3f31e0
200110 150303.431|INFO|Thread-7|dumpPacket|   key: CLIENT_SETTINGS_LIST is: [Ledu.csus.ecs.pc2.core.model.ClientSettings; [Ledu.csus.ecs.pc2.core.model.ClientSettings;@67d8a04
200110 150303.432|INFO|Thread-7|dumpPacket|   key: SITE_NUMBER is: java.lang.Integer 1
200110 150303.432|INFO|Thread-7|dumpPacket|   key: SERVER_CLOCK_OFFSET is: java.util.GregorianCalendar java.util.GregorianCalendar[time=1578690183329,areFieldsSet=true,areAllFieldsSet=false,lenient=true,zone=sun.util.calendar.ZoneInfo[id="GMT",offset=0,dstSavings=0,useDaylight=false,transitions=0,lastRule=null],firstDayOfWeek=1,minimalDaysInFirstWeek=1,ERA=1,YEAR=2020,MONTH=0,WEEK_OF_YEAR=2,WEEK_OF_MONTH=2,DAY_OF_MONTH=10,DAY_OF_YEAR=10,DAY_OF_WEEK=6,DAY_OF_WEEK_IN_MONTH=2,AM_PM=1,HOUR=9,HOUR_OF_DAY=21,MINUTE=3,SECOND=3,MILLISECOND=329,ZONE_OFFSET=0,DST_OFFSET=0]
200110 150303.432|INFO|Thread-7|dumpPacket|   key: CONTEST_IDENTIFIER is: java.lang.String Default-3586998405885201546
200110 150303.432|INFO|Thread-7|dumpPacket|   key: CATEGORY_LIST is: [Ledu.csus.ecs.pc2.core.model.Category; [Ledu.csus.ecs.pc2.core.model.Category;@7276ba9a
200110 150303.432|INFO|Thread-7|dumpPacket|   key: PROBLEM_DATA_FILES is: [Ledu.csus.ecs.pc2.core.model.ProblemDataFiles; [Ledu.csus.ecs.pc2.core.model.ProblemDataFiles;@2f2ab53f
200110 150303.432|INFO|Thread-7|dumpPacket|   key: PROBLEM_LIST is: [Ledu.csus.ecs.pc2.core.model.Problem; [Ledu.csus.ecs.pc2.core.model.Problem;@5a6f210b
200110 150303.432|INFO|Thread-7|dumpPacket|   key: CLIENT_ID is: edu.csus.ecs.pc2.core.model.ClientId JUDGE1 @ site 1
