200117 144845.106|CONFIG|main|setFileHandlers|Now logging to /Users/hunterhan/Desktop/pc2-9.6.0-1-10-20/bin/logs directory.
200117 144845.108|INFO|main|info|
200117 144845.113|INFO|main|info|Version 9.6.0 20190102 (Wednesday, January 2nd 2019 01:20 UTC) Java ver 1.8.0_221 build 5102 Mac OS X 10.15.2 (x86_64) 
200117 144845.114|INFO|main|startLog|Working directory is /Users/hunterhan/Desktop/pc2-9.6.0-1-10-20/bin
200117 144845.125|INFO|main|startLog|Process id is 40816@Hunters-MacBook-Pro.local
200117 144845.125|INFO|main|start|Starting ConnectionManager...
200117 144845.244|INFO|main|start|Started ConnectionManager
200117 144845.247|INFO|main|setClientServerAndPort|INIFile File location: file:/Users/hunterhan/Desktop/pc2-9.6.0-1-10-20/bin/pc2v9.ini
200117 144845.247|INFO|main|setClientServerAndPort|setClientServerAndPort localhost parsed as localhost port 50002
200117 144845.247|INFO|main|info|Contacting server at localhost:50002
200117 144845.248|INFO|main|connectToMyServer|Connecting to localhost:50002
200117 144846.187|INFO|Thread-1|receiveUnencrypted|receiveUnencrypted(TransportWrapper, ConnectionHandlerID=Socket[addr=localhost/127.0.0.1,port=50002,localport=59324]--965057193060157264)
200117 144846.428|INFO|Thread-1|receiveUnencrypted|receiveUnencrypted Made a secret key for Socket[addr=localhost/127.0.0.1,port=50002,localport=59324]--965057193060157264 key is com.sun.crypto.provider.DESKey@fffe7f11
200117 144846.428|INFO|Thread-1|getPublicKeyPacket|Generating Unencrypted Public Key Packet
200117 144846.430|INFO|Thread-1|getPublicKeyPacket|checking key:= SunJCE Diffie-Hellman Public Key:
y:
    1f9ac934 d0b4f0ba e25f8f56 bbf43166 f50bece7 b14e9d2f f4923a2d 45dff46c
    d5ea3dd3 ebfaa59b 76620752 665c7350 f55138ec 20e82bae 53cb3511 5d53b8e8
    1a9b69a0 60d7a735 1832c481 714bf747 51bb4669 6d203067 e5224949 832e5333
    ec6c8c59 4be33135 2d3f4e52 a231a520 83ee8885 dc2fb33f d8547fc7 d0c671d2
p:
    f488fd58 4e49dbcd 20b49de4 9107366b 336c380d 451d0f7c 88b31c7c 5b2d8ef6
    f3c923c0 43f0a55b 188d8ebb 558cb85d 38d334fd 7c175743 a31d186c de33212c
    b52aff3c e1b12940 18118d7c 84a70a72 d686c403 19c80729 7aca950c d9969fab
    d00a509b 0246d308 3d66a45d 419f9c7c bd894b22 1926baab a25ec355 e92f78c7
g:
    02
l:
    512
200117 144846.432|INFO|Thread-1|getPublicKeyPacket|packet:= edu.csus.ecs.pc2.core.transport.TransportWrapper@7b85f5e6
