200110 195045.076|CONFIG|AWT-EventQueue-0|setFileHandlers|Now logging to /Users/hunterhan/Desktop/pc2-9.6.0-1-10-20/bin/profiles/P62d231b8-4de3-4ad6-80ee-2c1e04418419/logs directory.
200110 195045.077|INFO|AWT-EventQueue-0|info|
200110 195045.078|INFO|AWT-EventQueue-0|info|Version 9.6.0 20190102 (Wednesday, January 2nd 2019 01:20 UTC) Java ver 1.8.0_221 build 5102 Mac OS X 10.15.2 (x86_64) 
200110 195045.080|INFO|AWT-EventQueue-0|info|Login: site1 (aka server0)
200110 195045.084|INFO|AWT-EventQueue-0|startLog|Working directory is /Users/hunterhan/Desktop/pc2-9.6.0-1-10-20/bin
200110 195045.088|INFO|AWT-EventQueue-0|startLog|Process id is 23473@Hunters-MBP.T-mobile.com
200110 195045.088|DEBUG|AWT-EventQueue-0|login|Site Number is set as 1 (0 means unset)
200110 195045.089|INFO|AWT-EventQueue-0|info|initializeServer STARTED this site as Site 1
200110 195047.659|INFO|AWT-EventQueue-0|loadFromDisk|Loading site number 1
200110 195047.660|INFO|AWT-EventQueue-0|loadFromDisk|Loaded 1 languages
200110 195047.660|INFO|AWT-EventQueue-0|loadFromDisk|Loaded 12 problems
200110 195047.661|INFO|AWT-EventQueue-0|loadFromDisk|Loaded 1 contest_time_list
200110 195047.662|INFO|AWT-EventQueue-0|loadFromDisk|Loaded 50 accounts
200110 195047.663|INFO|AWT-EventQueue-0|loadFromDisk|Loaded 8 judgements
200110 195047.664|INFO|AWT-EventQueue-0|loadProblemDataFilesInfo|Loaded 1 of 12 problem_data_files
200110 195047.664|INFO|AWT-EventQueue-0|loadProblemDataFilesInfo|Loaded 2 of 12 problem_data_files
200110 195047.664|INFO|AWT-EventQueue-0|loadProblemDataFilesInfo|Loaded 3 of 12 problem_data_files
200110 195047.665|INFO|AWT-EventQueue-0|loadProblemDataFilesInfo|Loaded 4 of 12 problem_data_files
200110 195047.665|INFO|AWT-EventQueue-0|loadProblemDataFilesInfo|Loaded 5 of 12 problem_data_files
200110 195047.665|INFO|AWT-EventQueue-0|loadProblemDataFilesInfo|Loaded 6 of 12 problem_data_files
200110 195047.665|INFO|AWT-EventQueue-0|loadProblemDataFilesInfo|Loaded 7 of 12 problem_data_files
200110 195047.667|INFO|AWT-EventQueue-0|loadProblemDataFilesInfo|Loaded 8 of 12 problem_data_files
200110 195047.667|INFO|AWT-EventQueue-0|loadProblemDataFilesInfo|Loaded 9 of 12 problem_data_files
200110 195047.667|INFO|AWT-EventQueue-0|loadProblemDataFilesInfo|Loaded 10 of 12 problem_data_files
200110 195047.667|INFO|AWT-EventQueue-0|loadProblemDataFilesInfo|Loaded 11 of 12 problem_data_files
200110 195047.667|INFO|AWT-EventQueue-0|loadProblemDataFilesInfo|Loaded 12 of 12 problem_data_files
200110 195047.667|INFO|AWT-EventQueue-0|loadSomeSettings|Loaded 0 balloon_settings_list
200110 195047.668|INFO|AWT-EventQueue-0|loadSomeSettings|Loaded contest_time
200110 195047.668|INFO|AWT-EventQueue-0|loadSomeSettings|Loaded general_problem
200110 195047.669|INFO|AWT-EventQueue-0|loadSomeSettings|Loaded 2 profiles
200110 195047.670|INFO|AWT-EventQueue-0|loadSomeSettings|Loaded 1 categories
200110 195047.670|INFO|AWT-EventQueue-0|loadSomeSettings|Loaded profile
200110 195047.671|INFO|AWT-EventQueue-0|loadSomeSettings|Loaded 1 sites
200110 195047.672|INFO|AWT-EventQueue-0|loadSomeSettings|Loaded Contest Information UIL practice or something
200110 195047.673|INFO|AWT-EventQueue-0|loadSomeSettings|Loaded 4 client_settings_list
200110 195047.673|INFO|AWT-EventQueue-0|loadSomeSettings|Loaded 0 groups
200110 195047.674|INFO|AWT-EventQueue-0|info|Loaded configuration from disk
200110 195047.708|WARNING|AWT-EventQueue-0|log|Unable to open fileprofiles\P62d231b8-4de3-4ad6-80ee-2c1e04418419/logs/evals.log
|java.io.FileNotFoundException: profiles\P62d231b8-4de3-4ad6-80ee-2c1e04418419/logs/evals.log (No such file or directory)
|    at java.io.FileOutputStream.open0 (FileOutputStream.java:-2)
|    at java.io.FileOutputStream.open (FileOutputStream.java:270)
|    at java.io.FileOutputStream.<init> (FileOutputStream.java:213)
|    at java.io.FileOutputStream.<init> (FileOutputStream.java:133)
|    at edu.csus.ecs.pc2.core.log.EvaluationLog.<init> (EvaluationLog.java:47)
|    at edu.csus.ecs.pc2.core.InternalController.initializeServer (InternalController.java:1039)
|    at edu.csus.ecs.pc2.core.InternalController.authenticateFirstServer (InternalController.java:1131)
|    at edu.csus.ecs.pc2.core.InternalController.login (InternalController.java:730)
|    at edu.csus.ecs.pc2.ui.LoginFrame.attemptToLogin (LoginFrame.java:377)
|    at edu.csus.ecs.pc2.ui.LoginFrame$3.keyPressed (LoginFrame.java:280)
|    at java.awt.AWTEventMulticaster.keyPressed (AWTEventMulticaster.java:250)
|    at java.awt.Component.processKeyEvent (Component.java:6497)
|    at javax.swing.JComponent.processKeyEvent (JComponent.java:2832)
|    at java.awt.Component.processEvent (Component.java:6316)
|    at java.awt.Container.processEvent (Container.java:2239)
|    at java.awt.Component.dispatchEventImpl (Component.java:4889)
|    at java.awt.Container.dispatchEventImpl (Container.java:2297)
|    at java.awt.Component.dispatchEvent (Component.java:4711)
|    at java.awt.KeyboardFocusManager.redispatchEvent (KeyboardFocusManager.java:1954)
|    at java.awt.DefaultKeyboardFocusManager.dispatchKeyEvent (DefaultKeyboardFocusManager.java:835)
|    at java.awt.DefaultKeyboardFocusManager.preDispatchKeyEvent (DefaultKeyboardFocusManager.java:1103)
|    at java.awt.DefaultKeyboardFocusManager.typeAheadAssertions (DefaultKeyboardFocusManager.java:974)
|    at java.awt.DefaultKeyboardFocusManager.dispatchEvent (DefaultKeyboardFocusManager.java:800)
|    at java.awt.Component.dispatchEventImpl (Component.java:4760)
|    at java.awt.Container.dispatchEventImpl (Container.java:2297)
|    at java.awt.Window.dispatchEventImpl (Window.java:2746)
|    at java.awt.Component.dispatchEvent (Component.java:4711)
|    at java.awt.EventQueue.dispatchEventImpl (EventQueue.java:760)
|    at java.awt.EventQueue.access$500 (EventQueue.java:97)
|    at java.awt.EventQueue$3.run (EventQueue.java:709)
|    at java.awt.EventQueue$3.run (EventQueue.java:703)
|    at java.security.AccessController.doPrivileged (AccessController.java:-2)
|    at java.security.ProtectionDomain$JavaSecurityAccessImpl.doIntersectionPrivilege (ProtectionDomain.java:74)
|    at java.security.ProtectionDomain$JavaSecurityAccessImpl.doIntersectionPrivilege (ProtectionDomain.java:84)
|    at java.awt.EventQueue$4.run (EventQueue.java:733)
|    at java.awt.EventQueue$4.run (EventQueue.java:731)
|    at java.security.AccessController.doPrivileged (AccessController.java:-2)
|    at java.security.ProtectionDomain$JavaSecurityAccessImpl.doIntersectionPrivilege (ProtectionDomain.java:74)
|    at java.awt.EventQueue.dispatchEvent (EventQueue.java:730)
|    at java.awt.EventDispatchThread.pumpOneEventForFilters (EventDispatchThread.java:205)
|    at java.awt.EventDispatchThread.pumpEventsForFilter (EventDispatchThread.java:116)
|    at java.awt.EventDispatchThread.pumpEventsForHierarchy (EventDispatchThread.java:105)
|    at java.awt.EventDispatchThread.pumpEvents (EventDispatchThread.java:101)
|    at java.awt.EventDispatchThread.pumpEvents (EventDispatchThread.java:93)
|    at java.awt.EventDispatchThread.run (EventDispatchThread.java:82)
200110 195047.712|WARNING|AWT-EventQueue-0|initializeServer|Exception creating evals.log 
|java.lang.NullPointerException: null
|    at edu.csus.ecs.pc2.core.InternalController.initializeServer (InternalController.java:1040)
|    at edu.csus.ecs.pc2.core.InternalController.authenticateFirstServer (InternalController.java:1131)
|    at edu.csus.ecs.pc2.core.InternalController.login (InternalController.java:730)
|    at edu.csus.ecs.pc2.ui.LoginFrame.attemptToLogin (LoginFrame.java:377)
|    at edu.csus.ecs.pc2.ui.LoginFrame$3.keyPressed (LoginFrame.java:280)
|    at java.awt.AWTEventMulticaster.keyPressed (AWTEventMulticaster.java:250)
|    at java.awt.Component.processKeyEvent (Component.java:6497)
|    at javax.swing.JComponent.processKeyEvent (JComponent.java:2832)
|    at java.awt.Component.processEvent (Component.java:6316)
|    at java.awt.Container.processEvent (Container.java:2239)
|    at java.awt.Component.dispatchEventImpl (Component.java:4889)
|    at java.awt.Container.dispatchEventImpl (Container.java:2297)
|    at java.awt.Component.dispatchEvent (Component.java:4711)
|    at java.awt.KeyboardFocusManager.redispatchEvent (KeyboardFocusManager.java:1954)
|    at java.awt.DefaultKeyboardFocusManager.dispatchKeyEvent (DefaultKeyboardFocusManager.java:835)
|    at java.awt.DefaultKeyboardFocusManager.preDispatchKeyEvent (DefaultKeyboardFocusManager.java:1103)
|    at java.awt.DefaultKeyboardFocusManager.typeAheadAssertions (DefaultKeyboardFocusManager.java:974)
|    at java.awt.DefaultKeyboardFocusManager.dispatchEvent (DefaultKeyboardFocusManager.java:800)
|    at java.awt.Component.dispatchEventImpl (Component.java:4760)
|    at java.awt.Container.dispatchEventImpl (Container.java:2297)
|    at java.awt.Window.dispatchEventImpl (Window.java:2746)
|    at java.awt.Component.dispatchEvent (Component.java:4711)
|    at java.awt.EventQueue.dispatchEventImpl (EventQueue.java:760)
|    at java.awt.EventQueue.access$500 (EventQueue.java:97)
|    at java.awt.EventQueue$3.run (EventQueue.java:709)
|    at java.awt.EventQueue$3.run (EventQueue.java:703)
|    at java.security.AccessController.doPrivileged (AccessController.java:-2)
|    at java.security.ProtectionDomain$JavaSecurityAccessImpl.doIntersectionPrivilege (ProtectionDomain.java:74)
|    at java.security.ProtectionDomain$JavaSecurityAccessImpl.doIntersectionPrivilege (ProtectionDomain.java:84)
|    at java.awt.EventQueue$4.run (EventQueue.java:733)
|    at java.awt.EventQueue$4.run (EventQueue.java:731)
|    at java.security.AccessController.doPrivileged (AccessController.java:-2)
|    at java.security.ProtectionDomain$JavaSecurityAccessImpl.doIntersectionPrivilege (ProtectionDomain.java:74)
|    at java.awt.EventQueue.dispatchEvent (EventQueue.java:730)
|    at java.awt.EventDispatchThread.pumpOneEventForFilters (EventDispatchThread.java:205)
|    at java.awt.EventDispatchThread.pumpEventsForFilter (EventDispatchThread.java:116)
|    at java.awt.EventDispatchThread.pumpEventsForHierarchy (EventDispatchThread.java:105)
|    at java.awt.EventDispatchThread.pumpEvents (EventDispatchThread.java:101)
|    at java.awt.EventDispatchThread.pumpEvents (EventDispatchThread.java:93)
|    at java.awt.EventDispatchThread.run (EventDispatchThread.java:82)
200110 195047.714|INFO|AWT-EventQueue-0|updateAutoStartInformation|Created AutoStarter...
200110 195047.715|INFO|AWT-EventQueue-0|updateAutoStartInformation|updated AutoStarter with date null (note: null means no scheduled start is set)
200110 195047.717|INFO|AWT-EventQueue-0|updateAutoStopClockThread|Started auto stop clock thread, remaining time is 2:00:00
200110 195047.717|INFO|AWT-EventQueue-0|accecptConnections|accecptConnections on port:50002
200110 195047.723|INFO|AWT-EventQueue-0|info|Started Server Transport listening on 50002
200110 195814.740|CONFIG|AWT-EventQueue-0|setFileHandlers|Now logging to /Users/hunterhan/Desktop/pc2-9.6.0-1-10-20/bin/profiles/P62d231b8-4de3-4ad6-80ee-2c1e04418419/logs directory.
200110 195814.741|INFO|AWT-EventQueue-0|info|
200110 195814.742|INFO|AWT-EventQueue-0|info|Version 9.6.0 20190102 (Wednesday, January 2nd 2019 01:20 UTC) Java ver 1.8.0_221 build 5102 Mac OS X 10.15.2 (x86_64) 
200110 195814.742|INFO|AWT-EventQueue-0|info|Login: site1 (aka server0)
200110 195814.742|INFO|AWT-EventQueue-0|startLog|Working directory is /Users/hunterhan/Desktop/pc2-9.6.0-1-10-20/bin
200110 195814.743|INFO|AWT-EventQueue-0|startLog|Process id is 24065@Hunters-MBP.T-mobile.com
200110 195814.744|DEBUG|AWT-EventQueue-0|login|Site Number is set as 1 (0 means unset)
200110 195814.744|INFO|AWT-EventQueue-0|info|initializeServer STARTED this site as Site 1
200110 195817.051|INFO|AWT-EventQueue-0|loadFromDisk|Loading site number 1
200110 195817.053|INFO|AWT-EventQueue-0|loadFromDisk|Loaded 1 languages
200110 195817.054|INFO|AWT-EventQueue-0|loadFromDisk|Loaded 12 problems
200110 195817.054|INFO|AWT-EventQueue-0|loadFromDisk|Loaded 1 contest_time_list
200110 195817.055|INFO|AWT-EventQueue-0|loadFromDisk|Loaded 50 accounts
200110 195817.056|INFO|AWT-EventQueue-0|loadFromDisk|Loaded 8 judgements
200110 195817.056|INFO|AWT-EventQueue-0|loadProblemDataFilesInfo|Loaded 1 of 12 problem_data_files
200110 195817.057|INFO|AWT-EventQueue-0|loadProblemDataFilesInfo|Loaded 2 of 12 problem_data_files
200110 195817.057|INFO|AWT-EventQueue-0|loadProblemDataFilesInfo|Loaded 3 of 12 problem_data_files
200110 195817.057|INFO|AWT-EventQueue-0|loadProblemDataFilesInfo|Loaded 4 of 12 problem_data_files
200110 195817.057|INFO|AWT-EventQueue-0|loadProblemDataFilesInfo|Loaded 5 of 12 problem_data_files
200110 195817.057|INFO|AWT-EventQueue-0|loadProblemDataFilesInfo|Loaded 6 of 12 problem_data_files
200110 195817.057|INFO|AWT-EventQueue-0|loadProblemDataFilesInfo|Loaded 7 of 12 problem_data_files
200110 195817.058|INFO|AWT-EventQueue-0|loadProblemDataFilesInfo|Loaded 8 of 12 problem_data_files
200110 195817.058|INFO|AWT-EventQueue-0|loadProblemDataFilesInfo|Loaded 9 of 12 problem_data_files
200110 195817.058|INFO|AWT-EventQueue-0|loadProblemDataFilesInfo|Loaded 10 of 12 problem_data_files
200110 195817.058|INFO|AWT-EventQueue-0|loadProblemDataFilesInfo|Loaded 11 of 12 problem_data_files
200110 195817.058|INFO|AWT-EventQueue-0|loadProblemDataFilesInfo|Loaded 12 of 12 problem_data_files
200110 195817.059|INFO|AWT-EventQueue-0|loadSomeSettings|Loaded 0 balloon_settings_list
200110 195817.059|INFO|AWT-EventQueue-0|loadSomeSettings|Loaded contest_time
200110 195817.059|INFO|AWT-EventQueue-0|loadSomeSettings|Loaded general_problem
200110 195817.060|INFO|AWT-EventQueue-0|loadSomeSettings|Loaded 2 profiles
200110 195817.062|INFO|AWT-EventQueue-0|loadSomeSettings|Loaded 1 categories
200110 195817.062|INFO|AWT-EventQueue-0|loadSomeSettings|Loaded profile
200110 195817.063|INFO|AWT-EventQueue-0|loadSomeSettings|Loaded 1 sites
200110 195817.064|INFO|AWT-EventQueue-0|loadSomeSettings|Loaded Contest Information UIL practice or something
200110 195817.065|INFO|AWT-EventQueue-0|loadSomeSettings|Loaded 4 client_settings_list
200110 195817.065|INFO|AWT-EventQueue-0|loadSomeSettings|Loaded 0 groups
200110 195817.065|INFO|AWT-EventQueue-0|info|Loaded configuration from disk
200110 195817.099|WARNING|AWT-EventQueue-0|log|Unable to open fileprofiles\P62d231b8-4de3-4ad6-80ee-2c1e04418419/logs/evals.log
|java.io.FileNotFoundException: profiles\P62d231b8-4de3-4ad6-80ee-2c1e04418419/logs/evals.log (No such file or directory)
|    at java.io.FileOutputStream.open0 (FileOutputStream.java:-2)
|    at java.io.FileOutputStream.open (FileOutputStream.java:270)
|    at java.io.FileOutputStream.<init> (FileOutputStream.java:213)
|    at java.io.FileOutputStream.<init> (FileOutputStream.java:133)
|    at edu.csus.ecs.pc2.core.log.EvaluationLog.<init> (EvaluationLog.java:47)
|    at edu.csus.ecs.pc2.core.InternalController.initializeServer (InternalController.java:1039)
|    at edu.csus.ecs.pc2.core.InternalController.authenticateFirstServer (InternalController.java:1131)
|    at edu.csus.ecs.pc2.core.InternalController.login (InternalController.java:730)
|    at edu.csus.ecs.pc2.ui.LoginFrame.attemptToLogin (LoginFrame.java:377)
|    at edu.csus.ecs.pc2.ui.LoginFrame$3.keyPressed (LoginFrame.java:280)
|    at java.awt.AWTEventMulticaster.keyPressed (AWTEventMulticaster.java:250)
|    at java.awt.Component.processKeyEvent (Component.java:6497)
|    at javax.swing.JComponent.processKeyEvent (JComponent.java:2832)
|    at java.awt.Component.processEvent (Component.java:6316)
|    at java.awt.Container.processEvent (Container.java:2239)
|    at java.awt.Component.dispatchEventImpl (Component.java:4889)
|    at java.awt.Container.dispatchEventImpl (Container.java:2297)
|    at java.awt.Component.dispatchEvent (Component.java:4711)
|    at java.awt.KeyboardFocusManager.redispatchEvent (KeyboardFocusManager.java:1954)
|    at java.awt.DefaultKeyboardFocusManager.dispatchKeyEvent (DefaultKeyboardFocusManager.java:835)
|    at java.awt.DefaultKeyboardFocusManager.preDispatchKeyEvent (DefaultKeyboardFocusManager.java:1103)
|    at java.awt.DefaultKeyboardFocusManager.typeAheadAssertions (DefaultKeyboardFocusManager.java:974)
|    at java.awt.DefaultKeyboardFocusManager.dispatchEvent (DefaultKeyboardFocusManager.java:800)
|    at java.awt.Component.dispatchEventImpl (Component.java:4760)
|    at java.awt.Container.dispatchEventImpl (Container.java:2297)
|    at java.awt.Window.dispatchEventImpl (Window.java:2746)
|    at java.awt.Component.dispatchEvent (Component.java:4711)
|    at java.awt.EventQueue.dispatchEventImpl (EventQueue.java:760)
|    at java.awt.EventQueue.access$500 (EventQueue.java:97)
|    at java.awt.EventQueue$3.run (EventQueue.java:709)
|    at java.awt.EventQueue$3.run (EventQueue.java:703)
|    at java.security.AccessController.doPrivileged (AccessController.java:-2)
|    at java.security.ProtectionDomain$JavaSecurityAccessImpl.doIntersectionPrivilege (ProtectionDomain.java:74)
|    at java.security.ProtectionDomain$JavaSecurityAccessImpl.doIntersectionPrivilege (ProtectionDomain.java:84)
|    at java.awt.EventQueue$4.run (EventQueue.java:733)
|    at java.awt.EventQueue$4.run (EventQueue.java:731)
|    at java.security.AccessController.doPrivileged (AccessController.java:-2)
|    at java.security.ProtectionDomain$JavaSecurityAccessImpl.doIntersectionPrivilege (ProtectionDomain.java:74)
|    at java.awt.EventQueue.dispatchEvent (EventQueue.java:730)
|    at java.awt.EventDispatchThread.pumpOneEventForFilters (EventDispatchThread.java:205)
|    at java.awt.EventDispatchThread.pumpEventsForFilter (EventDispatchThread.java:116)
|    at java.awt.EventDispatchThread.pumpEventsForHierarchy (EventDispatchThread.java:105)
|    at java.awt.EventDispatchThread.pumpEvents (EventDispatchThread.java:101)
|    at java.awt.EventDispatchThread.pumpEvents (EventDispatchThread.java:93)
|    at java.awt.EventDispatchThread.run (EventDispatchThread.java:82)
200110 195817.103|WARNING|AWT-EventQueue-0|initializeServer|Exception creating evals.log 
|java.lang.NullPointerException: null
|    at edu.csus.ecs.pc2.core.InternalController.initializeServer (InternalController.java:1040)
|    at edu.csus.ecs.pc2.core.InternalController.authenticateFirstServer (InternalController.java:1131)
|    at edu.csus.ecs.pc2.core.InternalController.login (InternalController.java:730)
|    at edu.csus.ecs.pc2.ui.LoginFrame.attemptToLogin (LoginFrame.java:377)
|    at edu.csus.ecs.pc2.ui.LoginFrame$3.keyPressed (LoginFrame.java:280)
|    at java.awt.AWTEventMulticaster.keyPressed (AWTEventMulticaster.java:250)
|    at java.awt.Component.processKeyEvent (Component.java:6497)
|    at javax.swing.JComponent.processKeyEvent (JComponent.java:2832)
|    at java.awt.Component.processEvent (Component.java:6316)
|    at java.awt.Container.processEvent (Container.java:2239)
|    at java.awt.Component.dispatchEventImpl (Component.java:4889)
|    at java.awt.Container.dispatchEventImpl (Container.java:2297)
|    at java.awt.Component.dispatchEvent (Component.java:4711)
|    at java.awt.KeyboardFocusManager.redispatchEvent (KeyboardFocusManager.java:1954)
|    at java.awt.DefaultKeyboardFocusManager.dispatchKeyEvent (DefaultKeyboardFocusManager.java:835)
|    at java.awt.DefaultKeyboardFocusManager.preDispatchKeyEvent (DefaultKeyboardFocusManager.java:1103)
|    at java.awt.DefaultKeyboardFocusManager.typeAheadAssertions (DefaultKeyboardFocusManager.java:974)
|    at java.awt.DefaultKeyboardFocusManager.dispatchEvent (DefaultKeyboardFocusManager.java:800)
|    at java.awt.Component.dispatchEventImpl (Component.java:4760)
|    at java.awt.Container.dispatchEventImpl (Container.java:2297)
|    at java.awt.Window.dispatchEventImpl (Window.java:2746)
|    at java.awt.Component.dispatchEvent (Component.java:4711)
|    at java.awt.EventQueue.dispatchEventImpl (EventQueue.java:760)
|    at java.awt.EventQueue.access$500 (EventQueue.java:97)
|    at java.awt.EventQueue$3.run (EventQueue.java:709)
|    at java.awt.EventQueue$3.run (EventQueue.java:703)
|    at java.security.AccessController.doPrivileged (AccessController.java:-2)
|    at java.security.ProtectionDomain$JavaSecurityAccessImpl.doIntersectionPrivilege (ProtectionDomain.java:74)
|    at java.security.ProtectionDomain$JavaSecurityAccessImpl.doIntersectionPrivilege (ProtectionDomain.java:84)
|    at java.awt.EventQueue$4.run (EventQueue.java:733)
|    at java.awt.EventQueue$4.run (EventQueue.java:731)
|    at java.security.AccessController.doPrivileged (AccessController.java:-2)
|    at java.security.ProtectionDomain$JavaSecurityAccessImpl.doIntersectionPrivilege (ProtectionDomain.java:74)
|    at java.awt.EventQueue.dispatchEvent (EventQueue.java:730)
|    at java.awt.EventDispatchThread.pumpOneEventForFilters (EventDispatchThread.java:205)
|    at java.awt.EventDispatchThread.pumpEventsForFilter (EventDispatchThread.java:116)
|    at java.awt.EventDispatchThread.pumpEventsForHierarchy (EventDispatchThread.java:105)
|    at java.awt.EventDispatchThread.pumpEvents (EventDispatchThread.java:101)
|    at java.awt.EventDispatchThread.pumpEvents (EventDispatchThread.java:93)
|    at java.awt.EventDispatchThread.run (EventDispatchThread.java:82)
200110 195817.105|INFO|AWT-EventQueue-0|updateAutoStartInformation|Created AutoStarter...
200110 195817.105|INFO|AWT-EventQueue-0|updateAutoStartInformation|updated AutoStarter with date null (note: null means no scheduled start is set)
200110 195817.107|INFO|AWT-EventQueue-0|updateAutoStopClockThread|Started auto stop clock thread, remaining time is 2:00:00
200110 195817.108|INFO|AWT-EventQueue-0|accecptConnections|accecptConnections on port:50002
200110 195817.114|INFO|AWT-EventQueue-0|info|Started Server Transport listening on 50002
200110 195950.850|CONFIG|main|setFileHandlers|Now logging to /Users/hunterhan/Desktop/pc2-9.6.0-1-10-20/bin/profiles/P62d231b8-4de3-4ad6-80ee-2c1e04418419/logs directory.
200110 195950.850|INFO|main|info|
200110 195950.851|INFO|main|info|Version 9.6.0 20190102 (Wednesday, January 2nd 2019 01:20 UTC) Java ver 1.8.0_221 build 5102 Mac OS X 10.15.2 (x86_64) 
200110 195950.852|INFO|main|info|Login: site1 (aka server0)
200110 195950.852|INFO|main|startLog|Working directory is /Users/hunterhan/Desktop/pc2-9.6.0-1-10-20/bin
200110 195950.852|INFO|main|startLog|Process id is 24203@Hunters-MBP.T-mobile.com
200110 195950.853|DEBUG|main|login|Site Number is set as 1 (0 means unset)
200110 195950.855|INFO|main|info|initializeServer STARTED this site as Site 1
200110 195951.233|INFO|main|loadFromDisk|Loading site number 1
200110 195951.236|INFO|main|loadFromDisk|Loaded 1 languages
200110 195951.237|INFO|main|loadFromDisk|Loaded 12 problems
200110 195951.239|INFO|main|loadFromDisk|Loaded 1 contest_time_list
200110 195951.241|INFO|main|loadFromDisk|Loaded 50 accounts
200110 195951.242|INFO|main|loadFromDisk|Loaded 8 judgements
200110 195951.243|INFO|main|loadProblemDataFilesInfo|Loaded 1 of 12 problem_data_files
200110 195951.243|INFO|main|loadProblemDataFilesInfo|Loaded 2 of 12 problem_data_files
200110 195951.244|INFO|main|loadProblemDataFilesInfo|Loaded 3 of 12 problem_data_files
200110 195951.244|INFO|main|loadProblemDataFilesInfo|Loaded 4 of 12 problem_data_files
200110 195951.244|INFO|main|loadProblemDataFilesInfo|Loaded 5 of 12 problem_data_files
200110 195951.245|INFO|main|loadProblemDataFilesInfo|Loaded 6 of 12 problem_data_files
200110 195951.245|INFO|main|loadProblemDataFilesInfo|Loaded 7 of 12 problem_data_files
200110 195951.246|INFO|main|loadProblemDataFilesInfo|Loaded 8 of 12 problem_data_files
200110 195951.246|INFO|main|loadProblemDataFilesInfo|Loaded 9 of 12 problem_data_files
200110 195951.246|INFO|main|loadProblemDataFilesInfo|Loaded 10 of 12 problem_data_files
200110 195951.246|INFO|main|loadProblemDataFilesInfo|Loaded 11 of 12 problem_data_files
200110 195951.247|INFO|main|loadProblemDataFilesInfo|Loaded 12 of 12 problem_data_files
200110 195951.247|INFO|main|loadSomeSettings|Loaded 0 balloon_settings_list
200110 195951.251|INFO|main|loadSomeSettings|Loaded contest_time
200110 195951.252|INFO|main|loadSomeSettings|Loaded general_problem
200110 195951.253|INFO|main|loadSomeSettings|Loaded 2 profiles
200110 195951.255|INFO|main|loadSomeSettings|Loaded 1 categories
200110 195951.255|INFO|main|loadSomeSettings|Loaded profile
200110 195951.257|INFO|main|loadSomeSettings|Loaded 1 sites
200110 195951.258|INFO|main|loadSomeSettings|Loaded Contest Information UIL practice or something
200110 195951.259|INFO|main|loadSomeSettings|Loaded 4 client_settings_list
200110 195951.260|INFO|main|loadSomeSettings|Loaded 0 groups
200110 195951.260|INFO|main|info|Loaded configuration from disk
200110 195951.327|WARNING|main|log|Unable to open fileprofiles\P62d231b8-4de3-4ad6-80ee-2c1e04418419/logs/evals.log
|java.io.FileNotFoundException: profiles\P62d231b8-4de3-4ad6-80ee-2c1e04418419/logs/evals.log (No such file or directory)
|    at java.io.FileOutputStream.open0 (FileOutputStream.java:-2)
|    at java.io.FileOutputStream.open (FileOutputStream.java:270)
|    at java.io.FileOutputStream.<init> (FileOutputStream.java:213)
|    at java.io.FileOutputStream.<init> (FileOutputStream.java:133)
|    at edu.csus.ecs.pc2.core.log.EvaluationLog.<init> (EvaluationLog.java:47)
|    at edu.csus.ecs.pc2.core.InternalController.initializeServer (InternalController.java:1039)
|    at edu.csus.ecs.pc2.core.InternalController.authenticateFirstServer (InternalController.java:1131)
|    at edu.csus.ecs.pc2.core.InternalController.login (InternalController.java:730)
|    at edu.csus.ecs.pc2.core.InternalController.start (InternalController.java:2892)
|    at edu.csus.ecs.pc2.Starter.main (Starter.java:49)
200110 195951.336|WARNING|main|initializeServer|Exception creating evals.log 
|java.lang.NullPointerException: null
|    at edu.csus.ecs.pc2.core.InternalController.initializeServer (InternalController.java:1040)
|    at edu.csus.ecs.pc2.core.InternalController.authenticateFirstServer (InternalController.java:1131)
|    at edu.csus.ecs.pc2.core.InternalController.login (InternalController.java:730)
|    at edu.csus.ecs.pc2.core.InternalController.start (InternalController.java:2892)
|    at edu.csus.ecs.pc2.Starter.main (Starter.java:49)
200110 195951.338|INFO|main|updateAutoStartInformation|Created AutoStarter...
200110 195951.338|INFO|main|updateAutoStartInformation|updated AutoStarter with date null (note: null means no scheduled start is set)
200110 195951.341|INFO|main|updateAutoStopClockThread|Started auto stop clock thread, remaining time is 2:00:00
200110 195951.341|INFO|main|accecptConnections|accecptConnections on port:50002
200110 195951.352|INFO|main|info|Started Server Transport listening on 50002
200110 200025.249|CONFIG|main|setFileHandlers|Now logging to /Users/hunterhan/Desktop/pc2-9.6.0-1-10-20/bin/profiles/P62d231b8-4de3-4ad6-80ee-2c1e04418419/logs directory.
200110 200025.249|INFO|main|info|
200110 200025.249|INFO|main|info|Version 9.6.0 20190102 (Wednesday, January 2nd 2019 01:20 UTC) Java ver 1.8.0_221 build 5102 Mac OS X 10.15.2 (x86_64) 
200110 200025.250|INFO|main|info|Login: site1 (aka server0)
200110 200025.250|INFO|main|startLog|Working directory is /Users/hunterhan/Desktop/pc2-9.6.0-1-10-20/bin
200110 200025.250|INFO|main|startLog|Process id is 24256@Hunters-MBP.T-mobile.com
200110 200025.250|DEBUG|main|login|Site Number is set as 1 (0 means unset)
200110 200025.251|INFO|main|info|initializeServer STARTED this site as Site 1
200110 200025.616|INFO|main|loadFromDisk|Loading site number 1
200110 200025.617|INFO|main|loadFromDisk|Loaded 1 languages
200110 200025.619|INFO|main|loadFromDisk|Loaded 12 problems
200110 200025.621|INFO|main|loadFromDisk|Loaded 1 contest_time_list
200110 200025.622|INFO|main|loadFromDisk|Loaded 50 accounts
200110 200025.624|INFO|main|loadFromDisk|Loaded 8 judgements
200110 200025.624|INFO|main|loadProblemDataFilesInfo|Loaded 1 of 12 problem_data_files
200110 200025.625|INFO|main|loadProblemDataFilesInfo|Loaded 2 of 12 problem_data_files
200110 200025.626|INFO|main|loadProblemDataFilesInfo|Loaded 3 of 12 problem_data_files
200110 200025.626|INFO|main|loadProblemDataFilesInfo|Loaded 4 of 12 problem_data_files
200110 200025.626|INFO|main|loadProblemDataFilesInfo|Loaded 5 of 12 problem_data_files
200110 200025.627|INFO|main|loadProblemDataFilesInfo|Loaded 6 of 12 problem_data_files
200110 200025.627|INFO|main|loadProblemDataFilesInfo|Loaded 7 of 12 problem_data_files
200110 200025.627|INFO|main|loadProblemDataFilesInfo|Loaded 8 of 12 problem_data_files
200110 200025.627|INFO|main|loadProblemDataFilesInfo|Loaded 9 of 12 problem_data_files
200110 200025.628|INFO|main|loadProblemDataFilesInfo|Loaded 10 of 12 problem_data_files
200110 200025.628|INFO|main|loadProblemDataFilesInfo|Loaded 11 of 12 problem_data_files
200110 200025.628|INFO|main|loadProblemDataFilesInfo|Loaded 12 of 12 problem_data_files
200110 200025.628|INFO|main|loadSomeSettings|Loaded 0 balloon_settings_list
200110 200025.629|INFO|main|loadSomeSettings|Loaded contest_time
200110 200025.629|INFO|main|loadSomeSettings|Loaded general_problem
200110 200025.632|INFO|main|loadSomeSettings|Loaded 2 profiles
200110 200025.633|INFO|main|loadSomeSettings|Loaded 1 categories
200110 200025.634|INFO|main|loadSomeSettings|Loaded profile
200110 200025.636|INFO|main|loadSomeSettings|Loaded 1 sites
200110 200025.637|INFO|main|loadSomeSettings|Loaded Contest Information UIL practice or something
200110 200025.638|INFO|main|loadSomeSettings|Loaded 4 client_settings_list
200110 200025.639|INFO|main|loadSomeSettings|Loaded 0 groups
200110 200025.639|INFO|main|info|Loaded configuration from disk
200110 200025.699|WARNING|main|log|Unable to open fileprofiles\P62d231b8-4de3-4ad6-80ee-2c1e04418419/logs/evals.log
|java.io.FileNotFoundException: profiles\P62d231b8-4de3-4ad6-80ee-2c1e04418419/logs/evals.log (No such file or directory)
|    at java.io.FileOutputStream.open0 (FileOutputStream.java:-2)
|    at java.io.FileOutputStream.open (FileOutputStream.java:270)
|    at java.io.FileOutputStream.<init> (FileOutputStream.java:213)
|    at java.io.FileOutputStream.<init> (FileOutputStream.java:133)
|    at edu.csus.ecs.pc2.core.log.EvaluationLog.<init> (EvaluationLog.java:47)
|    at edu.csus.ecs.pc2.core.InternalController.initializeServer (InternalController.java:1039)
|    at edu.csus.ecs.pc2.core.InternalController.authenticateFirstServer (InternalController.java:1131)
|    at edu.csus.ecs.pc2.core.InternalController.login (InternalController.java:730)
|    at edu.csus.ecs.pc2.core.InternalController.start (InternalController.java:2892)
|    at edu.csus.ecs.pc2.Starter.main (Starter.java:49)
200110 200025.704|WARNING|main|initializeServer|Exception creating evals.log 
|java.lang.NullPointerException: null
|    at edu.csus.ecs.pc2.core.InternalController.initializeServer (InternalController.java:1040)
|    at edu.csus.ecs.pc2.core.InternalController.authenticateFirstServer (InternalController.java:1131)
|    at edu.csus.ecs.pc2.core.InternalController.login (InternalController.java:730)
|    at edu.csus.ecs.pc2.core.InternalController.start (InternalController.java:2892)
|    at edu.csus.ecs.pc2.Starter.main (Starter.java:49)
200110 200025.706|INFO|main|updateAutoStartInformation|Created AutoStarter...
200110 200025.706|INFO|main|updateAutoStartInformation|updated AutoStarter with date null (note: null means no scheduled start is set)
200110 200025.710|INFO|main|updateAutoStopClockThread|Started auto stop clock thread, remaining time is 2:00:00
200110 200025.711|INFO|main|accecptConnections|accecptConnections on port:50002
200110 200025.721|INFO|main|info|Started Server Transport listening on 50002
200110 200108.002|INFO|Thread-2|<init>|new ConnectionhandlerServerThread on Socket Socket[addr=/127.0.0.1,port=59138,localport=50002]
200110 200108.007|INFO|Thread-3|registerIncomingConnectionRequest|registerIncomingConnectionRequest(myConnectionID, thread) 
200110 200108.018|INFO|Thread-3|getPublicKeyPacket|Generating Unencrypted Public Key Packet
200110 200108.019|INFO|Thread-3|getPublicKeyPacket|checking key:= SunJCE Diffie-Hellman Public Key:
y:
    05918d04 d63c0d76 0b451723 5be162c1 061cd00c da88e8e5 39ed7075 5a17aa7a
    7914f79a 01ed127b a51deb48 1898cccb a0992297 362fbb02 08461f7b a242ca09
    871a2f43 dc19b58e d0d5ad74 0a400b34 c255908e 8ce3ce01 ab036145 1c1e708c
    0bb17225 3c9970dd ffabb3e1 b49d50dd 87056923 05561bbf dc1f1e1f 44a9e029
p:
    f488fd58 4e49dbcd 20b49de4 9107366b 336c380d 451d0f7c 88b31c7c 5b2d8ef6
    f3c923c0 43f0a55b 188d8ebb 558cb85d 38d334fd 7c175743 a31d186c de33212c
    b52aff3c e1b12940 18118d7c 84a70a72 d686c403 19c80729 7aca950c d9969fab
    d00a509b 0246d308 3d66a45d 419f9c7c bd894b22 1926baab a25ec355 e92f78c7
g:
    02
l:
    512
200110 200108.020|INFO|Thread-3|getPublicKeyPacket|packet:= edu.csus.ecs.pc2.core.transport.TransportWrapper@48c72667
200110 200108.560|INFO|Thread-3|receiveUnencrypted|receiveUnencrypted(TransportWrapper, ConnectionHandlerID=Socket[addr=/127.0.0.1,port=59138,localport=50002]-4019964973416750047)
200110 200108.563|INFO|Thread-3|receiveUnencrypted|receiveUnencrypted Made a secret key for Socket[addr=/127.0.0.1,port=59138,localport=50002]-4019964973416750047 key is com.sun.crypto.provider.DESKey@181ac
200110 200116.563|INFO|Thread-3|receive|public void receive(SealedObject TransportPacket, ConnectionHandlerID connectionHandlerID)
200110 200116.572|INFO|Thread-5|run|send(Serializable, ConnectionHandlerID) to Socket[addr=/127.0.0.1,port=59138,localport=50002]-4019964973416750047
200110 200116.573|INFO|Thread-6|run|send(Serializable, ConnectionHandlerID) to Socket[addr=/127.0.0.1,port=59138,localport=50002]-4019964973416750047
200110 200130.779|INFO|Thread-3|receive|EOFException in receive for Socket[addr=/127.0.0.1,port=59138,localport=50002]-4019964973416750047
|java.io.EOFException: null
|    at java.io.ObjectInputStream$BlockDataInputStream.peekByte (ObjectInputStream.java:2960)
|    at java.io.ObjectInputStream.readObject0 (ObjectInputStream.java:1540)
|    at java.io.ObjectInputStream.readObject (ObjectInputStream.java:431)
|    at edu.csus.ecs.pc2.core.transport.ConnectionHandlerThread.receive (ConnectionHandlerThread.java:151)
|    at edu.csus.ecs.pc2.core.transport.ConnectionHandlerServerThread.run (ConnectionHandlerServerThread.java:68)
200110 200130.783|FINER|Thread-3|run - e.getmessage is null()|THROW
|edu.csus.ecs.pc2.core.transport.TransportException: null
|    at edu.csus.ecs.pc2.core.transport.ConnectionHandlerThread.receive (ConnectionHandlerThread.java:158)
|    at edu.csus.ecs.pc2.core.transport.ConnectionHandlerServerThread.run (ConnectionHandlerServerThread.java:68)
200110 200130.784|INFO|Thread-3|connectionDropped|connectionDropped(ConnectionHandlerID myConnectionID) 
200110 200150.873|CONFIG|AWT-EventQueue-0|setFileHandlers|Now logging to /Users/hunterhan/Desktop/pc2-9.6.0-1-10-20/bin/profiles/P62d231b8-4de3-4ad6-80ee-2c1e04418419/logs directory.
200110 200150.873|INFO|AWT-EventQueue-0|info|
200110 200150.874|INFO|AWT-EventQueue-0|info|Version 9.6.0 20190102 (Wednesday, January 2nd 2019 01:20 UTC) Java ver 1.8.0_221 build 5102 Mac OS X 10.15.2 (x86_64) 
200110 200150.874|INFO|AWT-EventQueue-0|info|Login: site1 (aka server0)
200110 200150.874|INFO|AWT-EventQueue-0|startLog|Working directory is /Users/hunterhan/Desktop/pc2-9.6.0-1-10-20/bin
200110 200150.878|INFO|AWT-EventQueue-0|startLog|Process id is 24374@Hunters-MBP.T-mobile.com
200110 200150.879|DEBUG|AWT-EventQueue-0|login|Site Number is set as 1 (0 means unset)
200110 200150.879|INFO|AWT-EventQueue-0|info|initializeServer STARTED this site as Site 1
200110 200152.671|INFO|AWT-EventQueue-0|verifyPassword|verify password - failed to decrypt object
|java.lang.Exception: Given final block not properly padded. Such issues can arise if a bad key is used during decryption.
|    at edu.csus.ecs.pc2.core.security.FileSecurity.decryptObject (FileSecurity.java:573)
|    at edu.csus.ecs.pc2.core.security.FileSecurity.verifyPassword (FileSecurity.java:191)
|    at edu.csus.ecs.pc2.ui.server.StartupContestDialog.confirmContestPassword (StartupContestDialog.java:416)
|    at edu.csus.ecs.pc2.ui.server.StartupContestDialog.attemptToLogin (StartupContestDialog.java:384)
|    at edu.csus.ecs.pc2.ui.server.StartupContestDialog$3.keyPressed (StartupContestDialog.java:449)
|    at java.awt.AWTEventMulticaster.keyPressed (AWTEventMulticaster.java:250)
|    at java.awt.Component.processKeyEvent (Component.java:6497)
|    at javax.swing.JComponent.processKeyEvent (JComponent.java:2832)
|    at java.awt.Component.processEvent (Component.java:6316)
|    at java.awt.Container.processEvent (Container.java:2239)
|    at java.awt.Component.dispatchEventImpl (Component.java:4889)
|    at java.awt.Container.dispatchEventImpl (Container.java:2297)
|    at java.awt.Component.dispatchEvent (Component.java:4711)
|    at java.awt.KeyboardFocusManager.redispatchEvent (KeyboardFocusManager.java:1954)
|    at java.awt.DefaultKeyboardFocusManager.dispatchKeyEvent (DefaultKeyboardFocusManager.java:835)
|    at java.awt.DefaultKeyboardFocusManager.preDispatchKeyEvent (DefaultKeyboardFocusManager.java:1103)
|    at java.awt.DefaultKeyboardFocusManager.typeAheadAssertions (DefaultKeyboardFocusManager.java:974)
|    at java.awt.DefaultKeyboardFocusManager.dispatchEvent (DefaultKeyboardFocusManager.java:800)
|    at java.awt.Component.dispatchEventImpl (Component.java:4760)
|    at java.awt.Container.dispatchEventImpl (Container.java:2297)
|    at java.awt.Window.dispatchEventImpl (Window.java:2746)
|    at java.awt.Component.dispatchEvent (Component.java:4711)
|    at java.awt.EventQueue.dispatchEventImpl (EventQueue.java:760)
|    at java.awt.EventQueue.access$500 (EventQueue.java:97)
|    at java.awt.EventQueue$3.run (EventQueue.java:709)
|    at java.awt.EventQueue$3.run (EventQueue.java:703)
|    at java.security.AccessController.doPrivileged (AccessController.java:-2)
|    at java.security.ProtectionDomain$JavaSecurityAccessImpl.doIntersectionPrivilege (ProtectionDomain.java:74)
|    at java.security.ProtectionDomain$JavaSecurityAccessImpl.doIntersectionPrivilege (ProtectionDomain.java:84)
|    at java.awt.EventQueue$4.run (EventQueue.java:733)
|    at java.awt.EventQueue$4.run (EventQueue.java:731)
|    at java.security.AccessController.doPrivileged (AccessController.java:-2)
|    at java.security.ProtectionDomain$JavaSecurityAccessImpl.doIntersectionPrivilege (ProtectionDomain.java:74)
|    at java.awt.EventQueue.dispatchEvent (EventQueue.java:730)
|    at java.awt.EventDispatchThread.pumpOneEventForFilters (EventDispatchThread.java:205)
|    at java.awt.EventDispatchThread.pumpEventsForFilter (EventDispatchThread.java:116)
|    at java.awt.EventDispatchThread.pumpEventsForFilter (EventDispatchThread.java:109)
|    at java.awt.WaitDispatchSupport$2.run (WaitDispatchSupport.java:190)
|    at java.awt.WaitDispatchSupport$4.run (WaitDispatchSupport.java:235)
|    at java.awt.WaitDispatchSupport$4.run (WaitDispatchSupport.java:233)
|    at java.security.AccessController.doPrivileged (AccessController.java:-2)
|    at java.awt.WaitDispatchSupport.enter (WaitDispatchSupport.java:233)
|    at java.awt.Dialog.show (Dialog.java:1084)
|    at java.awt.Component.show (Component.java:1671)
|    at java.awt.Component.setVisible (Component.java:1623)
|    at java.awt.Window.setVisible (Window.java:1014)
|    at java.awt.Dialog.setVisible (Dialog.java:1005)
|    at edu.csus.ecs.pc2.core.InternalController.initializeServer (InternalController.java:934)
|    at edu.csus.ecs.pc2.core.InternalController.authenticateFirstServer (InternalController.java:1131)
|    at edu.csus.ecs.pc2.core.InternalController.login (InternalController.java:730)
|    at edu.csus.ecs.pc2.ui.LoginFrame.attemptToLogin (LoginFrame.java:377)
|    at edu.csus.ecs.pc2.ui.LoginFrame$3.keyPressed (LoginFrame.java:280)
|    at java.awt.AWTEventMulticaster.keyPressed (AWTEventMulticaster.java:250)
|    at java.awt.Component.processKeyEvent (Component.java:6497)
|    at javax.swing.JComponent.processKeyEvent (JComponent.java:2832)
|    at java.awt.Component.processEvent (Component.java:6316)
|    at java.awt.Container.processEvent (Container.java:2239)
|    at java.awt.Component.dispatchEventImpl (Component.java:4889)
|    at java.awt.Container.dispatchEventImpl (Container.java:2297)
|    at java.awt.Component.dispatchEvent (Component.java:4711)
|    at java.awt.KeyboardFocusManager.redispatchEvent (KeyboardFocusManager.java:1954)
|    at java.awt.DefaultKeyboardFocusManager.dispatchKeyEvent (DefaultKeyboardFocusManager.java:835)
|    at java.awt.DefaultKeyboardFocusManager.preDispatchKeyEvent (DefaultKeyboardFocusManager.java:1103)
|    at java.awt.DefaultKeyboardFocusManager.typeAheadAssertions (DefaultKeyboardFocusManager.java:974)
|    at java.awt.DefaultKeyboardFocusManager.dispatchEvent (DefaultKeyboardFocusManager.java:800)
|    at java.awt.Component.dispatchEventImpl (Component.java:4760)
|    at java.awt.Container.dispatchEventImpl (Container.java:2297)
|    at java.awt.Window.dispatchEventImpl (Window.java:2746)
|    at java.awt.Component.dispatchEvent (Component.java:4711)
|    at java.awt.EventQueue.dispatchEventImpl (EventQueue.java:760)
|    at java.awt.EventQueue.access$500 (EventQueue.java:97)
|    at java.awt.EventQueue$3.run (EventQueue.java:709)
|    at java.awt.EventQueue$3.run (EventQueue.java:703)
|    at java.security.AccessController.doPrivileged (AccessController.java:-2)
|    at java.security.ProtectionDomain$JavaSecurityAccessImpl.doIntersectionPrivilege (ProtectionDomain.java:74)
|    at java.security.ProtectionDomain$JavaSecurityAccessImpl.doIntersectionPrivilege (ProtectionDomain.java:84)
|    at java.awt.EventQueue$4.run (EventQueue.java:733)
|    at java.awt.EventQueue$4.run (EventQueue.java:731)
|    at java.security.AccessController.doPrivileged (AccessController.java:-2)
|    at java.security.ProtectionDomain$JavaSecurityAccessImpl.doIntersectionPrivilege (ProtectionDomain.java:74)
|    at java.awt.EventQueue.dispatchEvent (EventQueue.java:730)
|    at java.awt.EventDispatchThread.pumpOneEventForFilters (EventDispatchThread.java:205)
|    at java.awt.EventDispatchThread.pumpEventsForFilter (EventDispatchThread.java:116)
|    at java.awt.EventDispatchThread.pumpEventsForHierarchy (EventDispatchThread.java:105)
|    at java.awt.EventDispatchThread.pumpEvents (EventDispatchThread.java:101)
|    at java.awt.EventDispatchThread.pumpEvents (EventDispatchThread.java:93)
|    at java.awt.EventDispatchThread.run (EventDispatchThread.java:82)
200110 200156.271|INFO|AWT-EventQueue-0|loadFromDisk|Loading site number 1
200110 200156.272|INFO|AWT-EventQueue-0|loadFromDisk|Loaded 1 languages
200110 200156.273|INFO|AWT-EventQueue-0|loadFromDisk|Loaded 12 problems
200110 200156.274|INFO|AWT-EventQueue-0|loadFromDisk|Loaded 1 contest_time_list
200110 200156.275|INFO|AWT-EventQueue-0|loadFromDisk|Loaded 50 accounts
200110 200156.276|INFO|AWT-EventQueue-0|loadFromDisk|Loaded 8 judgements
200110 200156.277|INFO|AWT-EventQueue-0|loadProblemDataFilesInfo|Loaded 1 of 12 problem_data_files
200110 200156.277|INFO|AWT-EventQueue-0|loadProblemDataFilesInfo|Loaded 2 of 12 problem_data_files
200110 200156.277|INFO|AWT-EventQueue-0|loadProblemDataFilesInfo|Loaded 3 of 12 problem_data_files
200110 200156.278|INFO|AWT-EventQueue-0|loadProblemDataFilesInfo|Loaded 4 of 12 problem_data_files
200110 200156.278|INFO|AWT-EventQueue-0|loadProblemDataFilesInfo|Loaded 5 of 12 problem_data_files
200110 200156.278|INFO|AWT-EventQueue-0|loadProblemDataFilesInfo|Loaded 6 of 12 problem_data_files
200110 200156.278|INFO|AWT-EventQueue-0|loadProblemDataFilesInfo|Loaded 7 of 12 problem_data_files
200110 200156.279|INFO|AWT-EventQueue-0|loadProblemDataFilesInfo|Loaded 8 of 12 problem_data_files
200110 200156.279|INFO|AWT-EventQueue-0|loadProblemDataFilesInfo|Loaded 9 of 12 problem_data_files
200110 200156.279|INFO|AWT-EventQueue-0|loadProblemDataFilesInfo|Loaded 10 of 12 problem_data_files
200110 200156.279|INFO|AWT-EventQueue-0|loadProblemDataFilesInfo|Loaded 11 of 12 problem_data_files
200110 200156.279|INFO|AWT-EventQueue-0|loadProblemDataFilesInfo|Loaded 12 of 12 problem_data_files
200110 200156.280|INFO|AWT-EventQueue-0|loadSomeSettings|Loaded 0 balloon_settings_list
200110 200156.280|INFO|AWT-EventQueue-0|loadSomeSettings|Loaded contest_time
200110 200156.280|INFO|AWT-EventQueue-0|loadSomeSettings|Loaded general_problem
200110 200156.281|INFO|AWT-EventQueue-0|loadSomeSettings|Loaded 2 profiles
200110 200156.282|INFO|AWT-EventQueue-0|loadSomeSettings|Loaded 1 categories
200110 200156.282|INFO|AWT-EventQueue-0|loadSomeSettings|Loaded profile
200110 200156.284|INFO|AWT-EventQueue-0|loadSomeSettings|Loaded 1 sites
200110 200156.284|INFO|AWT-EventQueue-0|loadSomeSettings|Loaded Contest Information UIL practice or something
200110 200156.285|INFO|AWT-EventQueue-0|loadSomeSettings|Loaded 4 client_settings_list
200110 200156.285|INFO|AWT-EventQueue-0|loadSomeSettings|Loaded 0 groups
200110 200156.286|INFO|AWT-EventQueue-0|info|Loaded configuration from disk
200110 200156.319|WARNING|AWT-EventQueue-0|log|Unable to open fileprofiles\P62d231b8-4de3-4ad6-80ee-2c1e04418419/logs/evals.log
|java.io.FileNotFoundException: profiles\P62d231b8-4de3-4ad6-80ee-2c1e04418419/logs/evals.log (No such file or directory)
|    at java.io.FileOutputStream.open0 (FileOutputStream.java:-2)
|    at java.io.FileOutputStream.open (FileOutputStream.java:270)
|    at java.io.FileOutputStream.<init> (FileOutputStream.java:213)
|    at java.io.FileOutputStream.<init> (FileOutputStream.java:133)
|    at edu.csus.ecs.pc2.core.log.EvaluationLog.<init> (EvaluationLog.java:47)
|    at edu.csus.ecs.pc2.core.InternalController.initializeServer (InternalController.java:1039)
|    at edu.csus.ecs.pc2.core.InternalController.authenticateFirstServer (InternalController.java:1131)
|    at edu.csus.ecs.pc2.core.InternalController.login (InternalController.java:730)
|    at edu.csus.ecs.pc2.ui.LoginFrame.attemptToLogin (LoginFrame.java:377)
|    at edu.csus.ecs.pc2.ui.LoginFrame$3.keyPressed (LoginFrame.java:280)
|    at java.awt.AWTEventMulticaster.keyPressed (AWTEventMulticaster.java:250)
|    at java.awt.Component.processKeyEvent (Component.java:6497)
|    at javax.swing.JComponent.processKeyEvent (JComponent.java:2832)
|    at java.awt.Component.processEvent (Component.java:6316)
|    at java.awt.Container.processEvent (Container.java:2239)
|    at java.awt.Component.dispatchEventImpl (Component.java:4889)
|    at java.awt.Container.dispatchEventImpl (Container.java:2297)
|    at java.awt.Component.dispatchEvent (Component.java:4711)
|    at java.awt.KeyboardFocusManager.redispatchEvent (KeyboardFocusManager.java:1954)
|    at java.awt.DefaultKeyboardFocusManager.dispatchKeyEvent (DefaultKeyboardFocusManager.java:835)
|    at java.awt.DefaultKeyboardFocusManager.preDispatchKeyEvent (DefaultKeyboardFocusManager.java:1103)
|    at java.awt.DefaultKeyboardFocusManager.typeAheadAssertions (DefaultKeyboardFocusManager.java:974)
|    at java.awt.DefaultKeyboardFocusManager.dispatchEvent (DefaultKeyboardFocusManager.java:800)
|    at java.awt.Component.dispatchEventImpl (Component.java:4760)
|    at java.awt.Container.dispatchEventImpl (Container.java:2297)
|    at java.awt.Window.dispatchEventImpl (Window.java:2746)
|    at java.awt.Component.dispatchEvent (Component.java:4711)
|    at java.awt.EventQueue.dispatchEventImpl (EventQueue.java:760)
|    at java.awt.EventQueue.access$500 (EventQueue.java:97)
|    at java.awt.EventQueue$3.run (EventQueue.java:709)
|    at java.awt.EventQueue$3.run (EventQueue.java:703)
|    at java.security.AccessController.doPrivileged (AccessController.java:-2)
|    at java.security.ProtectionDomain$JavaSecurityAccessImpl.doIntersectionPrivilege (ProtectionDomain.java:74)
|    at java.security.ProtectionDomain$JavaSecurityAccessImpl.doIntersectionPrivilege (ProtectionDomain.java:84)
|    at java.awt.EventQueue$4.run (EventQueue.java:733)
|    at java.awt.EventQueue$4.run (EventQueue.java:731)
|    at java.security.AccessController.doPrivileged (AccessController.java:-2)
|    at java.security.ProtectionDomain$JavaSecurityAccessImpl.doIntersectionPrivilege (ProtectionDomain.java:74)
|    at java.awt.EventQueue.dispatchEvent (EventQueue.java:730)
|    at java.awt.EventDispatchThread.pumpOneEventForFilters (EventDispatchThread.java:205)
|    at java.awt.EventDispatchThread.pumpEventsForFilter (EventDispatchThread.java:116)
|    at java.awt.EventDispatchThread.pumpEventsForHierarchy (EventDispatchThread.java:105)
|    at java.awt.EventDispatchThread.pumpEvents (EventDispatchThread.java:101)
|    at java.awt.EventDispatchThread.pumpEvents (EventDispatchThread.java:93)
|    at java.awt.EventDispatchThread.run (EventDispatchThread.java:82)
200110 200156.324|WARNING|AWT-EventQueue-0|initializeServer|Exception creating evals.log 
|java.lang.NullPointerException: null
|    at edu.csus.ecs.pc2.core.InternalController.initializeServer (InternalController.java:1040)
|    at edu.csus.ecs.pc2.core.InternalController.authenticateFirstServer (InternalController.java:1131)
|    at edu.csus.ecs.pc2.core.InternalController.login (InternalController.java:730)
|    at edu.csus.ecs.pc2.ui.LoginFrame.attemptToLogin (LoginFrame.java:377)
|    at edu.csus.ecs.pc2.ui.LoginFrame$3.keyPressed (LoginFrame.java:280)
|    at java.awt.AWTEventMulticaster.keyPressed (AWTEventMulticaster.java:250)
|    at java.awt.Component.processKeyEvent (Component.java:6497)
|    at javax.swing.JComponent.processKeyEvent (JComponent.java:2832)
|    at java.awt.Component.processEvent (Component.java:6316)
|    at java.awt.Container.processEvent (Container.java:2239)
|    at java.awt.Component.dispatchEventImpl (Component.java:4889)
|    at java.awt.Container.dispatchEventImpl (Container.java:2297)
|    at java.awt.Component.dispatchEvent (Component.java:4711)
|    at java.awt.KeyboardFocusManager.redispatchEvent (KeyboardFocusManager.java:1954)
|    at java.awt.DefaultKeyboardFocusManager.dispatchKeyEvent (DefaultKeyboardFocusManager.java:835)
|    at java.awt.DefaultKeyboardFocusManager.preDispatchKeyEvent (DefaultKeyboardFocusManager.java:1103)
|    at java.awt.DefaultKeyboardFocusManager.typeAheadAssertions (DefaultKeyboardFocusManager.java:974)
|    at java.awt.DefaultKeyboardFocusManager.dispatchEvent (DefaultKeyboardFocusManager.java:800)
|    at java.awt.Component.dispatchEventImpl (Component.java:4760)
|    at java.awt.Container.dispatchEventImpl (Container.java:2297)
|    at java.awt.Window.dispatchEventImpl (Window.java:2746)
|    at java.awt.Component.dispatchEvent (Component.java:4711)
|    at java.awt.EventQueue.dispatchEventImpl (EventQueue.java:760)
|    at java.awt.EventQueue.access$500 (EventQueue.java:97)
|    at java.awt.EventQueue$3.run (EventQueue.java:709)
|    at java.awt.EventQueue$3.run (EventQueue.java:703)
|    at java.security.AccessController.doPrivileged (AccessController.java:-2)
|    at java.security.ProtectionDomain$JavaSecurityAccessImpl.doIntersectionPrivilege (ProtectionDomain.java:74)
|    at java.security.ProtectionDomain$JavaSecurityAccessImpl.doIntersectionPrivilege (ProtectionDomain.java:84)
|    at java.awt.EventQueue$4.run (EventQueue.java:733)
|    at java.awt.EventQueue$4.run (EventQueue.java:731)
|    at java.security.AccessController.doPrivileged (AccessController.java:-2)
|    at java.security.ProtectionDomain$JavaSecurityAccessImpl.doIntersectionPrivilege (ProtectionDomain.java:74)
|    at java.awt.EventQueue.dispatchEvent (EventQueue.java:730)
|    at java.awt.EventDispatchThread.pumpOneEventForFilters (EventDispatchThread.java:205)
|    at java.awt.EventDispatchThread.pumpEventsForFilter (EventDispatchThread.java:116)
|    at java.awt.EventDispatchThread.pumpEventsForHierarchy (EventDispatchThread.java:105)
|    at java.awt.EventDispatchThread.pumpEvents (EventDispatchThread.java:101)
|    at java.awt.EventDispatchThread.pumpEvents (EventDispatchThread.java:93)
|    at java.awt.EventDispatchThread.run (EventDispatchThread.java:82)
200110 200156.326|INFO|AWT-EventQueue-0|updateAutoStartInformation|Created AutoStarter...
200110 200156.326|INFO|AWT-EventQueue-0|updateAutoStartInformation|updated AutoStarter with date null (note: null means no scheduled start is set)
200110 200156.329|INFO|AWT-EventQueue-0|updateAutoStopClockThread|Started auto stop clock thread, remaining time is 2:00:00
200110 200156.329|INFO|AWT-EventQueue-0|accecptConnections|accecptConnections on port:50002
200110 200156.336|INFO|AWT-EventQueue-0|info|Started Server Transport listening on 50002
200110 200656.766|CONFIG|AWT-EventQueue-0|setFileHandlers|Now logging to /Users/hunterhan/Desktop/pc2-9.6.0-1-10-20/bin/profiles/P62d231b8-4de3-4ad6-80ee-2c1e04418419/logs directory.
200110 200656.768|INFO|AWT-EventQueue-0|info|
200110 200656.768|INFO|AWT-EventQueue-0|info|Version 9.6.0 20190102 (Wednesday, January 2nd 2019 01:20 UTC) Java ver 1.8.0_221 build 5102 Mac OS X 10.15.2 (x86_64) 
200110 200656.769|INFO|AWT-EventQueue-0|info|Login: site1 (aka server0)
200110 200656.769|INFO|AWT-EventQueue-0|startLog|Working directory is /Users/hunterhan/Desktop/pc2-9.6.0-1-10-20/bin
200110 200656.770|INFO|AWT-EventQueue-0|startLog|Process id is 24798@Hunters-MBP.T-mobile.com
200110 200656.771|DEBUG|AWT-EventQueue-0|login|Site Number is set as 1 (0 means unset)
200110 200656.772|INFO|AWT-EventQueue-0|info|initializeServer STARTED this site as Site 1
200110 200659.944|INFO|AWT-EventQueue-0|loadFromDisk|Loading site number 1
200110 200659.945|INFO|AWT-EventQueue-0|loadFromDisk|Loaded 1 languages
200110 200659.946|INFO|AWT-EventQueue-0|loadFromDisk|Loaded 12 problems
200110 200659.947|INFO|AWT-EventQueue-0|loadFromDisk|Loaded 1 contest_time_list
200110 200659.948|INFO|AWT-EventQueue-0|loadFromDisk|Loaded 50 accounts
200110 200659.949|INFO|AWT-EventQueue-0|loadFromDisk|Loaded 8 judgements
200110 200659.950|INFO|AWT-EventQueue-0|loadProblemDataFilesInfo|Loaded 1 of 12 problem_data_files
200110 200659.950|INFO|AWT-EventQueue-0|loadProblemDataFilesInfo|Loaded 2 of 12 problem_data_files
200110 200659.950|INFO|AWT-EventQueue-0|loadProblemDataFilesInfo|Loaded 3 of 12 problem_data_files
200110 200659.950|INFO|AWT-EventQueue-0|loadProblemDataFilesInfo|Loaded 4 of 12 problem_data_files
200110 200659.951|INFO|AWT-EventQueue-0|loadProblemDataFilesInfo|Loaded 5 of 12 problem_data_files
200110 200659.951|INFO|AWT-EventQueue-0|loadProblemDataFilesInfo|Loaded 6 of 12 problem_data_files
200110 200659.951|INFO|AWT-EventQueue-0|loadProblemDataFilesInfo|Loaded 7 of 12 problem_data_files
200110 200659.951|INFO|AWT-EventQueue-0|loadProblemDataFilesInfo|Loaded 8 of 12 problem_data_files
200110 200659.952|INFO|AWT-EventQueue-0|loadProblemDataFilesInfo|Loaded 9 of 12 problem_data_files
200110 200659.952|INFO|AWT-EventQueue-0|loadProblemDataFilesInfo|Loaded 10 of 12 problem_data_files
200110 200659.952|INFO|AWT-EventQueue-0|loadProblemDataFilesInfo|Loaded 11 of 12 problem_data_files
200110 200659.952|INFO|AWT-EventQueue-0|loadProblemDataFilesInfo|Loaded 12 of 12 problem_data_files
200110 200659.953|INFO|AWT-EventQueue-0|loadSomeSettings|Loaded 0 balloon_settings_list
200110 200659.953|INFO|AWT-EventQueue-0|loadSomeSettings|Loaded contest_time
200110 200659.953|INFO|AWT-EventQueue-0|loadSomeSettings|Loaded general_problem
200110 200659.954|INFO|AWT-EventQueue-0|loadSomeSettings|Loaded 2 profiles
200110 200659.955|INFO|AWT-EventQueue-0|loadSomeSettings|Loaded 1 categories
200110 200659.955|INFO|AWT-EventQueue-0|loadSomeSettings|Loaded profile
200110 200659.957|INFO|AWT-EventQueue-0|loadSomeSettings|Loaded 1 sites
200110 200659.957|INFO|AWT-EventQueue-0|loadSomeSettings|Loaded Contest Information UIL practice or something
200110 200659.958|INFO|AWT-EventQueue-0|loadSomeSettings|Loaded 4 client_settings_list
200110 200659.959|INFO|AWT-EventQueue-0|loadSomeSettings|Loaded 0 groups
200110 200659.959|INFO|AWT-EventQueue-0|info|Loaded configuration from disk
200110 200659.998|INFO|AWT-EventQueue-0|info|evals.log is opened at profiles\P62d231b8-4de3-4ad6-80ee-2c1e04418419/logs
200110 200659.999|INFO|AWT-EventQueue-0|updateAutoStartInformation|Created AutoStarter...
200110 200659.999|INFO|AWT-EventQueue-0|updateAutoStartInformation|updated AutoStarter with date null (note: null means no scheduled start is set)
200110 200700.003|INFO|AWT-EventQueue-0|updateAutoStopClockThread|Started auto stop clock thread, remaining time is 2:00:00
200110 200700.004|INFO|AWT-EventQueue-0|accecptConnections|accecptConnections on port:50002
200110 200700.013|INFO|AWT-EventQueue-0|info|Started Server Transport listening on 50002
200110 203639.223|CONFIG|AWT-EventQueue-0|setFileHandlers|Now logging to /Users/hunterhan/Desktop/pc2-9.6.0-1-10-20/bin/profiles/P62d231b8-4de3-4ad6-80ee-2c1e04418419/logs directory.
200110 203639.224|INFO|AWT-EventQueue-0|info|
200110 203639.224|INFO|AWT-EventQueue-0|info|Version 9.6.0 20190102 (Wednesday, January 2nd 2019 01:20 UTC) Java ver 1.8.0_221 build 5102 Mac OS X 10.15.2 (x86_64) 
200110 203639.224|INFO|AWT-EventQueue-0|info|Login: site1 (aka server0)
200110 203639.224|INFO|AWT-EventQueue-0|startLog|Working directory is /Users/hunterhan/Desktop/pc2-9.6.0-1-10-20/bin
200110 203639.225|INFO|AWT-EventQueue-0|startLog|Process id is 26117@Hunters-MBP.T-mobile.com
200110 203639.225|DEBUG|AWT-EventQueue-0|login|Site Number is set as 1 (0 means unset)
200110 203639.225|INFO|AWT-EventQueue-0|info|initializeServer STARTED this site as Site 1
200110 203642.084|INFO|AWT-EventQueue-0|loadFromDisk|Loading site number 1
200110 203642.084|INFO|AWT-EventQueue-0|loadFromDisk|Loaded 1 languages
200110 203642.085|INFO|AWT-EventQueue-0|loadFromDisk|Loaded 12 problems
200110 203642.086|INFO|AWT-EventQueue-0|loadFromDisk|Loaded 1 contest_time_list
200110 203642.087|INFO|AWT-EventQueue-0|loadFromDisk|Loaded 50 accounts
200110 203642.088|INFO|AWT-EventQueue-0|loadFromDisk|Loaded 8 judgements
200110 203642.088|INFO|AWT-EventQueue-0|loadProblemDataFilesInfo|Loaded 1 of 12 problem_data_files
200110 203642.089|INFO|AWT-EventQueue-0|loadProblemDataFilesInfo|Loaded 2 of 12 problem_data_files
200110 203642.089|INFO|AWT-EventQueue-0|loadProblemDataFilesInfo|Loaded 3 of 12 problem_data_files
200110 203642.089|INFO|AWT-EventQueue-0|loadProblemDataFilesInfo|Loaded 4 of 12 problem_data_files
200110 203642.089|INFO|AWT-EventQueue-0|loadProblemDataFilesInfo|Loaded 5 of 12 problem_data_files
200110 203642.089|INFO|AWT-EventQueue-0|loadProblemDataFilesInfo|Loaded 6 of 12 problem_data_files
200110 203642.089|INFO|AWT-EventQueue-0|loadProblemDataFilesInfo|Loaded 7 of 12 problem_data_files
200110 203642.089|INFO|AWT-EventQueue-0|loadProblemDataFilesInfo|Loaded 8 of 12 problem_data_files
200110 203642.090|INFO|AWT-EventQueue-0|loadProblemDataFilesInfo|Loaded 9 of 12 problem_data_files
200110 203642.090|INFO|AWT-EventQueue-0|loadProblemDataFilesInfo|Loaded 10 of 12 problem_data_files
200110 203642.090|INFO|AWT-EventQueue-0|loadProblemDataFilesInfo|Loaded 11 of 12 problem_data_files
200110 203642.090|INFO|AWT-EventQueue-0|loadProblemDataFilesInfo|Loaded 12 of 12 problem_data_files
200110 203642.090|INFO|AWT-EventQueue-0|loadSomeSettings|Loaded 0 balloon_settings_list
200110 203642.090|INFO|AWT-EventQueue-0|loadSomeSettings|Loaded contest_time
200110 203642.090|INFO|AWT-EventQueue-0|loadSomeSettings|Loaded general_problem
200110 203642.091|INFO|AWT-EventQueue-0|loadSomeSettings|Loaded 2 profiles
200110 203642.092|INFO|AWT-EventQueue-0|loadSomeSettings|Loaded 1 categories
200110 203642.092|INFO|AWT-EventQueue-0|loadSomeSettings|Loaded profile
200110 203642.093|INFO|AWT-EventQueue-0|loadSomeSettings|Loaded 1 sites
200110 203642.094|INFO|AWT-EventQueue-0|loadSomeSettings|Loaded Contest Information UIL practice or something
200110 203642.095|INFO|AWT-EventQueue-0|loadSomeSettings|Loaded 4 client_settings_list
200110 203642.095|INFO|AWT-EventQueue-0|loadSomeSettings|Loaded 0 groups
200110 203642.096|INFO|AWT-EventQueue-0|info|Loaded configuration from disk
200110 203642.134|INFO|AWT-EventQueue-0|info|evals.log is opened at profiles\P62d231b8-4de3-4ad6-80ee-2c1e04418419/logs
200110 203642.135|INFO|AWT-EventQueue-0|updateAutoStartInformation|Created AutoStarter...
200110 203642.135|INFO|AWT-EventQueue-0|updateAutoStartInformation|updated AutoStarter with date null (note: null means no scheduled start is set)
200110 203642.137|INFO|AWT-EventQueue-0|updateAutoStopClockThread|Started auto stop clock thread, remaining time is 2:00:00
200110 203642.138|INFO|AWT-EventQueue-0|accecptConnections|accecptConnections on port:50002
200110 203642.145|INFO|AWT-EventQueue-0|info|Started Server Transport listening on 50002
200117 144418.411|CONFIG|AWT-EventQueue-0|setFileHandlers|Now logging to /Users/hunterhan/Desktop/pc2-9.6.0-1-10-20/bin/profiles/P62d231b8-4de3-4ad6-80ee-2c1e04418419/logs directory.
200117 144418.412|INFO|AWT-EventQueue-0|info|
200117 144418.412|INFO|AWT-EventQueue-0|info|Version 9.6.0 20190102 (Wednesday, January 2nd 2019 01:20 UTC) Java ver 1.8.0_221 build 5102 Mac OS X 10.15.2 (x86_64) 
200117 144418.412|INFO|AWT-EventQueue-0|info|Login: site1 (aka server0)
200117 144418.413|INFO|AWT-EventQueue-0|startLog|Working directory is /Users/hunterhan/Desktop/pc2-9.6.0-1-10-20/bin
200117 144418.416|INFO|AWT-EventQueue-0|startLog|Process id is 40792@kennedys-Air.District.FBISD.local
200117 144418.417|DEBUG|AWT-EventQueue-0|login|Site Number is set as 1 (0 means unset)
200117 144418.418|INFO|AWT-EventQueue-0|info|initializeServer STARTED this site as Site 1
200117 144421.214|INFO|AWT-EventQueue-0|loadFromDisk|Loading site number 1
200117 144421.215|INFO|AWT-EventQueue-0|loadFromDisk|Loaded 1 languages
200117 144421.216|INFO|AWT-EventQueue-0|loadFromDisk|Loaded 12 problems
200117 144421.218|INFO|AWT-EventQueue-0|loadFromDisk|Loaded 1 contest_time_list
200117 144421.220|INFO|AWT-EventQueue-0|loadFromDisk|Loaded 50 accounts
200117 144421.221|INFO|AWT-EventQueue-0|loadFromDisk|Loaded 8 judgements
200117 144421.222|INFO|AWT-EventQueue-0|loadProblemDataFilesInfo|Loaded 1 of 12 problem_data_files
200117 144421.222|INFO|AWT-EventQueue-0|loadProblemDataFilesInfo|Loaded 2 of 12 problem_data_files
200117 144421.223|INFO|AWT-EventQueue-0|loadProblemDataFilesInfo|Loaded 3 of 12 problem_data_files
200117 144421.223|INFO|AWT-EventQueue-0|loadProblemDataFilesInfo|Loaded 4 of 12 problem_data_files
200117 144421.223|INFO|AWT-EventQueue-0|loadProblemDataFilesInfo|Loaded 5 of 12 problem_data_files
200117 144421.223|INFO|AWT-EventQueue-0|loadProblemDataFilesInfo|Loaded 6 of 12 problem_data_files
200117 144421.223|INFO|AWT-EventQueue-0|loadProblemDataFilesInfo|Loaded 7 of 12 problem_data_files
200117 144421.223|INFO|AWT-EventQueue-0|loadProblemDataFilesInfo|Loaded 8 of 12 problem_data_files
200117 144421.224|INFO|AWT-EventQueue-0|loadProblemDataFilesInfo|Loaded 9 of 12 problem_data_files
200117 144421.224|INFO|AWT-EventQueue-0|loadProblemDataFilesInfo|Loaded 10 of 12 problem_data_files
200117 144421.224|INFO|AWT-EventQueue-0|loadProblemDataFilesInfo|Loaded 11 of 12 problem_data_files
200117 144421.224|INFO|AWT-EventQueue-0|loadProblemDataFilesInfo|Loaded 12 of 12 problem_data_files
200117 144421.224|INFO|AWT-EventQueue-0|loadSomeSettings|Loaded 0 balloon_settings_list
200117 144421.224|INFO|AWT-EventQueue-0|loadSomeSettings|Loaded contest_time
200117 144421.225|INFO|AWT-EventQueue-0|loadSomeSettings|Loaded general_problem
200117 144421.225|INFO|AWT-EventQueue-0|loadSomeSettings|Loaded 2 profiles
200117 144421.226|INFO|AWT-EventQueue-0|loadSomeSettings|Loaded 1 categories
200117 144421.227|INFO|AWT-EventQueue-0|loadSomeSettings|Loaded profile
200117 144421.229|INFO|AWT-EventQueue-0|loadSomeSettings|Loaded 1 sites
200117 144421.230|INFO|AWT-EventQueue-0|loadSomeSettings|Loaded Contest Information UIL practice or something
200117 144421.231|INFO|AWT-EventQueue-0|loadSomeSettings|Loaded 4 client_settings_list
200117 144421.231|INFO|AWT-EventQueue-0|loadSomeSettings|Loaded 0 groups
200117 144421.231|INFO|AWT-EventQueue-0|info|Loaded configuration from disk
200117 144421.278|INFO|AWT-EventQueue-0|info|evals.log is opened at profiles\P62d231b8-4de3-4ad6-80ee-2c1e04418419/logs
200117 144421.279|INFO|AWT-EventQueue-0|updateAutoStartInformation|Created AutoStarter...
200117 144421.280|INFO|AWT-EventQueue-0|updateAutoStartInformation|updated AutoStarter with date null (note: null means no scheduled start is set)
200117 144421.282|INFO|AWT-EventQueue-0|updateAutoStopClockThread|Started auto stop clock thread, remaining time is 2:00:00
200117 144421.282|INFO|AWT-EventQueue-0|accecptConnections|accecptConnections on port:50002
200117 144421.287|INFO|AWT-EventQueue-0|info|Started Server Transport listening on 50002
200117 144845.262|INFO|Thread-2|<init>|new ConnectionhandlerServerThread on Socket Socket[addr=/127.0.0.1,port=59324,localport=50002]
200117 144845.273|INFO|Thread-3|registerIncomingConnectionRequest|registerIncomingConnectionRequest(myConnectionID, thread) 
200117 144846.162|INFO|Thread-3|getPublicKeyPacket|Generating Unencrypted Public Key Packet
200117 144846.164|INFO|Thread-3|getPublicKeyPacket|checking key:= SunJCE Diffie-Hellman Public Key:
y:
    58404ea3 0e6facf3 36e74664 e8bd998e c74f6563 81e8aae9 fc52c3f2 366fb743
    8fa04c7e 5b433fe4 f581101e 47b31dd5 f47d222d 08c83c7c f26a8f82 338c8eea
    d315248f eb3a7259 751a8361 6ecc37a9 4e887889 5ad79983 b8d0f920 e5a68dfa
    c301695b 41bd701e e4f94421 8a95e545 fe761a73 c2ce71f0 2fb75b19 e504aa6b
p:
    f488fd58 4e49dbcd 20b49de4 9107366b 336c380d 451d0f7c 88b31c7c 5b2d8ef6
    f3c923c0 43f0a55b 188d8ebb 558cb85d 38d334fd 7c175743 a31d186c de33212c
    b52aff3c e1b12940 18118d7c 84a70a72 d686c403 19c80729 7aca950c d9969fab
    d00a509b 0246d308 3d66a45d 419f9c7c bd894b22 1926baab a25ec355 e92f78c7
g:
    02
l:
    512
200117 144846.165|INFO|Thread-3|getPublicKeyPacket|packet:= edu.csus.ecs.pc2.core.transport.TransportWrapper@3ca38ad2
200117 144846.438|INFO|Thread-3|receiveUnencrypted|receiveUnencrypted(TransportWrapper, ConnectionHandlerID=Socket[addr=/127.0.0.1,port=59324,localport=50002]-4577803149575570317)
200117 144846.441|INFO|Thread-3|receiveUnencrypted|receiveUnencrypted Made a secret key for Socket[addr=/127.0.0.1,port=59324,localport=50002]-4577803149575570317 key is com.sun.crypto.provider.DESKey@fffe7f11
200117 144852.999|INFO|Thread-3|receive|public void receive(SealedObject TransportPacket, ConnectionHandlerID connectionHandlerID)
200117 144853.020|INFO|Thread-5|run|send(Serializable, ConnectionHandlerID) to Socket[addr=/127.0.0.1,port=59324,localport=50002]-4577803149575570317
200117 144900.513|INFO|Thread-3|receive|public void receive(SealedObject TransportPacket, ConnectionHandlerID connectionHandlerID)
200117 144900.530|INFO|Thread-7|run|send(Serializable, ConnectionHandlerID) to Socket[addr=/127.0.0.1,port=59324,localport=50002]-4577803149575570317
200117 144900.534|INFO|Thread-8|run|send(Serializable, ConnectionHandlerID) to Socket[addr=/127.0.0.1,port=59324,localport=50002]-4577803149575570317
200117 144926.309|INFO|Thread-3|receive|EOFException in receive for Socket[addr=/127.0.0.1,port=59324,localport=50002]-4577803149575570317
|java.io.EOFException: null
|    at java.io.ObjectInputStream$BlockDataInputStream.peekByte (ObjectInputStream.java:2960)
|    at java.io.ObjectInputStream.readObject0 (ObjectInputStream.java:1540)
|    at java.io.ObjectInputStream.readObject (ObjectInputStream.java:431)
|    at edu.csus.ecs.pc2.core.transport.ConnectionHandlerThread.receive (ConnectionHandlerThread.java:151)
|    at edu.csus.ecs.pc2.core.transport.ConnectionHandlerServerThread.run (ConnectionHandlerServerThread.java:68)
200117 144926.311|FINER|Thread-3|run - e.getmessage is null()|THROW
|edu.csus.ecs.pc2.core.transport.TransportException: null
|    at edu.csus.ecs.pc2.core.transport.ConnectionHandlerThread.receive (ConnectionHandlerThread.java:158)
|    at edu.csus.ecs.pc2.core.transport.ConnectionHandlerServerThread.run (ConnectionHandlerServerThread.java:68)
200117 144926.312|INFO|Thread-3|connectionDropped|connectionDropped(ConnectionHandlerID myConnectionID) 
