200117 230951.368|CONFIG|main|setFileHandlers|Now logging to C:\Users\Hunter Han\Documents\IntelliJProgs\pc2lib\exampleDir\bin\profiles\P62d231b8-4de3-4ad6-80ee-2c1e04418419 directory.
200117 230951.368|INFO|main|info|
200117 230951.368|INFO|main|info|Version 9.6.0 () Java ver 1.8.0_231 build 5102 Windows 10 10.0 (amd64) 
200117 230951.368|INFO|main|startLog|Working directory is C:\Users\Hunter Han\Documents\IntelliJProgs\pc2lib\exampleDir\bin
200117 230951.369|INFO|main|startLog|Process id is 85016@DESKTOP-K31L36J
200117 232058.746|CONFIG|main|setFileHandlers|Now logging to C:\Users\Hunter Han\Documents\IntelliJProgs\pc2lib\exampleDir\bin\profiles\P62d231b8-4de3-4ad6-80ee-2c1e04418419 directory.
200117 232058.746|INFO|main|info|
200117 232058.746|INFO|main|info|Version 9.6.0 () Java ver 1.8.0_231 build 5102 Windows 10 10.0 (amd64) 
200117 232058.746|INFO|main|startLog|Working directory is C:\Users\Hunter Han\Documents\IntelliJProgs\pc2lib\exampleDir\bin
200117 232058.746|INFO|main|startLog|Process id is 86184@DESKTOP-K31L36J
200117 232214.190|CONFIG|main|setFileHandlers|Now logging to C:\Users\Hunter Han\Documents\IntelliJProgs\pc2lib\exampleDir\bin\profiles\P62d231b8-4de3-4ad6-80ee-2c1e04418419 directory.
200117 232214.191|INFO|main|info|
200117 232214.191|INFO|main|info|Version 9.6.0 () Java ver 1.8.0_231 build 5102 Windows 10 10.0 (amd64) 
200117 232214.191|INFO|main|startLog|Working directory is C:\Users\Hunter Han\Documents\IntelliJProgs\pc2lib\exampleDir\bin
200117 232214.191|INFO|main|startLog|Process id is 92284@DESKTOP-K31L36J
200117 232257.157|CONFIG|main|setFileHandlers|Now logging to C:\Users\Hunter Han\Documents\IntelliJProgs\pc2lib\exampleDir\bin\profiles\P62d231b8-4de3-4ad6-80ee-2c1e04418419 directory.
200117 232257.157|INFO|main|info|
200117 232257.157|INFO|main|info|Version 9.6.0 () Java ver 1.8.0_231 build 5102 Windows 10 10.0 (amd64) 
200117 232257.157|INFO|main|startLog|Working directory is C:\Users\Hunter Han\Documents\IntelliJProgs\pc2lib\exampleDir\bin
200117 232257.158|INFO|main|startLog|Process id is 89728@DESKTOP-K31L36J
200117 232813.871|CONFIG|main|setFileHandlers|Now logging to C:\Users\Hunter Han\Documents\IntelliJProgs\pc2lib\exampleDir\bin\profiles\P62d231b8-4de3-4ad6-80ee-2c1e04418419 directory.
200117 232813.871|INFO|main|info|
200117 232813.871|INFO|main|info|Version 9.6.0 () Java ver 1.8.0_231 build 5102 Windows 10 10.0 (amd64) 
200117 232813.871|INFO|main|startLog|Working directory is C:\Users\Hunter Han\Documents\IntelliJProgs\pc2lib\exampleDir\bin
200117 232813.871|INFO|main|startLog|Process id is 93432@DESKTOP-K31L36J
200117 233302.864|CONFIG|main|setFileHandlers|Now logging to C:\Users\Hunter Han\Documents\IntelliJProgs\pc2lib\exampleDir\bin\profiles\P62d231b8-4de3-4ad6-80ee-2c1e04418419 directory.
200117 233302.864|INFO|main|info|
200117 233302.864|INFO|main|info|Version 9.6.0 () Java ver 1.8.0_231 build 5102 Windows 10 10.0 (amd64) 
200117 233302.865|INFO|main|startLog|Working directory is C:\Users\Hunter Han\Documents\IntelliJProgs\pc2lib\exampleDir\bin
200117 233302.865|INFO|main|startLog|Process id is 93344@DESKTOP-K31L36J
200117 233752.005|CONFIG|main|setFileHandlers|Now logging to C:\Users\Hunter Han\Documents\IntelliJProgs\pc2lib\exampleDir\bin\profiles\P62d231b8-4de3-4ad6-80ee-2c1e04418419 directory.
200117 233752.005|INFO|main|info|
200117 233752.005|INFO|main|info|Version 9.6.0 () Java ver 1.8.0_231 build 5102 Windows 10 10.0 (amd64) 
200117 233752.005|INFO|main|startLog|Working directory is C:\Users\Hunter Han\Documents\IntelliJProgs\pc2lib\exampleDir\bin
200117 233752.006|INFO|main|startLog|Process id is 93208@DESKTOP-K31L36J
200117 234819.763|CONFIG|main|setFileHandlers|Now logging to C:\Users\Hunter Han\Documents\IntelliJProgs\pc2lib\exampleDir\bin\profiles\P62d231b8-4de3-4ad6-80ee-2c1e04418419 directory.
200117 234819.763|INFO|main|info|
200117 234819.764|INFO|main|info|Version 9.6.0 () Java ver 1.8.0_231 build 5102 Windows 10 10.0 (amd64) 
200117 234819.764|INFO|main|startLog|Working directory is C:\Users\Hunter Han\Documents\IntelliJProgs\pc2lib\exampleDir\bin
200117 234819.764|INFO|main|startLog|Process id is 95376@DESKTOP-K31L36J
200117 235015.924|CONFIG|main|setFileHandlers|Now logging to C:\Users\Hunter Han\Documents\IntelliJProgs\pc2lib\exampleDir\bin\profiles\P62d231b8-4de3-4ad6-80ee-2c1e04418419 directory.
200117 235015.924|INFO|main|info|
200117 235015.924|INFO|main|info|Version 9.6.0 () Java ver 1.8.0_231 build 5102 Windows 10 10.0 (amd64) 
200117 235015.924|INFO|main|startLog|Working directory is C:\Users\Hunter Han\Documents\IntelliJProgs\pc2lib\exampleDir\bin
200117 235015.925|INFO|main|startLog|Process id is 95616@DESKTOP-K31L36J
200117 235128.163|CONFIG|main|setFileHandlers|Now logging to C:\Users\Hunter Han\Documents\IntelliJProgs\pc2lib\exampleDir\bin\profiles\P62d231b8-4de3-4ad6-80ee-2c1e04418419 directory.
200117 235128.164|INFO|main|info|
200117 235128.164|INFO|main|info|Version 9.6.0 () Java ver 1.8.0_231 build 5102 Windows 10 10.0 (amd64) 
200117 235128.164|INFO|main|startLog|Working directory is C:\Users\Hunter Han\Documents\IntelliJProgs\pc2lib\exampleDir\bin
200117 235128.164|INFO|main|startLog|Process id is 93720@DESKTOP-K31L36J
200117 235347.803|CONFIG|main|setFileHandlers|Now logging to C:\Users\Hunter Han\Documents\IntelliJProgs\pc2lib\exampleDir\bin\profiles\P62d231b8-4de3-4ad6-80ee-2c1e04418419 directory.
200117 235347.803|INFO|main|info|
200117 235347.803|INFO|main|info|Version 9.6.0 () Java ver 1.8.0_231 build 5102 Windows 10 10.0 (amd64) 
200117 235347.803|INFO|main|startLog|Working directory is C:\Users\Hunter Han\Documents\IntelliJProgs\pc2lib\exampleDir\bin
200117 235347.804|INFO|main|startLog|Process id is 96400@DESKTOP-K31L36J
