200110 145214.121|CONFIG|main|setFileHandlers|Now logging to /Users/hunterhan/Desktop/pc2-9.6.0-1-10-20/bin/profiles\P62d231b8-4de3-4ad6-80ee-2c1e04418419 directory.
200110 145214.121|INFO|main|info|
200110 145214.122|INFO|main|info|Version 9.6.0 20190102 (Wednesday, January 2nd 2019 01:20 UTC) Java ver 1.8.0_221 build 5102 Mac OS X 10.15.2 (x86_64) 
200110 145214.122|INFO|main|startLog|Working directory is /Users/hunterhan/Desktop/pc2-9.6.0-1-10-20/bin
200110 145214.122|INFO|main|startLog|Process id is 6711@Elijahs-iPhone.District.FBISD.local
200110 145300.901|CONFIG|main|setFileHandlers|Now logging to /Users/hunterhan/Desktop/pc2-9.6.0-1-10-20/bin/profiles\P62d231b8-4de3-4ad6-80ee-2c1e04418419 directory.
200110 145300.901|INFO|main|info|
200110 145300.901|INFO|main|info|Version 9.6.0 20190102 (Wednesday, January 2nd 2019 01:20 UTC) Java ver 1.8.0_221 build 5102 Mac OS X 10.15.2 (x86_64) 
200110 145300.902|INFO|main|startLog|Working directory is /Users/hunterhan/Desktop/pc2-9.6.0-1-10-20/bin
200110 145300.902|INFO|main|startLog|Process id is 6886@Elijahs-iPhone.District.FBISD.local
200110 145723.773|CONFIG|main|setFileHandlers|Now logging to /Users/hunterhan/Desktop/pc2-9.6.0-1-10-20/bin/profiles\P62d231b8-4de3-4ad6-80ee-2c1e04418419 directory.
200110 145723.773|INFO|main|info|
200110 145723.773|INFO|main|info|Version 9.6.0 20190102 (Wednesday, January 2nd 2019 01:20 UTC) Java ver 1.8.0_221 build 5102 Mac OS X 10.15.2 (x86_64) 
200110 145723.773|INFO|main|startLog|Working directory is /Users/hunterhan/Desktop/pc2-9.6.0-1-10-20/bin
200110 145723.774|INFO|main|startLog|Process id is 7298@Hunters-MacBook-Pro.local
200110 152802.753|CONFIG|main|setFileHandlers|Now logging to /Users/hunterhan/Desktop/pc2-9.6.0-1-10-20/bin/profiles\P62d231b8-4de3-4ad6-80ee-2c1e04418419 directory.
200110 152802.753|INFO|main|info|
200110 152802.753|INFO|main|info|Version 9.6.0 20190102 (Wednesday, January 2nd 2019 01:20 UTC) Java ver 1.8.0_221 build 5102 Mac OS X 10.15.2 (x86_64) 
200110 152802.754|INFO|main|startLog|Working directory is /Users/hunterhan/Desktop/pc2-9.6.0-1-10-20/bin
200110 152802.754|INFO|main|startLog|Process id is 10080@Elijahs-iPhone.District.FBISD.local
200110 153112.515|CONFIG|main|setFileHandlers|Now logging to /Users/hunterhan/Desktop/pc2-9.6.0-1-10-20/bin/profiles\P62d231b8-4de3-4ad6-80ee-2c1e04418419 directory.
200110 153112.516|INFO|main|info|
200110 153112.516|INFO|main|info|Version 9.6.0 20190102 (Wednesday, January 2nd 2019 01:20 UTC) Java ver 1.8.0_221 build 5102 Mac OS X 10.15.2 (x86_64) 
200110 153112.516|INFO|main|startLog|Working directory is /Users/hunterhan/Desktop/pc2-9.6.0-1-10-20/bin
200110 153112.517|INFO|main|startLog|Process id is 10342@Elijahs-iPhone.District.FBISD.local
200110 164004.495|CONFIG|main|setFileHandlers|Now logging to /Users/hunterhan/Desktop/pc2-9.6.0-1-10-20/bin/profiles\P62d231b8-4de3-4ad6-80ee-2c1e04418419 directory.
200110 164004.496|INFO|main|info|
200110 164004.496|INFO|main|info|Version 9.6.0 20190102 (Wednesday, January 2nd 2019 01:20 UTC) Java ver 1.8.0_221 build 5102 Mac OS X 10.15.2 (x86_64) 
200110 164004.497|INFO|main|startLog|Working directory is /Users/hunterhan/Desktop/pc2-9.6.0-1-10-20/bin
200110 164004.497|INFO|main|startLog|Process id is 15380@Elijahs-iPhone.District.FBISD.local
200110 191533.424|CONFIG|main|setFileHandlers|Now logging to /Users/hunterhan/Desktop/pc2-9.6.0-1-10-20/bin/profiles/P62d231b8-4de3-4ad6-80ee-2c1e04418419 directory.
200110 191533.424|INFO|main|info|
200110 191533.425|INFO|main|info|Version 9.6.0 20190102 (Wednesday, January 2nd 2019 01:20 UTC) Java ver 1.8.0_221 build 5102 Mac OS X 10.15.2 (x86_64) 
200110 191533.425|INFO|main|startLog|Working directory is /Users/hunterhan/Desktop/pc2-9.6.0-1-10-20/bin
200110 191533.425|INFO|main|startLog|Process id is 21190@Hunters-MBP.T-mobile.com
200110 191633.272|CONFIG|main|setFileHandlers|Now logging to /Users/hunterhan/Desktop/pc2-9.6.0-1-10-20/bin/profiles/P62d231b8-4de3-4ad6-80ee-2c1e04418419 directory.
200110 191633.273|INFO|main|info|
200110 191633.274|INFO|main|info|Version 9.6.0 20190102 (Wednesday, January 2nd 2019 01:20 UTC) Java ver 1.8.0_221 build 5102 Mac OS X 10.15.2 (x86_64) 
200110 191633.274|INFO|main|startLog|Working directory is /Users/hunterhan/Desktop/pc2-9.6.0-1-10-20/bin
200110 191633.274|INFO|main|startLog|Process id is 21277@Hunters-MBP.T-mobile.com
200110 191917.762|CONFIG|main|setFileHandlers|Now logging to /Users/hunterhan/Desktop/pc2-9.6.0-1-10-20/bin/profiles/P62d231b8-4de3-4ad6-80ee-2c1e04418419 directory.
200110 191917.762|INFO|main|info|
200110 191917.762|INFO|main|info|Version 9.6.0 20190102 (Wednesday, January 2nd 2019 01:20 UTC) Java ver 1.8.0_221 build 5102 Mac OS X 10.15.2 (x86_64) 
200110 191917.763|INFO|main|startLog|Working directory is /Users/hunterhan/Desktop/pc2-9.6.0-1-10-20/bin
200110 191917.763|INFO|main|startLog|Process id is 21518@Hunters-MBP.T-mobile.com
200110 192520.132|CONFIG|main|setFileHandlers|Now logging to /Users/hunterhan/Desktop/pc2-9.6.0-1-10-20/bin/profiles/P62d231b8-4de3-4ad6-80ee-2c1e04418419 directory.
200110 192520.132|INFO|main|info|
200110 192520.132|INFO|main|info|Version 9.6.0 20190102 (Wednesday, January 2nd 2019 01:20 UTC) Java ver 1.8.0_221 build 5102 Mac OS X 10.15.2 (x86_64) 
200110 192520.133|INFO|main|startLog|Working directory is /Users/hunterhan/Desktop/pc2-9.6.0-1-10-20/bin
200110 192520.133|INFO|main|startLog|Process id is 22002@Hunters-MBP.T-mobile.com
200110 194305.016|CONFIG|main|setFileHandlers|Now logging to /Users/hunterhan/Desktop/pc2-9.6.0-1-10-20/bin/profiles/P62d231b8-4de3-4ad6-80ee-2c1e04418419 directory.
200110 194305.017|INFO|main|info|
200110 194305.017|INFO|main|info|Version 9.6.0 20190102 (Wednesday, January 2nd 2019 01:20 UTC) Java ver 1.8.0_221 build 5102 Mac OS X 10.15.2 (x86_64) 
200110 194305.017|INFO|main|startLog|Working directory is /Users/hunterhan/Desktop/pc2-9.6.0-1-10-20/bin
200110 194305.017|INFO|main|startLog|Process id is 22901@Hunters-MBP.T-mobile.com
200110 195039.141|CONFIG|main|setFileHandlers|Now logging to /Users/hunterhan/Desktop/pc2-9.6.0-1-10-20/bin/profiles/P62d231b8-4de3-4ad6-80ee-2c1e04418419 directory.
200110 195039.142|INFO|main|info|
200110 195039.142|INFO|main|info|Version 9.6.0 20190102 (Wednesday, January 2nd 2019 01:20 UTC) Java ver 1.8.0_221 build 5102 Mac OS X 10.15.2 (x86_64) 
200110 195039.142|INFO|main|startLog|Working directory is /Users/hunterhan/Desktop/pc2-9.6.0-1-10-20/bin
200110 195039.142|INFO|main|startLog|Process id is 23473@Hunters-MBP.T-mobile.com
200110 195809.569|CONFIG|main|setFileHandlers|Now logging to /Users/hunterhan/Desktop/pc2-9.6.0-1-10-20/bin/profiles/P62d231b8-4de3-4ad6-80ee-2c1e04418419 directory.
200110 195809.570|INFO|main|info|
200110 195809.570|INFO|main|info|Version 9.6.0 20190102 (Wednesday, January 2nd 2019 01:20 UTC) Java ver 1.8.0_221 build 5102 Mac OS X 10.15.2 (x86_64) 
200110 195809.571|INFO|main|startLog|Working directory is /Users/hunterhan/Desktop/pc2-9.6.0-1-10-20/bin
200110 195809.571|INFO|main|startLog|Process id is 24065@Hunters-MBP.T-mobile.com
200110 195950.846|CONFIG|main|setFileHandlers|Now logging to /Users/hunterhan/Desktop/pc2-9.6.0-1-10-20/bin/profiles/P62d231b8-4de3-4ad6-80ee-2c1e04418419 directory.
200110 195950.847|INFO|main|info|
200110 195950.847|INFO|main|info|Version 9.6.0 20190102 (Wednesday, January 2nd 2019 01:20 UTC) Java ver 1.8.0_221 build 5102 Mac OS X 10.15.2 (x86_64) 
200110 195950.848|INFO|main|startLog|Working directory is /Users/hunterhan/Desktop/pc2-9.6.0-1-10-20/bin
200110 195950.848|INFO|main|startLog|Process id is 24203@Hunters-MBP.T-mobile.com
200110 200025.246|CONFIG|main|setFileHandlers|Now logging to /Users/hunterhan/Desktop/pc2-9.6.0-1-10-20/bin/profiles/P62d231b8-4de3-4ad6-80ee-2c1e04418419 directory.
200110 200025.247|INFO|main|info|
200110 200025.247|INFO|main|info|Version 9.6.0 20190102 (Wednesday, January 2nd 2019 01:20 UTC) Java ver 1.8.0_221 build 5102 Mac OS X 10.15.2 (x86_64) 
200110 200025.247|INFO|main|startLog|Working directory is /Users/hunterhan/Desktop/pc2-9.6.0-1-10-20/bin
200110 200025.248|INFO|main|startLog|Process id is 24256@Hunters-MBP.T-mobile.com
200110 200145.288|CONFIG|main|setFileHandlers|Now logging to /Users/hunterhan/Desktop/pc2-9.6.0-1-10-20/bin/profiles/P62d231b8-4de3-4ad6-80ee-2c1e04418419 directory.
200110 200145.288|INFO|main|info|
200110 200145.288|INFO|main|info|Version 9.6.0 20190102 (Wednesday, January 2nd 2019 01:20 UTC) Java ver 1.8.0_221 build 5102 Mac OS X 10.15.2 (x86_64) 
200110 200145.288|INFO|main|startLog|Working directory is /Users/hunterhan/Desktop/pc2-9.6.0-1-10-20/bin
200110 200145.289|INFO|main|startLog|Process id is 24374@Hunters-MBP.T-mobile.com
200110 200651.271|CONFIG|main|setFileHandlers|Now logging to /Users/hunterhan/Desktop/pc2-9.6.0-1-10-20/bin/profiles/P62d231b8-4de3-4ad6-80ee-2c1e04418419 directory.
200110 200651.271|INFO|main|info|
200110 200651.271|INFO|main|info|Version 9.6.0 20190102 (Wednesday, January 2nd 2019 01:20 UTC) Java ver 1.8.0_221 build 5102 Mac OS X 10.15.2 (x86_64) 
200110 200651.272|INFO|main|startLog|Working directory is /Users/hunterhan/Desktop/pc2-9.6.0-1-10-20/bin
200110 200651.272|INFO|main|startLog|Process id is 24798@Hunters-MBP.T-mobile.com
200110 203635.030|CONFIG|main|setFileHandlers|Now logging to /Users/hunterhan/Desktop/pc2-9.6.0-1-10-20/bin/profiles/P62d231b8-4de3-4ad6-80ee-2c1e04418419 directory.
200110 203635.030|INFO|main|info|
200110 203635.030|INFO|main|info|Version 9.6.0 20190102 (Wednesday, January 2nd 2019 01:20 UTC) Java ver 1.8.0_221 build 5102 Mac OS X 10.15.2 (x86_64) 
200110 203635.031|INFO|main|startLog|Working directory is /Users/hunterhan/Desktop/pc2-9.6.0-1-10-20/bin
200110 203635.031|INFO|main|startLog|Process id is 26117@Hunters-MBP.T-mobile.com
200117 144410.996|CONFIG|main|setFileHandlers|Now logging to /Users/hunterhan/Desktop/pc2-9.6.0-1-10-20/bin/profiles/P62d231b8-4de3-4ad6-80ee-2c1e04418419 directory.
200117 144410.996|INFO|main|info|
200117 144410.996|INFO|main|info|Version 9.6.0 20190102 (Wednesday, January 2nd 2019 01:20 UTC) Java ver 1.8.0_221 build 5102 Mac OS X 10.15.2 (x86_64) 
200117 144410.997|INFO|main|startLog|Working directory is /Users/hunterhan/Desktop/pc2-9.6.0-1-10-20/bin
200117 144410.997|INFO|main|startLog|Process id is 40792@kennedys-Air.District.FBISD.local
200117 222252.401|CONFIG|main|setFileHandlers|Now logging to C:\Users\Hunter Han\Documents\IntelliJProgs\pc2lib\exampleDir\bin\profiles\P62d231b8-4de3-4ad6-80ee-2c1e04418419 directory.
200117 222252.401|INFO|main|info|
200117 222252.401|INFO|main|info|Version 9.6.0 () Java ver 1.8.0_231 build 5102 Windows 10 10.0 (amd64) 
200117 222252.401|INFO|main|startLog|Working directory is C:\Users\Hunter Han\Documents\IntelliJProgs\pc2lib\exampleDir\bin
200117 222252.402|INFO|main|startLog|Process id is 85516@DESKTOP-K31L36J
200117 225518.567|CONFIG|main|setFileHandlers|Now logging to C:\Users\Hunter Han\Documents\IntelliJProgs\pc2lib\exampleDir\bin\profiles\P62d231b8-4de3-4ad6-80ee-2c1e04418419 directory.
200117 225518.568|INFO|main|info|
200117 225518.568|INFO|main|info|Version 9.6.0 () Java ver 1.8.0_231 build 5102 Windows 10 10.0 (amd64) 
200117 225518.568|INFO|main|startLog|Working directory is C:\Users\Hunter Han\Documents\IntelliJProgs\pc2lib\exampleDir\bin
200117 225518.568|INFO|main|startLog|Process id is 86916@DESKTOP-K31L36J
200117 225541.746|CONFIG|main|setFileHandlers|Now logging to C:\Users\Hunter Han\Documents\IntelliJProgs\pc2lib\exampleDir\bin\profiles\P62d231b8-4de3-4ad6-80ee-2c1e04418419 directory.
200117 225541.746|INFO|main|info|
200117 225541.746|INFO|main|info|Version 9.6.0 () Java ver 1.8.0_231 build 5102 Windows 10 10.0 (amd64) 
200117 225541.746|INFO|main|startLog|Working directory is C:\Users\Hunter Han\Documents\IntelliJProgs\pc2lib\exampleDir\bin
200117 225541.747|INFO|main|startLog|Process id is 79708@DESKTOP-K31L36J
200117 225747.640|CONFIG|main|setFileHandlers|Now logging to C:\Users\Hunter Han\Documents\IntelliJProgs\pc2lib\exampleDir\bin\profiles\P62d231b8-4de3-4ad6-80ee-2c1e04418419 directory.
200117 225747.640|INFO|main|info|
200117 225747.640|INFO|main|info|Version 9.6.0 () Java ver 1.8.0_231 build 5102 Windows 10 10.0 (amd64) 
200117 225747.640|INFO|main|startLog|Working directory is C:\Users\Hunter Han\Documents\IntelliJProgs\pc2lib\exampleDir\bin
200117 225747.641|INFO|main|startLog|Process id is 88092@DESKTOP-K31L36J
200117 225916.393|CONFIG|main|setFileHandlers|Now logging to C:\Users\Hunter Han\Documents\IntelliJProgs\pc2lib\exampleDir\bin\profiles\P62d231b8-4de3-4ad6-80ee-2c1e04418419 directory.
200117 225916.393|INFO|main|info|
200117 225916.394|INFO|main|info|Version 9.6.0 () Java ver 1.8.0_231 build 5102 Windows 10 10.0 (amd64) 
200117 225916.394|INFO|main|startLog|Working directory is C:\Users\Hunter Han\Documents\IntelliJProgs\pc2lib\exampleDir\bin
200117 225916.394|INFO|main|startLog|Process id is 88340@DESKTOP-K31L36J
200117 230843.196|CONFIG|main|setFileHandlers|Now logging to C:\Users\Hunter Han\Documents\IntelliJProgs\pc2lib\exampleDir\bin\profiles\P62d231b8-4de3-4ad6-80ee-2c1e04418419 directory.
200117 230843.196|INFO|main|info|
200117 230843.196|INFO|main|info|Version 9.6.0 () Java ver 1.8.0_231 build 5102 Windows 10 10.0 (amd64) 
200117 230843.196|INFO|main|startLog|Working directory is C:\Users\Hunter Han\Documents\IntelliJProgs\pc2lib\exampleDir\bin
200117 230843.196|INFO|main|startLog|Process id is 88988@DESKTOP-K31L36J
200117 235426.965|CONFIG|main|setFileHandlers|Now logging to C:\Users\Hunter Han\Documents\IntelliJProgs\pc2lib\exampleDir\bin\profiles\P62d231b8-4de3-4ad6-80ee-2c1e04418419 directory.
200117 235426.965|INFO|main|info|
200117 235426.965|INFO|main|info|Version 9.6.0 () Java ver 1.8.0_231 build 5102 Windows 10 10.0 (amd64) 
200117 235426.965|INFO|main|startLog|Working directory is C:\Users\Hunter Han\Documents\IntelliJProgs\pc2lib\exampleDir\bin
200117 235426.965|INFO|main|startLog|Process id is 98016@DESKTOP-K31L36J
