200202 022753.591|CONFIG|AWT-EventQueue-0|setFileHandlers|Now logging to /Users/hunterhan/IdeaProjects/pc2lib/exampleDir/bin/logs directory.
200202 022753.593|INFO|AWT-EventQueue-0|info|
200202 022753.593|INFO|AWT-EventQueue-0|info|Version 9.6.0 () Java ver 1.8.0_221 build 5102 Mac OS X 10.15.2 (x86_64) 
200202 022753.594|INFO|AWT-EventQueue-0|info|Login: administrator1 (aka administrator1)
200202 022753.594|INFO|AWT-EventQueue-0|startLog|Working directory is /Users/hunterhan/IdeaProjects/pc2lib/exampleDir/bin
200202 022753.595|INFO|AWT-EventQueue-0|startLog|Process id is 48511@Hunters-MBP.T-mobile.com
200202 022753.595|INFO|AWT-EventQueue-0|info|Contacting server at localhost:50002 as ADMINISTRATOR1 @ site 0
200202 022753.595|INFO|AWT-EventQueue-0|info|sendLoginRequest start - sending from ADMINISTRATOR1 @ site 0
200202 022753.601|INFO|AWT-EventQueue-0|sendToLocalServer|Sending packet to server Packet[LOGIN_REQUEST] #1 ADMINISTRATOR1 @ site 0 -> SERVER0 @ site 0
200202 022753.602|INFO|Thread-2|run|send(Serializable)
200202 022753.604|INFO|AWT-EventQueue-0|sendToLocalServer|Sent    packet to server Packet[LOGIN_REQUEST] #1 ADMINISTRATOR1 @ site 0 -> SERVER0 @ site 0
200202 022753.604|INFO|AWT-EventQueue-0|info|sendLoginRequest end - packet sent.
200202 022753.652|INFO|Thread-1|receive|public void receive(SealedObject TransportPacket, ConnectionHandlerID connectionHandlerID)
200202 022753.699|INFO|Thread-1|receive|public void receive(SealedObject TransportPacket, ConnectionHandlerID connectionHandlerID)
200202 022753.699|INFO|Thread-3|info| receiveObject(S) start got Packet[LOGIN] #3 SERVER0 @ site 1 -> SERVER0 @ site 0
200202 022753.702|INFO|Thread-3|dumpPacket|Packet LOGIN (Seq #3, o#3 ) recieveObject
200202 022753.704|INFO|Thread-3|dumpPacket|  From: SERVER0 @ site 1, oSERVER0 @ site 1 (Hunters-MBP.T-mobile.com @ 192.168.29.141) (Contest Id: Default--8850362861278668655)
200202 022753.705|INFO|Thread-3|dumpPacket|    To: SERVER0 @ site 0
200202 022753.705|INFO|Thread-3|dumpPacket|   key: CLIENT_SETTINGS is: edu.csus.ecs.pc2.core.model.ClientSettings edu.csus.ecs.pc2.core.model.ClientSettings@8ac95ce
200202 022753.706|INFO|Thread-3|dumpPacket|   key: CONNECTION_HANDLE_ID is: edu.csus.ecs.pc2.core.transport.ConnectionHandlerID Socket[addr=/127.0.0.1,port=63950,localport=50002]--645046449179758568
200202 022753.707|INFO|Thread-3|dumpPacket|   key: CLIENT_ID is: edu.csus.ecs.pc2.core.model.ClientId ADMINISTRATOR1 @ site 1
200202 022753.707|INFO|Thread-3|info|handlePacket start Packet[LOGIN] #3 SERVER0 @ site 1 -> SERVER0 @ site 0
200202 022753.707|INFO|Thread-3|dumpPacket|Packet LOGIN (Seq #3, o#3 ) handlePacket
200202 022753.707|INFO|Thread-3|dumpPacket|  From: SERVER0 @ site 1, oSERVER0 @ site 1 (Hunters-MBP.T-mobile.com @ 192.168.29.141) (Contest Id: Default--8850362861278668655)
200202 022753.707|INFO|Thread-3|dumpPacket|    To: SERVER0 @ site 0
200202 022753.708|INFO|Thread-3|dumpPacket|   key: CLIENT_SETTINGS is: edu.csus.ecs.pc2.core.model.ClientSettings edu.csus.ecs.pc2.core.model.ClientSettings@8ac95ce
200202 022753.708|INFO|Thread-3|dumpPacket|   key: CONNECTION_HANDLE_ID is: edu.csus.ecs.pc2.core.transport.ConnectionHandlerID Socket[addr=/127.0.0.1,port=63950,localport=50002]--645046449179758568
200202 022753.708|INFO|Thread-3|dumpPacket|   key: CLIENT_ID is: edu.csus.ecs.pc2.core.model.ClientId ADMINISTRATOR1 @ site 1
200202 022753.708|INFO|Thread-3|info|Note: got a LOGIN packet before this site was logged in Packet[LOGIN] #3 SERVER0 @ site 1 -> SERVER0 @ site 0
200202 022753.709|INFO|Thread-3|info|handlePacket end Packet[LOGIN] #3 SERVER0 @ site 1 -> SERVER0 @ site 0
200202 022753.709|INFO|Thread-3|info| receiveObject(S) end   got Packet[LOGIN] #3 SERVER0 @ site 1 -> SERVER0 @ site 0
200202 022753.761|INFO|Thread-4|info| receiveObject(S) start got Packet[LOGIN_SUCCESS] #2 SERVER0 @ site 1 -> ADMINISTRATOR1 @ site 1
200202 022753.761|INFO|Thread-4|dumpPacket|Packet LOGIN_SUCCESS (Seq #2, o#2 ) recieveObject
200202 022753.761|INFO|Thread-4|dumpPacket|  From: SERVER0 @ site 1, oSERVER0 @ site 1 (Hunters-MBP.T-mobile.com @ 192.168.29.141) (Contest Id: Default--8850362861278668655)
200202 022753.761|INFO|Thread-4|dumpPacket|    To: ADMINISTRATOR1 @ site 1
200202 022753.761|INFO|Thread-4|dumpPacket|   key: JUDGEMENT_LIST is: [Ledu.csus.ecs.pc2.core.model.Judgement; [Ledu.csus.ecs.pc2.core.model.Judgement;@31a633c9
200202 022753.762|INFO|Thread-4|dumpPacket|   key: CLARIFICATION_LIST is: [Ledu.csus.ecs.pc2.core.model.Clarification; [Ledu.csus.ecs.pc2.core.model.Clarification;@3f61cb8d
200202 022753.762|INFO|Thread-4|dumpPacket|   key: GENERAL_PROBLEM is: edu.csus.ecs.pc2.core.model.Problem General
200202 022753.762|INFO|Thread-4|dumpPacket|   key: LANGUAGE_LIST is: [Ledu.csus.ecs.pc2.core.model.Language; [Ledu.csus.ecs.pc2.core.model.Language;@3b5e58b9
200202 022753.762|INFO|Thread-4|dumpPacket|   key: SITE_LIST is: [Ledu.csus.ecs.pc2.core.model.Site; [Ledu.csus.ecs.pc2.core.model.Site;@7e5cc1b6
200202 022753.762|INFO|Thread-4|dumpPacket|   key: GROUP_LIST is: [Ledu.csus.ecs.pc2.core.model.Group; [Ledu.csus.ecs.pc2.core.model.Group;@7e649dcf
200202 022753.762|INFO|Thread-4|dumpPacket|   key: CONTEST_TIME_LIST is: [Ledu.csus.ecs.pc2.core.model.ContestTime; [Ledu.csus.ecs.pc2.core.model.ContestTime;@4fe81c2d
200202 022753.762|INFO|Thread-4|dumpPacket|   key: CONTEST_INFORMATION is: edu.csus.ecs.pc2.core.model.ContestInformation edu.csus.ecs.pc2.core.model.ContestInformation@63a1ef9
200202 022753.762|INFO|Thread-4|dumpPacket|   key: CONTEST_TIME is: edu.csus.ecs.pc2.core.model.ContestTime edu.csus.ecs.pc2.core.model.ContestTime@1e733ef9
200202 022753.762|INFO|Thread-4|dumpPacket|   key: CONNECTION_HANDLE_ID_LIST is: [Ledu.csus.ecs.pc2.core.transport.ConnectionHandlerID; [Ledu.csus.ecs.pc2.core.transport.ConnectionHandlerID;@4423521d
200202 022753.762|INFO|Thread-4|dumpPacket|   key: REMOTE_LOGGED_IN_USERS is: [Ledu.csus.ecs.pc2.core.model.ClientId; [Ledu.csus.ecs.pc2.core.model.ClientId;@4b2537c0
200202 022753.763|INFO|Thread-4|dumpPacket|   key: BALLOON_SETTINGS_LIST is: [Ledu.csus.ecs.pc2.core.model.BalloonSettings; [Ledu.csus.ecs.pc2.core.model.BalloonSettings;@1d3e358b
200202 022753.763|INFO|Thread-4|dumpPacket|   key: PROFILE is: edu.csus.ecs.pc2.core.model.Profile Default--8850362861278668655
200202 022753.763|INFO|Thread-4|dumpPacket|   key: RUN_LIST is: [Ledu.csus.ecs.pc2.core.model.Run; [Ledu.csus.ecs.pc2.core.model.Run;@1a3d4423
200202 022753.763|INFO|Thread-4|dumpPacket|   key: PROFILE_LIST is: [Ledu.csus.ecs.pc2.core.model.Profile; [Ledu.csus.ecs.pc2.core.model.Profile;@44505ec3
200202 022753.763|INFO|Thread-4|dumpPacket|   key: LOCAL_LOGGED_IN_USERS is: [Ledu.csus.ecs.pc2.core.model.ClientId; [Ledu.csus.ecs.pc2.core.model.ClientId;@2629fabe
200202 022753.763|INFO|Thread-4|dumpPacket|   key: ACCOUNT_ARRAY is: [Ledu.csus.ecs.pc2.core.model.Account; [Ledu.csus.ecs.pc2.core.model.Account;@4a57119d
200202 022753.763|INFO|Thread-4|dumpPacket|   key: CLIENT_SETTINGS_LIST is: [Ledu.csus.ecs.pc2.core.model.ClientSettings; [Ledu.csus.ecs.pc2.core.model.ClientSettings;@3a3b58a8
200202 022753.764|INFO|Thread-4|dumpPacket|   key: SITE_NUMBER is: java.lang.Integer 1
200202 022753.764|INFO|Thread-4|dumpPacket|   key: SERVER_CLOCK_OFFSET is: java.util.GregorianCalendar java.util.GregorianCalendar[time=1580632073634,areFieldsSet=true,areAllFieldsSet=false,lenient=true,zone=sun.util.calendar.ZoneInfo[id="GMT",offset=0,dstSavings=0,useDaylight=false,transitions=0,lastRule=null],firstDayOfWeek=1,minimalDaysInFirstWeek=1,ERA=1,YEAR=2020,MONTH=1,WEEK_OF_YEAR=6,WEEK_OF_MONTH=2,DAY_OF_MONTH=2,DAY_OF_YEAR=33,DAY_OF_WEEK=1,DAY_OF_WEEK_IN_MONTH=1,AM_PM=0,HOUR=8,HOUR_OF_DAY=8,MINUTE=27,SECOND=53,MILLISECOND=634,ZONE_OFFSET=0,DST_OFFSET=0]
200202 022753.764|INFO|Thread-4|dumpPacket|   key: CONTEST_IDENTIFIER is: java.lang.String Default--8850362861278668655
200202 022753.764|INFO|Thread-4|dumpPacket|   key: CATEGORY_LIST is: [Ledu.csus.ecs.pc2.core.model.Category; [Ledu.csus.ecs.pc2.core.model.Category;@7c5bbf6a
200202 022753.764|INFO|Thread-4|dumpPacket|   key: PROBLEM_DATA_FILES is: [Ledu.csus.ecs.pc2.core.model.ProblemDataFiles; [Ledu.csus.ecs.pc2.core.model.ProblemDataFiles;@154e5655
200202 022753.764|INFO|Thread-4|dumpPacket|   key: PROBLEM_LIST is: [Ledu.csus.ecs.pc2.core.model.Problem; [Ledu.csus.ecs.pc2.core.model.Problem;@67677698
200202 022753.764|INFO|Thread-4|dumpPacket|   key: CLIENT_ID is: edu.csus.ecs.pc2.core.model.ClientId ADMINISTRATOR1 @ site 1
200202 022753.764|INFO|Thread-4|info|handlePacket start Packet[LOGIN_SUCCESS] #2 SERVER0 @ site 1 -> ADMINISTRATOR1 @ site 1
200202 022753.764|INFO|Thread-4|dumpPacket|Packet LOGIN_SUCCESS (Seq #2, o#2 ) handlePacket
200202 022753.764|INFO|Thread-4|dumpPacket|  From: SERVER0 @ site 1, oSERVER0 @ site 1 (Hunters-MBP.T-mobile.com @ 192.168.29.141) (Contest Id: Default--8850362861278668655)
200202 022753.765|INFO|Thread-4|dumpPacket|    To: ADMINISTRATOR1 @ site 1
200202 022753.765|INFO|Thread-4|dumpPacket|   key: JUDGEMENT_LIST is: [Ledu.csus.ecs.pc2.core.model.Judgement; [Ledu.csus.ecs.pc2.core.model.Judgement;@31a633c9
200202 022753.765|INFO|Thread-4|dumpPacket|   key: CLARIFICATION_LIST is: [Ledu.csus.ecs.pc2.core.model.Clarification; [Ledu.csus.ecs.pc2.core.model.Clarification;@3f61cb8d
200202 022753.765|INFO|Thread-4|dumpPacket|   key: GENERAL_PROBLEM is: edu.csus.ecs.pc2.core.model.Problem General
200202 022753.765|INFO|Thread-4|dumpPacket|   key: LANGUAGE_LIST is: [Ledu.csus.ecs.pc2.core.model.Language; [Ledu.csus.ecs.pc2.core.model.Language;@3b5e58b9
200202 022753.765|INFO|Thread-4|dumpPacket|   key: SITE_LIST is: [Ledu.csus.ecs.pc2.core.model.Site; [Ledu.csus.ecs.pc2.core.model.Site;@7e5cc1b6
200202 022753.765|INFO|Thread-4|dumpPacket|   key: GROUP_LIST is: [Ledu.csus.ecs.pc2.core.model.Group; [Ledu.csus.ecs.pc2.core.model.Group;@7e649dcf
200202 022753.765|INFO|Thread-4|dumpPacket|   key: CONTEST_TIME_LIST is: [Ledu.csus.ecs.pc2.core.model.ContestTime; [Ledu.csus.ecs.pc2.core.model.ContestTime;@4fe81c2d
200202 022753.765|INFO|Thread-4|dumpPacket|   key: CONTEST_INFORMATION is: edu.csus.ecs.pc2.core.model.ContestInformation edu.csus.ecs.pc2.core.model.ContestInformation@63a1ef9
200202 022753.765|INFO|Thread-4|dumpPacket|   key: CONTEST_TIME is: edu.csus.ecs.pc2.core.model.ContestTime edu.csus.ecs.pc2.core.model.ContestTime@1e733ef9
200202 022753.765|INFO|Thread-4|dumpPacket|   key: CONNECTION_HANDLE_ID_LIST is: [Ledu.csus.ecs.pc2.core.transport.ConnectionHandlerID; [Ledu.csus.ecs.pc2.core.transport.ConnectionHandlerID;@4423521d
200202 022753.766|INFO|Thread-4|dumpPacket|   key: REMOTE_LOGGED_IN_USERS is: [Ledu.csus.ecs.pc2.core.model.ClientId; [Ledu.csus.ecs.pc2.core.model.ClientId;@4b2537c0
200202 022753.766|INFO|Thread-4|dumpPacket|   key: BALLOON_SETTINGS_LIST is: [Ledu.csus.ecs.pc2.core.model.BalloonSettings; [Ledu.csus.ecs.pc2.core.model.BalloonSettings;@1d3e358b
200202 022753.766|INFO|Thread-4|dumpPacket|   key: PROFILE is: edu.csus.ecs.pc2.core.model.Profile Default--8850362861278668655
200202 022753.766|INFO|Thread-4|dumpPacket|   key: RUN_LIST is: [Ledu.csus.ecs.pc2.core.model.Run; [Ledu.csus.ecs.pc2.core.model.Run;@1a3d4423
200202 022753.766|INFO|Thread-4|dumpPacket|   key: PROFILE_LIST is: [Ledu.csus.ecs.pc2.core.model.Profile; [Ledu.csus.ecs.pc2.core.model.Profile;@44505ec3
200202 022753.766|INFO|Thread-4|dumpPacket|   key: LOCAL_LOGGED_IN_USERS is: [Ledu.csus.ecs.pc2.core.model.ClientId; [Ledu.csus.ecs.pc2.core.model.ClientId;@2629fabe
200202 022753.766|INFO|Thread-4|dumpPacket|   key: ACCOUNT_ARRAY is: [Ledu.csus.ecs.pc2.core.model.Account; [Ledu.csus.ecs.pc2.core.model.Account;@4a57119d
200202 022753.766|INFO|Thread-4|dumpPacket|   key: CLIENT_SETTINGS_LIST is: [Ledu.csus.ecs.pc2.core.model.ClientSettings; [Ledu.csus.ecs.pc2.core.model.ClientSettings;@3a3b58a8
200202 022753.767|INFO|Thread-4|dumpPacket|   key: SITE_NUMBER is: java.lang.Integer 1
200202 022753.767|INFO|Thread-4|dumpPacket|   key: SERVER_CLOCK_OFFSET is: java.util.GregorianCalendar java.util.GregorianCalendar[time=1580632073634,areFieldsSet=true,areAllFieldsSet=false,lenient=true,zone=sun.util.calendar.ZoneInfo[id="GMT",offset=0,dstSavings=0,useDaylight=false,transitions=0,lastRule=null],firstDayOfWeek=1,minimalDaysInFirstWeek=1,ERA=1,YEAR=2020,MONTH=1,WEEK_OF_YEAR=6,WEEK_OF_MONTH=2,DAY_OF_MONTH=2,DAY_OF_YEAR=33,DAY_OF_WEEK=1,DAY_OF_WEEK_IN_MONTH=1,AM_PM=0,HOUR=8,HOUR_OF_DAY=8,MINUTE=27,SECOND=53,MILLISECOND=634,ZONE_OFFSET=0,DST_OFFSET=0]
200202 022753.767|INFO|Thread-4|dumpPacket|   key: CONTEST_IDENTIFIER is: java.lang.String Default--8850362861278668655
200202 022753.767|INFO|Thread-4|dumpPacket|   key: CATEGORY_LIST is: [Ledu.csus.ecs.pc2.core.model.Category; [Ledu.csus.ecs.pc2.core.model.Category;@7c5bbf6a
200202 022753.767|INFO|Thread-4|dumpPacket|   key: PROBLEM_DATA_FILES is: [Ledu.csus.ecs.pc2.core.model.ProblemDataFiles; [Ledu.csus.ecs.pc2.core.model.ProblemDataFiles;@154e5655
200202 022753.767|INFO|Thread-4|dumpPacket|   key: PROBLEM_LIST is: [Ledu.csus.ecs.pc2.core.model.Problem; [Ledu.csus.ecs.pc2.core.model.Problem;@67677698
200202 022753.768|INFO|Thread-4|dumpPacket|   key: CLIENT_ID is: edu.csus.ecs.pc2.core.model.ClientId ADMINISTRATOR1 @ site 1
200202 023036.339|CONFIG|AWT-EventQueue-0|setFileHandlers|Now logging to /Users/hunterhan/IdeaProjects/pc2lib/exampleDir/bin/logs directory.
200202 023036.341|INFO|AWT-EventQueue-0|info|
200202 023036.341|INFO|AWT-EventQueue-0|info|Version 9.6.0 () Java ver 1.8.0_221 build 5102 Mac OS X 10.15.2 (x86_64) 
200202 023036.341|INFO|AWT-EventQueue-0|info|Login: administrator1 (aka administrator1)
200202 023036.341|INFO|AWT-EventQueue-0|startLog|Working directory is /Users/hunterhan/IdeaProjects/pc2lib/exampleDir/bin
200202 023036.342|INFO|AWT-EventQueue-0|startLog|Process id is 48563@Hunters-MBP.T-mobile.com
200202 023036.343|INFO|AWT-EventQueue-0|info|Contacting server at localhost:50002 as ADMINISTRATOR1 @ site 0
200202 023036.343|INFO|AWT-EventQueue-0|info|sendLoginRequest start - sending from ADMINISTRATOR1 @ site 0
200202 023036.348|INFO|AWT-EventQueue-0|sendToLocalServer|Sending packet to server Packet[LOGIN_REQUEST] #1 ADMINISTRATOR1 @ site 0 -> SERVER0 @ site 0
200202 023036.349|INFO|Thread-2|run|send(Serializable)
200202 023036.351|INFO|AWT-EventQueue-0|sendToLocalServer|Sent    packet to server Packet[LOGIN_REQUEST] #1 ADMINISTRATOR1 @ site 0 -> SERVER0 @ site 0
200202 023036.351|INFO|AWT-EventQueue-0|info|sendLoginRequest end - packet sent.
200202 023058.156|INFO|Thread-1|connectionDropped|connectionDropped(ConnectionHandlerID myConnectionID) 
200202 023058.162|INFO|Thread-1|info|connectionDropped: shutting down <non-logged in client>
200202 023125.008|CONFIG|AWT-EventQueue-0|setFileHandlers|Now logging to /Users/hunterhan/IdeaProjects/pc2lib/exampleDir/bin/logs directory.
200202 023125.008|INFO|AWT-EventQueue-0|info|
200202 023125.008|INFO|AWT-EventQueue-0|info|Version 9.6.0 () Java ver 1.8.0_221 build 5102 Mac OS X 10.15.2 (x86_64) 
200202 023125.008|INFO|AWT-EventQueue-0|info|Login: administrator1 (aka administrator1)
200202 023125.009|INFO|AWT-EventQueue-0|startLog|Working directory is /Users/hunterhan/IdeaProjects/pc2lib/exampleDir/bin
200202 023125.023|INFO|AWT-EventQueue-0|startLog|Process id is 48577@Hunters-MBP.T-mobile.com
200202 023125.023|INFO|AWT-EventQueue-0|info|Contacting server at localhost:50002 as ADMINISTRATOR1 @ site 0
200202 023125.023|INFO|AWT-EventQueue-0|info|sendLoginRequest start - sending from ADMINISTRATOR1 @ site 0
200202 023125.029|INFO|AWT-EventQueue-0|sendToLocalServer|Sending packet to server Packet[LOGIN_REQUEST] #1 ADMINISTRATOR1 @ site 0 -> SERVER0 @ site 0
200202 023125.031|INFO|Thread-2|run|send(Serializable)
200202 023125.041|INFO|AWT-EventQueue-0|sendToLocalServer|Sent    packet to server Packet[LOGIN_REQUEST] #1 ADMINISTRATOR1 @ site 0 -> SERVER0 @ site 0
200202 023125.041|INFO|AWT-EventQueue-0|info|sendLoginRequest end - packet sent.
200202 023125.100|INFO|Thread-1|receive|public void receive(SealedObject TransportPacket, ConnectionHandlerID connectionHandlerID)
200202 023125.127|INFO|Thread-1|receive|public void receive(SealedObject TransportPacket, ConnectionHandlerID connectionHandlerID)
200202 023125.128|INFO|Thread-3|info| receiveObject(S) start got Packet[LOGIN] #3 SERVER0 @ site 1 -> SERVER0 @ site 0
200202 023125.128|INFO|Thread-3|dumpPacket|Packet LOGIN (Seq #3, o#3 ) recieveObject
200202 023125.130|INFO|Thread-3|dumpPacket|  From: SERVER0 @ site 1, oSERVER0 @ site 1 (Hunters-MBP.T-mobile.com @ 192.168.29.141) (Contest Id: Default--492756242546953852)
200202 023125.130|INFO|Thread-3|dumpPacket|    To: SERVER0 @ site 0
200202 023125.130|INFO|Thread-3|dumpPacket|   key: CLIENT_SETTINGS is: edu.csus.ecs.pc2.core.model.ClientSettings edu.csus.ecs.pc2.core.model.ClientSettings@2165379
200202 023125.131|INFO|Thread-3|dumpPacket|   key: CONNECTION_HANDLE_ID is: edu.csus.ecs.pc2.core.transport.ConnectionHandlerID Socket[addr=/127.0.0.1,port=63960,localport=50002]--4688579572387341614
200202 023125.131|INFO|Thread-3|dumpPacket|   key: CLIENT_ID is: edu.csus.ecs.pc2.core.model.ClientId ADMINISTRATOR1 @ site 1
200202 023125.131|INFO|Thread-3|info|handlePacket start Packet[LOGIN] #3 SERVER0 @ site 1 -> SERVER0 @ site 0
200202 023125.131|INFO|Thread-3|dumpPacket|Packet LOGIN (Seq #3, o#3 ) handlePacket
200202 023125.132|INFO|Thread-3|dumpPacket|  From: SERVER0 @ site 1, oSERVER0 @ site 1 (Hunters-MBP.T-mobile.com @ 192.168.29.141) (Contest Id: Default--492756242546953852)
200202 023125.132|INFO|Thread-3|dumpPacket|    To: SERVER0 @ site 0
200202 023125.132|INFO|Thread-3|dumpPacket|   key: CLIENT_SETTINGS is: edu.csus.ecs.pc2.core.model.ClientSettings edu.csus.ecs.pc2.core.model.ClientSettings@2165379
200202 023125.132|INFO|Thread-3|dumpPacket|   key: CONNECTION_HANDLE_ID is: edu.csus.ecs.pc2.core.transport.ConnectionHandlerID Socket[addr=/127.0.0.1,port=63960,localport=50002]--4688579572387341614
200202 023125.132|INFO|Thread-3|dumpPacket|   key: CLIENT_ID is: edu.csus.ecs.pc2.core.model.ClientId ADMINISTRATOR1 @ site 1
200202 023125.133|INFO|Thread-3|info|Note: got a LOGIN packet before this site was logged in Packet[LOGIN] #3 SERVER0 @ site 1 -> SERVER0 @ site 0
200202 023125.133|INFO|Thread-3|info|handlePacket end Packet[LOGIN] #3 SERVER0 @ site 1 -> SERVER0 @ site 0
200202 023125.134|INFO|Thread-3|info| receiveObject(S) end   got Packet[LOGIN] #3 SERVER0 @ site 1 -> SERVER0 @ site 0
200202 023125.181|INFO|Thread-4|info| receiveObject(S) start got Packet[LOGIN_SUCCESS] #2 SERVER0 @ site 1 -> ADMINISTRATOR1 @ site 1
200202 023125.181|INFO|Thread-4|dumpPacket|Packet LOGIN_SUCCESS (Seq #2, o#2 ) recieveObject
200202 023125.182|INFO|Thread-4|dumpPacket|  From: SERVER0 @ site 1, oSERVER0 @ site 1 (Hunters-MBP.T-mobile.com @ 192.168.29.141) (Contest Id: Default--492756242546953852)
200202 023125.182|INFO|Thread-4|dumpPacket|    To: ADMINISTRATOR1 @ site 1
200202 023125.182|INFO|Thread-4|dumpPacket|   key: JUDGEMENT_LIST is: [Ledu.csus.ecs.pc2.core.model.Judgement; [Ledu.csus.ecs.pc2.core.model.Judgement;@618fb231
200202 023125.182|INFO|Thread-4|dumpPacket|   key: CLARIFICATION_LIST is: [Ledu.csus.ecs.pc2.core.model.Clarification; [Ledu.csus.ecs.pc2.core.model.Clarification;@6f485070
200202 023125.182|INFO|Thread-4|dumpPacket|   key: GENERAL_PROBLEM is: edu.csus.ecs.pc2.core.model.Problem General
200202 023125.182|INFO|Thread-4|dumpPacket|   key: LANGUAGE_LIST is: [Ledu.csus.ecs.pc2.core.model.Language; [Ledu.csus.ecs.pc2.core.model.Language;@6b77d941
200202 023125.182|INFO|Thread-4|dumpPacket|   key: SITE_LIST is: [Ledu.csus.ecs.pc2.core.model.Site; [Ledu.csus.ecs.pc2.core.model.Site;@2e755a4b
200202 023125.182|INFO|Thread-4|dumpPacket|   key: GROUP_LIST is: [Ledu.csus.ecs.pc2.core.model.Group; [Ledu.csus.ecs.pc2.core.model.Group;@32f77b8e
200202 023125.182|INFO|Thread-4|dumpPacket|   key: CONTEST_TIME_LIST is: [Ledu.csus.ecs.pc2.core.model.ContestTime; [Ledu.csus.ecs.pc2.core.model.ContestTime;@1f117670
200202 023125.182|INFO|Thread-4|dumpPacket|   key: CONTEST_INFORMATION is: edu.csus.ecs.pc2.core.model.ContestInformation edu.csus.ecs.pc2.core.model.ContestInformation@4a790902
200202 023125.182|INFO|Thread-4|dumpPacket|   key: CONTEST_TIME is: edu.csus.ecs.pc2.core.model.ContestTime edu.csus.ecs.pc2.core.model.ContestTime@4e5aa504
200202 023125.183|INFO|Thread-4|dumpPacket|   key: CONNECTION_HANDLE_ID_LIST is: [Ledu.csus.ecs.pc2.core.transport.ConnectionHandlerID; [Ledu.csus.ecs.pc2.core.transport.ConnectionHandlerID;@47789c4a
200202 023125.183|INFO|Thread-4|dumpPacket|   key: REMOTE_LOGGED_IN_USERS is: [Ledu.csus.ecs.pc2.core.model.ClientId; [Ledu.csus.ecs.pc2.core.model.ClientId;@53ced023
200202 023125.183|INFO|Thread-4|dumpPacket|   key: BALLOON_SETTINGS_LIST is: [Ledu.csus.ecs.pc2.core.model.BalloonSettings; [Ledu.csus.ecs.pc2.core.model.BalloonSettings;@517de241
200202 023125.183|INFO|Thread-4|dumpPacket|   key: PROFILE is: edu.csus.ecs.pc2.core.model.Profile Default--492756242546953852
200202 023125.183|INFO|Thread-4|dumpPacket|   key: RUN_LIST is: [Ledu.csus.ecs.pc2.core.model.Run; [Ledu.csus.ecs.pc2.core.model.Run;@4a141fef
200202 023125.183|INFO|Thread-4|dumpPacket|   key: PROFILE_LIST is: [Ledu.csus.ecs.pc2.core.model.Profile; [Ledu.csus.ecs.pc2.core.model.Profile;@498d402b
200202 023125.183|INFO|Thread-4|dumpPacket|   key: LOCAL_LOGGED_IN_USERS is: [Ledu.csus.ecs.pc2.core.model.ClientId; [Ledu.csus.ecs.pc2.core.model.ClientId;@6c67cef1
200202 023125.184|INFO|Thread-4|dumpPacket|   key: ACCOUNT_ARRAY is: [Ledu.csus.ecs.pc2.core.model.Account; [Ledu.csus.ecs.pc2.core.model.Account;@52b656d6
200202 023125.184|INFO|Thread-4|dumpPacket|   key: CLIENT_SETTINGS_LIST is: [Ledu.csus.ecs.pc2.core.model.ClientSettings; [Ledu.csus.ecs.pc2.core.model.ClientSettings;@38b7d008
200202 023125.184|INFO|Thread-4|dumpPacket|   key: SITE_NUMBER is: java.lang.Integer 1
200202 023125.184|INFO|Thread-4|dumpPacket|   key: SERVER_CLOCK_OFFSET is: java.util.GregorianCalendar java.util.GregorianCalendar[time=1580632285079,areFieldsSet=true,areAllFieldsSet=false,lenient=true,zone=sun.util.calendar.ZoneInfo[id="GMT",offset=0,dstSavings=0,useDaylight=false,transitions=0,lastRule=null],firstDayOfWeek=1,minimalDaysInFirstWeek=1,ERA=1,YEAR=2020,MONTH=1,WEEK_OF_YEAR=6,WEEK_OF_MONTH=2,DAY_OF_MONTH=2,DAY_OF_YEAR=33,DAY_OF_WEEK=1,DAY_OF_WEEK_IN_MONTH=1,AM_PM=0,HOUR=8,HOUR_OF_DAY=8,MINUTE=31,SECOND=25,MILLISECOND=79,ZONE_OFFSET=0,DST_OFFSET=0]
200202 023125.184|INFO|Thread-4|dumpPacket|   key: CONTEST_IDENTIFIER is: java.lang.String Default--492756242546953852
200202 023125.184|INFO|Thread-4|dumpPacket|   key: CATEGORY_LIST is: [Ledu.csus.ecs.pc2.core.model.Category; [Ledu.csus.ecs.pc2.core.model.Category;@1b18532d
200202 023125.184|INFO|Thread-4|dumpPacket|   key: PROBLEM_DATA_FILES is: [Ledu.csus.ecs.pc2.core.model.ProblemDataFiles; [Ledu.csus.ecs.pc2.core.model.ProblemDataFiles;@49da16f9
200202 023125.184|INFO|Thread-4|dumpPacket|   key: PROBLEM_LIST is: [Ledu.csus.ecs.pc2.core.model.Problem; [Ledu.csus.ecs.pc2.core.model.Problem;@293af9f2
200202 023125.184|INFO|Thread-4|dumpPacket|   key: CLIENT_ID is: edu.csus.ecs.pc2.core.model.ClientId ADMINISTRATOR1 @ site 1
200202 023125.185|INFO|Thread-4|info|handlePacket start Packet[LOGIN_SUCCESS] #2 SERVER0 @ site 1 -> ADMINISTRATOR1 @ site 1
200202 023125.185|INFO|Thread-4|dumpPacket|Packet LOGIN_SUCCESS (Seq #2, o#2 ) handlePacket
200202 023125.185|INFO|Thread-4|dumpPacket|  From: SERVER0 @ site 1, oSERVER0 @ site 1 (Hunters-MBP.T-mobile.com @ 192.168.29.141) (Contest Id: Default--492756242546953852)
200202 023125.185|INFO|Thread-4|dumpPacket|    To: ADMINISTRATOR1 @ site 1
200202 023125.185|INFO|Thread-4|dumpPacket|   key: JUDGEMENT_LIST is: [Ledu.csus.ecs.pc2.core.model.Judgement; [Ledu.csus.ecs.pc2.core.model.Judgement;@618fb231
200202 023125.185|INFO|Thread-4|dumpPacket|   key: CLARIFICATION_LIST is: [Ledu.csus.ecs.pc2.core.model.Clarification; [Ledu.csus.ecs.pc2.core.model.Clarification;@6f485070
200202 023125.185|INFO|Thread-4|dumpPacket|   key: GENERAL_PROBLEM is: edu.csus.ecs.pc2.core.model.Problem General
200202 023125.185|INFO|Thread-4|dumpPacket|   key: LANGUAGE_LIST is: [Ledu.csus.ecs.pc2.core.model.Language; [Ledu.csus.ecs.pc2.core.model.Language;@6b77d941
200202 023125.185|INFO|Thread-4|dumpPacket|   key: SITE_LIST is: [Ledu.csus.ecs.pc2.core.model.Site; [Ledu.csus.ecs.pc2.core.model.Site;@2e755a4b
200202 023125.185|INFO|Thread-4|dumpPacket|   key: GROUP_LIST is: [Ledu.csus.ecs.pc2.core.model.Group; [Ledu.csus.ecs.pc2.core.model.Group;@32f77b8e
200202 023125.185|INFO|Thread-4|dumpPacket|   key: CONTEST_TIME_LIST is: [Ledu.csus.ecs.pc2.core.model.ContestTime; [Ledu.csus.ecs.pc2.core.model.ContestTime;@1f117670
200202 023125.185|INFO|Thread-4|dumpPacket|   key: CONTEST_INFORMATION is: edu.csus.ecs.pc2.core.model.ContestInformation edu.csus.ecs.pc2.core.model.ContestInformation@4a790902
200202 023125.186|INFO|Thread-4|dumpPacket|   key: CONTEST_TIME is: edu.csus.ecs.pc2.core.model.ContestTime edu.csus.ecs.pc2.core.model.ContestTime@4e5aa504
200202 023125.186|INFO|Thread-4|dumpPacket|   key: CONNECTION_HANDLE_ID_LIST is: [Ledu.csus.ecs.pc2.core.transport.ConnectionHandlerID; [Ledu.csus.ecs.pc2.core.transport.ConnectionHandlerID;@47789c4a
200202 023125.186|INFO|Thread-4|dumpPacket|   key: REMOTE_LOGGED_IN_USERS is: [Ledu.csus.ecs.pc2.core.model.ClientId; [Ledu.csus.ecs.pc2.core.model.ClientId;@53ced023
200202 023125.186|INFO|Thread-4|dumpPacket|   key: BALLOON_SETTINGS_LIST is: [Ledu.csus.ecs.pc2.core.model.BalloonSettings; [Ledu.csus.ecs.pc2.core.model.BalloonSettings;@517de241
200202 023125.186|INFO|Thread-4|dumpPacket|   key: PROFILE is: edu.csus.ecs.pc2.core.model.Profile Default--492756242546953852
200202 023125.186|INFO|Thread-4|dumpPacket|   key: RUN_LIST is: [Ledu.csus.ecs.pc2.core.model.Run; [Ledu.csus.ecs.pc2.core.model.Run;@4a141fef
200202 023125.186|INFO|Thread-4|dumpPacket|   key: PROFILE_LIST is: [Ledu.csus.ecs.pc2.core.model.Profile; [Ledu.csus.ecs.pc2.core.model.Profile;@498d402b
200202 023125.186|INFO|Thread-4|dumpPacket|   key: LOCAL_LOGGED_IN_USERS is: [Ledu.csus.ecs.pc2.core.model.ClientId; [Ledu.csus.ecs.pc2.core.model.ClientId;@6c67cef1
200202 023125.186|INFO|Thread-4|dumpPacket|   key: ACCOUNT_ARRAY is: [Ledu.csus.ecs.pc2.core.model.Account; [Ledu.csus.ecs.pc2.core.model.Account;@52b656d6
200202 023125.186|INFO|Thread-4|dumpPacket|   key: CLIENT_SETTINGS_LIST is: [Ledu.csus.ecs.pc2.core.model.ClientSettings; [Ledu.csus.ecs.pc2.core.model.ClientSettings;@38b7d008
200202 023125.187|INFO|Thread-4|dumpPacket|   key: SITE_NUMBER is: java.lang.Integer 1
200202 023125.187|INFO|Thread-4|dumpPacket|   key: SERVER_CLOCK_OFFSET is: java.util.GregorianCalendar java.util.GregorianCalendar[time=1580632285079,areFieldsSet=true,areAllFieldsSet=false,lenient=true,zone=sun.util.calendar.ZoneInfo[id="GMT",offset=0,dstSavings=0,useDaylight=false,transitions=0,lastRule=null],firstDayOfWeek=1,minimalDaysInFirstWeek=1,ERA=1,YEAR=2020,MONTH=1,WEEK_OF_YEAR=6,WEEK_OF_MONTH=2,DAY_OF_MONTH=2,DAY_OF_YEAR=33,DAY_OF_WEEK=1,DAY_OF_WEEK_IN_MONTH=1,AM_PM=0,HOUR=8,HOUR_OF_DAY=8,MINUTE=31,SECOND=25,MILLISECOND=79,ZONE_OFFSET=0,DST_OFFSET=0]
200202 023125.187|INFO|Thread-4|dumpPacket|   key: CONTEST_IDENTIFIER is: java.lang.String Default--492756242546953852
200202 023125.187|INFO|Thread-4|dumpPacket|   key: CATEGORY_LIST is: [Ledu.csus.ecs.pc2.core.model.Category; [Ledu.csus.ecs.pc2.core.model.Category;@1b18532d
200202 023125.187|INFO|Thread-4|dumpPacket|   key: PROBLEM_DATA_FILES is: [Ledu.csus.ecs.pc2.core.model.ProblemDataFiles; [Ledu.csus.ecs.pc2.core.model.ProblemDataFiles;@49da16f9
200202 023125.187|INFO|Thread-4|dumpPacket|   key: PROBLEM_LIST is: [Ledu.csus.ecs.pc2.core.model.Problem; [Ledu.csus.ecs.pc2.core.model.Problem;@293af9f2
200202 023125.187|INFO|Thread-4|dumpPacket|   key: CLIENT_ID is: edu.csus.ecs.pc2.core.model.ClientId ADMINISTRATOR1 @ site 1
