200110 145757.762|CONFIG|AWT-EventQueue-0|setFileHandlers|Now logging to /Users/hunterhan/Desktop/pc2-9.6.0-1-10-20/bin/logs directory.
200110 145757.762|INFO|AWT-EventQueue-0|info|
200110 145757.762|INFO|AWT-EventQueue-0|info|Version 9.6.0 20190102 (Wednesday, January 2nd 2019 01:20 UTC) Java ver 1.8.0_221 build 5102 Mac OS X 10.15.2 (x86_64) 
200110 145757.762|INFO|AWT-EventQueue-0|info|Login: administrator1 (aka administrator1)
200110 145757.762|INFO|AWT-EventQueue-0|startLog|Working directory is /Users/hunterhan/Desktop/pc2-9.6.0-1-10-20/bin
200110 145757.764|INFO|AWT-EventQueue-0|startLog|Process id is 7323@Hunters-MacBook-Pro.local
200110 145757.764|INFO|AWT-EventQueue-0|info|Contacting server at 192.168.1.3:50002 as ADMINISTRATOR1 @ site 0
200110 145757.764|INFO|AWT-EventQueue-0|info|sendLoginRequest start - sending from ADMINISTRATOR1 @ site 0
200110 145757.764|INFO|AWT-EventQueue-0|sendToLocalServer|Sending packet to server Packet[LOGIN_REQUEST] #3 ADMINISTRATOR1 @ site 0 -> SERVER0 @ site 0
200110 145757.765|INFO|AWT-EventQueue-0|sendToLocalServer|Sent    packet to server Packet[LOGIN_REQUEST] #3 ADMINISTRATOR1 @ site 0 -> SERVER0 @ site 0
200110 145757.765|INFO|Thread-6|run|send(Serializable)
200110 145757.765|INFO|AWT-EventQueue-0|info|sendLoginRequest end - packet sent.
200110 145757.805|INFO|Thread-1|receive|public void receive(SealedObject TransportPacket, ConnectionHandlerID connectionHandlerID)
200110 145757.841|INFO|Thread-7|info| receiveObject(S) start got Packet[LOGIN] #5 SERVER0 @ site 1 -> SERVER0 @ site 0
200110 145757.841|INFO|Thread-7|dumpPacket|Packet LOGIN (Seq #5, o#5 ) recieveObject
200110 145757.842|INFO|Thread-7|dumpPacket|  From: SERVER0 @ site 1, oSERVER0 @ site 1 (Hunters-MacBook-Pro.local @ 127.0.0.1) (Contest Id: Default-3586998405885201546)
200110 145757.842|INFO|Thread-7|dumpPacket|    To: SERVER0 @ site 0
200110 145757.842|INFO|Thread-7|dumpPacket|   key: CLIENT_SETTINGS is: edu.csus.ecs.pc2.core.model.ClientSettings edu.csus.ecs.pc2.core.model.ClientSettings@54a3062
200110 145757.842|INFO|Thread-7|dumpPacket|   key: CONNECTION_HANDLE_ID is: edu.csus.ecs.pc2.core.transport.ConnectionHandlerID Socket[addr=/192.168.1.3,port=52508,localport=50002]--7139026335819359288
200110 145757.843|INFO|Thread-7|dumpPacket|   key: CLIENT_ID is: edu.csus.ecs.pc2.core.model.ClientId ADMINISTRATOR1 @ site 1
200110 145757.843|INFO|Thread-7|info|handlePacket start Packet[LOGIN] #5 SERVER0 @ site 1 -> SERVER0 @ site 0
200110 145757.843|INFO|Thread-7|dumpPacket|Packet LOGIN (Seq #5, o#5 ) handlePacket
200110 145757.843|INFO|Thread-7|dumpPacket|  From: SERVER0 @ site 1, oSERVER0 @ site 1 (Hunters-MacBook-Pro.local @ 127.0.0.1) (Contest Id: Default-3586998405885201546)
200110 145757.844|INFO|Thread-7|dumpPacket|    To: SERVER0 @ site 0
200110 145757.844|INFO|Thread-7|dumpPacket|   key: CLIENT_SETTINGS is: edu.csus.ecs.pc2.core.model.ClientSettings edu.csus.ecs.pc2.core.model.ClientSettings@54a3062
200110 145757.845|INFO|Thread-7|dumpPacket|   key: CONNECTION_HANDLE_ID is: edu.csus.ecs.pc2.core.transport.ConnectionHandlerID Socket[addr=/192.168.1.3,port=52508,localport=50002]--7139026335819359288
200110 145757.846|INFO|Thread-7|dumpPacket|   key: CLIENT_ID is: edu.csus.ecs.pc2.core.model.ClientId ADMINISTRATOR1 @ site 1
200110 145757.847|INFO|Thread-7|info|Note: got a LOGIN packet before this site was logged in Packet[LOGIN] #5 SERVER0 @ site 1 -> SERVER0 @ site 0
200110 145757.847|INFO|Thread-7|info|handlePacket end Packet[LOGIN] #5 SERVER0 @ site 1 -> SERVER0 @ site 0
200110 145757.847|INFO|Thread-7|info| receiveObject(S) end   got Packet[LOGIN] #5 SERVER0 @ site 1 -> SERVER0 @ site 0
200110 145757.847|INFO|Thread-1|receive|public void receive(SealedObject TransportPacket, ConnectionHandlerID connectionHandlerID)
200110 145757.900|INFO|Thread-8|info| receiveObject(S) start got Packet[LOGIN_SUCCESS] #4 SERVER0 @ site 1 -> ADMINISTRATOR1 @ site 1
200110 145757.900|INFO|Thread-8|dumpPacket|Packet LOGIN_SUCCESS (Seq #4, o#4 ) recieveObject
200110 145757.900|INFO|Thread-8|dumpPacket|  From: SERVER0 @ site 1, oSERVER0 @ site 1 (Hunters-MacBook-Pro.local @ 127.0.0.1) (Contest Id: Default-3586998405885201546)
200110 145757.900|INFO|Thread-8|dumpPacket|    To: ADMINISTRATOR1 @ site 1
200110 145757.900|INFO|Thread-8|dumpPacket|   key: JUDGEMENT_LIST is: [Ledu.csus.ecs.pc2.core.model.Judgement; [Ledu.csus.ecs.pc2.core.model.Judgement;@2691405f
200110 145757.901|INFO|Thread-8|dumpPacket|   key: CLARIFICATION_LIST is: [Ledu.csus.ecs.pc2.core.model.Clarification; [Ledu.csus.ecs.pc2.core.model.Clarification;@2856aafd
200110 145757.901|INFO|Thread-8|dumpPacket|   key: GENERAL_PROBLEM is: edu.csus.ecs.pc2.core.model.Problem General
200110 145757.901|INFO|Thread-8|dumpPacket|   key: LANGUAGE_LIST is: [Ledu.csus.ecs.pc2.core.model.Language; [Ledu.csus.ecs.pc2.core.model.Language;@2c692b2f
200110 145757.901|INFO|Thread-8|dumpPacket|   key: SITE_LIST is: [Ledu.csus.ecs.pc2.core.model.Site; [Ledu.csus.ecs.pc2.core.model.Site;@696ba0c6
200110 145757.901|INFO|Thread-8|dumpPacket|   key: GROUP_LIST is: [Ledu.csus.ecs.pc2.core.model.Group; [Ledu.csus.ecs.pc2.core.model.Group;@45d4860c
200110 145757.901|INFO|Thread-8|dumpPacket|   key: CONTEST_TIME_LIST is: [Ledu.csus.ecs.pc2.core.model.ContestTime; [Ledu.csus.ecs.pc2.core.model.ContestTime;@5848cd09
200110 145757.901|INFO|Thread-8|dumpPacket|   key: CONTEST_INFORMATION is: edu.csus.ecs.pc2.core.model.ContestInformation edu.csus.ecs.pc2.core.model.ContestInformation@3d1db57c
200110 145757.901|INFO|Thread-8|dumpPacket|   key: CONTEST_TIME is: edu.csus.ecs.pc2.core.model.ContestTime edu.csus.ecs.pc2.core.model.ContestTime@9445f89
200110 145757.901|INFO|Thread-8|dumpPacket|   key: CONNECTION_HANDLE_ID_LIST is: [Ledu.csus.ecs.pc2.core.transport.ConnectionHandlerID; [Ledu.csus.ecs.pc2.core.transport.ConnectionHandlerID;@68414c4b
200110 145757.901|INFO|Thread-8|dumpPacket|   key: REMOTE_LOGGED_IN_USERS is: [Ledu.csus.ecs.pc2.core.model.ClientId; [Ledu.csus.ecs.pc2.core.model.ClientId;@76ffe4cf
200110 145757.902|INFO|Thread-8|dumpPacket|   key: BALLOON_SETTINGS_LIST is: [Ledu.csus.ecs.pc2.core.model.BalloonSettings; [Ledu.csus.ecs.pc2.core.model.BalloonSettings;@26191939
200110 145757.902|INFO|Thread-8|dumpPacket|   key: PROFILE is: edu.csus.ecs.pc2.core.model.Profile Default-6487112501776802790
200110 145757.902|INFO|Thread-8|dumpPacket|   key: RUN_LIST is: [Ledu.csus.ecs.pc2.core.model.Run; [Ledu.csus.ecs.pc2.core.model.Run;@d0aa264
200110 145757.902|INFO|Thread-8|dumpPacket|   key: PROFILE_LIST is: [Ledu.csus.ecs.pc2.core.model.Profile; [Ledu.csus.ecs.pc2.core.model.Profile;@6f4b949a
200110 145757.902|INFO|Thread-8|dumpPacket|   key: LOCAL_LOGGED_IN_USERS is: [Ledu.csus.ecs.pc2.core.model.ClientId; [Ledu.csus.ecs.pc2.core.model.ClientId;@669bdc20
200110 145757.902|INFO|Thread-8|dumpPacket|   key: ACCOUNT_ARRAY is: [Ledu.csus.ecs.pc2.core.model.Account; [Ledu.csus.ecs.pc2.core.model.Account;@825d11b
200110 145757.902|INFO|Thread-8|dumpPacket|   key: CLIENT_SETTINGS_LIST is: [Ledu.csus.ecs.pc2.core.model.ClientSettings; [Ledu.csus.ecs.pc2.core.model.ClientSettings;@50644bf9
200110 145757.902|INFO|Thread-8|dumpPacket|   key: SITE_NUMBER is: java.lang.Integer 1
200110 145757.902|INFO|Thread-8|dumpPacket|   key: SERVER_CLOCK_OFFSET is: java.util.GregorianCalendar java.util.GregorianCalendar[time=1578689877780,areFieldsSet=true,areAllFieldsSet=false,lenient=true,zone=sun.util.calendar.ZoneInfo[id="GMT",offset=0,dstSavings=0,useDaylight=false,transitions=0,lastRule=null],firstDayOfWeek=1,minimalDaysInFirstWeek=1,ERA=1,YEAR=2020,MONTH=0,WEEK_OF_YEAR=2,WEEK_OF_MONTH=2,DAY_OF_MONTH=10,DAY_OF_YEAR=10,DAY_OF_WEEK=6,DAY_OF_WEEK_IN_MONTH=2,AM_PM=1,HOUR=8,HOUR_OF_DAY=20,MINUTE=57,SECOND=57,MILLISECOND=780,ZONE_OFFSET=0,DST_OFFSET=0]
200110 145757.903|INFO|Thread-8|dumpPacket|   key: CONTEST_IDENTIFIER is: java.lang.String Default-3586998405885201546
200110 145757.903|INFO|Thread-8|dumpPacket|   key: CATEGORY_LIST is: [Ledu.csus.ecs.pc2.core.model.Category; [Ledu.csus.ecs.pc2.core.model.Category;@63b8ea2b
200110 145757.903|INFO|Thread-8|dumpPacket|   key: PROBLEM_DATA_FILES is: [Ledu.csus.ecs.pc2.core.model.ProblemDataFiles; [Ledu.csus.ecs.pc2.core.model.ProblemDataFiles;@5b7a40a0
200110 145757.903|INFO|Thread-8|dumpPacket|   key: PROBLEM_LIST is: [Ledu.csus.ecs.pc2.core.model.Problem; [Ledu.csus.ecs.pc2.core.model.Problem;@7df1ffdd
200110 145757.903|INFO|Thread-8|dumpPacket|   key: CLIENT_ID is: edu.csus.ecs.pc2.core.model.ClientId ADMINISTRATOR1 @ site 1
200110 145757.903|INFO|Thread-8|info|handlePacket start Packet[LOGIN_SUCCESS] #4 SERVER0 @ site 1 -> ADMINISTRATOR1 @ site 1
200110 145757.903|INFO|Thread-8|dumpPacket|Packet LOGIN_SUCCESS (Seq #4, o#4 ) handlePacket
200110 145757.903|INFO|Thread-8|dumpPacket|  From: SERVER0 @ site 1, oSERVER0 @ site 1 (Hunters-MacBook-Pro.local @ 127.0.0.1) (Contest Id: Default-3586998405885201546)
200110 145757.903|INFO|Thread-8|dumpPacket|    To: ADMINISTRATOR1 @ site 1
200110 145757.904|INFO|Thread-8|dumpPacket|   key: JUDGEMENT_LIST is: [Ledu.csus.ecs.pc2.core.model.Judgement; [Ledu.csus.ecs.pc2.core.model.Judgement;@2691405f
200110 145757.904|INFO|Thread-8|dumpPacket|   key: CLARIFICATION_LIST is: [Ledu.csus.ecs.pc2.core.model.Clarification; [Ledu.csus.ecs.pc2.core.model.Clarification;@2856aafd
200110 145757.904|INFO|Thread-8|dumpPacket|   key: GENERAL_PROBLEM is: edu.csus.ecs.pc2.core.model.Problem General
200110 145757.904|INFO|Thread-8|dumpPacket|   key: LANGUAGE_LIST is: [Ledu.csus.ecs.pc2.core.model.Language; [Ledu.csus.ecs.pc2.core.model.Language;@2c692b2f
200110 145757.904|INFO|Thread-8|dumpPacket|   key: SITE_LIST is: [Ledu.csus.ecs.pc2.core.model.Site; [Ledu.csus.ecs.pc2.core.model.Site;@696ba0c6
200110 145757.904|INFO|Thread-8|dumpPacket|   key: GROUP_LIST is: [Ledu.csus.ecs.pc2.core.model.Group; [Ledu.csus.ecs.pc2.core.model.Group;@45d4860c
200110 145757.904|INFO|Thread-8|dumpPacket|   key: CONTEST_TIME_LIST is: [Ledu.csus.ecs.pc2.core.model.ContestTime; [Ledu.csus.ecs.pc2.core.model.ContestTime;@5848cd09
200110 145757.904|INFO|Thread-8|dumpPacket|   key: CONTEST_INFORMATION is: edu.csus.ecs.pc2.core.model.ContestInformation edu.csus.ecs.pc2.core.model.ContestInformation@3d1db57c
200110 145757.904|INFO|Thread-8|dumpPacket|   key: CONTEST_TIME is: edu.csus.ecs.pc2.core.model.ContestTime edu.csus.ecs.pc2.core.model.ContestTime@9445f89
200110 145757.904|INFO|Thread-8|dumpPacket|   key: CONNECTION_HANDLE_ID_LIST is: [Ledu.csus.ecs.pc2.core.transport.ConnectionHandlerID; [Ledu.csus.ecs.pc2.core.transport.ConnectionHandlerID;@68414c4b
200110 145757.905|INFO|Thread-8|dumpPacket|   key: REMOTE_LOGGED_IN_USERS is: [Ledu.csus.ecs.pc2.core.model.ClientId; [Ledu.csus.ecs.pc2.core.model.ClientId;@76ffe4cf
200110 145757.905|INFO|Thread-8|dumpPacket|   key: BALLOON_SETTINGS_LIST is: [Ledu.csus.ecs.pc2.core.model.BalloonSettings; [Ledu.csus.ecs.pc2.core.model.BalloonSettings;@26191939
200110 145757.905|INFO|Thread-8|dumpPacket|   key: PROFILE is: edu.csus.ecs.pc2.core.model.Profile Default-6487112501776802790
200110 145757.905|INFO|Thread-8|dumpPacket|   key: RUN_LIST is: [Ledu.csus.ecs.pc2.core.model.Run; [Ledu.csus.ecs.pc2.core.model.Run;@d0aa264
200110 145757.905|INFO|Thread-8|dumpPacket|   key: PROFILE_LIST is: [Ledu.csus.ecs.pc2.core.model.Profile; [Ledu.csus.ecs.pc2.core.model.Profile;@6f4b949a
200110 145757.905|INFO|Thread-8|dumpPacket|   key: LOCAL_LOGGED_IN_USERS is: [Ledu.csus.ecs.pc2.core.model.ClientId; [Ledu.csus.ecs.pc2.core.model.ClientId;@669bdc20
200110 145757.905|INFO|Thread-8|dumpPacket|   key: ACCOUNT_ARRAY is: [Ledu.csus.ecs.pc2.core.model.Account; [Ledu.csus.ecs.pc2.core.model.Account;@825d11b
200110 145757.905|INFO|Thread-8|dumpPacket|   key: CLIENT_SETTINGS_LIST is: [Ledu.csus.ecs.pc2.core.model.ClientSettings; [Ledu.csus.ecs.pc2.core.model.ClientSettings;@50644bf9
200110 145757.905|INFO|Thread-8|dumpPacket|   key: SITE_NUMBER is: java.lang.Integer 1
200110 145757.905|INFO|Thread-8|dumpPacket|   key: SERVER_CLOCK_OFFSET is: java.util.GregorianCalendar java.util.GregorianCalendar[time=1578689877780,areFieldsSet=true,areAllFieldsSet=false,lenient=true,zone=sun.util.calendar.ZoneInfo[id="GMT",offset=0,dstSavings=0,useDaylight=false,transitions=0,lastRule=null],firstDayOfWeek=1,minimalDaysInFirstWeek=1,ERA=1,YEAR=2020,MONTH=0,WEEK_OF_YEAR=2,WEEK_OF_MONTH=2,DAY_OF_MONTH=10,DAY_OF_YEAR=10,DAY_OF_WEEK=6,DAY_OF_WEEK_IN_MONTH=2,AM_PM=1,HOUR=8,HOUR_OF_DAY=20,MINUTE=57,SECOND=57,MILLISECOND=780,ZONE_OFFSET=0,DST_OFFSET=0]
200110 145757.905|INFO|Thread-8|dumpPacket|   key: CONTEST_IDENTIFIER is: java.lang.String Default-3586998405885201546
200110 145757.906|INFO|Thread-8|dumpPacket|   key: CATEGORY_LIST is: [Ledu.csus.ecs.pc2.core.model.Category; [Ledu.csus.ecs.pc2.core.model.Category;@63b8ea2b
200110 145757.906|INFO|Thread-8|dumpPacket|   key: PROBLEM_DATA_FILES is: [Ledu.csus.ecs.pc2.core.model.ProblemDataFiles; [Ledu.csus.ecs.pc2.core.model.ProblemDataFiles;@5b7a40a0
200110 145757.906|INFO|Thread-8|dumpPacket|   key: PROBLEM_LIST is: [Ledu.csus.ecs.pc2.core.model.Problem; [Ledu.csus.ecs.pc2.core.model.Problem;@7df1ffdd
200110 145757.906|INFO|Thread-8|dumpPacket|   key: CLIENT_ID is: edu.csus.ecs.pc2.core.model.ClientId ADMINISTRATOR1 @ site 1
200110 150210.350|INFO|Thread-1|receive|public void receive(SealedObject TransportPacket, ConnectionHandlerID connectionHandlerID)
200110 150256.048|INFO|Thread-10|run|send(Serializable)
200110 150256.130|INFO|Thread-1|receive|public void receive(SealedObject TransportPacket, ConnectionHandlerID connectionHandlerID)
200110 150303.340|INFO|Thread-1|receive|public void receive(SealedObject TransportPacket, ConnectionHandlerID connectionHandlerID)
200110 150317.824|INFO|Thread-1|receive|public void receive(SealedObject TransportPacket, ConnectionHandlerID connectionHandlerID)
200110 150317.828|INFO|Thread-1|receive|public void receive(SealedObject TransportPacket, ConnectionHandlerID connectionHandlerID)
200117 144900.502|CONFIG|AWT-EventQueue-0|setFileHandlers|Now logging to /Users/hunterhan/Desktop/pc2-9.6.0-1-10-20/bin/logs directory.
200117 144900.503|INFO|AWT-EventQueue-0|info|
200117 144900.504|INFO|AWT-EventQueue-0|info|Version 9.6.0 20190102 (Wednesday, January 2nd 2019 01:20 UTC) Java ver 1.8.0_221 build 5102 Mac OS X 10.15.2 (x86_64) 
200117 144900.504|INFO|AWT-EventQueue-0|info|Login: administrator1 (aka administrator1)
200117 144900.504|INFO|AWT-EventQueue-0|startLog|Working directory is /Users/hunterhan/Desktop/pc2-9.6.0-1-10-20/bin
200117 144900.509|INFO|AWT-EventQueue-0|startLog|Process id is 40816@Daniels-iPhone.District.FBISD.local
200117 144900.510|INFO|AWT-EventQueue-0|info|Contacting server at localhost:50002 as ADMINISTRATOR1 @ site 0
200117 144900.510|INFO|AWT-EventQueue-0|info|sendLoginRequest start - sending from ADMINISTRATOR1 @ site 0
200117 144900.510|INFO|AWT-EventQueue-0|sendToLocalServer|Sending packet to server Packet[LOGIN_REQUEST] #2 ADMINISTRATOR1 @ site 0 -> SERVER0 @ site 0
200117 144900.510|INFO|AWT-EventQueue-0|sendToLocalServer|Sent    packet to server Packet[LOGIN_REQUEST] #2 ADMINISTRATOR1 @ site 0 -> SERVER0 @ site 0
200117 144900.510|INFO|Thread-4|run|send(Serializable)
200117 144900.511|INFO|AWT-EventQueue-0|info|sendLoginRequest end - packet sent.
200117 144900.562|INFO|Thread-1|receive|public void receive(SealedObject TransportPacket, ConnectionHandlerID connectionHandlerID)
200117 144900.605|INFO|Thread-5|info| receiveObject(S) start got Packet[LOGIN] #4 SERVER0 @ site 1 -> SERVER0 @ site 0
200117 144900.605|INFO|Thread-5|dumpPacket|Packet LOGIN (Seq #4, o#4 ) recieveObject
200117 144900.606|INFO|Thread-5|dumpPacket|  From: SERVER0 @ site 1, oSERVER0 @ site 1 (Daniels-iPhone.District.FBISD.local @ 10.95.96.41) (Contest Id: Default-5053916771268647617)
200117 144900.606|INFO|Thread-5|dumpPacket|    To: SERVER0 @ site 0
200117 144900.606|INFO|Thread-5|dumpPacket|   key: CLIENT_SETTINGS is: edu.csus.ecs.pc2.core.model.ClientSettings edu.csus.ecs.pc2.core.model.ClientSettings@64af43fd
200117 144900.607|INFO|Thread-5|dumpPacket|   key: CONNECTION_HANDLE_ID is: edu.csus.ecs.pc2.core.transport.ConnectionHandlerID Socket[addr=/127.0.0.1,port=59324,localport=50002]-4577803149575570317
200117 144900.607|INFO|Thread-5|dumpPacket|   key: CLIENT_ID is: edu.csus.ecs.pc2.core.model.ClientId ADMINISTRATOR1 @ site 1
200117 144900.607|INFO|Thread-5|info|handlePacket start Packet[LOGIN] #4 SERVER0 @ site 1 -> SERVER0 @ site 0
200117 144900.607|INFO|Thread-5|dumpPacket|Packet LOGIN (Seq #4, o#4 ) handlePacket
200117 144900.608|INFO|Thread-5|dumpPacket|  From: SERVER0 @ site 1, oSERVER0 @ site 1 (Daniels-iPhone.District.FBISD.local @ 10.95.96.41) (Contest Id: Default-5053916771268647617)
200117 144900.608|INFO|Thread-5|dumpPacket|    To: SERVER0 @ site 0
200117 144900.608|INFO|Thread-5|dumpPacket|   key: CLIENT_SETTINGS is: edu.csus.ecs.pc2.core.model.ClientSettings edu.csus.ecs.pc2.core.model.ClientSettings@64af43fd
200117 144900.608|INFO|Thread-5|dumpPacket|   key: CONNECTION_HANDLE_ID is: edu.csus.ecs.pc2.core.transport.ConnectionHandlerID Socket[addr=/127.0.0.1,port=59324,localport=50002]-4577803149575570317
200117 144900.609|INFO|Thread-5|dumpPacket|   key: CLIENT_ID is: edu.csus.ecs.pc2.core.model.ClientId ADMINISTRATOR1 @ site 1
200117 144900.609|INFO|Thread-1|receive|public void receive(SealedObject TransportPacket, ConnectionHandlerID connectionHandlerID)
200117 144900.609|INFO|Thread-5|info|Note: got a LOGIN packet before this site was logged in Packet[LOGIN] #4 SERVER0 @ site 1 -> SERVER0 @ site 0
200117 144900.609|INFO|Thread-5|info|handlePacket end Packet[LOGIN] #4 SERVER0 @ site 1 -> SERVER0 @ site 0
200117 144900.609|INFO|Thread-5|info| receiveObject(S) end   got Packet[LOGIN] #4 SERVER0 @ site 1 -> SERVER0 @ site 0
200117 144900.682|INFO|Thread-6|info| receiveObject(S) start got Packet[LOGIN_SUCCESS] #3 SERVER0 @ site 1 -> ADMINISTRATOR1 @ site 1
200117 144900.682|INFO|Thread-6|dumpPacket|Packet LOGIN_SUCCESS (Seq #3, o#3 ) recieveObject
200117 144900.682|INFO|Thread-6|dumpPacket|  From: SERVER0 @ site 1, oSERVER0 @ site 1 (Daniels-iPhone.District.FBISD.local @ 10.95.96.41) (Contest Id: Default-5053916771268647617)
200117 144900.682|INFO|Thread-6|dumpPacket|    To: ADMINISTRATOR1 @ site 1
200117 144900.682|INFO|Thread-6|dumpPacket|   key: JUDGEMENT_LIST is: [Ledu.csus.ecs.pc2.core.model.Judgement; [Ledu.csus.ecs.pc2.core.model.Judgement;@9186d4b
200117 144900.682|INFO|Thread-6|dumpPacket|   key: CLARIFICATION_LIST is: [Ledu.csus.ecs.pc2.core.model.Clarification; [Ledu.csus.ecs.pc2.core.model.Clarification;@7df9218
200117 144900.682|INFO|Thread-6|dumpPacket|   key: GENERAL_PROBLEM is: edu.csus.ecs.pc2.core.model.Problem General
200117 144900.683|INFO|Thread-6|dumpPacket|   key: LANGUAGE_LIST is: [Ledu.csus.ecs.pc2.core.model.Language; [Ledu.csus.ecs.pc2.core.model.Language;@3e0063b
200117 144900.683|INFO|Thread-6|dumpPacket|   key: SITE_LIST is: [Ledu.csus.ecs.pc2.core.model.Site; [Ledu.csus.ecs.pc2.core.model.Site;@46e29823
200117 144900.683|INFO|Thread-6|dumpPacket|   key: GROUP_LIST is: [Ledu.csus.ecs.pc2.core.model.Group; [Ledu.csus.ecs.pc2.core.model.Group;@c5ac781
200117 144900.683|INFO|Thread-6|dumpPacket|   key: CONTEST_TIME_LIST is: [Ledu.csus.ecs.pc2.core.model.ContestTime; [Ledu.csus.ecs.pc2.core.model.ContestTime;@776edb40
200117 144900.683|INFO|Thread-6|dumpPacket|   key: CONTEST_INFORMATION is: edu.csus.ecs.pc2.core.model.ContestInformation edu.csus.ecs.pc2.core.model.ContestInformation@743cda48
200117 144900.683|INFO|Thread-6|dumpPacket|   key: CONTEST_TIME is: edu.csus.ecs.pc2.core.model.ContestTime edu.csus.ecs.pc2.core.model.ContestTime@26cd676c
200117 144900.683|INFO|Thread-6|dumpPacket|   key: CONNECTION_HANDLE_ID_LIST is: [Ledu.csus.ecs.pc2.core.transport.ConnectionHandlerID; [Ledu.csus.ecs.pc2.core.transport.ConnectionHandlerID;@7c71cafb
200117 144900.683|INFO|Thread-6|dumpPacket|   key: REMOTE_LOGGED_IN_USERS is: [Ledu.csus.ecs.pc2.core.model.ClientId; [Ledu.csus.ecs.pc2.core.model.ClientId;@7dc4baee
200117 144900.684|INFO|Thread-6|dumpPacket|   key: BALLOON_SETTINGS_LIST is: [Ledu.csus.ecs.pc2.core.model.BalloonSettings; [Ledu.csus.ecs.pc2.core.model.BalloonSettings;@6f38d184
200117 144900.684|INFO|Thread-6|dumpPacket|   key: PROFILE is: edu.csus.ecs.pc2.core.model.Profile Default-3586998405885201546
200117 144900.684|INFO|Thread-6|dumpPacket|   key: RUN_LIST is: [Ledu.csus.ecs.pc2.core.model.Run; [Ledu.csus.ecs.pc2.core.model.Run;@22833d08
200117 144900.684|INFO|Thread-6|dumpPacket|   key: PROFILE_LIST is: [Ledu.csus.ecs.pc2.core.model.Profile; [Ledu.csus.ecs.pc2.core.model.Profile;@50d71db1
200117 144900.684|INFO|Thread-6|dumpPacket|   key: LOCAL_LOGGED_IN_USERS is: [Ledu.csus.ecs.pc2.core.model.ClientId; [Ledu.csus.ecs.pc2.core.model.ClientId;@81cde8f
200117 144900.684|INFO|Thread-6|dumpPacket|   key: ACCOUNT_ARRAY is: [Ledu.csus.ecs.pc2.core.model.Account; [Ledu.csus.ecs.pc2.core.model.Account;@21819af9
200117 144900.684|INFO|Thread-6|dumpPacket|   key: CLIENT_SETTINGS_LIST is: [Ledu.csus.ecs.pc2.core.model.ClientSettings; [Ledu.csus.ecs.pc2.core.model.ClientSettings;@1a5188bc
200117 144900.685|INFO|Thread-6|dumpPacket|   key: SITE_NUMBER is: java.lang.Integer 1
200117 144900.685|INFO|Thread-6|dumpPacket|   key: SERVER_CLOCK_OFFSET is: java.util.GregorianCalendar java.util.GregorianCalendar[time=1579294140523,areFieldsSet=true,areAllFieldsSet=false,lenient=true,zone=sun.util.calendar.ZoneInfo[id="GMT",offset=0,dstSavings=0,useDaylight=false,transitions=0,lastRule=null],firstDayOfWeek=1,minimalDaysInFirstWeek=1,ERA=1,YEAR=2020,MONTH=0,WEEK_OF_YEAR=3,WEEK_OF_MONTH=3,DAY_OF_MONTH=17,DAY_OF_YEAR=17,DAY_OF_WEEK=6,DAY_OF_WEEK_IN_MONTH=3,AM_PM=1,HOUR=8,HOUR_OF_DAY=20,MINUTE=49,SECOND=0,MILLISECOND=523,ZONE_OFFSET=0,DST_OFFSET=0]
200117 144900.685|INFO|Thread-6|dumpPacket|   key: CONTEST_IDENTIFIER is: java.lang.String Default-5053916771268647617
200117 144900.685|INFO|Thread-6|dumpPacket|   key: CATEGORY_LIST is: [Ledu.csus.ecs.pc2.core.model.Category; [Ledu.csus.ecs.pc2.core.model.Category;@720334d2
200117 144900.685|INFO|Thread-6|dumpPacket|   key: PROBLEM_DATA_FILES is: [Ledu.csus.ecs.pc2.core.model.ProblemDataFiles; [Ledu.csus.ecs.pc2.core.model.ProblemDataFiles;@1c0564bb
200117 144900.686|INFO|Thread-6|dumpPacket|   key: PROBLEM_LIST is: [Ledu.csus.ecs.pc2.core.model.Problem; [Ledu.csus.ecs.pc2.core.model.Problem;@317e6390
200117 144900.686|INFO|Thread-6|dumpPacket|   key: CLIENT_ID is: edu.csus.ecs.pc2.core.model.ClientId ADMINISTRATOR1 @ site 1
200117 144900.686|INFO|Thread-6|info|handlePacket start Packet[LOGIN_SUCCESS] #3 SERVER0 @ site 1 -> ADMINISTRATOR1 @ site 1
200117 144900.686|INFO|Thread-6|dumpPacket|Packet LOGIN_SUCCESS (Seq #3, o#3 ) handlePacket
200117 144900.686|INFO|Thread-6|dumpPacket|  From: SERVER0 @ site 1, oSERVER0 @ site 1 (Daniels-iPhone.District.FBISD.local @ 10.95.96.41) (Contest Id: Default-5053916771268647617)
200117 144900.686|INFO|Thread-6|dumpPacket|    To: ADMINISTRATOR1 @ site 1
200117 144900.687|INFO|Thread-6|dumpPacket|   key: JUDGEMENT_LIST is: [Ledu.csus.ecs.pc2.core.model.Judgement; [Ledu.csus.ecs.pc2.core.model.Judgement;@9186d4b
200117 144900.687|INFO|Thread-6|dumpPacket|   key: CLARIFICATION_LIST is: [Ledu.csus.ecs.pc2.core.model.Clarification; [Ledu.csus.ecs.pc2.core.model.Clarification;@7df9218
200117 144900.687|INFO|Thread-6|dumpPacket|   key: GENERAL_PROBLEM is: edu.csus.ecs.pc2.core.model.Problem General
200117 144900.687|INFO|Thread-6|dumpPacket|   key: LANGUAGE_LIST is: [Ledu.csus.ecs.pc2.core.model.Language; [Ledu.csus.ecs.pc2.core.model.Language;@3e0063b
200117 144900.687|INFO|Thread-6|dumpPacket|   key: SITE_LIST is: [Ledu.csus.ecs.pc2.core.model.Site; [Ledu.csus.ecs.pc2.core.model.Site;@46e29823
200117 144900.687|INFO|Thread-6|dumpPacket|   key: GROUP_LIST is: [Ledu.csus.ecs.pc2.core.model.Group; [Ledu.csus.ecs.pc2.core.model.Group;@c5ac781
200117 144900.687|INFO|Thread-6|dumpPacket|   key: CONTEST_TIME_LIST is: [Ledu.csus.ecs.pc2.core.model.ContestTime; [Ledu.csus.ecs.pc2.core.model.ContestTime;@776edb40
200117 144900.688|INFO|Thread-6|dumpPacket|   key: CONTEST_INFORMATION is: edu.csus.ecs.pc2.core.model.ContestInformation edu.csus.ecs.pc2.core.model.ContestInformation@743cda48
200117 144900.688|INFO|Thread-6|dumpPacket|   key: CONTEST_TIME is: edu.csus.ecs.pc2.core.model.ContestTime edu.csus.ecs.pc2.core.model.ContestTime@26cd676c
200117 144900.688|INFO|Thread-6|dumpPacket|   key: CONNECTION_HANDLE_ID_LIST is: [Ledu.csus.ecs.pc2.core.transport.ConnectionHandlerID; [Ledu.csus.ecs.pc2.core.transport.ConnectionHandlerID;@7c71cafb
200117 144900.688|INFO|Thread-6|dumpPacket|   key: REMOTE_LOGGED_IN_USERS is: [Ledu.csus.ecs.pc2.core.model.ClientId; [Ledu.csus.ecs.pc2.core.model.ClientId;@7dc4baee
200117 144900.688|INFO|Thread-6|dumpPacket|   key: BALLOON_SETTINGS_LIST is: [Ledu.csus.ecs.pc2.core.model.BalloonSettings; [Ledu.csus.ecs.pc2.core.model.BalloonSettings;@6f38d184
200117 144900.688|INFO|Thread-6|dumpPacket|   key: PROFILE is: edu.csus.ecs.pc2.core.model.Profile Default-3586998405885201546
200117 144900.688|INFO|Thread-6|dumpPacket|   key: RUN_LIST is: [Ledu.csus.ecs.pc2.core.model.Run; [Ledu.csus.ecs.pc2.core.model.Run;@22833d08
200117 144900.689|INFO|Thread-6|dumpPacket|   key: PROFILE_LIST is: [Ledu.csus.ecs.pc2.core.model.Profile; [Ledu.csus.ecs.pc2.core.model.Profile;@50d71db1
200117 144900.689|INFO|Thread-6|dumpPacket|   key: LOCAL_LOGGED_IN_USERS is: [Ledu.csus.ecs.pc2.core.model.ClientId; [Ledu.csus.ecs.pc2.core.model.ClientId;@81cde8f
200117 144900.689|INFO|Thread-6|dumpPacket|   key: ACCOUNT_ARRAY is: [Ledu.csus.ecs.pc2.core.model.Account; [Ledu.csus.ecs.pc2.core.model.Account;@21819af9
200117 144900.689|INFO|Thread-6|dumpPacket|   key: CLIENT_SETTINGS_LIST is: [Ledu.csus.ecs.pc2.core.model.ClientSettings; [Ledu.csus.ecs.pc2.core.model.ClientSettings;@1a5188bc
200117 144900.689|INFO|Thread-6|dumpPacket|   key: SITE_NUMBER is: java.lang.Integer 1
200117 144900.689|INFO|Thread-6|dumpPacket|   key: SERVER_CLOCK_OFFSET is: java.util.GregorianCalendar java.util.GregorianCalendar[time=1579294140523,areFieldsSet=true,areAllFieldsSet=false,lenient=true,zone=sun.util.calendar.ZoneInfo[id="GMT",offset=0,dstSavings=0,useDaylight=false,transitions=0,lastRule=null],firstDayOfWeek=1,minimalDaysInFirstWeek=1,ERA=1,YEAR=2020,MONTH=0,WEEK_OF_YEAR=3,WEEK_OF_MONTH=3,DAY_OF_MONTH=17,DAY_OF_YEAR=17,DAY_OF_WEEK=6,DAY_OF_WEEK_IN_MONTH=3,AM_PM=1,HOUR=8,HOUR_OF_DAY=20,MINUTE=49,SECOND=0,MILLISECOND=523,ZONE_OFFSET=0,DST_OFFSET=0]
200117 144900.689|INFO|Thread-6|dumpPacket|   key: CONTEST_IDENTIFIER is: java.lang.String Default-5053916771268647617
200117 144900.689|INFO|Thread-6|dumpPacket|   key: CATEGORY_LIST is: [Ledu.csus.ecs.pc2.core.model.Category; [Ledu.csus.ecs.pc2.core.model.Category;@720334d2
200117 144900.690|INFO|Thread-6|dumpPacket|   key: PROBLEM_DATA_FILES is: [Ledu.csus.ecs.pc2.core.model.ProblemDataFiles; [Ledu.csus.ecs.pc2.core.model.ProblemDataFiles;@1c0564bb
200117 144900.690|INFO|Thread-6|dumpPacket|   key: PROBLEM_LIST is: [Ledu.csus.ecs.pc2.core.model.Problem; [Ledu.csus.ecs.pc2.core.model.Problem;@317e6390
200117 144900.690|INFO|Thread-6|dumpPacket|   key: CLIENT_ID is: edu.csus.ecs.pc2.core.model.ClientId ADMINISTRATOR1 @ site 1
