200202 022753.777|CONFIG|Thread-4|setFileHandlers|Now logging to /Users/hunterhan/IdeaProjects/pc2lib/exampleDir/bin/logs directory.
200202 022753.778|INFO|Thread-4|info|
200202 022753.778|INFO|Thread-4|info|Version 9.6.0 () Java ver 1.8.0_221 build 5102 Mac OS X 10.15.2 (x86_64) 
200202 022753.778|INFO|Thread-4|info|Login: administrator1 (aka administrator1)
200202 022753.778|INFO|Thread-4|startLog|Working directory is /Users/hunterhan/IdeaProjects/pc2lib/exampleDir/bin
200202 022753.778|INFO|Thread-4|startLog|Process id is 48511@Hunters-MBP.T-mobile.com
200202 022753.778|INFO|Thread-4|info|Attempting to load UI class edu.csus.ecs.pc2.ui.admin.AdministratorView
200202 022753.790|INFO|Thread-4|info|Loaded UI class edu.csus.ecs.pc2.ui.admin.AdministratorView
200202 022754.760|INFO|Thread-4|info| handlePacket original LOGIN_SUCCESS after -- all settings loaded 
200202 022754.760|INFO|Thread-4|info|handlePacket end Packet[LOGIN_SUCCESS] #2 SERVER0 @ site 1 -> ADMINISTRATOR1 @ site 1
200202 022754.760|INFO|Thread-4|info| receiveObject(S) end   got Packet[LOGIN_SUCCESS] #2 SERVER0 @ site 1 -> ADMINISTRATOR1 @ site 1
200202 023125.199|CONFIG|Thread-4|setFileHandlers|Now logging to /Users/hunterhan/IdeaProjects/pc2lib/exampleDir/bin/logs directory.
200202 023125.201|INFO|Thread-4|info|
200202 023125.201|INFO|Thread-4|info|Version 9.6.0 () Java ver 1.8.0_221 build 5102 Mac OS X 10.15.2 (x86_64) 
200202 023125.201|INFO|Thread-4|info|Login: administrator1 (aka administrator1)
200202 023125.201|INFO|Thread-4|startLog|Working directory is /Users/hunterhan/IdeaProjects/pc2lib/exampleDir/bin
200202 023125.201|INFO|Thread-4|startLog|Process id is 48577@Hunters-MBP.T-mobile.com
200202 023125.201|INFO|Thread-4|info|Attempting to load UI class edu.csus.ecs.pc2.ui.admin.AdministratorView
200202 023125.211|INFO|Thread-4|info|Loaded UI class edu.csus.ecs.pc2.ui.admin.AdministratorView
200202 023126.171|INFO|Thread-4|info| handlePacket original LOGIN_SUCCESS after -- all settings loaded 
200202 023126.171|INFO|Thread-4|info|handlePacket end Packet[LOGIN_SUCCESS] #2 SERVER0 @ site 1 -> ADMINISTRATOR1 @ site 1
200202 023126.172|INFO|Thread-4|info| receiveObject(S) end   got Packet[LOGIN_SUCCESS] #2 SERVER0 @ site 1 -> ADMINISTRATOR1 @ site 1
