200110 150219.414|CONFIG|AWT-EventQueue-0|setFileHandlers|Now logging to /Users/hunterhan/Desktop/pc2-9.6.0-1-10-20/bin/logs directory.
200110 150219.414|INFO|AWT-EventQueue-0|info|
200110 150219.414|INFO|AWT-EventQueue-0|info|Version 9.6.0 20190102 (Wednesday, January 2nd 2019 01:20 UTC) Java ver 1.8.0_221 build 5102 Mac OS X 10.15.2 (x86_64) 
200110 150219.414|INFO|AWT-EventQueue-0|info|Login: judge1 (aka judge1)
200110 150219.415|INFO|AWT-EventQueue-0|startLog|Working directory is /Users/hunterhan/Desktop/pc2-9.6.0-1-10-20/bin
200110 150219.416|INFO|AWT-EventQueue-0|startLog|Process id is 7693@Hunters-MacBook-Pro.local
200110 150219.417|INFO|AWT-EventQueue-0|info|Contacting server at 192.168.1.3:50002 as JUDGE1 @ site 0
200110 150219.417|INFO|AWT-EventQueue-0|info|sendLoginRequest start - sending from JUDGE1 @ site 0
200110 150219.422|INFO|AWT-EventQueue-0|sendToLocalServer|Sending packet to server Packet[LOGIN_REQUEST] #1 JUDGE1 @ site 0 -> SERVER0 @ site 0
200110 150219.424|INFO|Thread-2|run|send(Serializable)
200110 150219.425|INFO|AWT-EventQueue-0|sendToLocalServer|Sent    packet to server Packet[LOGIN_REQUEST] #1 JUDGE1 @ site 0 -> SERVER0 @ site 0
200110 150219.426|INFO|AWT-EventQueue-0|info|sendLoginRequest end - packet sent.
200110 150219.460|INFO|Thread-1|receive|public void receive(SealedObject TransportPacket, ConnectionHandlerID connectionHandlerID)
200110 150219.463|INFO|Thread-3|info| receiveObject(S) start got Packet[LOGIN_FAILED] #7 SERVER0 @ site 1 -> JUDGE1 @ site 0
200110 150219.463|INFO|Thread-3|dumpPacket|Packet LOGIN_FAILED (Seq #7, o#7 ) recieveObject
200110 150219.463|INFO|Thread-3|dumpPacket|  From: SERVER0 @ site 1, oSERVER0 @ site 1 (Hunters-MacBook-Pro.local @ 127.0.0.1) (Contest Id: Default-3586998405885201546)
200110 150219.464|INFO|Thread-3|dumpPacket|    To: JUDGE1 @ site 0
200110 150219.464|INFO|Thread-3|dumpPacket|   key: MESSAGE_STRING is: java.lang.String No such account
200110 150219.464|INFO|Thread-3|info|handlePacket start Packet[LOGIN_FAILED] #7 SERVER0 @ site 1 -> JUDGE1 @ site 0
200110 150219.464|INFO|Thread-3|dumpPacket|Packet LOGIN_FAILED (Seq #7, o#7 ) handlePacket
200110 150219.465|INFO|Thread-3|dumpPacket|  From: SERVER0 @ site 1, oSERVER0 @ site 1 (Hunters-MacBook-Pro.local @ 127.0.0.1) (Contest Id: Default-3586998405885201546)
200110 150219.465|INFO|Thread-3|dumpPacket|    To: JUDGE1 @ site 0
200110 150219.465|INFO|Thread-3|dumpPacket|   key: MESSAGE_STRING is: java.lang.String No such account
200110 150220.196|INFO|Thread-3|info| receiveObject(S) end   got Packet[LOGIN_FAILED] #7 SERVER0 @ site 1 -> JUDGE1 @ site 0
200110 150303.317|CONFIG|AWT-EventQueue-0|setFileHandlers|Now logging to /Users/hunterhan/Desktop/pc2-9.6.0-1-10-20/bin/logs directory.
200110 150303.318|INFO|AWT-EventQueue-0|info|
200110 150303.318|INFO|AWT-EventQueue-0|info|Version 9.6.0 20190102 (Wednesday, January 2nd 2019 01:20 UTC) Java ver 1.8.0_221 build 5102 Mac OS X 10.15.2 (x86_64) 
200110 150303.318|INFO|AWT-EventQueue-0|info|Login: judge1 (aka judge1)
200110 150303.318|INFO|AWT-EventQueue-0|startLog|Working directory is /Users/hunterhan/Desktop/pc2-9.6.0-1-10-20/bin
200110 150303.320|INFO|AWT-EventQueue-0|startLog|Process id is 7693@Hunters-MacBook-Pro.local
200110 150303.320|INFO|AWT-EventQueue-0|info|Contacting server at 192.168.1.3:50002 as JUDGE1 @ site 0
200110 150303.320|INFO|AWT-EventQueue-0|info|sendLoginRequest start - sending from JUDGE1 @ site 0
200110 150303.320|INFO|AWT-EventQueue-0|sendToLocalServer|Sending packet to server Packet[LOGIN_REQUEST] #3 JUDGE1 @ site 0 -> SERVER0 @ site 0
200110 150303.320|INFO|AWT-EventQueue-0|sendToLocalServer|Sent    packet to server Packet[LOGIN_REQUEST] #3 JUDGE1 @ site 0 -> SERVER0 @ site 0
200110 150303.320|INFO|AWT-EventQueue-0|info|sendLoginRequest end - packet sent.
200110 150303.320|INFO|Thread-6|run|send(Serializable)
200110 150303.341|INFO|Thread-1|receive|public void receive(SealedObject TransportPacket, ConnectionHandlerID connectionHandlerID)
200110 150303.424|INFO|Thread-1|receive|public void receive(SealedObject TransportPacket, ConnectionHandlerID connectionHandlerID)
200110 150303.424|INFO|Thread-7|info| receiveObject(S) start got Packet[LOGIN_SUCCESS] #10 SERVER0 @ site 1 -> JUDGE1 @ site 1
200110 150303.425|INFO|Thread-7|dumpPacket|Packet LOGIN_SUCCESS (Seq #10, o#10 ) recieveObject
200110 150303.425|INFO|Thread-7|dumpPacket|  From: SERVER0 @ site 1, oSERVER0 @ site 1 (Hunters-MacBook-Pro.local @ 127.0.0.1) (Contest Id: Default-3586998405885201546)
200110 150303.425|INFO|Thread-7|dumpPacket|    To: JUDGE1 @ site 1
200110 150303.425|INFO|Thread-7|dumpPacket|   key: JUDGEMENT_LIST is: [Ledu.csus.ecs.pc2.core.model.Judgement; [Ledu.csus.ecs.pc2.core.model.Judgement;@6683502a
200110 150303.425|INFO|Thread-7|dumpPacket|   key: CLARIFICATION_LIST is: [Ledu.csus.ecs.pc2.core.model.Clarification; [Ledu.csus.ecs.pc2.core.model.Clarification;@6844b28a
200110 150303.425|INFO|Thread-7|dumpPacket|   key: GENERAL_PROBLEM is: edu.csus.ecs.pc2.core.model.Problem General
200110 150303.425|INFO|Thread-7|dumpPacket|   key: LANGUAGE_LIST is: [Ledu.csus.ecs.pc2.core.model.Language; [Ledu.csus.ecs.pc2.core.model.Language;@6c7b3b5a
200110 150303.425|INFO|Thread-7|dumpPacket|   key: SITE_LIST is: [Ledu.csus.ecs.pc2.core.model.Site; [Ledu.csus.ecs.pc2.core.model.Site;@2979b8b1
200110 150303.425|INFO|Thread-7|dumpPacket|   key: GROUP_LIST is: [Ledu.csus.ecs.pc2.core.model.Group; [Ledu.csus.ecs.pc2.core.model.Group;@5587bfb4
200110 150303.425|INFO|Thread-7|dumpPacket|   key: CONTEST_TIME_LIST is: [Ledu.csus.ecs.pc2.core.model.ContestTime; [Ledu.csus.ecs.pc2.core.model.ContestTime;@181a976c
200110 150303.425|INFO|Thread-7|dumpPacket|   key: CONTEST_INFORMATION is: edu.csus.ecs.pc2.core.model.ContestInformation edu.csus.ecs.pc2.core.model.ContestInformation@2d0ecede
200110 150303.426|INFO|Thread-7|dumpPacket|   key: CONTEST_TIME is: edu.csus.ecs.pc2.core.model.ContestTime edu.csus.ecs.pc2.core.model.ContestTime@495647fe
200110 150303.426|INFO|Thread-7|dumpPacket|   key: CONNECTION_HANDLE_ID_LIST is: [Ledu.csus.ecs.pc2.core.transport.ConnectionHandlerID; [Ledu.csus.ecs.pc2.core.transport.ConnectionHandlerID;@21c43b7f
200110 150303.426|INFO|Thread-8|info| receiveObject(S) start got Packet[LOGIN] #11 SERVER0 @ site 1 -> SERVER0 @ site 0
200110 150303.426|INFO|Thread-7|dumpPacket|   key: REMOTE_LOGGED_IN_USERS is: [Ledu.csus.ecs.pc2.core.model.ClientId; [Ledu.csus.ecs.pc2.core.model.ClientId;@6d2969dc
200110 150303.426|INFO|Thread-8|dumpPacket|Packet LOGIN (Seq #11, o#11 ) recieveObject
200110 150303.426|INFO|Thread-7|dumpPacket|   key: BALLOON_SETTINGS_LIST is: [Ledu.csus.ecs.pc2.core.model.BalloonSettings; [Ledu.csus.ecs.pc2.core.model.BalloonSettings;@360a2299
200110 150303.426|INFO|Thread-8|dumpPacket|  From: SERVER0 @ site 1, oSERVER0 @ site 1 (Hunters-MacBook-Pro.local @ 127.0.0.1) (Contest Id: Default-3586998405885201546)
200110 150303.426|INFO|Thread-7|dumpPacket|   key: PROFILE is: edu.csus.ecs.pc2.core.model.Profile Default-6487112501776802790
200110 150303.426|INFO|Thread-8|dumpPacket|    To: SERVER0 @ site 0
200110 150303.427|INFO|Thread-7|dumpPacket|   key: RUN_LIST is: [Ledu.csus.ecs.pc2.core.model.Run; [Ledu.csus.ecs.pc2.core.model.Run;@4d18fa11
200110 150303.427|INFO|Thread-8|dumpPacket|   key: CLIENT_SETTINGS is: edu.csus.ecs.pc2.core.model.ClientSettings edu.csus.ecs.pc2.core.model.ClientSettings@2635ef6e
200110 150303.427|INFO|Thread-7|dumpPacket|   key: PROFILE_LIST is: [Ledu.csus.ecs.pc2.core.model.Profile; [Ledu.csus.ecs.pc2.core.model.Profile;@4d072f0e
200110 150303.427|INFO|Thread-8|dumpPacket|   key: CONNECTION_HANDLE_ID is: edu.csus.ecs.pc2.core.transport.ConnectionHandlerID Socket[addr=/192.168.1.3,port=52645,localport=50002]-4283340409569227294
200110 150303.427|INFO|Thread-7|dumpPacket|   key: LOCAL_LOGGED_IN_USERS is: [Ledu.csus.ecs.pc2.core.model.ClientId; [Ledu.csus.ecs.pc2.core.model.ClientId;@6b46c8fb
200110 150303.427|INFO|Thread-8|dumpPacket|   key: CLIENT_ID is: edu.csus.ecs.pc2.core.model.ClientId JUDGE1 @ site 1
200110 150303.427|INFO|Thread-7|dumpPacket|   key: ACCOUNT_ARRAY is: [Ledu.csus.ecs.pc2.core.model.Account; [Ledu.csus.ecs.pc2.core.model.Account;@c3f31e0
200110 150303.427|INFO|Thread-8|info|handlePacket start Packet[LOGIN] #11 SERVER0 @ site 1 -> SERVER0 @ site 0
200110 150303.427|INFO|Thread-7|dumpPacket|   key: CLIENT_SETTINGS_LIST is: [Ledu.csus.ecs.pc2.core.model.ClientSettings; [Ledu.csus.ecs.pc2.core.model.ClientSettings;@67d8a04
200110 150303.428|INFO|Thread-8|dumpPacket|Packet LOGIN (Seq #11, o#11 ) handlePacket
200110 150303.428|INFO|Thread-7|dumpPacket|   key: SITE_NUMBER is: java.lang.Integer 1
200110 150303.428|INFO|Thread-8|dumpPacket|  From: SERVER0 @ site 1, oSERVER0 @ site 1 (Hunters-MacBook-Pro.local @ 127.0.0.1) (Contest Id: Default-3586998405885201546)
200110 150303.428|INFO|Thread-8|dumpPacket|    To: SERVER0 @ site 0
200110 150303.428|INFO|Thread-7|dumpPacket|   key: SERVER_CLOCK_OFFSET is: java.util.GregorianCalendar java.util.GregorianCalendar[time=1578690183329,areFieldsSet=true,areAllFieldsSet=false,lenient=true,zone=sun.util.calendar.ZoneInfo[id="GMT",offset=0,dstSavings=0,useDaylight=false,transitions=0,lastRule=null],firstDayOfWeek=1,minimalDaysInFirstWeek=1,ERA=1,YEAR=2020,MONTH=0,WEEK_OF_YEAR=2,WEEK_OF_MONTH=2,DAY_OF_MONTH=10,DAY_OF_YEAR=10,DAY_OF_WEEK=6,DAY_OF_WEEK_IN_MONTH=2,AM_PM=1,HOUR=9,HOUR_OF_DAY=21,MINUTE=3,SECOND=3,MILLISECOND=329,ZONE_OFFSET=0,DST_OFFSET=0]
200110 150303.428|INFO|Thread-8|dumpPacket|   key: CLIENT_SETTINGS is: edu.csus.ecs.pc2.core.model.ClientSettings edu.csus.ecs.pc2.core.model.ClientSettings@2635ef6e
200110 150303.428|INFO|Thread-7|dumpPacket|   key: CONTEST_IDENTIFIER is: java.lang.String Default-3586998405885201546
200110 150303.428|INFO|Thread-8|dumpPacket|   key: CONNECTION_HANDLE_ID is: edu.csus.ecs.pc2.core.transport.ConnectionHandlerID Socket[addr=/192.168.1.3,port=52645,localport=50002]-4283340409569227294
200110 150303.428|INFO|Thread-7|dumpPacket|   key: CATEGORY_LIST is: [Ledu.csus.ecs.pc2.core.model.Category; [Ledu.csus.ecs.pc2.core.model.Category;@7276ba9a
200110 150303.428|INFO|Thread-8|dumpPacket|   key: CLIENT_ID is: edu.csus.ecs.pc2.core.model.ClientId JUDGE1 @ site 1
200110 150303.429|INFO|Thread-7|dumpPacket|   key: PROBLEM_DATA_FILES is: [Ledu.csus.ecs.pc2.core.model.ProblemDataFiles; [Ledu.csus.ecs.pc2.core.model.ProblemDataFiles;@2f2ab53f
200110 150303.429|INFO|Thread-8|info|Note: got a LOGIN packet before this site was logged in Packet[LOGIN] #11 SERVER0 @ site 1 -> SERVER0 @ site 0
200110 150303.429|INFO|Thread-7|dumpPacket|   key: PROBLEM_LIST is: [Ledu.csus.ecs.pc2.core.model.Problem; [Ledu.csus.ecs.pc2.core.model.Problem;@5a6f210b
200110 150303.429|INFO|Thread-8|info|handlePacket end Packet[LOGIN] #11 SERVER0 @ site 1 -> SERVER0 @ site 0
200110 150303.429|INFO|Thread-7|dumpPacket|   key: CLIENT_ID is: edu.csus.ecs.pc2.core.model.ClientId JUDGE1 @ site 1
200110 150303.429|INFO|Thread-8|info| receiveObject(S) end   got Packet[LOGIN] #11 SERVER0 @ site 1 -> SERVER0 @ site 0
200110 150303.429|INFO|Thread-7|info|handlePacket start Packet[LOGIN_SUCCESS] #10 SERVER0 @ site 1 -> JUDGE1 @ site 1
200110 150303.429|INFO|Thread-7|dumpPacket|Packet LOGIN_SUCCESS (Seq #10, o#10 ) handlePacket
200110 150303.430|INFO|Thread-7|dumpPacket|  From: SERVER0 @ site 1, oSERVER0 @ site 1 (Hunters-MacBook-Pro.local @ 127.0.0.1) (Contest Id: Default-3586998405885201546)
200110 150303.430|INFO|Thread-7|dumpPacket|    To: JUDGE1 @ site 1
200110 150303.430|INFO|Thread-7|dumpPacket|   key: JUDGEMENT_LIST is: [Ledu.csus.ecs.pc2.core.model.Judgement; [Ledu.csus.ecs.pc2.core.model.Judgement;@6683502a
200110 150303.430|INFO|Thread-7|dumpPacket|   key: CLARIFICATION_LIST is: [Ledu.csus.ecs.pc2.core.model.Clarification; [Ledu.csus.ecs.pc2.core.model.Clarification;@6844b28a
200110 150303.430|INFO|Thread-7|dumpPacket|   key: GENERAL_PROBLEM is: edu.csus.ecs.pc2.core.model.Problem General
200110 150303.430|INFO|Thread-7|dumpPacket|   key: LANGUAGE_LIST is: [Ledu.csus.ecs.pc2.core.model.Language; [Ledu.csus.ecs.pc2.core.model.Language;@6c7b3b5a
200110 150303.430|INFO|Thread-7|dumpPacket|   key: SITE_LIST is: [Ledu.csus.ecs.pc2.core.model.Site; [Ledu.csus.ecs.pc2.core.model.Site;@2979b8b1
200110 150303.430|INFO|Thread-7|dumpPacket|   key: GROUP_LIST is: [Ledu.csus.ecs.pc2.core.model.Group; [Ledu.csus.ecs.pc2.core.model.Group;@5587bfb4
200110 150303.431|INFO|Thread-7|dumpPacket|   key: CONTEST_TIME_LIST is: [Ledu.csus.ecs.pc2.core.model.ContestTime; [Ledu.csus.ecs.pc2.core.model.ContestTime;@181a976c
200110 150303.431|INFO|Thread-7|dumpPacket|   key: CONTEST_INFORMATION is: edu.csus.ecs.pc2.core.model.ContestInformation edu.csus.ecs.pc2.core.model.ContestInformation@2d0ecede
200110 150303.431|INFO|Thread-7|dumpPacket|   key: CONTEST_TIME is: edu.csus.ecs.pc2.core.model.ContestTime edu.csus.ecs.pc2.core.model.ContestTime@495647fe
200110 150303.431|INFO|Thread-7|dumpPacket|   key: CONNECTION_HANDLE_ID_LIST is: [Ledu.csus.ecs.pc2.core.transport.ConnectionHandlerID; [Ledu.csus.ecs.pc2.core.transport.ConnectionHandlerID;@21c43b7f
200110 150303.431|INFO|Thread-7|dumpPacket|   key: REMOTE_LOGGED_IN_USERS is: [Ledu.csus.ecs.pc2.core.model.ClientId; [Ledu.csus.ecs.pc2.core.model.ClientId;@6d2969dc
200110 150303.431|INFO|Thread-7|dumpPacket|   key: BALLOON_SETTINGS_LIST is: [Ledu.csus.ecs.pc2.core.model.BalloonSettings; [Ledu.csus.ecs.pc2.core.model.BalloonSettings;@360a2299
200110 150303.431|INFO|Thread-7|dumpPacket|   key: PROFILE is: edu.csus.ecs.pc2.core.model.Profile Default-6487112501776802790
200110 150303.431|INFO|Thread-7|dumpPacket|   key: RUN_LIST is: [Ledu.csus.ecs.pc2.core.model.Run; [Ledu.csus.ecs.pc2.core.model.Run;@4d18fa11
200110 150303.431|INFO|Thread-7|dumpPacket|   key: PROFILE_LIST is: [Ledu.csus.ecs.pc2.core.model.Profile; [Ledu.csus.ecs.pc2.core.model.Profile;@4d072f0e
200110 150303.431|INFO|Thread-7|dumpPacket|   key: LOCAL_LOGGED_IN_USERS is: [Ledu.csus.ecs.pc2.core.model.ClientId; [Ledu.csus.ecs.pc2.core.model.ClientId;@6b46c8fb
200110 150303.431|INFO|Thread-7|dumpPacket|   key: ACCOUNT_ARRAY is: [Ledu.csus.ecs.pc2.core.model.Account; [Ledu.csus.ecs.pc2.core.model.Account;@c3f31e0
200110 150303.431|INFO|Thread-7|dumpPacket|   key: CLIENT_SETTINGS_LIST is: [Ledu.csus.ecs.pc2.core.model.ClientSettings; [Ledu.csus.ecs.pc2.core.model.ClientSettings;@67d8a04
200110 150303.432|INFO|Thread-7|dumpPacket|   key: SITE_NUMBER is: java.lang.Integer 1
200110 150303.432|INFO|Thread-7|dumpPacket|   key: SERVER_CLOCK_OFFSET is: java.util.GregorianCalendar java.util.GregorianCalendar[time=1578690183329,areFieldsSet=true,areAllFieldsSet=false,lenient=true,zone=sun.util.calendar.ZoneInfo[id="GMT",offset=0,dstSavings=0,useDaylight=false,transitions=0,lastRule=null],firstDayOfWeek=1,minimalDaysInFirstWeek=1,ERA=1,YEAR=2020,MONTH=0,WEEK_OF_YEAR=2,WEEK_OF_MONTH=2,DAY_OF_MONTH=10,DAY_OF_YEAR=10,DAY_OF_WEEK=6,DAY_OF_WEEK_IN_MONTH=2,AM_PM=1,HOUR=9,HOUR_OF_DAY=21,MINUTE=3,SECOND=3,MILLISECOND=329,ZONE_OFFSET=0,DST_OFFSET=0]
200110 150303.432|INFO|Thread-7|dumpPacket|   key: CONTEST_IDENTIFIER is: java.lang.String Default-3586998405885201546
200110 150303.432|INFO|Thread-7|dumpPacket|   key: CATEGORY_LIST is: [Ledu.csus.ecs.pc2.core.model.Category; [Ledu.csus.ecs.pc2.core.model.Category;@7276ba9a
200110 150303.432|INFO|Thread-7|dumpPacket|   key: PROBLEM_DATA_FILES is: [Ledu.csus.ecs.pc2.core.model.ProblemDataFiles; [Ledu.csus.ecs.pc2.core.model.ProblemDataFiles;@2f2ab53f
200110 150303.432|INFO|Thread-7|dumpPacket|   key: PROBLEM_LIST is: [Ledu.csus.ecs.pc2.core.model.Problem; [Ledu.csus.ecs.pc2.core.model.Problem;@5a6f210b
200110 150303.432|INFO|Thread-7|dumpPacket|   key: CLIENT_ID is: edu.csus.ecs.pc2.core.model.ClientId JUDGE1 @ site 1
200117 235719.708|CONFIG|AWT-EventQueue-0|setFileHandlers|Now logging to C:\Users\Hunter Han\Documents\IntelliJProgs\pc2lib\exampleDir\bin\logs directory.
200117 235719.708|INFO|AWT-EventQueue-0|info|
200117 235719.708|INFO|AWT-EventQueue-0|info|Version 9.6.0 () Java ver 1.8.0_231 build 5102 Windows 10 10.0 (amd64) 
200117 235719.708|INFO|AWT-EventQueue-0|info|Login: judge1 (aka judge1)
200117 235719.708|INFO|AWT-EventQueue-0|startLog|Working directory is C:\Users\Hunter Han\Documents\IntelliJProgs\pc2lib\exampleDir\bin
200117 235719.709|INFO|AWT-EventQueue-0|startLog|Process id is 98456@DESKTOP-K31L36J
200117 235719.709|INFO|AWT-EventQueue-0|info|Contacting server at localhost:50002 as JUDGE1 @ site 0
200117 235719.709|INFO|AWT-EventQueue-0|info|sendLoginRequest start - sending from JUDGE1 @ site 0
200117 235719.711|INFO|AWT-EventQueue-0|sendToLocalServer|Sending packet to server Packet[LOGIN_REQUEST] #1 JUDGE1 @ site 0 -> SERVER0 @ site 0
200117 235719.712|INFO|Thread-4|run|send(Serializable)
200117 235719.712|INFO|AWT-EventQueue-0|sendToLocalServer|Sent    packet to server Packet[LOGIN_REQUEST] #1 JUDGE1 @ site 0 -> SERVER0 @ site 0
200117 235719.713|INFO|AWT-EventQueue-0|info|sendLoginRequest end - packet sent.
200117 235719.726|INFO|Thread-1|receive|public void receive(SealedObject TransportPacket, ConnectionHandlerID connectionHandlerID)
200117 235719.727|INFO|Thread-5|info| receiveObject(S) start got Packet[LOGIN_FAILED] #7 SERVER0 @ site 1 -> JUDGE1 @ site 0
200117 235719.727|INFO|Thread-5|dumpPacket|Packet LOGIN_FAILED (Seq #7, o#7 ) recieveObject
200117 235719.728|INFO|Thread-5|dumpPacket|  From: SERVER0 @ site 1, oSERVER0 @ site 1 (DESKTOP-K31L36J @ 192.168.127.1) (Contest Id: Default-5053916771268647617)
200117 235719.728|INFO|Thread-5|dumpPacket|    To: JUDGE1 @ site 0
200117 235719.728|INFO|Thread-5|dumpPacket|   key: MESSAGE_STRING is: java.lang.String Invalid password
200117 235719.728|INFO|Thread-5|info|handlePacket start Packet[LOGIN_FAILED] #7 SERVER0 @ site 1 -> JUDGE1 @ site 0
200117 235719.728|INFO|Thread-5|dumpPacket|Packet LOGIN_FAILED (Seq #7, o#7 ) handlePacket
200117 235719.728|INFO|Thread-5|dumpPacket|  From: SERVER0 @ site 1, oSERVER0 @ site 1 (DESKTOP-K31L36J @ 192.168.127.1) (Contest Id: Default-5053916771268647617)
200117 235719.728|INFO|Thread-5|dumpPacket|    To: JUDGE1 @ site 0
200117 235719.728|INFO|Thread-5|dumpPacket|   key: MESSAGE_STRING is: java.lang.String Invalid password
200117 235721.205|INFO|Thread-5|info| receiveObject(S) end   got Packet[LOGIN_FAILED] #7 SERVER0 @ site 1 -> JUDGE1 @ site 0
200118 000041.533|CONFIG|AWT-EventQueue-0|setFileHandlers|Now logging to C:\Users\Hunter Han\Documents\IntelliJProgs\pc2lib\exampleDir\bin\logs directory.
200118 000041.533|INFO|AWT-EventQueue-0|info|
200118 000041.533|INFO|AWT-EventQueue-0|info|Version 9.6.0 () Java ver 1.8.0_231 build 5102 Windows 10 10.0 (amd64) 
200118 000041.533|INFO|AWT-EventQueue-0|info|Login: judge1 (aka judge1)
200118 000041.533|INFO|AWT-EventQueue-0|startLog|Working directory is C:\Users\Hunter Han\Documents\IntelliJProgs\pc2lib\exampleDir\bin
200118 000041.533|INFO|AWT-EventQueue-0|startLog|Process id is 99588@DESKTOP-K31L36J
200118 000041.533|INFO|AWT-EventQueue-0|info|Contacting server at localhost:50002 as JUDGE1 @ site 0
200118 000041.533|INFO|AWT-EventQueue-0|info|sendLoginRequest start - sending from JUDGE1 @ site 0
200118 000041.536|INFO|AWT-EventQueue-0|sendToLocalServer|Sending packet to server Packet[LOGIN_REQUEST] #1 JUDGE1 @ site 0 -> SERVER0 @ site 0
200118 000041.536|INFO|Thread-4|run|send(Serializable)
200118 000041.537|INFO|AWT-EventQueue-0|sendToLocalServer|Sent    packet to server Packet[LOGIN_REQUEST] #1 JUDGE1 @ site 0 -> SERVER0 @ site 0
200118 000041.537|INFO|AWT-EventQueue-0|info|sendLoginRequest end - packet sent.
200118 000041.549|INFO|Thread-1|receive|public void receive(SealedObject TransportPacket, ConnectionHandlerID connectionHandlerID)
200118 000041.557|INFO|Thread-1|receive|public void receive(SealedObject TransportPacket, ConnectionHandlerID connectionHandlerID)
200118 000041.557|INFO|Thread-5|info| receiveObject(S) start got Packet[LOGIN] #19 SERVER0 @ site 1 -> SERVER0 @ site 0
200118 000041.557|INFO|Thread-5|dumpPacket|Packet LOGIN (Seq #19, o#19 ) recieveObject
200118 000041.557|INFO|Thread-5|dumpPacket|  From: SERVER0 @ site 1, oSERVER0 @ site 1 (DESKTOP-K31L36J @ 192.168.127.1) (Contest Id: Default-5053916771268647617)
200118 000041.557|INFO|Thread-5|dumpPacket|    To: SERVER0 @ site 0
200118 000041.557|INFO|Thread-5|dumpPacket|   key: CLIENT_SETTINGS is: edu.csus.ecs.pc2.core.model.ClientSettings edu.csus.ecs.pc2.core.model.ClientSettings@4ffe6d3b
200118 000041.558|INFO|Thread-5|dumpPacket|   key: CONNECTION_HANDLE_ID is: edu.csus.ecs.pc2.core.transport.ConnectionHandlerID Socket[addr=/127.0.0.1,port=51603,localport=50002]--3722035443797185179
200118 000041.558|INFO|Thread-5|dumpPacket|   key: CLIENT_ID is: edu.csus.ecs.pc2.core.model.ClientId JUDGE1 @ site 1
200118 000041.558|INFO|Thread-5|info|handlePacket start Packet[LOGIN] #19 SERVER0 @ site 1 -> SERVER0 @ site 0
200118 000041.558|INFO|Thread-5|dumpPacket|Packet LOGIN (Seq #19, o#19 ) handlePacket
200118 000041.558|INFO|Thread-5|dumpPacket|  From: SERVER0 @ site 1, oSERVER0 @ site 1 (DESKTOP-K31L36J @ 192.168.127.1) (Contest Id: Default-5053916771268647617)
200118 000041.558|INFO|Thread-5|dumpPacket|    To: SERVER0 @ site 0
200118 000041.558|INFO|Thread-5|dumpPacket|   key: CLIENT_SETTINGS is: edu.csus.ecs.pc2.core.model.ClientSettings edu.csus.ecs.pc2.core.model.ClientSettings@4ffe6d3b
200118 000041.558|INFO|Thread-5|dumpPacket|   key: CONNECTION_HANDLE_ID is: edu.csus.ecs.pc2.core.transport.ConnectionHandlerID Socket[addr=/127.0.0.1,port=51603,localport=50002]--3722035443797185179
200118 000041.558|INFO|Thread-5|dumpPacket|   key: CLIENT_ID is: edu.csus.ecs.pc2.core.model.ClientId JUDGE1 @ site 1
200118 000041.558|INFO|Thread-5|info|Note: got a LOGIN packet before this site was logged in Packet[LOGIN] #19 SERVER0 @ site 1 -> SERVER0 @ site 0
200118 000041.558|INFO|Thread-5|info|handlePacket end Packet[LOGIN] #19 SERVER0 @ site 1 -> SERVER0 @ site 0
200118 000041.558|INFO|Thread-5|info| receiveObject(S) end   got Packet[LOGIN] #19 SERVER0 @ site 1 -> SERVER0 @ site 0
200118 000041.584|INFO|Thread-6|info| receiveObject(S) start got Packet[LOGIN_SUCCESS] #18 SERVER0 @ site 1 -> JUDGE1 @ site 1
200118 000041.584|INFO|Thread-6|dumpPacket|Packet LOGIN_SUCCESS (Seq #18, o#18 ) recieveObject
200118 000041.584|INFO|Thread-6|dumpPacket|  From: SERVER0 @ site 1, oSERVER0 @ site 1 (DESKTOP-K31L36J @ 192.168.127.1) (Contest Id: Default-5053916771268647617)
200118 000041.584|INFO|Thread-6|dumpPacket|    To: JUDGE1 @ site 1
200118 000041.584|INFO|Thread-6|dumpPacket|   key: JUDGEMENT_LIST is: [Ledu.csus.ecs.pc2.core.model.Judgement; [Ledu.csus.ecs.pc2.core.model.Judgement;@7777b8a9
200118 000041.584|INFO|Thread-6|dumpPacket|   key: CLARIFICATION_LIST is: [Ledu.csus.ecs.pc2.core.model.Clarification; [Ledu.csus.ecs.pc2.core.model.Clarification;@79b05837
200118 000041.585|INFO|Thread-6|dumpPacket|   key: GENERAL_PROBLEM is: edu.csus.ecs.pc2.core.model.Problem General
200118 000041.585|INFO|Thread-6|dumpPacket|   key: LANGUAGE_LIST is: [Ledu.csus.ecs.pc2.core.model.Language; [Ledu.csus.ecs.pc2.core.model.Language;@7d8fd3d9
200118 000041.585|INFO|Thread-6|dumpPacket|   key: SITE_LIST is: [Ledu.csus.ecs.pc2.core.model.Site; [Ledu.csus.ecs.pc2.core.model.Site;@388d520c
200118 000041.585|INFO|Thread-6|dumpPacket|   key: GROUP_LIST is: [Ledu.csus.ecs.pc2.core.model.Group; [Ledu.csus.ecs.pc2.core.model.Group;@72751744
200118 000041.585|INFO|Thread-6|dumpPacket|   key: CONTEST_TIME_LIST is: [Ledu.csus.ecs.pc2.core.model.ContestTime; [Ledu.csus.ecs.pc2.core.model.ContestTime;@9ff88dd
200118 000041.585|INFO|Thread-6|dumpPacket|   key: CONTEST_INFORMATION is: edu.csus.ecs.pc2.core.model.ContestInformation edu.csus.ecs.pc2.core.model.ContestInformation@aed9320
200118 000041.585|INFO|Thread-6|dumpPacket|   key: CONTEST_TIME is: edu.csus.ecs.pc2.core.model.ContestTime edu.csus.ecs.pc2.core.model.ContestTime@58a2ad43
200118 000041.585|INFO|Thread-6|dumpPacket|   key: CONNECTION_HANDLE_ID_LIST is: [Ledu.csus.ecs.pc2.core.transport.ConnectionHandlerID; [Ledu.csus.ecs.pc2.core.transport.ConnectionHandlerID;@2b74e24
200118 000041.585|INFO|Thread-6|dumpPacket|   key: REMOTE_LOGGED_IN_USERS is: [Ledu.csus.ecs.pc2.core.model.ClientId; [Ledu.csus.ecs.pc2.core.model.ClientId;@777b97cf
200118 000041.585|INFO|Thread-6|dumpPacket|   key: BALLOON_SETTINGS_LIST is: [Ledu.csus.ecs.pc2.core.model.BalloonSettings; [Ledu.csus.ecs.pc2.core.model.BalloonSettings;@11e97e93
200118 000041.585|INFO|Thread-6|dumpPacket|   key: PROFILE is: edu.csus.ecs.pc2.core.model.Profile Default-3586998405885201546
200118 000041.585|INFO|Thread-6|dumpPacket|   key: RUN_LIST is: [Ledu.csus.ecs.pc2.core.model.Run; [Ledu.csus.ecs.pc2.core.model.Run;@5cec1158
200118 000041.586|INFO|Thread-6|dumpPacket|   key: PROFILE_LIST is: [Ledu.csus.ecs.pc2.core.model.Profile; [Ledu.csus.ecs.pc2.core.model.Profile;@6492b28f
200118 000041.586|INFO|Thread-6|dumpPacket|   key: LOCAL_LOGGED_IN_USERS is: [Ledu.csus.ecs.pc2.core.model.ClientId; [Ledu.csus.ecs.pc2.core.model.ClientId;@4ffc843d
200118 000041.586|INFO|Thread-6|dumpPacket|   key: ACCOUNT_ARRAY is: [Ledu.csus.ecs.pc2.core.model.Account; [Ledu.csus.ecs.pc2.core.model.Account;@153b76b7
200118 000041.586|INFO|Thread-6|dumpPacket|   key: CLIENT_SETTINGS_LIST is: [Ledu.csus.ecs.pc2.core.model.ClientSettings; [Ledu.csus.ecs.pc2.core.model.ClientSettings;@2961d399
200118 000041.586|INFO|Thread-6|dumpPacket|   key: SITE_NUMBER is: java.lang.Integer 1
200118 000041.586|INFO|Thread-6|dumpPacket|   key: SERVER_CLOCK_OFFSET is: java.util.GregorianCalendar java.util.GregorianCalendar[time=1579327241547,areFieldsSet=true,areAllFieldsSet=false,lenient=true,zone=sun.util.calendar.ZoneInfo[id="GMT",offset=0,dstSavings=0,useDaylight=false,transitions=0,lastRule=null],firstDayOfWeek=1,minimalDaysInFirstWeek=1,ERA=1,YEAR=2020,MONTH=0,WEEK_OF_YEAR=3,WEEK_OF_MONTH=3,DAY_OF_MONTH=18,DAY_OF_YEAR=18,DAY_OF_WEEK=7,DAY_OF_WEEK_IN_MONTH=3,AM_PM=0,HOUR=6,HOUR_OF_DAY=6,MINUTE=0,SECOND=41,MILLISECOND=547,ZONE_OFFSET=0,DST_OFFSET=0]
200118 000041.586|INFO|Thread-6|dumpPacket|   key: CONTEST_IDENTIFIER is: java.lang.String Default-5053916771268647617
200118 000041.586|INFO|Thread-6|dumpPacket|   key: CATEGORY_LIST is: [Ledu.csus.ecs.pc2.core.model.Category; [Ledu.csus.ecs.pc2.core.model.Category;@58160af0
200118 000041.586|INFO|Thread-6|dumpPacket|   key: PROBLEM_DATA_FILES is: [Ledu.csus.ecs.pc2.core.model.ProblemDataFiles; [Ledu.csus.ecs.pc2.core.model.ProblemDataFiles;@7360a0a3
200118 000041.586|INFO|Thread-6|dumpPacket|   key: PROBLEM_LIST is: [Ledu.csus.ecs.pc2.core.model.Problem; [Ledu.csus.ecs.pc2.core.model.Problem;@3da0eeb6
200118 000041.586|INFO|Thread-6|dumpPacket|   key: CLIENT_ID is: edu.csus.ecs.pc2.core.model.ClientId JUDGE1 @ site 1
200118 000041.586|INFO|Thread-6|info|handlePacket start Packet[LOGIN_SUCCESS] #18 SERVER0 @ site 1 -> JUDGE1 @ site 1
200118 000041.586|INFO|Thread-6|dumpPacket|Packet LOGIN_SUCCESS (Seq #18, o#18 ) handlePacket
200118 000041.586|INFO|Thread-6|dumpPacket|  From: SERVER0 @ site 1, oSERVER0 @ site 1 (DESKTOP-K31L36J @ 192.168.127.1) (Contest Id: Default-5053916771268647617)
200118 000041.587|INFO|Thread-6|dumpPacket|    To: JUDGE1 @ site 1
200118 000041.587|INFO|Thread-6|dumpPacket|   key: JUDGEMENT_LIST is: [Ledu.csus.ecs.pc2.core.model.Judgement; [Ledu.csus.ecs.pc2.core.model.Judgement;@7777b8a9
200118 000041.587|INFO|Thread-6|dumpPacket|   key: CLARIFICATION_LIST is: [Ledu.csus.ecs.pc2.core.model.Clarification; [Ledu.csus.ecs.pc2.core.model.Clarification;@79b05837
200118 000041.587|INFO|Thread-6|dumpPacket|   key: GENERAL_PROBLEM is: edu.csus.ecs.pc2.core.model.Problem General
200118 000041.587|INFO|Thread-6|dumpPacket|   key: LANGUAGE_LIST is: [Ledu.csus.ecs.pc2.core.model.Language; [Ledu.csus.ecs.pc2.core.model.Language;@7d8fd3d9
200118 000041.587|INFO|Thread-6|dumpPacket|   key: SITE_LIST is: [Ledu.csus.ecs.pc2.core.model.Site; [Ledu.csus.ecs.pc2.core.model.Site;@388d520c
200118 000041.587|INFO|Thread-6|dumpPacket|   key: GROUP_LIST is: [Ledu.csus.ecs.pc2.core.model.Group; [Ledu.csus.ecs.pc2.core.model.Group;@72751744
200118 000041.587|INFO|Thread-6|dumpPacket|   key: CONTEST_TIME_LIST is: [Ledu.csus.ecs.pc2.core.model.ContestTime; [Ledu.csus.ecs.pc2.core.model.ContestTime;@9ff88dd
200118 000041.587|INFO|Thread-6|dumpPacket|   key: CONTEST_INFORMATION is: edu.csus.ecs.pc2.core.model.ContestInformation edu.csus.ecs.pc2.core.model.ContestInformation@aed9320
200118 000041.587|INFO|Thread-6|dumpPacket|   key: CONTEST_TIME is: edu.csus.ecs.pc2.core.model.ContestTime edu.csus.ecs.pc2.core.model.ContestTime@58a2ad43
200118 000041.587|INFO|Thread-6|dumpPacket|   key: CONNECTION_HANDLE_ID_LIST is: [Ledu.csus.ecs.pc2.core.transport.ConnectionHandlerID; [Ledu.csus.ecs.pc2.core.transport.ConnectionHandlerID;@2b74e24
200118 000041.587|INFO|Thread-6|dumpPacket|   key: REMOTE_LOGGED_IN_USERS is: [Ledu.csus.ecs.pc2.core.model.ClientId; [Ledu.csus.ecs.pc2.core.model.ClientId;@777b97cf
200118 000041.587|INFO|Thread-6|dumpPacket|   key: BALLOON_SETTINGS_LIST is: [Ledu.csus.ecs.pc2.core.model.BalloonSettings; [Ledu.csus.ecs.pc2.core.model.BalloonSettings;@11e97e93
200118 000041.587|INFO|Thread-6|dumpPacket|   key: PROFILE is: edu.csus.ecs.pc2.core.model.Profile Default-3586998405885201546
200118 000041.587|INFO|Thread-6|dumpPacket|   key: RUN_LIST is: [Ledu.csus.ecs.pc2.core.model.Run; [Ledu.csus.ecs.pc2.core.model.Run;@5cec1158
200118 000041.587|INFO|Thread-6|dumpPacket|   key: PROFILE_LIST is: [Ledu.csus.ecs.pc2.core.model.Profile; [Ledu.csus.ecs.pc2.core.model.Profile;@6492b28f
200118 000041.588|INFO|Thread-6|dumpPacket|   key: LOCAL_LOGGED_IN_USERS is: [Ledu.csus.ecs.pc2.core.model.ClientId; [Ledu.csus.ecs.pc2.core.model.ClientId;@4ffc843d
200118 000041.588|INFO|Thread-6|dumpPacket|   key: ACCOUNT_ARRAY is: [Ledu.csus.ecs.pc2.core.model.Account; [Ledu.csus.ecs.pc2.core.model.Account;@153b76b7
200118 000041.588|INFO|Thread-6|dumpPacket|   key: CLIENT_SETTINGS_LIST is: [Ledu.csus.ecs.pc2.core.model.ClientSettings; [Ledu.csus.ecs.pc2.core.model.ClientSettings;@2961d399
200118 000041.588|INFO|Thread-6|dumpPacket|   key: SITE_NUMBER is: java.lang.Integer 1
200118 000041.588|INFO|Thread-6|dumpPacket|   key: SERVER_CLOCK_OFFSET is: java.util.GregorianCalendar java.util.GregorianCalendar[time=1579327241547,areFieldsSet=true,areAllFieldsSet=false,lenient=true,zone=sun.util.calendar.ZoneInfo[id="GMT",offset=0,dstSavings=0,useDaylight=false,transitions=0,lastRule=null],firstDayOfWeek=1,minimalDaysInFirstWeek=1,ERA=1,YEAR=2020,MONTH=0,WEEK_OF_YEAR=3,WEEK_OF_MONTH=3,DAY_OF_MONTH=18,DAY_OF_YEAR=18,DAY_OF_WEEK=7,DAY_OF_WEEK_IN_MONTH=3,AM_PM=0,HOUR=6,HOUR_OF_DAY=6,MINUTE=0,SECOND=41,MILLISECOND=547,ZONE_OFFSET=0,DST_OFFSET=0]
200118 000041.588|INFO|Thread-6|dumpPacket|   key: CONTEST_IDENTIFIER is: java.lang.String Default-5053916771268647617
200118 000041.588|INFO|Thread-6|dumpPacket|   key: CATEGORY_LIST is: [Ledu.csus.ecs.pc2.core.model.Category; [Ledu.csus.ecs.pc2.core.model.Category;@58160af0
200118 000041.588|INFO|Thread-6|dumpPacket|   key: PROBLEM_DATA_FILES is: [Ledu.csus.ecs.pc2.core.model.ProblemDataFiles; [Ledu.csus.ecs.pc2.core.model.ProblemDataFiles;@7360a0a3
200118 000041.588|INFO|Thread-6|dumpPacket|   key: PROBLEM_LIST is: [Ledu.csus.ecs.pc2.core.model.Problem; [Ledu.csus.ecs.pc2.core.model.Problem;@3da0eeb6
200118 000041.588|INFO|Thread-6|dumpPacket|   key: CLIENT_ID is: edu.csus.ecs.pc2.core.model.ClientId JUDGE1 @ site 1
200118 000141.893|INFO|Thread-1|receive|public void receive(SealedObject TransportPacket, ConnectionHandlerID connectionHandlerID)
200118 000142.843|INFO|Thread-10|run|send(Serializable)
200118 000142.864|INFO|Thread-1|receive|public void receive(SealedObject TransportPacket, ConnectionHandlerID connectionHandlerID)
200118 000142.866|INFO|Thread-1|receive|public void receive(SealedObject TransportPacket, ConnectionHandlerID connectionHandlerID)
200118 000143.042|INFO|Thread-14|run|send(Serializable)
200118 000143.048|INFO|Thread-1|receive|public void receive(SealedObject TransportPacket, ConnectionHandlerID connectionHandlerID)
200118 000148.506|INFO|Thread-16|run|send(Serializable)
200118 000148.521|INFO|Thread-1|receive|public void receive(SealedObject TransportPacket, ConnectionHandlerID connectionHandlerID)
200118 000148.522|INFO|Thread-1|receive|public void receive(SealedObject TransportPacket, ConnectionHandlerID connectionHandlerID)
200118 000357.889|INFO|Thread-23|run|send(Serializable)
200118 000357.908|INFO|Thread-1|receive|public void receive(SealedObject TransportPacket, ConnectionHandlerID connectionHandlerID)
200118 000401.609|INFO|Thread-25|run|send(Serializable)
200118 000401.629|INFO|Thread-1|receive|public void receive(SealedObject TransportPacket, ConnectionHandlerID connectionHandlerID)
200118 000401.631|INFO|Thread-1|receive|public void receive(SealedObject TransportPacket, ConnectionHandlerID connectionHandlerID)
200118 000415.888|INFO|Thread-30|run|send(Serializable)
200118 000415.894|INFO|Thread-1|receive|public void receive(SealedObject TransportPacket, ConnectionHandlerID connectionHandlerID)
200118 000430.283|CONFIG|AWT-EventQueue-0|setFileHandlers|Now logging to C:\Users\Hunter Han\Documents\IntelliJProgs\pc2lib\exampleDir\bin\logs directory.
200118 000430.284|INFO|AWT-EventQueue-0|info|
200118 000430.284|INFO|AWT-EventQueue-0|info|Version 9.6.0 () Java ver 1.8.0_231 build 5102 Windows 10 10.0 (amd64) 
200118 000430.284|INFO|AWT-EventQueue-0|info|Login: judge1 (aka judge1)
200118 000430.284|INFO|AWT-EventQueue-0|startLog|Working directory is C:\Users\Hunter Han\Documents\IntelliJProgs\pc2lib\exampleDir\bin
200118 000430.284|INFO|AWT-EventQueue-0|startLog|Process id is 96868@DESKTOP-K31L36J
200118 000430.284|INFO|AWT-EventQueue-0|info|Contacting server at localhost:50002 as JUDGE1 @ site 0
200118 000430.284|INFO|AWT-EventQueue-0|info|sendLoginRequest start - sending from JUDGE1 @ site 0
200118 000430.287|INFO|AWT-EventQueue-0|sendToLocalServer|Sending packet to server Packet[LOGIN_REQUEST] #1 JUDGE1 @ site 0 -> SERVER0 @ site 0
200118 000430.287|INFO|Thread-4|run|send(Serializable)
200118 000430.288|INFO|AWT-EventQueue-0|sendToLocalServer|Sent    packet to server Packet[LOGIN_REQUEST] #1 JUDGE1 @ site 0 -> SERVER0 @ site 0
200118 000430.288|INFO|AWT-EventQueue-0|info|sendLoginRequest end - packet sent.
200118 000430.312|INFO|Thread-1|receive|public void receive(SealedObject TransportPacket, ConnectionHandlerID connectionHandlerID)
200118 000430.322|INFO|Thread-5|info| receiveObject(S) start got Packet[LOGIN] #34 SERVER0 @ site 1 -> SERVER0 @ site 0
200118 000430.322|INFO|Thread-1|receive|public void receive(SealedObject TransportPacket, ConnectionHandlerID connectionHandlerID)
200118 000430.322|INFO|Thread-5|dumpPacket|Packet LOGIN (Seq #34, o#34 ) recieveObject
200118 000430.322|INFO|Thread-5|dumpPacket|  From: SERVER0 @ site 1, oSERVER0 @ site 1 (DESKTOP-K31L36J @ 192.168.127.1) (Contest Id: Default-5053916771268647617)
200118 000430.322|INFO|Thread-5|dumpPacket|    To: SERVER0 @ site 0
200118 000430.322|INFO|Thread-5|dumpPacket|   key: CLIENT_SETTINGS is: edu.csus.ecs.pc2.core.model.ClientSettings edu.csus.ecs.pc2.core.model.ClientSettings@70958f06
200118 000430.322|INFO|Thread-5|dumpPacket|   key: CONNECTION_HANDLE_ID is: edu.csus.ecs.pc2.core.transport.ConnectionHandlerID Socket[addr=/127.0.0.1,port=51906,localport=50002]-5854511141735937055
200118 000430.322|INFO|Thread-5|dumpPacket|   key: CLIENT_ID is: edu.csus.ecs.pc2.core.model.ClientId JUDGE1 @ site 1
200118 000430.322|INFO|Thread-5|info|handlePacket start Packet[LOGIN] #34 SERVER0 @ site 1 -> SERVER0 @ site 0
200118 000430.323|INFO|Thread-5|dumpPacket|Packet LOGIN (Seq #34, o#34 ) handlePacket
200118 000430.323|INFO|Thread-5|dumpPacket|  From: SERVER0 @ site 1, oSERVER0 @ site 1 (DESKTOP-K31L36J @ 192.168.127.1) (Contest Id: Default-5053916771268647617)
200118 000430.323|INFO|Thread-5|dumpPacket|    To: SERVER0 @ site 0
200118 000430.323|INFO|Thread-5|dumpPacket|   key: CLIENT_SETTINGS is: edu.csus.ecs.pc2.core.model.ClientSettings edu.csus.ecs.pc2.core.model.ClientSettings@70958f06
200118 000430.323|INFO|Thread-5|dumpPacket|   key: CONNECTION_HANDLE_ID is: edu.csus.ecs.pc2.core.transport.ConnectionHandlerID Socket[addr=/127.0.0.1,port=51906,localport=50002]-5854511141735937055
200118 000430.323|INFO|Thread-5|dumpPacket|   key: CLIENT_ID is: edu.csus.ecs.pc2.core.model.ClientId JUDGE1 @ site 1
200118 000430.323|INFO|Thread-5|info|Note: got a LOGIN packet before this site was logged in Packet[LOGIN] #34 SERVER0 @ site 1 -> SERVER0 @ site 0
200118 000430.323|INFO|Thread-5|info|handlePacket end Packet[LOGIN] #34 SERVER0 @ site 1 -> SERVER0 @ site 0
200118 000430.323|INFO|Thread-5|info| receiveObject(S) end   got Packet[LOGIN] #34 SERVER0 @ site 1 -> SERVER0 @ site 0
200118 000430.347|INFO|Thread-6|info| receiveObject(S) start got Packet[LOGIN_SUCCESS] #33 SERVER0 @ site 1 -> JUDGE1 @ site 1
200118 000430.347|INFO|Thread-6|dumpPacket|Packet LOGIN_SUCCESS (Seq #33, o#33 ) recieveObject
200118 000430.347|INFO|Thread-6|dumpPacket|  From: SERVER0 @ site 1, oSERVER0 @ site 1 (DESKTOP-K31L36J @ 192.168.127.1) (Contest Id: Default-5053916771268647617)
200118 000430.347|INFO|Thread-6|dumpPacket|    To: JUDGE1 @ site 1
200118 000430.348|INFO|Thread-6|dumpPacket|   key: JUDGEMENT_LIST is: [Ledu.csus.ecs.pc2.core.model.Judgement; [Ledu.csus.ecs.pc2.core.model.Judgement;@65eb0af7
200118 000430.348|INFO|Thread-6|dumpPacket|   key: CLARIFICATION_LIST is: [Ledu.csus.ecs.pc2.core.model.Clarification; [Ledu.csus.ecs.pc2.core.model.Clarification;@6b2ce83a
200118 000430.348|INFO|Thread-6|dumpPacket|   key: GENERAL_PROBLEM is: edu.csus.ecs.pc2.core.model.Problem General
200118 000430.348|INFO|Thread-6|dumpPacket|   key: LANGUAGE_LIST is: [Ledu.csus.ecs.pc2.core.model.Language; [Ledu.csus.ecs.pc2.core.model.Language;@6f136187
200118 000430.348|INFO|Thread-6|dumpPacket|   key: SITE_LIST is: [Ledu.csus.ecs.pc2.core.model.Site; [Ledu.csus.ecs.pc2.core.model.Site;@2a11e201
200118 000430.348|INFO|Thread-6|dumpPacket|   key: GROUP_LIST is: [Ledu.csus.ecs.pc2.core.model.Group; [Ledu.csus.ecs.pc2.core.model.Group;@1710e906
200118 000430.348|INFO|Thread-6|dumpPacket|   key: CONTEST_TIME_LIST is: [Ledu.csus.ecs.pc2.core.model.ContestTime; [Ledu.csus.ecs.pc2.core.model.ContestTime;@1b71aee6
200118 000430.348|INFO|Thread-6|dumpPacket|   key: CONTEST_INFORMATION is: edu.csus.ecs.pc2.core.model.ContestInformation edu.csus.ecs.pc2.core.model.ContestInformation@6f9afb56
200118 000430.348|INFO|Thread-6|dumpPacket|   key: CONTEST_TIME is: edu.csus.ecs.pc2.core.model.ContestTime edu.csus.ecs.pc2.core.model.ContestTime@4a3e1d4e
200118 000430.348|INFO|Thread-6|dumpPacket|   key: CONNECTION_HANDLE_ID_LIST is: [Ledu.csus.ecs.pc2.core.transport.ConnectionHandlerID; [Ledu.csus.ecs.pc2.core.transport.ConnectionHandlerID;@5a7685d6
200118 000430.348|INFO|Thread-6|dumpPacket|   key: REMOTE_LOGGED_IN_USERS is: [Ledu.csus.ecs.pc2.core.model.ClientId; [Ledu.csus.ecs.pc2.core.model.ClientId;@4c6606e0
200118 000430.348|INFO|Thread-6|dumpPacket|   key: BALLOON_SETTINGS_LIST is: [Ledu.csus.ecs.pc2.core.model.BalloonSettings; [Ledu.csus.ecs.pc2.core.model.BalloonSettings;@749e1471
200118 000430.348|INFO|Thread-6|dumpPacket|   key: PROFILE is: edu.csus.ecs.pc2.core.model.Profile Default-3586998405885201546
200118 000430.348|INFO|Thread-6|dumpPacket|   key: RUN_LIST is: [Ledu.csus.ecs.pc2.core.model.Run; [Ledu.csus.ecs.pc2.core.model.Run;@4e70a3c1
200118 000430.348|INFO|Thread-6|dumpPacket|   key: PROFILE_LIST is: [Ledu.csus.ecs.pc2.core.model.Profile; [Ledu.csus.ecs.pc2.core.model.Profile;@2046c7ec
200118 000430.348|INFO|Thread-6|dumpPacket|   key: LOCAL_LOGGED_IN_USERS is: [Ledu.csus.ecs.pc2.core.model.ClientId; [Ledu.csus.ecs.pc2.core.model.ClientId;@5ceb9402
200118 000430.349|INFO|Thread-6|dumpPacket|   key: ACCOUNT_ARRAY is: [Ledu.csus.ecs.pc2.core.model.Account; [Ledu.csus.ecs.pc2.core.model.Account;@58522e72
200118 000430.349|INFO|Thread-6|dumpPacket|   key: CLIENT_SETTINGS_LIST is: [Ledu.csus.ecs.pc2.core.model.ClientSettings; [Ledu.csus.ecs.pc2.core.model.ClientSettings;@13f7e012
200118 000430.349|INFO|Thread-6|dumpPacket|   key: SITE_NUMBER is: java.lang.Integer 1
200118 000430.349|INFO|Thread-6|dumpPacket|   key: SERVER_CLOCK_OFFSET is: java.util.GregorianCalendar java.util.GregorianCalendar[time=1579327470310,areFieldsSet=true,areAllFieldsSet=false,lenient=true,zone=sun.util.calendar.ZoneInfo[id="GMT",offset=0,dstSavings=0,useDaylight=false,transitions=0,lastRule=null],firstDayOfWeek=1,minimalDaysInFirstWeek=1,ERA=1,YEAR=2020,MONTH=0,WEEK_OF_YEAR=3,WEEK_OF_MONTH=3,DAY_OF_MONTH=18,DAY_OF_YEAR=18,DAY_OF_WEEK=7,DAY_OF_WEEK_IN_MONTH=3,AM_PM=0,HOUR=6,HOUR_OF_DAY=6,MINUTE=4,SECOND=30,MILLISECOND=310,ZONE_OFFSET=0,DST_OFFSET=0]
200118 000430.349|INFO|Thread-6|dumpPacket|   key: CONTEST_IDENTIFIER is: java.lang.String Default-5053916771268647617
200118 000430.349|INFO|Thread-6|dumpPacket|   key: CATEGORY_LIST is: [Ledu.csus.ecs.pc2.core.model.Category; [Ledu.csus.ecs.pc2.core.model.Category;@5982c27
200118 000430.349|INFO|Thread-6|dumpPacket|   key: PROBLEM_DATA_FILES is: [Ledu.csus.ecs.pc2.core.model.ProblemDataFiles; [Ledu.csus.ecs.pc2.core.model.ProblemDataFiles;@553f312
200118 000430.349|INFO|Thread-6|dumpPacket|   key: PROBLEM_LIST is: [Ledu.csus.ecs.pc2.core.model.Problem; [Ledu.csus.ecs.pc2.core.model.Problem;@4cbb6c74
200118 000430.349|INFO|Thread-6|dumpPacket|   key: CLIENT_ID is: edu.csus.ecs.pc2.core.model.ClientId JUDGE1 @ site 1
200118 000430.349|INFO|Thread-6|info|handlePacket start Packet[LOGIN_SUCCESS] #33 SERVER0 @ site 1 -> JUDGE1 @ site 1
200118 000430.349|INFO|Thread-6|dumpPacket|Packet LOGIN_SUCCESS (Seq #33, o#33 ) handlePacket
200118 000430.349|INFO|Thread-6|dumpPacket|  From: SERVER0 @ site 1, oSERVER0 @ site 1 (DESKTOP-K31L36J @ 192.168.127.1) (Contest Id: Default-5053916771268647617)
200118 000430.349|INFO|Thread-6|dumpPacket|    To: JUDGE1 @ site 1
200118 000430.349|INFO|Thread-6|dumpPacket|   key: JUDGEMENT_LIST is: [Ledu.csus.ecs.pc2.core.model.Judgement; [Ledu.csus.ecs.pc2.core.model.Judgement;@65eb0af7
200118 000430.349|INFO|Thread-6|dumpPacket|   key: CLARIFICATION_LIST is: [Ledu.csus.ecs.pc2.core.model.Clarification; [Ledu.csus.ecs.pc2.core.model.Clarification;@6b2ce83a
200118 000430.350|INFO|Thread-6|dumpPacket|   key: GENERAL_PROBLEM is: edu.csus.ecs.pc2.core.model.Problem General
200118 000430.350|INFO|Thread-6|dumpPacket|   key: LANGUAGE_LIST is: [Ledu.csus.ecs.pc2.core.model.Language; [Ledu.csus.ecs.pc2.core.model.Language;@6f136187
200118 000430.350|INFO|Thread-6|dumpPacket|   key: SITE_LIST is: [Ledu.csus.ecs.pc2.core.model.Site; [Ledu.csus.ecs.pc2.core.model.Site;@2a11e201
200118 000430.350|INFO|Thread-6|dumpPacket|   key: GROUP_LIST is: [Ledu.csus.ecs.pc2.core.model.Group; [Ledu.csus.ecs.pc2.core.model.Group;@1710e906
200118 000430.350|INFO|Thread-6|dumpPacket|   key: CONTEST_TIME_LIST is: [Ledu.csus.ecs.pc2.core.model.ContestTime; [Ledu.csus.ecs.pc2.core.model.ContestTime;@1b71aee6
200118 000430.350|INFO|Thread-6|dumpPacket|   key: CONTEST_INFORMATION is: edu.csus.ecs.pc2.core.model.ContestInformation edu.csus.ecs.pc2.core.model.ContestInformation@6f9afb56
200118 000430.350|INFO|Thread-6|dumpPacket|   key: CONTEST_TIME is: edu.csus.ecs.pc2.core.model.ContestTime edu.csus.ecs.pc2.core.model.ContestTime@4a3e1d4e
200118 000430.350|INFO|Thread-6|dumpPacket|   key: CONNECTION_HANDLE_ID_LIST is: [Ledu.csus.ecs.pc2.core.transport.ConnectionHandlerID; [Ledu.csus.ecs.pc2.core.transport.ConnectionHandlerID;@5a7685d6
200118 000430.350|INFO|Thread-6|dumpPacket|   key: REMOTE_LOGGED_IN_USERS is: [Ledu.csus.ecs.pc2.core.model.ClientId; [Ledu.csus.ecs.pc2.core.model.ClientId;@4c6606e0
200118 000430.350|INFO|Thread-6|dumpPacket|   key: BALLOON_SETTINGS_LIST is: [Ledu.csus.ecs.pc2.core.model.BalloonSettings; [Ledu.csus.ecs.pc2.core.model.BalloonSettings;@749e1471
200118 000430.350|INFO|Thread-6|dumpPacket|   key: PROFILE is: edu.csus.ecs.pc2.core.model.Profile Default-3586998405885201546
200118 000430.350|INFO|Thread-6|dumpPacket|   key: RUN_LIST is: [Ledu.csus.ecs.pc2.core.model.Run; [Ledu.csus.ecs.pc2.core.model.Run;@4e70a3c1
200118 000430.350|INFO|Thread-6|dumpPacket|   key: PROFILE_LIST is: [Ledu.csus.ecs.pc2.core.model.Profile; [Ledu.csus.ecs.pc2.core.model.Profile;@2046c7ec
200118 000430.350|INFO|Thread-6|dumpPacket|   key: LOCAL_LOGGED_IN_USERS is: [Ledu.csus.ecs.pc2.core.model.ClientId; [Ledu.csus.ecs.pc2.core.model.ClientId;@5ceb9402
200118 000430.350|INFO|Thread-6|dumpPacket|   key: ACCOUNT_ARRAY is: [Ledu.csus.ecs.pc2.core.model.Account; [Ledu.csus.ecs.pc2.core.model.Account;@58522e72
200118 000430.351|INFO|Thread-6|dumpPacket|   key: CLIENT_SETTINGS_LIST is: [Ledu.csus.ecs.pc2.core.model.ClientSettings; [Ledu.csus.ecs.pc2.core.model.ClientSettings;@13f7e012
200118 000430.351|INFO|Thread-6|dumpPacket|   key: SITE_NUMBER is: java.lang.Integer 1
200118 000430.351|INFO|Thread-6|dumpPacket|   key: SERVER_CLOCK_OFFSET is: java.util.GregorianCalendar java.util.GregorianCalendar[time=1579327470310,areFieldsSet=true,areAllFieldsSet=false,lenient=true,zone=sun.util.calendar.ZoneInfo[id="GMT",offset=0,dstSavings=0,useDaylight=false,transitions=0,lastRule=null],firstDayOfWeek=1,minimalDaysInFirstWeek=1,ERA=1,YEAR=2020,MONTH=0,WEEK_OF_YEAR=3,WEEK_OF_MONTH=3,DAY_OF_MONTH=18,DAY_OF_YEAR=18,DAY_OF_WEEK=7,DAY_OF_WEEK_IN_MONTH=3,AM_PM=0,HOUR=6,HOUR_OF_DAY=6,MINUTE=4,SECOND=30,MILLISECOND=310,ZONE_OFFSET=0,DST_OFFSET=0]
200118 000430.351|INFO|Thread-6|dumpPacket|   key: CONTEST_IDENTIFIER is: java.lang.String Default-5053916771268647617
200118 000430.351|INFO|Thread-6|dumpPacket|   key: CATEGORY_LIST is: [Ledu.csus.ecs.pc2.core.model.Category; [Ledu.csus.ecs.pc2.core.model.Category;@5982c27
200118 000430.351|INFO|Thread-6|dumpPacket|   key: PROBLEM_DATA_FILES is: [Ledu.csus.ecs.pc2.core.model.ProblemDataFiles; [Ledu.csus.ecs.pc2.core.model.ProblemDataFiles;@553f312
200118 000430.351|INFO|Thread-6|dumpPacket|   key: PROBLEM_LIST is: [Ledu.csus.ecs.pc2.core.model.Problem; [Ledu.csus.ecs.pc2.core.model.Problem;@4cbb6c74
200118 000430.351|INFO|Thread-6|dumpPacket|   key: CLIENT_ID is: edu.csus.ecs.pc2.core.model.ClientId JUDGE1 @ site 1
200118 000432.685|INFO|Thread-8|run|send(Serializable)
200118 000432.692|INFO|Thread-1|receive|public void receive(SealedObject TransportPacket, ConnectionHandlerID connectionHandlerID)
200118 000432.696|INFO|Thread-1|receive|public void receive(SealedObject TransportPacket, ConnectionHandlerID connectionHandlerID)
200118 000510.448|INFO|Thread-21|run|send(Serializable)
200118 000510.455|INFO|Thread-1|receive|public void receive(SealedObject TransportPacket, ConnectionHandlerID connectionHandlerID)
200118 000512.931|INFO|Thread-23|run|send(Serializable)
200118 000512.939|INFO|Thread-1|receive|public void receive(SealedObject TransportPacket, ConnectionHandlerID connectionHandlerID)
200118 000512.940|INFO|Thread-1|receive|public void receive(SealedObject TransportPacket, ConnectionHandlerID connectionHandlerID)
200118 000732.336|INFO|Thread-47|run|send(Serializable)
200118 000732.342|INFO|Thread-1|receive|public void receive(SealedObject TransportPacket, ConnectionHandlerID connectionHandlerID)
200118 000734.122|INFO|Thread-49|run|send(Serializable)
200118 000734.142|INFO|Thread-1|receive|public void receive(SealedObject TransportPacket, ConnectionHandlerID connectionHandlerID)
200118 000734.143|INFO|Thread-1|receive|public void receive(SealedObject TransportPacket, ConnectionHandlerID connectionHandlerID)
200118 000738.393|INFO|Thread-62|run|send(Serializable)
200118 000738.411|INFO|Thread-1|receive|public void receive(SealedObject TransportPacket, ConnectionHandlerID connectionHandlerID)
200118 000755.497|INFO|Thread-1|receive|public void receive(SealedObject TransportPacket, ConnectionHandlerID connectionHandlerID)
200118 000755.926|INFO|Thread-65|run|send(Serializable)
200118 000755.932|INFO|Thread-1|receive|public void receive(SealedObject TransportPacket, ConnectionHandlerID connectionHandlerID)
200118 000755.933|INFO|Thread-1|receive|public void receive(SealedObject TransportPacket, ConnectionHandlerID connectionHandlerID)
200118 000756.449|INFO|Thread-77|run|send(Serializable)
200118 000756.469|INFO|Thread-1|receive|public void receive(SealedObject TransportPacket, ConnectionHandlerID connectionHandlerID)
200118 000758.379|INFO|Thread-79|run|send(Serializable)
200118 000758.386|INFO|Thread-1|receive|public void receive(SealedObject TransportPacket, ConnectionHandlerID connectionHandlerID)
200118 000758.387|INFO|Thread-1|receive|public void receive(SealedObject TransportPacket, ConnectionHandlerID connectionHandlerID)
200118 000921.025|INFO|Thread-92|run|send(Serializable)
200118 000921.033|INFO|Thread-1|receive|public void receive(SealedObject TransportPacket, ConnectionHandlerID connectionHandlerID)
200118 001042.719|INFO|Thread-1|receive|public void receive(SealedObject TransportPacket, ConnectionHandlerID connectionHandlerID)
200118 001042.886|INFO|Thread-95|run|send(Serializable)
200118 001042.892|INFO|Thread-1|receive|public void receive(SealedObject TransportPacket, ConnectionHandlerID connectionHandlerID)
200118 001042.893|INFO|Thread-1|receive|public void receive(SealedObject TransportPacket, ConnectionHandlerID connectionHandlerID)
200118 001043.407|INFO|Thread-107|run|send(Serializable)
200118 001043.414|INFO|Thread-1|receive|public void receive(SealedObject TransportPacket, ConnectionHandlerID connectionHandlerID)
200118 001044.690|INFO|Thread-109|run|send(Serializable)
200118 001044.697|INFO|Thread-1|receive|public void receive(SealedObject TransportPacket, ConnectionHandlerID connectionHandlerID)
200118 001044.698|INFO|Thread-1|receive|public void receive(SealedObject TransportPacket, ConnectionHandlerID connectionHandlerID)
200118 001102.457|INFO|Thread-122|run|send(Serializable)
200118 001102.465|INFO|Thread-1|receive|public void receive(SealedObject TransportPacket, ConnectionHandlerID connectionHandlerID)
200118 001114.266|INFO|Thread-1|receive|public void receive(SealedObject TransportPacket, ConnectionHandlerID connectionHandlerID)
200118 001114.615|INFO|Thread-125|run|send(Serializable)
200118 001114.622|INFO|Thread-1|receive|public void receive(SealedObject TransportPacket, ConnectionHandlerID connectionHandlerID)
200118 001114.623|INFO|Thread-1|receive|public void receive(SealedObject TransportPacket, ConnectionHandlerID connectionHandlerID)
200118 001115.130|INFO|Thread-137|run|send(Serializable)
200118 001115.138|INFO|Thread-1|receive|public void receive(SealedObject TransportPacket, ConnectionHandlerID connectionHandlerID)
200118 001116.194|INFO|Thread-139|run|send(Serializable)
200118 001116.214|INFO|Thread-1|receive|public void receive(SealedObject TransportPacket, ConnectionHandlerID connectionHandlerID)
200118 001116.215|INFO|Thread-1|receive|public void receive(SealedObject TransportPacket, ConnectionHandlerID connectionHandlerID)
200118 001136.752|INFO|Thread-162|run|send(Serializable)
200118 001136.774|INFO|Thread-1|receive|public void receive(SealedObject TransportPacket, ConnectionHandlerID connectionHandlerID)
200118 001146.168|INFO|Thread-1|receive|public void receive(SealedObject TransportPacket, ConnectionHandlerID connectionHandlerID)
200118 001146.338|INFO|Thread-165|run|send(Serializable)
200118 001146.343|INFO|Thread-1|receive|public void receive(SealedObject TransportPacket, ConnectionHandlerID connectionHandlerID)
200118 001146.344|INFO|Thread-1|receive|public void receive(SealedObject TransportPacket, ConnectionHandlerID connectionHandlerID)
200118 001146.835|INFO|Thread-177|run|send(Serializable)
200118 001146.840|INFO|Thread-1|receive|public void receive(SealedObject TransportPacket, ConnectionHandlerID connectionHandlerID)
200118 001148.466|INFO|Thread-179|run|send(Serializable)
200118 001148.472|INFO|Thread-1|receive|public void receive(SealedObject TransportPacket, ConnectionHandlerID connectionHandlerID)
200118 001148.473|INFO|Thread-1|receive|public void receive(SealedObject TransportPacket, ConnectionHandlerID connectionHandlerID)
200118 001550.177|INFO|Thread-232|run|send(Serializable)
200118 001550.184|INFO|Thread-1|receive|public void receive(SealedObject TransportPacket, ConnectionHandlerID connectionHandlerID)
200118 001735.232|INFO|Thread-1|receive|public void receive(SealedObject TransportPacket, ConnectionHandlerID connectionHandlerID)
200118 001735.322|INFO|Thread-235|run|send(Serializable)
200118 001735.327|INFO|Thread-1|receive|public void receive(SealedObject TransportPacket, ConnectionHandlerID connectionHandlerID)
200118 001735.328|INFO|Thread-1|receive|public void receive(SealedObject TransportPacket, ConnectionHandlerID connectionHandlerID)
200118 001735.694|INFO|Thread-241|run|send(Serializable)
200118 001735.699|INFO|Thread-1|receive|public void receive(SealedObject TransportPacket, ConnectionHandlerID connectionHandlerID)
200118 001738.696|INFO|Thread-243|run|send(Serializable)
200118 001738.716|INFO|Thread-1|receive|public void receive(SealedObject TransportPacket, ConnectionHandlerID connectionHandlerID)
200118 001738.717|INFO|Thread-1|receive|public void receive(SealedObject TransportPacket, ConnectionHandlerID connectionHandlerID)
200118 001842.001|INFO|Thread-250|run|send(Serializable)
200118 001842.007|INFO|Thread-1|receive|public void receive(SealedObject TransportPacket, ConnectionHandlerID connectionHandlerID)
200118 001856.423|INFO|Thread-1|receive|public void receive(SealedObject TransportPacket, ConnectionHandlerID connectionHandlerID)
200118 001857.615|INFO|Thread-253|run|send(Serializable)
200118 001857.623|INFO|Thread-1|receive|public void receive(SealedObject TransportPacket, ConnectionHandlerID connectionHandlerID)
200118 001857.624|INFO|Thread-1|receive|public void receive(SealedObject TransportPacket, ConnectionHandlerID connectionHandlerID)
200118 001858.169|INFO|Thread-265|run|send(Serializable)
200118 001858.175|INFO|Thread-1|receive|public void receive(SealedObject TransportPacket, ConnectionHandlerID connectionHandlerID)
200118 001859.539|INFO|Thread-267|run|send(Serializable)
200118 001859.545|INFO|Thread-1|receive|public void receive(SealedObject TransportPacket, ConnectionHandlerID connectionHandlerID)
200118 001859.545|INFO|Thread-1|receive|public void receive(SealedObject TransportPacket, ConnectionHandlerID connectionHandlerID)
200118 143433.542|CONFIG|AWT-EventQueue-0|setFileHandlers|Now logging to C:\Users\Hunter Han\Documents\IntelliJProgs\pc2lib\exampleDir\bin\logs directory.
200118 143433.556|INFO|AWT-EventQueue-0|info|
200118 143433.556|INFO|AWT-EventQueue-0|info|Version 9.6.0 () Java ver 1.8.0_231 build 5102 Windows 10 10.0 (amd64) 
200118 143433.556|INFO|AWT-EventQueue-0|info|Login: judge1 (aka judge1)
200118 143433.556|INFO|AWT-EventQueue-0|startLog|Working directory is C:\Users\Hunter Han\Documents\IntelliJProgs\pc2lib\exampleDir\bin
200118 143433.556|INFO|AWT-EventQueue-0|startLog|Process id is 100696@DESKTOP-K31L36J
200118 143433.556|INFO|AWT-EventQueue-0|info|Contacting server at localhost:50002 as JUDGE1 @ site 0
200118 143433.556|INFO|AWT-EventQueue-0|info|sendLoginRequest start - sending from JUDGE1 @ site 0
200118 143433.559|INFO|AWT-EventQueue-0|sendToLocalServer|Sending packet to server Packet[LOGIN_REQUEST] #1 JUDGE1 @ site 0 -> SERVER0 @ site 0
200118 143433.559|INFO|Thread-4|run|send(Serializable)
200118 143433.560|INFO|AWT-EventQueue-0|sendToLocalServer|Sent    packet to server Packet[LOGIN_REQUEST] #1 JUDGE1 @ site 0 -> SERVER0 @ site 0
200118 143433.560|INFO|AWT-EventQueue-0|info|sendLoginRequest end - packet sent.
200118 143433.571|INFO|Thread-1|receive|public void receive(SealedObject TransportPacket, ConnectionHandlerID connectionHandlerID)
200118 143433.580|INFO|Thread-5|info| receiveObject(S) start got Packet[LOGIN] #9 SERVER0 @ site 1 -> SERVER0 @ site 0
200118 143433.580|INFO|Thread-1|receive|public void receive(SealedObject TransportPacket, ConnectionHandlerID connectionHandlerID)
200118 143433.580|INFO|Thread-5|dumpPacket|Packet LOGIN (Seq #9, o#9 ) recieveObject
200118 143433.580|INFO|Thread-5|dumpPacket|  From: SERVER0 @ site 1, oSERVER0 @ site 1 (DESKTOP-K31L36J @ 192.168.127.1) (Contest Id: Default-5053916771268647617)
200118 143433.580|INFO|Thread-5|dumpPacket|    To: SERVER0 @ site 0
200118 143433.580|INFO|Thread-5|dumpPacket|   key: CLIENT_SETTINGS is: edu.csus.ecs.pc2.core.model.ClientSettings edu.csus.ecs.pc2.core.model.ClientSettings@3c855c80
200118 143433.580|INFO|Thread-5|dumpPacket|   key: CONNECTION_HANDLE_ID is: edu.csus.ecs.pc2.core.transport.ConnectionHandlerID Socket[addr=/127.0.0.1,port=53593,localport=50002]-8083784567674701750
200118 143433.580|INFO|Thread-5|dumpPacket|   key: CLIENT_ID is: edu.csus.ecs.pc2.core.model.ClientId JUDGE1 @ site 1
200118 143433.580|INFO|Thread-5|info|handlePacket start Packet[LOGIN] #9 SERVER0 @ site 1 -> SERVER0 @ site 0
200118 143433.580|INFO|Thread-5|dumpPacket|Packet LOGIN (Seq #9, o#9 ) handlePacket
200118 143433.581|INFO|Thread-5|dumpPacket|  From: SERVER0 @ site 1, oSERVER0 @ site 1 (DESKTOP-K31L36J @ 192.168.127.1) (Contest Id: Default-5053916771268647617)
200118 143433.581|INFO|Thread-5|dumpPacket|    To: SERVER0 @ site 0
200118 143433.581|INFO|Thread-5|dumpPacket|   key: CLIENT_SETTINGS is: edu.csus.ecs.pc2.core.model.ClientSettings edu.csus.ecs.pc2.core.model.ClientSettings@3c855c80
200118 143433.581|INFO|Thread-5|dumpPacket|   key: CONNECTION_HANDLE_ID is: edu.csus.ecs.pc2.core.transport.ConnectionHandlerID Socket[addr=/127.0.0.1,port=53593,localport=50002]-8083784567674701750
200118 143433.581|INFO|Thread-5|dumpPacket|   key: CLIENT_ID is: edu.csus.ecs.pc2.core.model.ClientId JUDGE1 @ site 1
200118 143433.581|INFO|Thread-5|info|Note: got a LOGIN packet before this site was logged in Packet[LOGIN] #9 SERVER0 @ site 1 -> SERVER0 @ site 0
200118 143433.581|INFO|Thread-5|info|handlePacket end Packet[LOGIN] #9 SERVER0 @ site 1 -> SERVER0 @ site 0
200118 143433.581|INFO|Thread-5|info| receiveObject(S) end   got Packet[LOGIN] #9 SERVER0 @ site 1 -> SERVER0 @ site 0
200118 143433.608|INFO|Thread-6|info| receiveObject(S) start got Packet[LOGIN_SUCCESS] #8 SERVER0 @ site 1 -> JUDGE1 @ site 1
200118 143433.608|INFO|Thread-6|dumpPacket|Packet LOGIN_SUCCESS (Seq #8, o#8 ) recieveObject
200118 143433.608|INFO|Thread-6|dumpPacket|  From: SERVER0 @ site 1, oSERVER0 @ site 1 (DESKTOP-K31L36J @ 192.168.127.1) (Contest Id: Default-5053916771268647617)
200118 143433.608|INFO|Thread-6|dumpPacket|    To: JUDGE1 @ site 1
200118 143433.608|INFO|Thread-6|dumpPacket|   key: JUDGEMENT_LIST is: [Ledu.csus.ecs.pc2.core.model.Judgement; [Ledu.csus.ecs.pc2.core.model.Judgement;@1b3de542
200118 143433.608|INFO|Thread-6|dumpPacket|   key: CLARIFICATION_LIST is: [Ledu.csus.ecs.pc2.core.model.Clarification; [Ledu.csus.ecs.pc2.core.model.Clarification;@15fa1855
200118 143433.608|INFO|Thread-6|dumpPacket|   key: GENERAL_PROBLEM is: edu.csus.ecs.pc2.core.model.Problem General
200118 143433.608|INFO|Thread-6|dumpPacket|   key: LANGUAGE_LIST is: [Ledu.csus.ecs.pc2.core.model.Language; [Ledu.csus.ecs.pc2.core.model.Language;@11c58e32
200118 143433.608|INFO|Thread-6|dumpPacket|   key: SITE_LIST is: [Ledu.csus.ecs.pc2.core.model.Site; [Ledu.csus.ecs.pc2.core.model.Site;@54c7126e
200118 143433.608|INFO|Thread-6|dumpPacket|   key: GROUP_LIST is: [Ledu.csus.ecs.pc2.core.model.Group; [Ledu.csus.ecs.pc2.core.model.Group;@2024ea41
200118 143433.609|INFO|Thread-6|dumpPacket|   key: CONTEST_TIME_LIST is: [Ledu.csus.ecs.pc2.core.model.ContestTime; [Ledu.csus.ecs.pc2.core.model.ContestTime;@655966a0
200118 143433.609|INFO|Thread-6|dumpPacket|   key: CONTEST_INFORMATION is: edu.csus.ecs.pc2.core.model.ContestInformation edu.csus.ecs.pc2.core.model.ContestInformation@5850c027
200118 143433.609|INFO|Thread-6|dumpPacket|   key: CONTEST_TIME is: edu.csus.ecs.pc2.core.model.ContestTime edu.csus.ecs.pc2.core.model.ContestTime@34e8ed21
200118 143433.609|INFO|Thread-6|dumpPacket|   key: CONNECTION_HANDLE_ID_LIST is: [Ledu.csus.ecs.pc2.core.transport.ConnectionHandlerID; [Ledu.csus.ecs.pc2.core.transport.ConnectionHandlerID;@33997f1f
200118 143433.609|INFO|Thread-6|dumpPacket|   key: REMOTE_LOGGED_IN_USERS is: [Ledu.csus.ecs.pc2.core.model.ClientId; [Ledu.csus.ecs.pc2.core.model.ClientId;@1d5b73aa
200118 143433.609|INFO|Thread-6|dumpPacket|   key: BALLOON_SETTINGS_LIST is: [Ledu.csus.ecs.pc2.core.model.BalloonSettings; [Ledu.csus.ecs.pc2.core.model.BalloonSettings;@4354c9de
200118 143433.609|INFO|Thread-6|dumpPacket|   key: PROFILE is: edu.csus.ecs.pc2.core.model.Profile Default-3586998405885201546
200118 143433.609|INFO|Thread-6|dumpPacket|   key: RUN_LIST is: [Ledu.csus.ecs.pc2.core.model.Run; [Ledu.csus.ecs.pc2.core.model.Run;@30a6b570
200118 143433.609|INFO|Thread-6|dumpPacket|   key: PROFILE_LIST is: [Ledu.csus.ecs.pc2.core.model.Profile; [Ledu.csus.ecs.pc2.core.model.Profile;@483f45fc
200118 143433.609|INFO|Thread-6|dumpPacket|   key: LOCAL_LOGGED_IN_USERS is: [Ledu.csus.ecs.pc2.core.model.ClientId; [Ledu.csus.ecs.pc2.core.model.ClientId;@ebfa972
200118 143433.609|INFO|Thread-6|dumpPacket|   key: ACCOUNT_ARRAY is: [Ledu.csus.ecs.pc2.core.model.Account; [Ledu.csus.ecs.pc2.core.model.Account;@6bc08b42
200118 143433.609|INFO|Thread-6|dumpPacket|   key: CLIENT_SETTINGS_LIST is: [Ledu.csus.ecs.pc2.core.model.ClientSettings; [Ledu.csus.ecs.pc2.core.model.ClientSettings;@6e48be7f
200118 143433.609|INFO|Thread-6|dumpPacket|   key: SITE_NUMBER is: java.lang.Integer 1
200118 143433.609|INFO|Thread-6|dumpPacket|   key: SERVER_CLOCK_OFFSET is: java.util.GregorianCalendar java.util.GregorianCalendar[time=1579379673569,areFieldsSet=true,areAllFieldsSet=false,lenient=true,zone=sun.util.calendar.ZoneInfo[id="GMT",offset=0,dstSavings=0,useDaylight=false,transitions=0,lastRule=null],firstDayOfWeek=1,minimalDaysInFirstWeek=1,ERA=1,YEAR=2020,MONTH=0,WEEK_OF_YEAR=3,WEEK_OF_MONTH=3,DAY_OF_MONTH=18,DAY_OF_YEAR=18,DAY_OF_WEEK=7,DAY_OF_WEEK_IN_MONTH=3,AM_PM=1,HOUR=8,HOUR_OF_DAY=20,MINUTE=34,SECOND=33,MILLISECOND=569,ZONE_OFFSET=0,DST_OFFSET=0]
200118 143433.610|INFO|Thread-6|dumpPacket|   key: CONTEST_IDENTIFIER is: java.lang.String Default-5053916771268647617
200118 143433.610|INFO|Thread-6|dumpPacket|   key: CATEGORY_LIST is: [Ledu.csus.ecs.pc2.core.model.Category; [Ledu.csus.ecs.pc2.core.model.Category;@5cea16ef
200118 143433.610|INFO|Thread-6|dumpPacket|   key: PROBLEM_DATA_FILES is: [Ledu.csus.ecs.pc2.core.model.ProblemDataFiles; [Ledu.csus.ecs.pc2.core.model.ProblemDataFiles;@2fedd039
200118 143433.610|INFO|Thread-6|dumpPacket|   key: PROBLEM_LIST is: [Ledu.csus.ecs.pc2.core.model.Problem; [Ledu.csus.ecs.pc2.core.model.Problem;@4018c41d
200118 143433.610|INFO|Thread-6|dumpPacket|   key: CLIENT_ID is: edu.csus.ecs.pc2.core.model.ClientId JUDGE1 @ site 1
200118 143433.610|INFO|Thread-6|info|handlePacket start Packet[LOGIN_SUCCESS] #8 SERVER0 @ site 1 -> JUDGE1 @ site 1
200118 143433.610|INFO|Thread-6|dumpPacket|Packet LOGIN_SUCCESS (Seq #8, o#8 ) handlePacket
200118 143433.610|INFO|Thread-6|dumpPacket|  From: SERVER0 @ site 1, oSERVER0 @ site 1 (DESKTOP-K31L36J @ 192.168.127.1) (Contest Id: Default-5053916771268647617)
200118 143433.610|INFO|Thread-6|dumpPacket|    To: JUDGE1 @ site 1
200118 143433.610|INFO|Thread-6|dumpPacket|   key: JUDGEMENT_LIST is: [Ledu.csus.ecs.pc2.core.model.Judgement; [Ledu.csus.ecs.pc2.core.model.Judgement;@1b3de542
200118 143433.610|INFO|Thread-6|dumpPacket|   key: CLARIFICATION_LIST is: [Ledu.csus.ecs.pc2.core.model.Clarification; [Ledu.csus.ecs.pc2.core.model.Clarification;@15fa1855
200118 143433.610|INFO|Thread-6|dumpPacket|   key: GENERAL_PROBLEM is: edu.csus.ecs.pc2.core.model.Problem General
200118 143433.610|INFO|Thread-6|dumpPacket|   key: LANGUAGE_LIST is: [Ledu.csus.ecs.pc2.core.model.Language; [Ledu.csus.ecs.pc2.core.model.Language;@11c58e32
200118 143433.610|INFO|Thread-6|dumpPacket|   key: SITE_LIST is: [Ledu.csus.ecs.pc2.core.model.Site; [Ledu.csus.ecs.pc2.core.model.Site;@54c7126e
200118 143433.611|INFO|Thread-6|dumpPacket|   key: GROUP_LIST is: [Ledu.csus.ecs.pc2.core.model.Group; [Ledu.csus.ecs.pc2.core.model.Group;@2024ea41
200118 143433.611|INFO|Thread-6|dumpPacket|   key: CONTEST_TIME_LIST is: [Ledu.csus.ecs.pc2.core.model.ContestTime; [Ledu.csus.ecs.pc2.core.model.ContestTime;@655966a0
200118 143433.611|INFO|Thread-6|dumpPacket|   key: CONTEST_INFORMATION is: edu.csus.ecs.pc2.core.model.ContestInformation edu.csus.ecs.pc2.core.model.ContestInformation@5850c027
200118 143433.611|INFO|Thread-6|dumpPacket|   key: CONTEST_TIME is: edu.csus.ecs.pc2.core.model.ContestTime edu.csus.ecs.pc2.core.model.ContestTime@34e8ed21
200118 143433.611|INFO|Thread-6|dumpPacket|   key: CONNECTION_HANDLE_ID_LIST is: [Ledu.csus.ecs.pc2.core.transport.ConnectionHandlerID; [Ledu.csus.ecs.pc2.core.transport.ConnectionHandlerID;@33997f1f
200118 143433.611|INFO|Thread-6|dumpPacket|   key: REMOTE_LOGGED_IN_USERS is: [Ledu.csus.ecs.pc2.core.model.ClientId; [Ledu.csus.ecs.pc2.core.model.ClientId;@1d5b73aa
200118 143433.611|INFO|Thread-6|dumpPacket|   key: BALLOON_SETTINGS_LIST is: [Ledu.csus.ecs.pc2.core.model.BalloonSettings; [Ledu.csus.ecs.pc2.core.model.BalloonSettings;@4354c9de
200118 143433.611|INFO|Thread-6|dumpPacket|   key: PROFILE is: edu.csus.ecs.pc2.core.model.Profile Default-3586998405885201546
200118 143433.611|INFO|Thread-6|dumpPacket|   key: RUN_LIST is: [Ledu.csus.ecs.pc2.core.model.Run; [Ledu.csus.ecs.pc2.core.model.Run;@30a6b570
200118 143433.611|INFO|Thread-6|dumpPacket|   key: PROFILE_LIST is: [Ledu.csus.ecs.pc2.core.model.Profile; [Ledu.csus.ecs.pc2.core.model.Profile;@483f45fc
200118 143433.611|INFO|Thread-6|dumpPacket|   key: LOCAL_LOGGED_IN_USERS is: [Ledu.csus.ecs.pc2.core.model.ClientId; [Ledu.csus.ecs.pc2.core.model.ClientId;@ebfa972
200118 143433.611|INFO|Thread-6|dumpPacket|   key: ACCOUNT_ARRAY is: [Ledu.csus.ecs.pc2.core.model.Account; [Ledu.csus.ecs.pc2.core.model.Account;@6bc08b42
200118 143433.611|INFO|Thread-6|dumpPacket|   key: CLIENT_SETTINGS_LIST is: [Ledu.csus.ecs.pc2.core.model.ClientSettings; [Ledu.csus.ecs.pc2.core.model.ClientSettings;@6e48be7f
200118 143433.611|INFO|Thread-6|dumpPacket|   key: SITE_NUMBER is: java.lang.Integer 1
200118 143433.611|INFO|Thread-6|dumpPacket|   key: SERVER_CLOCK_OFFSET is: java.util.GregorianCalendar java.util.GregorianCalendar[time=1579379673569,areFieldsSet=true,areAllFieldsSet=false,lenient=true,zone=sun.util.calendar.ZoneInfo[id="GMT",offset=0,dstSavings=0,useDaylight=false,transitions=0,lastRule=null],firstDayOfWeek=1,minimalDaysInFirstWeek=1,ERA=1,YEAR=2020,MONTH=0,WEEK_OF_YEAR=3,WEEK_OF_MONTH=3,DAY_OF_MONTH=18,DAY_OF_YEAR=18,DAY_OF_WEEK=7,DAY_OF_WEEK_IN_MONTH=3,AM_PM=1,HOUR=8,HOUR_OF_DAY=20,MINUTE=34,SECOND=33,MILLISECOND=569,ZONE_OFFSET=0,DST_OFFSET=0]
200118 143433.611|INFO|Thread-6|dumpPacket|   key: CONTEST_IDENTIFIER is: java.lang.String Default-5053916771268647617
200118 143433.611|INFO|Thread-6|dumpPacket|   key: CATEGORY_LIST is: [Ledu.csus.ecs.pc2.core.model.Category; [Ledu.csus.ecs.pc2.core.model.Category;@5cea16ef
200118 143433.612|INFO|Thread-6|dumpPacket|   key: PROBLEM_DATA_FILES is: [Ledu.csus.ecs.pc2.core.model.ProblemDataFiles; [Ledu.csus.ecs.pc2.core.model.ProblemDataFiles;@2fedd039
200118 143433.612|INFO|Thread-6|dumpPacket|   key: PROBLEM_LIST is: [Ledu.csus.ecs.pc2.core.model.Problem; [Ledu.csus.ecs.pc2.core.model.Problem;@4018c41d
200118 143433.612|INFO|Thread-6|dumpPacket|   key: CLIENT_ID is: edu.csus.ecs.pc2.core.model.ClientId JUDGE1 @ site 1
200118 143435.829|INFO|Thread-8|run|send(Serializable)
200118 143435.848|INFO|Thread-1|receive|public void receive(SealedObject TransportPacket, ConnectionHandlerID connectionHandlerID)
200118 143435.849|INFO|Thread-1|receive|public void receive(SealedObject TransportPacket, ConnectionHandlerID connectionHandlerID)
200118 143438.385|INFO|Thread-11|run|send(Serializable)
200118 143438.394|INFO|Thread-1|receive|public void receive(SealedObject TransportPacket, ConnectionHandlerID connectionHandlerID)
200118 143440.057|INFO|Thread-13|run|send(Serializable)
200118 143440.070|INFO|Thread-1|receive|public void receive(SealedObject TransportPacket, ConnectionHandlerID connectionHandlerID)
200118 143440.071|INFO|Thread-1|receive|public void receive(SealedObject TransportPacket, ConnectionHandlerID connectionHandlerID)
200118 150222.980|INFO|Thread-1|connectionDropped|connectionDropped(ConnectionHandlerID myConnectionID) 
200118 150604.851|CONFIG|AWT-EventQueue-0|setFileHandlers|Now logging to C:\Users\Hunter Han\Documents\IntelliJProgs\pc2lib\exampleDir\bin\logs directory.
200118 150604.851|INFO|AWT-EventQueue-0|info|
200118 150604.851|INFO|AWT-EventQueue-0|info|Version 9.6.0 () Java ver 1.8.0_231 build 5102 Windows 10 10.0 (amd64) 
200118 150604.851|INFO|AWT-EventQueue-0|info|Login: judge1 (aka judge1)
200118 150604.851|INFO|AWT-EventQueue-0|startLog|Working directory is C:\Users\Hunter Han\Documents\IntelliJProgs\pc2lib\exampleDir\bin
200118 150604.852|INFO|AWT-EventQueue-0|startLog|Process id is 17544@DESKTOP-K31L36J
200118 150604.852|INFO|AWT-EventQueue-0|info|Contacting server at localhost:50002 as JUDGE1 @ site 0
200118 150604.852|INFO|AWT-EventQueue-0|info|sendLoginRequest start - sending from JUDGE1 @ site 0
200118 150604.854|INFO|AWT-EventQueue-0|sendToLocalServer|Sending packet to server Packet[LOGIN_REQUEST] #1 JUDGE1 @ site 0 -> SERVER0 @ site 0
200118 150604.855|INFO|Thread-4|run|send(Serializable)
200118 150604.855|INFO|AWT-EventQueue-0|sendToLocalServer|Sent    packet to server Packet[LOGIN_REQUEST] #1 JUDGE1 @ site 0 -> SERVER0 @ site 0
200118 150604.856|INFO|AWT-EventQueue-0|info|sendLoginRequest end - packet sent.
200118 150604.869|INFO|Thread-1|receive|public void receive(SealedObject TransportPacket, ConnectionHandlerID connectionHandlerID)
200118 150604.879|INFO|Thread-5|info| receiveObject(S) start got Packet[LOGIN] #9 SERVER0 @ site 1 -> SERVER0 @ site 0
200118 150604.879|INFO|Thread-1|receive|public void receive(SealedObject TransportPacket, ConnectionHandlerID connectionHandlerID)
200118 150604.879|INFO|Thread-5|dumpPacket|Packet LOGIN (Seq #9, o#9 ) recieveObject
200118 150604.879|INFO|Thread-5|dumpPacket|  From: SERVER0 @ site 1, oSERVER0 @ site 1 (DESKTOP-K31L36J @ 192.168.127.1) (Contest Id: Default-5053916771268647617)
200118 150604.879|INFO|Thread-5|dumpPacket|    To: SERVER0 @ site 0
200118 150604.879|INFO|Thread-5|dumpPacket|   key: CLIENT_SETTINGS is: edu.csus.ecs.pc2.core.model.ClientSettings edu.csus.ecs.pc2.core.model.ClientSettings@3fb938d1
200118 150604.879|INFO|Thread-5|dumpPacket|   key: CONNECTION_HANDLE_ID is: edu.csus.ecs.pc2.core.transport.ConnectionHandlerID Socket[addr=/127.0.0.1,port=53863,localport=50002]-6809337580608921973
200118 150604.879|INFO|Thread-5|dumpPacket|   key: CLIENT_ID is: edu.csus.ecs.pc2.core.model.ClientId JUDGE1 @ site 1
200118 150604.879|INFO|Thread-5|info|handlePacket start Packet[LOGIN] #9 SERVER0 @ site 1 -> SERVER0 @ site 0
200118 150604.879|INFO|Thread-5|dumpPacket|Packet LOGIN (Seq #9, o#9 ) handlePacket
200118 150604.880|INFO|Thread-5|dumpPacket|  From: SERVER0 @ site 1, oSERVER0 @ site 1 (DESKTOP-K31L36J @ 192.168.127.1) (Contest Id: Default-5053916771268647617)
200118 150604.880|INFO|Thread-5|dumpPacket|    To: SERVER0 @ site 0
200118 150604.880|INFO|Thread-5|dumpPacket|   key: CLIENT_SETTINGS is: edu.csus.ecs.pc2.core.model.ClientSettings edu.csus.ecs.pc2.core.model.ClientSettings@3fb938d1
200118 150604.880|INFO|Thread-5|dumpPacket|   key: CONNECTION_HANDLE_ID is: edu.csus.ecs.pc2.core.transport.ConnectionHandlerID Socket[addr=/127.0.0.1,port=53863,localport=50002]-6809337580608921973
200118 150604.880|INFO|Thread-5|dumpPacket|   key: CLIENT_ID is: edu.csus.ecs.pc2.core.model.ClientId JUDGE1 @ site 1
200118 150604.880|INFO|Thread-5|info|Note: got a LOGIN packet before this site was logged in Packet[LOGIN] #9 SERVER0 @ site 1 -> SERVER0 @ site 0
200118 150604.880|INFO|Thread-5|info|handlePacket end Packet[LOGIN] #9 SERVER0 @ site 1 -> SERVER0 @ site 0
200118 150604.880|INFO|Thread-5|info| receiveObject(S) end   got Packet[LOGIN] #9 SERVER0 @ site 1 -> SERVER0 @ site 0
200118 150604.905|INFO|Thread-6|info| receiveObject(S) start got Packet[LOGIN_SUCCESS] #8 SERVER0 @ site 1 -> JUDGE1 @ site 1
200118 150604.905|INFO|Thread-6|dumpPacket|Packet LOGIN_SUCCESS (Seq #8, o#8 ) recieveObject
200118 150604.905|INFO|Thread-6|dumpPacket|  From: SERVER0 @ site 1, oSERVER0 @ site 1 (DESKTOP-K31L36J @ 192.168.127.1) (Contest Id: Default-5053916771268647617)
200118 150604.905|INFO|Thread-6|dumpPacket|    To: JUDGE1 @ site 1
200118 150604.905|INFO|Thread-6|dumpPacket|   key: JUDGEMENT_LIST is: [Ledu.csus.ecs.pc2.core.model.Judgement; [Ledu.csus.ecs.pc2.core.model.Judgement;@5f485d11
200118 150604.906|INFO|Thread-6|dumpPacket|   key: CLARIFICATION_LIST is: [Ledu.csus.ecs.pc2.core.model.Clarification; [Ledu.csus.ecs.pc2.core.model.Clarification;@518fb888
200118 150604.906|INFO|Thread-6|dumpPacket|   key: GENERAL_PROBLEM is: edu.csus.ecs.pc2.core.model.Problem General
200118 150604.906|INFO|Thread-6|dumpPacket|   key: LANGUAGE_LIST is: [Ledu.csus.ecs.pc2.core.model.Language; [Ledu.csus.ecs.pc2.core.model.Language;@55b03661
200118 150604.906|INFO|Thread-6|dumpPacket|   key: SITE_LIST is: [Ledu.csus.ecs.pc2.core.model.Site; [Ledu.csus.ecs.pc2.core.model.Site;@10b2b2b3
200118 150604.906|INFO|Thread-6|dumpPacket|   key: GROUP_LIST is: [Ledu.csus.ecs.pc2.core.model.Group; [Ledu.csus.ecs.pc2.core.model.Group;@d8fc561
200118 150604.906|INFO|Thread-6|dumpPacket|   key: CONTEST_TIME_LIST is: [Ledu.csus.ecs.pc2.core.model.ContestTime; [Ledu.csus.ecs.pc2.core.model.ContestTime;@21e867a0
200118 150604.906|INFO|Thread-6|dumpPacket|   key: CONTEST_INFORMATION is: edu.csus.ecs.pc2.core.model.ContestInformation edu.csus.ecs.pc2.core.model.ContestInformation@753f4ec2
200118 150604.906|INFO|Thread-6|dumpPacket|   key: CONTEST_TIME is: edu.csus.ecs.pc2.core.model.ContestTime edu.csus.ecs.pc2.core.model.ContestTime@709d4dfc
200118 150604.906|INFO|Thread-6|dumpPacket|   key: CONNECTION_HANDLE_ID_LIST is: [Ledu.csus.ecs.pc2.core.transport.ConnectionHandlerID; [Ledu.csus.ecs.pc2.core.transport.ConnectionHandlerID;@3ca3a43
200118 150604.906|INFO|Thread-6|dumpPacket|   key: REMOTE_LOGGED_IN_USERS is: [Ledu.csus.ecs.pc2.core.model.ClientId; [Ledu.csus.ecs.pc2.core.model.ClientId;@61fd88fd
200118 150604.906|INFO|Thread-6|dumpPacket|   key: BALLOON_SETTINGS_LIST is: [Ledu.csus.ecs.pc2.core.model.BalloonSettings; [Ledu.csus.ecs.pc2.core.model.BalloonSettings;@6e3b835e
200118 150604.906|INFO|Thread-6|dumpPacket|   key: PROFILE is: edu.csus.ecs.pc2.core.model.Profile Default-3586998405885201546
200118 150604.906|INFO|Thread-6|dumpPacket|   key: RUN_LIST is: [Ledu.csus.ecs.pc2.core.model.Run; [Ledu.csus.ecs.pc2.core.model.Run;@74d3d1c8
200118 150604.906|INFO|Thread-6|dumpPacket|   key: PROFILE_LIST is: [Ledu.csus.ecs.pc2.core.model.Profile; [Ledu.csus.ecs.pc2.core.model.Profile;@2699e533
200118 150604.907|INFO|Thread-6|dumpPacket|   key: LOCAL_LOGGED_IN_USERS is: [Ledu.csus.ecs.pc2.core.model.ClientId; [Ledu.csus.ecs.pc2.core.model.ClientId;@2b2e3b7d
200118 150604.907|INFO|Thread-6|dumpPacket|   key: ACCOUNT_ARRAY is: [Ledu.csus.ecs.pc2.core.model.Account; [Ledu.csus.ecs.pc2.core.model.Account;@19bd6c35
200118 150604.907|INFO|Thread-6|dumpPacket|   key: CLIENT_SETTINGS_LIST is: [Ledu.csus.ecs.pc2.core.model.ClientSettings; [Ledu.csus.ecs.pc2.core.model.ClientSettings;@730ab35b
200118 150604.907|INFO|Thread-6|dumpPacket|   key: SITE_NUMBER is: java.lang.Integer 1
200118 150604.907|INFO|Thread-6|dumpPacket|   key: SERVER_CLOCK_OFFSET is: java.util.GregorianCalendar java.util.GregorianCalendar[time=1579381564867,areFieldsSet=true,areAllFieldsSet=false,lenient=true,zone=sun.util.calendar.ZoneInfo[id="GMT",offset=0,dstSavings=0,useDaylight=false,transitions=0,lastRule=null],firstDayOfWeek=1,minimalDaysInFirstWeek=1,ERA=1,YEAR=2020,MONTH=0,WEEK_OF_YEAR=3,WEEK_OF_MONTH=3,DAY_OF_MONTH=18,DAY_OF_YEAR=18,DAY_OF_WEEK=7,DAY_OF_WEEK_IN_MONTH=3,AM_PM=1,HOUR=9,HOUR_OF_DAY=21,MINUTE=6,SECOND=4,MILLISECOND=867,ZONE_OFFSET=0,DST_OFFSET=0]
200118 150604.907|INFO|Thread-6|dumpPacket|   key: CONTEST_IDENTIFIER is: java.lang.String Default-5053916771268647617
200118 150604.907|INFO|Thread-6|dumpPacket|   key: CATEGORY_LIST is: [Ledu.csus.ecs.pc2.core.model.Category; [Ledu.csus.ecs.pc2.core.model.Category;@1a537074
200118 150604.907|INFO|Thread-6|dumpPacket|   key: PROBLEM_DATA_FILES is: [Ledu.csus.ecs.pc2.core.model.ProblemDataFiles; [Ledu.csus.ecs.pc2.core.model.ProblemDataFiles;@40fc4590
200118 150604.907|INFO|Thread-6|dumpPacket|   key: PROBLEM_LIST is: [Ledu.csus.ecs.pc2.core.model.Problem; [Ledu.csus.ecs.pc2.core.model.Problem;@3252457e
200118 150604.907|INFO|Thread-6|dumpPacket|   key: CLIENT_ID is: edu.csus.ecs.pc2.core.model.ClientId JUDGE1 @ site 1
200118 150604.907|INFO|Thread-6|info|handlePacket start Packet[LOGIN_SUCCESS] #8 SERVER0 @ site 1 -> JUDGE1 @ site 1
200118 150604.907|INFO|Thread-6|dumpPacket|Packet LOGIN_SUCCESS (Seq #8, o#8 ) handlePacket
200118 150604.907|INFO|Thread-6|dumpPacket|  From: SERVER0 @ site 1, oSERVER0 @ site 1 (DESKTOP-K31L36J @ 192.168.127.1) (Contest Id: Default-5053916771268647617)
200118 150604.907|INFO|Thread-6|dumpPacket|    To: JUDGE1 @ site 1
200118 150604.907|INFO|Thread-6|dumpPacket|   key: JUDGEMENT_LIST is: [Ledu.csus.ecs.pc2.core.model.Judgement; [Ledu.csus.ecs.pc2.core.model.Judgement;@5f485d11
200118 150604.907|INFO|Thread-6|dumpPacket|   key: CLARIFICATION_LIST is: [Ledu.csus.ecs.pc2.core.model.Clarification; [Ledu.csus.ecs.pc2.core.model.Clarification;@518fb888
200118 150604.907|INFO|Thread-6|dumpPacket|   key: GENERAL_PROBLEM is: edu.csus.ecs.pc2.core.model.Problem General
200118 150604.907|INFO|Thread-6|dumpPacket|   key: LANGUAGE_LIST is: [Ledu.csus.ecs.pc2.core.model.Language; [Ledu.csus.ecs.pc2.core.model.Language;@55b03661
200118 150604.908|INFO|Thread-6|dumpPacket|   key: SITE_LIST is: [Ledu.csus.ecs.pc2.core.model.Site; [Ledu.csus.ecs.pc2.core.model.Site;@10b2b2b3
200118 150604.908|INFO|Thread-6|dumpPacket|   key: GROUP_LIST is: [Ledu.csus.ecs.pc2.core.model.Group; [Ledu.csus.ecs.pc2.core.model.Group;@d8fc561
200118 150604.908|INFO|Thread-6|dumpPacket|   key: CONTEST_TIME_LIST is: [Ledu.csus.ecs.pc2.core.model.ContestTime; [Ledu.csus.ecs.pc2.core.model.ContestTime;@21e867a0
200118 150604.908|INFO|Thread-6|dumpPacket|   key: CONTEST_INFORMATION is: edu.csus.ecs.pc2.core.model.ContestInformation edu.csus.ecs.pc2.core.model.ContestInformation@753f4ec2
200118 150604.908|INFO|Thread-6|dumpPacket|   key: CONTEST_TIME is: edu.csus.ecs.pc2.core.model.ContestTime edu.csus.ecs.pc2.core.model.ContestTime@709d4dfc
200118 150604.908|INFO|Thread-6|dumpPacket|   key: CONNECTION_HANDLE_ID_LIST is: [Ledu.csus.ecs.pc2.core.transport.ConnectionHandlerID; [Ledu.csus.ecs.pc2.core.transport.ConnectionHandlerID;@3ca3a43
200118 150604.908|INFO|Thread-6|dumpPacket|   key: REMOTE_LOGGED_IN_USERS is: [Ledu.csus.ecs.pc2.core.model.ClientId; [Ledu.csus.ecs.pc2.core.model.ClientId;@61fd88fd
200118 150604.908|INFO|Thread-6|dumpPacket|   key: BALLOON_SETTINGS_LIST is: [Ledu.csus.ecs.pc2.core.model.BalloonSettings; [Ledu.csus.ecs.pc2.core.model.BalloonSettings;@6e3b835e
200118 150604.908|INFO|Thread-6|dumpPacket|   key: PROFILE is: edu.csus.ecs.pc2.core.model.Profile Default-3586998405885201546
200118 150604.908|INFO|Thread-6|dumpPacket|   key: RUN_LIST is: [Ledu.csus.ecs.pc2.core.model.Run; [Ledu.csus.ecs.pc2.core.model.Run;@74d3d1c8
200118 150604.908|INFO|Thread-6|dumpPacket|   key: PROFILE_LIST is: [Ledu.csus.ecs.pc2.core.model.Profile; [Ledu.csus.ecs.pc2.core.model.Profile;@2699e533
200118 150604.908|INFO|Thread-6|dumpPacket|   key: LOCAL_LOGGED_IN_USERS is: [Ledu.csus.ecs.pc2.core.model.ClientId; [Ledu.csus.ecs.pc2.core.model.ClientId;@2b2e3b7d
200118 150604.908|INFO|Thread-6|dumpPacket|   key: ACCOUNT_ARRAY is: [Ledu.csus.ecs.pc2.core.model.Account; [Ledu.csus.ecs.pc2.core.model.Account;@19bd6c35
200118 150604.908|INFO|Thread-6|dumpPacket|   key: CLIENT_SETTINGS_LIST is: [Ledu.csus.ecs.pc2.core.model.ClientSettings; [Ledu.csus.ecs.pc2.core.model.ClientSettings;@730ab35b
200118 150604.908|INFO|Thread-6|dumpPacket|   key: SITE_NUMBER is: java.lang.Integer 1
200118 150604.908|INFO|Thread-6|dumpPacket|   key: SERVER_CLOCK_OFFSET is: java.util.GregorianCalendar java.util.GregorianCalendar[time=1579381564867,areFieldsSet=true,areAllFieldsSet=false,lenient=true,zone=sun.util.calendar.ZoneInfo[id="GMT",offset=0,dstSavings=0,useDaylight=false,transitions=0,lastRule=null],firstDayOfWeek=1,minimalDaysInFirstWeek=1,ERA=1,YEAR=2020,MONTH=0,WEEK_OF_YEAR=3,WEEK_OF_MONTH=3,DAY_OF_MONTH=18,DAY_OF_YEAR=18,DAY_OF_WEEK=7,DAY_OF_WEEK_IN_MONTH=3,AM_PM=1,HOUR=9,HOUR_OF_DAY=21,MINUTE=6,SECOND=4,MILLISECOND=867,ZONE_OFFSET=0,DST_OFFSET=0]
200118 150604.908|INFO|Thread-6|dumpPacket|   key: CONTEST_IDENTIFIER is: java.lang.String Default-5053916771268647617
200118 150604.908|INFO|Thread-6|dumpPacket|   key: CATEGORY_LIST is: [Ledu.csus.ecs.pc2.core.model.Category; [Ledu.csus.ecs.pc2.core.model.Category;@1a537074
200118 150604.909|INFO|Thread-6|dumpPacket|   key: PROBLEM_DATA_FILES is: [Ledu.csus.ecs.pc2.core.model.ProblemDataFiles; [Ledu.csus.ecs.pc2.core.model.ProblemDataFiles;@40fc4590
200118 150604.909|INFO|Thread-6|dumpPacket|   key: PROBLEM_LIST is: [Ledu.csus.ecs.pc2.core.model.Problem; [Ledu.csus.ecs.pc2.core.model.Problem;@3252457e
200118 150604.909|INFO|Thread-6|dumpPacket|   key: CLIENT_ID is: edu.csus.ecs.pc2.core.model.ClientId JUDGE1 @ site 1
200118 150611.315|INFO|Thread-1|receive|public void receive(SealedObject TransportPacket, ConnectionHandlerID connectionHandlerID)
200118 150615.806|INFO|Thread-9|run|send(Serializable)
200118 150615.818|INFO|Thread-1|receive|public void receive(SealedObject TransportPacket, ConnectionHandlerID connectionHandlerID)
200118 150615.821|INFO|Thread-1|receive|public void receive(SealedObject TransportPacket, ConnectionHandlerID connectionHandlerID)
200118 150619.457|INFO|Thread-22|run|send(Serializable)
200118 150619.467|INFO|Thread-1|receive|public void receive(SealedObject TransportPacket, ConnectionHandlerID connectionHandlerID)
200118 150620.419|INFO|Thread-24|run|send(Serializable)
200118 150620.441|INFO|Thread-1|receive|public void receive(SealedObject TransportPacket, ConnectionHandlerID connectionHandlerID)
200118 150620.443|INFO|Thread-1|receive|public void receive(SealedObject TransportPacket, ConnectionHandlerID connectionHandlerID)
200118 150624.400|INFO|Thread-37|run|send(Serializable)
200118 150624.425|INFO|Thread-1|receive|public void receive(SealedObject TransportPacket, ConnectionHandlerID connectionHandlerID)
200118 150708.634|INFO|Thread-1|receive|public void receive(SealedObject TransportPacket, ConnectionHandlerID connectionHandlerID)
200118 150733.968|INFO|Thread-1|receive|public void receive(SealedObject TransportPacket, ConnectionHandlerID connectionHandlerID)
200118 150734.759|INFO|Thread-41|run|send(Serializable)
200118 150734.767|INFO|Thread-1|receive|public void receive(SealedObject TransportPacket, ConnectionHandlerID connectionHandlerID)
200118 150734.768|INFO|Thread-1|receive|public void receive(SealedObject TransportPacket, ConnectionHandlerID connectionHandlerID)
200118 150735.342|INFO|Thread-53|run|send(Serializable)
200118 150735.351|INFO|Thread-1|receive|public void receive(SealedObject TransportPacket, ConnectionHandlerID connectionHandlerID)
200118 150849.140|INFO|Thread-1|receive|public void receive(SealedObject TransportPacket, ConnectionHandlerID connectionHandlerID)
200118 150849.154|INFO|Thread-1|receive|public void receive(SealedObject TransportPacket, ConnectionHandlerID connectionHandlerID)
200118 150859.715|INFO|Thread-1|receive|public void receive(SealedObject TransportPacket, ConnectionHandlerID connectionHandlerID)
200118 150922.575|INFO|Thread-1|receive|public void receive(SealedObject TransportPacket, ConnectionHandlerID connectionHandlerID)
200118 150922.582|INFO|Thread-1|receive|public void receive(SealedObject TransportPacket, ConnectionHandlerID connectionHandlerID)
200118 150925.835|INFO|Thread-1|receive|public void receive(SealedObject TransportPacket, ConnectionHandlerID connectionHandlerID)
200118 150938.508|INFO|Thread-1|receive|public void receive(SealedObject TransportPacket, ConnectionHandlerID connectionHandlerID)
200118 150938.872|INFO|Thread-62|run|send(Serializable)
200118 150938.878|INFO|Thread-1|receive|public void receive(SealedObject TransportPacket, ConnectionHandlerID connectionHandlerID)
200118 150938.879|INFO|Thread-1|receive|public void receive(SealedObject TransportPacket, ConnectionHandlerID connectionHandlerID)
200118 150939.421|INFO|Thread-74|run|send(Serializable)
200118 150939.429|INFO|Thread-1|receive|public void receive(SealedObject TransportPacket, ConnectionHandlerID connectionHandlerID)
200118 150940.874|INFO|Thread-76|run|send(Serializable)
200118 150940.880|INFO|Thread-1|receive|public void receive(SealedObject TransportPacket, ConnectionHandlerID connectionHandlerID)
200118 150940.881|INFO|Thread-1|receive|public void receive(SealedObject TransportPacket, ConnectionHandlerID connectionHandlerID)
200118 151045.520|INFO|Thread-89|run|send(Serializable)
200118 151045.528|INFO|Thread-1|receive|public void receive(SealedObject TransportPacket, ConnectionHandlerID connectionHandlerID)
200118 151055.667|INFO|Thread-1|receive|public void receive(SealedObject TransportPacket, ConnectionHandlerID connectionHandlerID)
200118 151059.384|INFO|Thread-92|run|send(Serializable)
200118 151059.390|INFO|Thread-1|receive|public void receive(SealedObject TransportPacket, ConnectionHandlerID connectionHandlerID)
200118 151059.391|INFO|Thread-1|receive|public void receive(SealedObject TransportPacket, ConnectionHandlerID connectionHandlerID)
200118 151101.152|INFO|Thread-95|run|send(Serializable)
200118 151101.160|INFO|Thread-1|receive|public void receive(SealedObject TransportPacket, ConnectionHandlerID connectionHandlerID)
200118 151158.867|INFO|Thread-1|receive|public void receive(SealedObject TransportPacket, ConnectionHandlerID connectionHandlerID)
200118 151159.883|INFO|Thread-98|run|send(Serializable)
200118 151159.890|INFO|Thread-1|receive|public void receive(SealedObject TransportPacket, ConnectionHandlerID connectionHandlerID)
200118 151159.891|INFO|Thread-1|receive|public void receive(SealedObject TransportPacket, ConnectionHandlerID connectionHandlerID)
200118 151200.494|INFO|Thread-110|run|send(Serializable)
200118 151200.503|INFO|Thread-1|receive|public void receive(SealedObject TransportPacket, ConnectionHandlerID connectionHandlerID)
200118 151210.921|INFO|Thread-1|receive|public void receive(SealedObject TransportPacket, ConnectionHandlerID connectionHandlerID)
200118 151212.706|INFO|Thread-113|run|send(Serializable)
200118 151212.715|INFO|Thread-1|receive|public void receive(SealedObject TransportPacket, ConnectionHandlerID connectionHandlerID)
200118 151212.716|INFO|Thread-1|receive|public void receive(SealedObject TransportPacket, ConnectionHandlerID connectionHandlerID)
200118 151216.880|INFO|Thread-126|run|send(Serializable)
200118 151216.887|INFO|Thread-1|receive|public void receive(SealedObject TransportPacket, ConnectionHandlerID connectionHandlerID)
200118 151221.121|INFO|Thread-1|receive|public void receive(SealedObject TransportPacket, ConnectionHandlerID connectionHandlerID)
200118 151221.299|INFO|Thread-129|run|send(Serializable)
200118 151221.305|INFO|Thread-1|receive|public void receive(SealedObject TransportPacket, ConnectionHandlerID connectionHandlerID)
200118 151221.306|INFO|Thread-1|receive|public void receive(SealedObject TransportPacket, ConnectionHandlerID connectionHandlerID)
200118 151221.816|INFO|Thread-141|run|send(Serializable)
200118 151221.824|INFO|Thread-1|receive|public void receive(SealedObject TransportPacket, ConnectionHandlerID connectionHandlerID)
200118 151344.650|INFO|Thread-146|run|send(Serializable)
200118 151344.670|INFO|Thread-1|receive|public void receive(SealedObject TransportPacket, ConnectionHandlerID connectionHandlerID)
200118 151344.671|INFO|Thread-1|receive|public void receive(SealedObject TransportPacket, ConnectionHandlerID connectionHandlerID)
200118 151414.731|INFO|Thread-159|run|send(Serializable)
200118 151414.739|INFO|Thread-1|receive|public void receive(SealedObject TransportPacket, ConnectionHandlerID connectionHandlerID)
200118 151444.058|INFO|Thread-1|receive|public void receive(SealedObject TransportPacket, ConnectionHandlerID connectionHandlerID)
200118 151452.180|INFO|Thread-1|receive|public void receive(SealedObject TransportPacket, ConnectionHandlerID connectionHandlerID)
200118 151452.654|INFO|Thread-163|run|send(Serializable)
200118 151452.661|INFO|Thread-1|receive|public void receive(SealedObject TransportPacket, ConnectionHandlerID connectionHandlerID)
200118 151452.662|INFO|Thread-1|receive|public void receive(SealedObject TransportPacket, ConnectionHandlerID connectionHandlerID)
200118 151453.229|INFO|Thread-175|run|send(Serializable)
200118 151453.235|INFO|Thread-1|receive|public void receive(SealedObject TransportPacket, ConnectionHandlerID connectionHandlerID)
200118 151459.107|INFO|Thread-177|run|send(Serializable)
200118 151459.114|INFO|Thread-1|receive|public void receive(SealedObject TransportPacket, ConnectionHandlerID connectionHandlerID)
200118 151459.114|INFO|Thread-1|receive|public void receive(SealedObject TransportPacket, ConnectionHandlerID connectionHandlerID)
200118 151509.755|INFO|Thread-190|run|send(Serializable)
200118 151509.759|INFO|Thread-1|receive|public void receive(SealedObject TransportPacket, ConnectionHandlerID connectionHandlerID)
200118 151618.530|INFO|Thread-192|run|send(Serializable)
200118 151618.535|INFO|Thread-1|receive|public void receive(SealedObject TransportPacket, ConnectionHandlerID connectionHandlerID)
200118 151618.536|INFO|Thread-1|receive|public void receive(SealedObject TransportPacket, ConnectionHandlerID connectionHandlerID)
200118 151625.224|INFO|Thread-195|run|send(Serializable)
200118 151625.231|INFO|Thread-1|receive|public void receive(SealedObject TransportPacket, ConnectionHandlerID connectionHandlerID)
200118 151646.777|INFO|Thread-1|receive|public void receive(SealedObject TransportPacket, ConnectionHandlerID connectionHandlerID)
200118 151656.067|INFO|Thread-1|receive|public void receive(SealedObject TransportPacket, ConnectionHandlerID connectionHandlerID)
200118 151657.475|INFO|Thread-1|receive|public void receive(SealedObject TransportPacket, ConnectionHandlerID connectionHandlerID)
200118 151704.009|INFO|Thread-200|run|send(Serializable)
200118 151704.015|INFO|Thread-1|receive|public void receive(SealedObject TransportPacket, ConnectionHandlerID connectionHandlerID)
200118 151704.016|INFO|Thread-1|receive|public void receive(SealedObject TransportPacket, ConnectionHandlerID connectionHandlerID)
200118 151715.603|INFO|Thread-213|run|send(Serializable)
200118 151715.623|INFO|Thread-1|receive|public void receive(SealedObject TransportPacket, ConnectionHandlerID connectionHandlerID)
200118 151723.193|INFO|Thread-1|receive|public void receive(SealedObject TransportPacket, ConnectionHandlerID connectionHandlerID)
200118 151724.078|INFO|Thread-216|run|send(Serializable)
200118 151724.084|INFO|Thread-1|receive|public void receive(SealedObject TransportPacket, ConnectionHandlerID connectionHandlerID)
200118 151724.085|INFO|Thread-1|receive|public void receive(SealedObject TransportPacket, ConnectionHandlerID connectionHandlerID)
200118 151724.589|INFO|Thread-228|run|send(Serializable)
200118 151724.609|INFO|Thread-1|receive|public void receive(SealedObject TransportPacket, ConnectionHandlerID connectionHandlerID)
200118 151733.313|INFO|Thread-230|run|send(Serializable)
200118 151733.318|INFO|Thread-1|receive|public void receive(SealedObject TransportPacket, ConnectionHandlerID connectionHandlerID)
200118 151733.319|INFO|Thread-1|receive|public void receive(SealedObject TransportPacket, ConnectionHandlerID connectionHandlerID)
200118 151750.672|INFO|Thread-233|run|send(Serializable)
200118 151750.682|INFO|Thread-1|receive|public void receive(SealedObject TransportPacket, ConnectionHandlerID connectionHandlerID)
200118 151828.070|INFO|Thread-1|receive|public void receive(SealedObject TransportPacket, ConnectionHandlerID connectionHandlerID)
200118 151831.928|INFO|Thread-236|run|send(Serializable)
200118 151831.947|INFO|Thread-1|receive|public void receive(SealedObject TransportPacket, ConnectionHandlerID connectionHandlerID)
200118 151831.948|INFO|Thread-1|receive|public void receive(SealedObject TransportPacket, ConnectionHandlerID connectionHandlerID)
200118 151841.643|INFO|Thread-249|run|send(Serializable)
200118 151841.662|INFO|Thread-1|receive|public void receive(SealedObject TransportPacket, ConnectionHandlerID connectionHandlerID)
200118 151941.023|INFO|Thread-1|receive|public void receive(SealedObject TransportPacket, ConnectionHandlerID connectionHandlerID)
200118 151945.650|INFO|Thread-252|run|send(Serializable)
200118 151945.656|INFO|Thread-1|receive|public void receive(SealedObject TransportPacket, ConnectionHandlerID connectionHandlerID)
200118 151945.657|INFO|Thread-1|receive|public void receive(SealedObject TransportPacket, ConnectionHandlerID connectionHandlerID)
200118 152000.616|INFO|Thread-255|run|send(Serializable)
200118 152000.624|INFO|Thread-1|receive|public void receive(SealedObject TransportPacket, ConnectionHandlerID connectionHandlerID)
200118 152028.496|INFO|Thread-267|run|send(Serializable)
200118 152028.516|INFO|Thread-1|receive|public void receive(SealedObject TransportPacket, ConnectionHandlerID connectionHandlerID)
200118 152414.274|INFO|Thread-269|run|send(Serializable)
200118 152414.293|INFO|Thread-1|receive|public void receive(SealedObject TransportPacket, ConnectionHandlerID connectionHandlerID)
200118 152421.496|INFO|Thread-1|connectionDropped|connectionDropped(ConnectionHandlerID myConnectionID) 
