200118 150430.431|CONFIG|main|setFileHandlers|Now logging to C:\Users\Hunter Han\Documents\IntelliJProgs\pc2lib\exampleDir\bin\logs directory.
200118 150430.432|INFO|main|info|
200118 150430.436|INFO|main|info|Version 9.6.0 () Java ver 1.8.0_231 build 5102 Windows 10 10.0 (amd64) 
200118 150430.437|INFO|main|startLog|Working directory is C:\Users\Hunter Han\Documents\IntelliJProgs\pc2lib\exampleDir\bin
200118 150430.444|INFO|main|startLog|Process id is 82008@DESKTOP-K31L36J
200118 150430.444|INFO|main|start|Starting ConnectionManager...
200118 150430.642|INFO|main|start|Started ConnectionManager
200118 150430.644|INFO|main|setClientServerAndPort|INIFile File location: file:/C:/Users/Hunter%20Han/Documents/IntelliJProgs/pc2lib/exampleDir/bin/pc2v9.ini
200118 150430.645|INFO|main|setClientServerAndPort|setClientServerAndPort localhost parsed as localhost port 50002
200118 150430.645|INFO|main|info|Contacting server at localhost:50002
200118 150430.645|INFO|main|connectToMyServer|Connecting to localhost:50002
200118 150430.661|INFO|Thread-1|receiveUnencrypted|receiveUnencrypted(TransportWrapper, ConnectionHandlerID=Socket[addr=localhost/127.0.0.1,port=50002,localport=53853]--8059732389399537133)
200118 150430.888|INFO|Thread-1|receiveUnencrypted|receiveUnencrypted Made a secret key for Socket[addr=localhost/127.0.0.1,port=50002,localport=53853]--8059732389399537133 key is com.sun.crypto.provider.DESKey@fffe7b35
200118 150430.888|INFO|Thread-1|getPublicKeyPacket|Generating Unencrypted Public Key Packet
200118 150430.889|INFO|Thread-1|getPublicKeyPacket|checking key:= SunJCE Diffie-Hellman Public Key:
y:
    34af78cb ac0677ee c7eb4189 a99026bf 7447d454 e5827de8 2f2c575a 1517445e
    9b61ef0f c3a38d8b 4a7619fd 362e87d8 daa64569 21346a7a 5e832625 fdbc92c7
    13b5b967 d58c4cbc 5be3821d aad525a4 facd1223 22273fd3 ac30de67 fce04372
    c0764964 53c8941a cd7fca57 b476cecd f754d461 204c32f9 7e0325aa 9964f06c
p:
    f488fd58 4e49dbcd 20b49de4 9107366b 336c380d 451d0f7c 88b31c7c 5b2d8ef6
    f3c923c0 43f0a55b 188d8ebb 558cb85d 38d334fd 7c175743 a31d186c de33212c
    b52aff3c e1b12940 18118d7c 84a70a72 d686c403 19c80729 7aca950c d9969fab
    d00a509b 0246d308 3d66a45d 419f9c7c bd894b22 1926baab a25ec355 e92f78c7
g:
    02
l:
    512
200118 150430.889|INFO|Thread-1|getPublicKeyPacket|packet:= edu.csus.ecs.pc2.core.transport.TransportWrapper@292eca5
