200117 230300.484|CONFIG|main|setFileHandlers|Now logging to C:\Users\Hunter Han\Documents\IntelliJProgs\pc2lib\exampleDir\bin\logs directory.
200117 230300.485|INFO|main|info|
200117 230300.489|INFO|main|info|Version 9.6.0 () Java ver 1.8.0_231 build 5102 Windows 10 10.0 (amd64) 
200117 230300.490|INFO|main|startLog|Working directory is C:\Users\Hunter Han\Documents\IntelliJProgs\pc2lib\exampleDir\bin
200117 230300.497|INFO|main|startLog|Process id is 85164@DESKTOP-K31L36J
200117 230300.497|INFO|main|start|Starting ConnectionManager...
200117 230300.703|INFO|main|start|Started ConnectionManager
200117 230300.705|INFO|main|setClientServerAndPort|INIFile File location: file:/C:/Users/Hunter%20Han/Documents/IntelliJProgs/pc2lib/exampleDir/bin/pc2v9.ini
200117 230300.705|INFO|main|setClientServerAndPort|setClientServerAndPort localhost parsed as localhost port 50002
200117 230300.705|INFO|main|info|Contacting server at localhost:50002
200117 230300.705|INFO|main|connectToMyServer|Connecting to localhost:50002
200117 230302.718|INFO|main|<init>|IO Exception:localhost
200117 230302.718|INFO|main|connectToMyServer|Could not ConnectToMyServer()
200117 230302.718|INFO|main|start|Exception contacting my server 
|edu.csus.ecs.pc2.core.transport.TransportException: Connection refused: connect
|    at edu.csus.ecs.pc2.core.transport.TransportManager.connectToMyServer (TransportManager.java:197)
|    at edu.csus.ecs.pc2.core.transport.connection.ConnectionManager.connectToMyServer (ConnectionManager.java:99)
|    at edu.csus.ecs.pc2.core.InternalController.start (InternalController.java:2853)
|    at edu.csus.ecs.pc2.Starter.main (Starter.java:49)
200117 230302.718|INFO|main|info|Unable to contact server at localhost:0 Connection refused: connect
