200117 233302.569|CONFIG|main|setFileHandlers|Now logging to C:\Users\Hunter Han\Documents\IntelliJProgs\pc2lib\exampleDir\bin\logs directory.
200117 233302.570|INFO|main|info|
200117 233302.575|INFO|main|info|Version 9.6.0 () Java ver 1.8.0_231 build 5102 Windows 10 10.0 (amd64) 
200117 233302.575|INFO|main|startLog|Working directory is C:\Users\Hunter Han\Documents\IntelliJProgs\pc2lib\exampleDir\bin
200117 233302.582|INFO|main|startLog|Process id is 94160@DESKTOP-K31L36J
200117 233302.583|INFO|main|start|Starting ConnectionManager...
200117 233302.790|INFO|main|start|Started ConnectionManager
200117 233302.791|INFO|main|setClientServerAndPort|INIFile File location: file:/C:/Users/Hunter%20Han/Documents/IntelliJProgs/pc2lib/exampleDir/bin/pc2v9.ini
200117 233302.791|INFO|main|setClientServerAndPort|setClientServerAndPort localhost parsed as localhost port 50002
200117 233302.791|INFO|main|info|Contacting server at localhost:50002
200117 233302.791|INFO|main|connectToMyServer|Connecting to localhost:50002
200117 233302.804|INFO|Thread-1|receiveUnencrypted|receiveUnencrypted(TransportWrapper, ConnectionHandlerID=Socket[addr=localhost/127.0.0.1,port=50002,localport=50980]-7937440911213388037)
200117 233303.056|INFO|Thread-1|receiveUnencrypted|receiveUnencrypted Made a secret key for Socket[addr=localhost/127.0.0.1,port=50002,localport=50980]-7937440911213388037 key is com.sun.crypto.provider.DESKey@fffe7beb
200117 233303.056|INFO|Thread-1|getPublicKeyPacket|Generating Unencrypted Public Key Packet
200117 233303.056|INFO|Thread-1|getPublicKeyPacket|checking key:= SunJCE Diffie-Hellman Public Key:
y:
    707da4cb 69781874 5ff090f0 8e1e859f 6207c093 6409ff3a dae43fea 04808674
    1e6a2d8f 14aa47e1 cdb67c3f 1c2dd6e6 8bdaf84f 74b00941 e89aea7f 9c7b0000
    708e2460 65eec061 9bf2da64 25b0833d 7cd25a46 6d502d1e f51be25b 2e01f47c
    f1d630fb 6cd08ec5 4eaf45c7 b9f0a411 33aeb01f d74b1f36 8fc14fe0 8dcc4316
p:
    f488fd58 4e49dbcd 20b49de4 9107366b 336c380d 451d0f7c 88b31c7c 5b2d8ef6
    f3c923c0 43f0a55b 188d8ebb 558cb85d 38d334fd 7c175743 a31d186c de33212c
    b52aff3c e1b12940 18118d7c 84a70a72 d686c403 19c80729 7aca950c d9969fab
    d00a509b 0246d308 3d66a45d 419f9c7c bd894b22 1926baab a25ec355 e92f78c7
g:
    02
l:
    512
200117 233303.056|INFO|Thread-1|getPublicKeyPacket|packet:= edu.csus.ecs.pc2.core.transport.TransportWrapper@292eca5
