200117 232256.861|CONFIG|main|setFileHandlers|Now logging to C:\Users\Hunter Han\Documents\IntelliJProgs\pc2lib\exampleDir\bin\logs directory.
200117 232256.862|INFO|main|info|
200117 232256.866|INFO|main|info|Version 9.6.0 () Java ver 1.8.0_231 build 5102 Windows 10 10.0 (amd64) 
200117 232256.867|INFO|main|startLog|Working directory is C:\Users\Hunter Han\Documents\IntelliJProgs\pc2lib\exampleDir\bin
200117 232256.874|INFO|main|startLog|Process id is 92972@DESKTOP-K31L36J
200117 232256.874|INFO|main|start|Starting ConnectionManager...
200117 232257.089|INFO|main|start|Started ConnectionManager
200117 232257.105|INFO|main|setClientServerAndPort|INIFile File location: file:/C:/Users/Hunter%20Han/Documents/IntelliJProgs/pc2lib/exampleDir/bin/pc2v9.ini
200117 232257.106|INFO|main|setClientServerAndPort|setClientServerAndPort localhost parsed as localhost port 50002
200117 232257.106|INFO|main|info|Contacting server at localhost:50002
200117 232257.106|INFO|main|connectToMyServer|Connecting to localhost:50002
200117 232257.121|INFO|Thread-1|receiveUnencrypted|receiveUnencrypted(TransportWrapper, ConnectionHandlerID=Socket[addr=localhost/127.0.0.1,port=50002,localport=50898]-2248544940010294890)
200117 232257.388|INFO|Thread-1|receiveUnencrypted|receiveUnencrypted Made a secret key for Socket[addr=localhost/127.0.0.1,port=50002,localport=50898]-2248544940010294890 key is com.sun.crypto.provider.DESKey@fffe797d
200117 232257.388|INFO|Thread-1|getPublicKeyPacket|Generating Unencrypted Public Key Packet
200117 232257.388|INFO|Thread-1|getPublicKeyPacket|checking key:= SunJCE Diffie-Hellman Public Key:
y:
    07d568c2 38387d2e 5557c06d aa41e5b8 e34fbd0e 794636f7 ceafd768 a96bae17
    6a09c2b5 a520924d c03b0fd9 80f43e67 951d963f f224e860 7da28ba9 0186084e
    c62bb205 3ef70abf 4a738193 149f191b 1a0f4fe9 f6fabb42 5b1749a7 76f8706f
    f6c1d1b9 e5c09724 9ae9d436 5227e6aa 078fe3e6 65c50555 952d15d9 09bc9c49
p:
    f488fd58 4e49dbcd 20b49de4 9107366b 336c380d 451d0f7c 88b31c7c 5b2d8ef6
    f3c923c0 43f0a55b 188d8ebb 558cb85d 38d334fd 7c175743 a31d186c de33212c
    b52aff3c e1b12940 18118d7c 84a70a72 d686c403 19c80729 7aca950c d9969fab
    d00a509b 0246d308 3d66a45d 419f9c7c bd894b22 1926baab a25ec355 e92f78c7
g:
    02
l:
    512
200117 232257.388|INFO|Thread-1|getPublicKeyPacket|packet:= edu.csus.ecs.pc2.core.transport.TransportWrapper@292eca5
