200110 191233.727|CONFIG|main|setFileHandlers|Now logging to /Users/hunterhan/Desktop/pc2-9.6.0-1-10-20/bin/logs directory.
200110 191233.729|INFO|main|info|
200110 191233.732|INFO|main|info|Version 9.6.0 20190102 (Wednesday, January 2nd 2019 01:20 UTC) Java ver 1.8.0_221 build 5102 Mac OS X 10.15.2 (x86_64) 
200110 191233.732|INFO|main|startLog|Working directory is /Users/hunterhan/Desktop/pc2-9.6.0-1-10-20/bin
200110 191233.746|INFO|main|startLog|Process id is 20957@Hunters-MBP.T-mobile.com
200110 191233.747|INFO|main|start|Starting ConnectionManager...
200110 191233.869|INFO|main|start|Started ConnectionManager
200110 191233.871|INFO|main|setClientServerAndPort|INIFile File location: file:/Users/hunterhan/Desktop/pc2-9.6.0-1-10-20/bin/pc2v9.ini
200110 191233.871|INFO|main|setClientServerAndPort|setClientServerAndPort localhost parsed as localhost port 50002
200110 191233.872|INFO|main|info|Contacting server at localhost:50002
200110 191233.873|INFO|main|connectToMyServer|Connecting to localhost:50002
200110 191233.927|INFO|Thread-1|receiveUnencrypted|receiveUnencrypted(TransportWrapper, ConnectionHandlerID=Socket[addr=localhost/127.0.0.1,port=50002,localport=57709]-2301160103386849865)
200110 191234.435|INFO|Thread-1|receiveUnencrypted|receiveUnencrypted Made a secret key for Socket[addr=localhost/127.0.0.1,port=50002,localport=57709]-2301160103386849865 key is com.sun.crypto.provider.DESKey@180a0
200110 191234.436|INFO|Thread-1|getPublicKeyPacket|Generating Unencrypted Public Key Packet
200110 191234.437|INFO|Thread-1|getPublicKeyPacket|checking key:= SunJCE Diffie-Hellman Public Key:
y:
    a8aa3ab9 e9f8f019 d6e75505 383e8c96 593e3192 833f9545 15e264c2 29483aa1
    cb9bc1ab 1b88f438 e14a6f27 15705226 d136d286 a7f6d15d 2813a244 ca11ceb4
    9b8d0e36 b1709a29 3660127f 69b9d43e beba1f38 27563ef4 0c0aa353 f3046334
    76785f59 776c3de4 f0863da9 e21e587e 1c585f4e 4a79e174 a8e4cea7 b13fb7bf
p:
    f488fd58 4e49dbcd 20b49de4 9107366b 336c380d 451d0f7c 88b31c7c 5b2d8ef6
    f3c923c0 43f0a55b 188d8ebb 558cb85d 38d334fd 7c175743 a31d186c de33212c
    b52aff3c e1b12940 18118d7c 84a70a72 d686c403 19c80729 7aca950c d9969fab
    d00a509b 0246d308 3d66a45d 419f9c7c bd894b22 1926baab a25ec355 e92f78c7
g:
    02
l:
    512
200110 191234.437|INFO|Thread-1|getPublicKeyPacket|packet:= edu.csus.ecs.pc2.core.transport.TransportWrapper@3b64624c
