200117 235705.393|CONFIG|main|setFileHandlers|Now logging to C:\Users\Hunter Han\Documents\IntelliJProgs\pc2lib\exampleDir\bin\logs directory.
200117 235705.394|INFO|main|info|
200117 235705.395|INFO|main|info|Version 9.6.0 () Java ver 1.8.0_231 build 5102 Windows 10 10.0 (amd64) 
200117 235705.395|INFO|main|startLog|Working directory is C:\Users\Hunter Han\Documents\IntelliJProgs\pc2lib\exampleDir\bin
200117 235705.402|INFO|main|startLog|Process id is 98456@DESKTOP-K31L36J
200117 235705.402|INFO|main|start|Starting ConnectionManager...
200117 235705.602|INFO|main|start|Started ConnectionManager
200117 235705.604|INFO|main|setClientServerAndPort|INIFile File location: file:/C:/Users/Hunter%20Han/Documents/IntelliJProgs/pc2lib/exampleDir/bin/pc2v9.ini
200117 235705.604|INFO|main|setClientServerAndPort|setClientServerAndPort localhost parsed as localhost port 50002
200117 235705.605|INFO|main|info|Contacting server at localhost:50002
200117 235705.605|INFO|main|connectToMyServer|Connecting to localhost:50002
200117 235705.616|INFO|Thread-1|receiveUnencrypted|receiveUnencrypted(TransportWrapper, ConnectionHandlerID=Socket[addr=localhost/127.0.0.1,port=50002,localport=51366]-5738921249246705188)
200117 235705.855|INFO|Thread-1|receiveUnencrypted|receiveUnencrypted Made a secret key for Socket[addr=localhost/127.0.0.1,port=50002,localport=51366]-5738921249246705188 key is com.sun.crypto.provider.DESKey@fffe79f1
200117 235705.855|INFO|Thread-1|getPublicKeyPacket|Generating Unencrypted Public Key Packet
200117 235705.856|INFO|Thread-1|getPublicKeyPacket|checking key:= SunJCE Diffie-Hellman Public Key:
y:
    2beeea7c ed587624 9abd71f5 f823fcc4 1425fa33 afb95dea 7b6de29b 5a0bf54d
    6687ecf9 1c317358 0d47c9e8 ae870cab 476f76ad db152af2 832a7b23 a82d42f9
    4aa5f707 cc427525 c0a6428d a0fb02c6 d8c8152e 22dbd120 f7b60249 cef8f671
    b54f45e7 680e0c63 1382c918 5ae8b8e3 90ae58c7 f5ba7c4a 0e6088d8 d0a69a21
p:
    f488fd58 4e49dbcd 20b49de4 9107366b 336c380d 451d0f7c 88b31c7c 5b2d8ef6
    f3c923c0 43f0a55b 188d8ebb 558cb85d 38d334fd 7c175743 a31d186c de33212c
    b52aff3c e1b12940 18118d7c 84a70a72 d686c403 19c80729 7aca950c d9969fab
    d00a509b 0246d308 3d66a45d 419f9c7c bd894b22 1926baab a25ec355 e92f78c7
g:
    02
l:
    512
200117 235705.856|INFO|Thread-1|getPublicKeyPacket|packet:= edu.csus.ecs.pc2.core.transport.TransportWrapper@5f1c09ff
