200110 200107.844|CONFIG|main|setFileHandlers|Now logging to /Users/hunterhan/Desktop/pc2-9.6.0-1-10-20/bin/logs directory.
200110 200107.845|INFO|main|info|
200110 200107.848|INFO|main|info|Version 9.6.0 20190102 (Wednesday, January 2nd 2019 01:20 UTC) Java ver 1.8.0_221 build 5102 Mac OS X 10.15.2 (x86_64) 
200110 200107.849|INFO|main|startLog|Working directory is /Users/hunterhan/Desktop/pc2-9.6.0-1-10-20/bin
200110 200107.881|INFO|main|startLog|Process id is 24320@Hunters-MBP.T-mobile.com
200110 200107.882|INFO|main|start|Starting ConnectionManager...
200110 200107.987|INFO|main|start|Started ConnectionManager
200110 200107.988|INFO|main|setClientServerAndPort|INIFile File location: file:/Users/hunterhan/Desktop/pc2-9.6.0-1-10-20/bin/pc2v9.ini
200110 200107.988|INFO|main|setClientServerAndPort|setClientServerAndPort localhost parsed as localhost port 50002
200110 200107.989|INFO|main|info|Contacting server at localhost:50002
200110 200107.989|INFO|main|connectToMyServer|Connecting to localhost:50002
200110 200108.041|INFO|Thread-1|receiveUnencrypted|receiveUnencrypted(TransportWrapper, ConnectionHandlerID=Socket[addr=localhost/127.0.0.1,port=50002,localport=59138]--4730119881084332447)
200110 200108.535|INFO|Thread-1|receiveUnencrypted|receiveUnencrypted Made a secret key for Socket[addr=localhost/127.0.0.1,port=50002,localport=59138]--4730119881084332447 key is com.sun.crypto.provider.DESKey@181ac
200110 200108.535|INFO|Thread-1|getPublicKeyPacket|Generating Unencrypted Public Key Packet
200110 200108.536|INFO|Thread-1|getPublicKeyPacket|checking key:= SunJCE Diffie-Hellman Public Key:
y:
    c5deab2b 8cbca8a5 b8a529de c9716e97 8090b668 56dfbc55 406c3227 806f81b1
    89871fdd a5659a60 afad0b92 5f4c2add f0903a70 2eab4d2a 7daa54aa e63b1ed3
    099fa807 e515f6b8 ccbb58df 275231e5 feee80ee 1bcf21e8 21e135ed d6040c1d
    49cc9d9c 14855a1a 1ad8fc58 509d93e2 3edf05fe 11e30e28 b3287c13 3d8f0e2c
p:
    f488fd58 4e49dbcd 20b49de4 9107366b 336c380d 451d0f7c 88b31c7c 5b2d8ef6
    f3c923c0 43f0a55b 188d8ebb 558cb85d 38d334fd 7c175743 a31d186c de33212c
    b52aff3c e1b12940 18118d7c 84a70a72 d686c403 19c80729 7aca950c d9969fab
    d00a509b 0246d308 3d66a45d 419f9c7c bd894b22 1926baab a25ec355 e92f78c7
g:
    02
l:
    512
200110 200108.537|INFO|Thread-1|getPublicKeyPacket|packet:= edu.csus.ecs.pc2.core.transport.TransportWrapper@3b64624c
