200118 000037.022|CONFIG|main|setFileHandlers|Now logging to C:\Users\Hunter Han\Documents\IntelliJProgs\pc2lib\exampleDir\bin\logs directory.
200118 000037.023|INFO|main|info|
200118 000037.024|INFO|main|info|Version 9.6.0 () Java ver 1.8.0_231 build 5102 Windows 10 10.0 (amd64) 
200118 000037.024|INFO|main|startLog|Working directory is C:\Users\Hunter Han\Documents\IntelliJProgs\pc2lib\exampleDir\bin
200118 000037.031|INFO|main|startLog|Process id is 99588@DESKTOP-K31L36J
200118 000037.031|INFO|main|start|Starting ConnectionManager...
200118 000037.232|INFO|main|start|Started ConnectionManager
200118 000037.233|INFO|main|setClientServerAndPort|INIFile File location: file:/C:/Users/Hunter%20Han/Documents/IntelliJProgs/pc2lib/exampleDir/bin/pc2v9.ini
200118 000037.233|INFO|main|setClientServerAndPort|setClientServerAndPort localhost parsed as localhost port 50002
200118 000037.234|INFO|main|info|Contacting server at localhost:50002
200118 000037.234|INFO|main|connectToMyServer|Connecting to localhost:50002
200118 000037.245|INFO|Thread-1|receiveUnencrypted|receiveUnencrypted(TransportWrapper, ConnectionHandlerID=Socket[addr=localhost/127.0.0.1,port=50002,localport=51603]--7574924468521569489)
200118 000037.486|INFO|Thread-1|receiveUnencrypted|receiveUnencrypted Made a secret key for Socket[addr=localhost/127.0.0.1,port=50002,localport=51603]--7574924468521569489 key is com.sun.crypto.provider.DESKey@1850f
200118 000037.486|INFO|Thread-1|getPublicKeyPacket|Generating Unencrypted Public Key Packet
200118 000037.486|INFO|Thread-1|getPublicKeyPacket|checking key:= SunJCE Diffie-Hellman Public Key:
y:
    a892c276 6f21d6a3 4073add3 b38dd9f6 cab2ac1b 437a99de 12d9bbf8 fbaf7ee8
    97e931e9 d93a6021 9714f812 f528d279 27dd18ad d82cd7d3 1dd70efc d4c42a67
    a5ecc01b 951b734d ad4b61c5 2cc52be7 df78a975 176dd9dd 331ec619 28a9f7dc
    2cea94d9 1ce75cc7 27a1d74d 397bfb9a c0cbbf9c 29d00536 f306c2b8 4a5c8e57
p:
    f488fd58 4e49dbcd 20b49de4 9107366b 336c380d 451d0f7c 88b31c7c 5b2d8ef6
    f3c923c0 43f0a55b 188d8ebb 558cb85d 38d334fd 7c175743 a31d186c de33212c
    b52aff3c e1b12940 18118d7c 84a70a72 d686c403 19c80729 7aca950c d9969fab
    d00a509b 0246d308 3d66a45d 419f9c7c bd894b22 1926baab a25ec355 e92f78c7
g:
    02
l:
    512
200118 000037.487|INFO|Thread-1|getPublicKeyPacket|packet:= edu.csus.ecs.pc2.core.transport.TransportWrapper@5f1c09ff
