200117 235015.627|CONFIG|main|setFileHandlers|Now logging to C:\Users\Hunter Han\Documents\IntelliJProgs\pc2lib\exampleDir\bin\logs directory.
200117 235015.628|INFO|main|info|
200117 235015.632|INFO|main|info|Version 9.6.0 () Java ver 1.8.0_231 build 5102 Windows 10 10.0 (amd64) 
200117 235015.633|INFO|main|startLog|Working directory is C:\Users\Hunter Han\Documents\IntelliJProgs\pc2lib\exampleDir\bin
200117 235015.641|INFO|main|startLog|Process id is 95436@DESKTOP-K31L36J
200117 235015.641|INFO|main|start|Starting ConnectionManager...
200117 235015.851|INFO|main|start|Started ConnectionManager
200117 235015.865|INFO|main|setClientServerAndPort|INIFile File location: file:/C:/Users/Hunter%20Han/Documents/IntelliJProgs/pc2lib/exampleDir/bin/pc2v9.ini
200117 235015.866|INFO|main|setClientServerAndPort|setClientServerAndPort localhost parsed as localhost port 50002
200117 235015.866|INFO|main|info|Contacting server at localhost:50002
200117 235015.866|INFO|main|connectToMyServer|Connecting to localhost:50002
200117 235015.879|INFO|Thread-1|receiveUnencrypted|receiveUnencrypted(TransportWrapper, ConnectionHandlerID=Socket[addr=localhost/127.0.0.1,port=50002,localport=51126]--6137368005118188438)
200117 235016.125|INFO|Thread-1|receiveUnencrypted|receiveUnencrypted Made a secret key for Socket[addr=localhost/127.0.0.1,port=50002,localport=51126]--6137368005118188438 key is com.sun.crypto.provider.DESKey@fffe781a
200117 235016.125|INFO|Thread-1|getPublicKeyPacket|Generating Unencrypted Public Key Packet
200117 235016.125|INFO|Thread-1|getPublicKeyPacket|checking key:= SunJCE Diffie-Hellman Public Key:
y:
    2337c53c e0197bb5 28a7f3c3 a543c885 b8624ee7 645d2dbb 2bb7fe5f 3f5c62f2
    3be861f1 d583687b 1896947e b9de8e01 cbf802bd af28da99 c140bae3 61f86b36
    b84c2778 1794b40c 9bd93363 4447b606 1de0281d 01488785 10b79dbf c62724e1
    90f51b88 bcd7a19c 1c952e2e 55aad24a 19b28b50 acf5a064 104ef59b b0962065
p:
    f488fd58 4e49dbcd 20b49de4 9107366b 336c380d 451d0f7c 88b31c7c 5b2d8ef6
    f3c923c0 43f0a55b 188d8ebb 558cb85d 38d334fd 7c175743 a31d186c de33212c
    b52aff3c e1b12940 18118d7c 84a70a72 d686c403 19c80729 7aca950c d9969fab
    d00a509b 0246d308 3d66a45d 419f9c7c bd894b22 1926baab a25ec355 e92f78c7
g:
    02
l:
    512
200117 235016.125|INFO|Thread-1|getPublicKeyPacket|packet:= edu.csus.ecs.pc2.core.transport.TransportWrapper@292eca5
