200118 143333.307|CONFIG|main|setFileHandlers|Now logging to C:\Users\Hunter Han\Documents\IntelliJProgs\pc2lib\exampleDir\bin\logs directory.
200118 143333.308|INFO|main|info|
200118 143333.312|INFO|main|info|Version 9.6.0 () Java ver 1.8.0_231 build 5102 Windows 10 10.0 (amd64) 
200118 143333.312|INFO|main|startLog|Working directory is C:\Users\Hunter Han\Documents\IntelliJProgs\pc2lib\exampleDir\bin
200118 143333.320|INFO|main|startLog|Process id is 76456@DESKTOP-K31L36J
200118 143333.320|INFO|main|start|Starting ConnectionManager...
200118 143333.516|INFO|main|start|Started ConnectionManager
200118 143333.530|INFO|main|setClientServerAndPort|INIFile File location: file:/C:/Users/Hunter%20Han/Documents/IntelliJProgs/pc2lib/exampleDir/bin/pc2v9.ini
200118 143333.531|INFO|main|setClientServerAndPort|setClientServerAndPort localhost parsed as localhost port 50002
200118 143333.531|INFO|main|info|Contacting server at localhost:50002
200118 143333.531|INFO|main|connectToMyServer|Connecting to localhost:50002
200118 143333.547|INFO|Thread-1|receiveUnencrypted|receiveUnencrypted(TransportWrapper, ConnectionHandlerID=Socket[addr=localhost/127.0.0.1,port=50002,localport=53565]--5900460708965267678)
200118 143333.776|INFO|Thread-1|receiveUnencrypted|receiveUnencrypted Made a secret key for Socket[addr=localhost/127.0.0.1,port=50002,localport=53565]--5900460708965267678 key is com.sun.crypto.provider.DESKey@fffe7ac3
200118 143333.776|INFO|Thread-1|getPublicKeyPacket|Generating Unencrypted Public Key Packet
200118 143333.777|INFO|Thread-1|getPublicKeyPacket|checking key:= SunJCE Diffie-Hellman Public Key:
y:
    875c3817 c514e43b f71352da 491fdb88 2e600688 d755c004 df3e9658 6e8d0a44
    c4790e00 c3444a10 ec9f250b c92eb2b0 16fd0e7b df949aca 590272a8 edade706
    1e78ea4d ad4352a1 f7e7fb42 9983ef92 6c1794a6 fbe3b406 4bf893d3 32daf6ca
    c9e75ec2 849b7e14 f10981fb aaa259e5 f76fa11b ca607f6a 9b78ebd2 b46aef41
p:
    f488fd58 4e49dbcd 20b49de4 9107366b 336c380d 451d0f7c 88b31c7c 5b2d8ef6
    f3c923c0 43f0a55b 188d8ebb 558cb85d 38d334fd 7c175743 a31d186c de33212c
    b52aff3c e1b12940 18118d7c 84a70a72 d686c403 19c80729 7aca950c d9969fab
    d00a509b 0246d308 3d66a45d 419f9c7c bd894b22 1926baab a25ec355 e92f78c7
g:
    02
l:
    512
200118 143333.777|INFO|Thread-1|getPublicKeyPacket|packet:= edu.csus.ecs.pc2.core.transport.TransportWrapper@292eca5
