200117 233751.709|CONFIG|main|setFileHandlers|Now logging to C:\Users\Hunter Han\Documents\IntelliJProgs\pc2lib\exampleDir\bin\logs directory.
200117 233751.710|INFO|main|info|
200117 233751.714|INFO|main|info|Version 9.6.0 () Java ver 1.8.0_231 build 5102 Windows 10 10.0 (amd64) 
200117 233751.715|INFO|main|startLog|Working directory is C:\Users\Hunter Han\Documents\IntelliJProgs\pc2lib\exampleDir\bin
200117 233751.722|INFO|main|startLog|Process id is 90892@DESKTOP-K31L36J
200117 233751.722|INFO|main|start|Starting ConnectionManager...
200117 233751.936|INFO|main|start|Started ConnectionManager
200117 233751.951|INFO|main|setClientServerAndPort|INIFile File location: file:/C:/Users/Hunter%20Han/Documents/IntelliJProgs/pc2lib/exampleDir/bin/pc2v9.ini
200117 233751.951|INFO|main|setClientServerAndPort|setClientServerAndPort localhost parsed as localhost port 50002
200117 233751.951|INFO|main|info|Contacting server at localhost:50002
200117 233751.951|INFO|main|connectToMyServer|Connecting to localhost:50002
200117 233751.963|INFO|Thread-1|receiveUnencrypted|receiveUnencrypted(TransportWrapper, ConnectionHandlerID=Socket[addr=localhost/127.0.0.1,port=50002,localport=51005]-7740888466151966077)
200117 233752.215|INFO|Thread-1|receiveUnencrypted|receiveUnencrypted Made a secret key for Socket[addr=localhost/127.0.0.1,port=50002,localport=51005]-7740888466151966077 key is com.sun.crypto.provider.DESKey@fffe7ed8
200117 233752.215|INFO|Thread-1|getPublicKeyPacket|Generating Unencrypted Public Key Packet
200117 233752.216|INFO|Thread-1|getPublicKeyPacket|checking key:= SunJCE Diffie-Hellman Public Key:
y:
    92a336a9 8d2f2461 e8c0ce35 dd16cd28 5863afed 6292d90a abfb42dd aeb38f19
    5efaa131 59c6c926 2712261a 6b1bd950 d62581ec 8f53ff50 dd4b36f5 8c3d1ca8
    acdc8e68 c71ba882 f6631d8f 45e20590 80be13fc f4d0d160 6cacf7c8 e810affe
    0c65a2ce dad31aae 0652c41e 0f0952c3 4d17d2e6 7a69f273 d9338964 98c51911
p:
    f488fd58 4e49dbcd 20b49de4 9107366b 336c380d 451d0f7c 88b31c7c 5b2d8ef6
    f3c923c0 43f0a55b 188d8ebb 558cb85d 38d334fd 7c175743 a31d186c de33212c
    b52aff3c e1b12940 18118d7c 84a70a72 d686c403 19c80729 7aca950c d9969fab
    d00a509b 0246d308 3d66a45d 419f9c7c bd894b22 1926baab a25ec355 e92f78c7
g:
    02
l:
    512
200117 233752.216|INFO|Thread-1|getPublicKeyPacket|packet:= edu.csus.ecs.pc2.core.transport.TransportWrapper@5f1c09ff
