200117 232058.456|CONFIG|main|setFileHandlers|Now logging to C:\Users\Hunter Han\Documents\IntelliJProgs\pc2lib\exampleDir\bin\logs directory.
200117 232058.457|INFO|main|info|
200117 232058.462|INFO|main|info|Version 9.6.0 () Java ver 1.8.0_231 build 5102 Windows 10 10.0 (amd64) 
200117 232058.462|INFO|main|startLog|Working directory is C:\Users\Hunter Han\Documents\IntelliJProgs\pc2lib\exampleDir\bin
200117 232058.470|INFO|main|startLog|Process id is 88608@DESKTOP-K31L36J
200117 232058.471|INFO|main|start|Starting ConnectionManager...
200117 232058.681|INFO|main|start|Started ConnectionManager
200117 232058.682|INFO|main|setClientServerAndPort|INIFile File location: file:/C:/Users/Hunter%20Han/Documents/IntelliJProgs/pc2lib/exampleDir/bin/pc2v9.ini
200117 232058.682|INFO|main|setClientServerAndPort|setClientServerAndPort localhost parsed as localhost port 50002
200117 232058.682|INFO|main|info|Contacting server at localhost:50002
200117 232058.683|INFO|main|connectToMyServer|Connecting to localhost:50002
200117 232058.696|INFO|Thread-1|receiveUnencrypted|receiveUnencrypted(TransportWrapper, ConnectionHandlerID=Socket[addr=localhost/127.0.0.1,port=50002,localport=50870]--6827556961964277403)
200117 232058.946|INFO|Thread-1|receiveUnencrypted|receiveUnencrypted Made a secret key for Socket[addr=localhost/127.0.0.1,port=50002,localport=50870]--6827556961964277403 key is com.sun.crypto.provider.DESKey@fffe7c83
200117 232058.947|INFO|Thread-1|getPublicKeyPacket|Generating Unencrypted Public Key Packet
200117 232058.947|INFO|Thread-1|getPublicKeyPacket|checking key:= SunJCE Diffie-Hellman Public Key:
y:
    0f20d3a5 8ec2082c 9b3d37f1 a91436f2 16c3f136 d4750898 a70b4069 4124a31e
    a0163676 3bca3d45 3aeca869 c762b3cf d0177bfa ba1dd52f e3d95ad9 2c8247f5
    3d69f4b8 be5169aa 7e25491b f7d437e7 5d984b9c cd0357ab 7c5ab9ca 4697d20e
    2a2fcc36 31b26fbb 698c4dfe b55a5605 ce3d6a4e d40f3781 b0de1fb8 3bcdcbc2
p:
    f488fd58 4e49dbcd 20b49de4 9107366b 336c380d 451d0f7c 88b31c7c 5b2d8ef6
    f3c923c0 43f0a55b 188d8ebb 558cb85d 38d334fd 7c175743 a31d186c de33212c
    b52aff3c e1b12940 18118d7c 84a70a72 d686c403 19c80729 7aca950c d9969fab
    d00a509b 0246d308 3d66a45d 419f9c7c bd894b22 1926baab a25ec355 e92f78c7
g:
    02
l:
    512
200117 232058.947|INFO|Thread-1|getPublicKeyPacket|packet:= edu.csus.ecs.pc2.core.transport.TransportWrapper@292eca5
