200118 143428.624|CONFIG|main|setFileHandlers|Now logging to C:\Users\Hunter Han\Documents\IntelliJProgs\pc2lib\exampleDir\bin\logs directory.
200118 143428.625|INFO|main|info|
200118 143428.626|INFO|main|info|Version 9.6.0 () Java ver 1.8.0_231 build 5102 Windows 10 10.0 (amd64) 
200118 143428.626|INFO|main|startLog|Working directory is C:\Users\Hunter Han\Documents\IntelliJProgs\pc2lib\exampleDir\bin
200118 143428.633|INFO|main|startLog|Process id is 100696@DESKTOP-K31L36J
200118 143428.633|INFO|main|start|Starting ConnectionManager...
200118 143428.836|INFO|main|start|Started ConnectionManager
200118 143428.838|INFO|main|setClientServerAndPort|INIFile File location: file:/C:/Users/Hunter%20Han/Documents/IntelliJProgs/pc2lib/exampleDir/bin/pc2v9.ini
200118 143428.839|INFO|main|setClientServerAndPort|setClientServerAndPort localhost parsed as localhost port 50002
200118 143428.839|INFO|main|info|Contacting server at localhost:50002
200118 143428.839|INFO|main|connectToMyServer|Connecting to localhost:50002
200118 143428.850|INFO|Thread-1|receiveUnencrypted|receiveUnencrypted(TransportWrapper, ConnectionHandlerID=Socket[addr=localhost/127.0.0.1,port=50002,localport=53593]--8169414483557500434)
200118 143429.106|INFO|Thread-1|receiveUnencrypted|receiveUnencrypted Made a secret key for Socket[addr=localhost/127.0.0.1,port=50002,localport=53593]--8169414483557500434 key is com.sun.crypto.provider.DESKey@fffe7959
200118 143429.106|INFO|Thread-1|getPublicKeyPacket|Generating Unencrypted Public Key Packet
200118 143429.106|INFO|Thread-1|getPublicKeyPacket|checking key:= SunJCE Diffie-Hellman Public Key:
y:
    aafb351c 334d2c72 8077404f 4b14f6e3 99a9483d 89e71b61 41e89717 19156e7a
    49cc48ec 5502529d c6bc32fd aa226459 243a3150 6dd393a1 7bf245c9 463513e4
    a14b7275 a1bf1203 4c237542 c072c8d3 80dc2200 5ad58a5f 475080fa a0d2977e
    c2da5d07 23c32767 c941a43e c4b68bcc c6760775 922fe79d 6efac5d3 95e2273d
p:
    f488fd58 4e49dbcd 20b49de4 9107366b 336c380d 451d0f7c 88b31c7c 5b2d8ef6
    f3c923c0 43f0a55b 188d8ebb 558cb85d 38d334fd 7c175743 a31d186c de33212c
    b52aff3c e1b12940 18118d7c 84a70a72 d686c403 19c80729 7aca950c d9969fab
    d00a509b 0246d308 3d66a45d 419f9c7c bd894b22 1926baab a25ec355 e92f78c7
g:
    02
l:
    512
200118 143429.106|INFO|Thread-1|getPublicKeyPacket|packet:= edu.csus.ecs.pc2.core.transport.TransportWrapper@5f1c09ff
200118 150222.979|INFO|Thread-1|receive|SocketException in receive for Socket[addr=localhost/127.0.0.1,port=50002,localport=53593]--8169414483557500434
|java.net.SocketException: Connection reset
|    at java.net.SocketInputStream.read (Unknown Source)
|    at java.net.SocketInputStream.read (Unknown Source)
|    at java.net.SocketInputStream.read (Unknown Source)
|    at java.io.ObjectInputStream$PeekInputStream.peek (Unknown Source)
|    at java.io.ObjectInputStream$BlockDataInputStream.peek (Unknown Source)
|    at java.io.ObjectInputStream$BlockDataInputStream.peekByte (Unknown Source)
|    at java.io.ObjectInputStream.readObject0 (Unknown Source)
|    at java.io.ObjectInputStream.readObject (Unknown Source)
|    at edu.csus.ecs.pc2.core.transport.ConnectionHandlerThread.receive (ConnectionHandlerThread.java:151)
|    at edu.csus.ecs.pc2.core.transport.ConnectionHandlerClientThread.run (ConnectionHandlerClientThread.java:65)
200118 150222.980|FINER|Thread-1|run|THROW
|edu.csus.ecs.pc2.core.transport.TransportException: Connection reset
|    at edu.csus.ecs.pc2.core.transport.ConnectionHandlerThread.receive (ConnectionHandlerThread.java:155)
|    at edu.csus.ecs.pc2.core.transport.ConnectionHandlerClientThread.run (ConnectionHandlerClientThread.java:65)
