200117 230951.136|CONFIG|main|setFileHandlers|Now logging to C:\Users\Hunter Han\Documents\IntelliJProgs\pc2lib\exampleDir\bin\logs directory.
200117 230951.137|INFO|main|info|
200117 230951.141|INFO|main|info|Version 9.6.0 () Java ver 1.8.0_231 build 5102 Windows 10 10.0 (amd64) 
200117 230951.142|INFO|main|startLog|Working directory is C:\Users\Hunter Han\Documents\IntelliJProgs\pc2lib\exampleDir\bin
200117 230951.149|INFO|main|startLog|Process id is 85016@DESKTOP-K31L36J
200117 230951.149|INFO|main|start|Starting ConnectionManager...
200117 230951.363|INFO|main|start|Started ConnectionManager
200117 230951.364|INFO|main|info|Starting Server Transport...
200117 232058.517|CONFIG|main|setFileHandlers|Now logging to C:\Users\Hunter Han\Documents\IntelliJProgs\pc2lib\exampleDir\bin\logs directory.
200117 232058.518|INFO|main|info|
200117 232058.522|INFO|main|info|Version 9.6.0 () Java ver 1.8.0_231 build 5102 Windows 10 10.0 (amd64) 
200117 232058.522|INFO|main|startLog|Working directory is C:\Users\Hunter Han\Documents\IntelliJProgs\pc2lib\exampleDir\bin
200117 232058.529|INFO|main|startLog|Process id is 86184@DESKTOP-K31L36J
200117 232058.530|INFO|main|start|Starting ConnectionManager...
200117 232058.740|INFO|main|start|Started ConnectionManager
200117 232058.741|INFO|main|info|Starting Server Transport...
200117 232213.958|CONFIG|main|setFileHandlers|Now logging to C:\Users\Hunter Han\Documents\IntelliJProgs\pc2lib\exampleDir\bin\logs directory.
200117 232213.959|INFO|main|info|
200117 232213.964|INFO|main|info|Version 9.6.0 () Java ver 1.8.0_231 build 5102 Windows 10 10.0 (amd64) 
200117 232213.964|INFO|main|startLog|Working directory is C:\Users\Hunter Han\Documents\IntelliJProgs\pc2lib\exampleDir\bin
200117 232213.971|INFO|main|startLog|Process id is 92284@DESKTOP-K31L36J
200117 232213.972|INFO|main|start|Starting ConnectionManager...
200117 232214.184|INFO|main|start|Started ConnectionManager
200117 232214.185|INFO|main|info|Starting Server Transport...
200117 232256.915|CONFIG|main|setFileHandlers|Now logging to C:\Users\Hunter Han\Documents\IntelliJProgs\pc2lib\exampleDir\bin\logs directory.
200117 232256.916|INFO|main|info|
200117 232256.923|INFO|main|info|Version 9.6.0 () Java ver 1.8.0_231 build 5102 Windows 10 10.0 (amd64) 
200117 232256.923|INFO|main|startLog|Working directory is C:\Users\Hunter Han\Documents\IntelliJProgs\pc2lib\exampleDir\bin
200117 232256.932|INFO|main|startLog|Process id is 89728@DESKTOP-K31L36J
200117 232256.933|INFO|main|start|Starting ConnectionManager...
200117 232257.150|INFO|main|start|Started ConnectionManager
200117 232257.151|INFO|main|info|Starting Server Transport...
200117 232813.640|CONFIG|main|setFileHandlers|Now logging to C:\Users\Hunter Han\Documents\IntelliJProgs\pc2lib\exampleDir\bin\logs directory.
200117 232813.641|INFO|main|info|
200117 232813.645|INFO|main|info|Version 9.6.0 () Java ver 1.8.0_231 build 5102 Windows 10 10.0 (amd64) 
200117 232813.645|INFO|main|startLog|Working directory is C:\Users\Hunter Han\Documents\IntelliJProgs\pc2lib\exampleDir\bin
200117 232813.652|INFO|main|startLog|Process id is 93432@DESKTOP-K31L36J
200117 232813.653|INFO|main|start|Starting ConnectionManager...
200117 232813.865|INFO|main|start|Started ConnectionManager
200117 232813.866|INFO|main|info|Starting Server Transport...
200117 233302.631|CONFIG|main|setFileHandlers|Now logging to C:\Users\Hunter Han\Documents\IntelliJProgs\pc2lib\exampleDir\bin\logs directory.
200117 233302.632|INFO|main|info|
200117 233302.637|INFO|main|info|Version 9.6.0 () Java ver 1.8.0_231 build 5102 Windows 10 10.0 (amd64) 
200117 233302.637|INFO|main|startLog|Working directory is C:\Users\Hunter Han\Documents\IntelliJProgs\pc2lib\exampleDir\bin
200117 233302.644|INFO|main|startLog|Process id is 93344@DESKTOP-K31L36J
200117 233302.644|INFO|main|start|Starting ConnectionManager...
200117 233302.858|INFO|main|start|Started ConnectionManager
200117 233302.859|INFO|main|info|Starting Server Transport...
200117 233751.772|CONFIG|main|setFileHandlers|Now logging to C:\Users\Hunter Han\Documents\IntelliJProgs\pc2lib\exampleDir\bin\logs directory.
200117 233751.773|INFO|main|info|
200117 233751.777|INFO|main|info|Version 9.6.0 () Java ver 1.8.0_231 build 5102 Windows 10 10.0 (amd64) 
200117 233751.777|INFO|main|startLog|Working directory is C:\Users\Hunter Han\Documents\IntelliJProgs\pc2lib\exampleDir\bin
200117 233751.784|INFO|main|startLog|Process id is 93208@DESKTOP-K31L36J
200117 233751.785|INFO|main|start|Starting ConnectionManager...
200117 233751.999|INFO|main|start|Started ConnectionManager
200117 233752.000|INFO|main|info|Starting Server Transport...
200117 234819.516|CONFIG|main|setFileHandlers|Now logging to C:\Users\Hunter Han\Documents\IntelliJProgs\pc2lib\exampleDir\bin\logs directory.
200117 234819.517|INFO|main|info|
200117 234819.522|INFO|main|info|Version 9.6.0 () Java ver 1.8.0_231 build 5102 Windows 10 10.0 (amd64) 
200117 234819.522|INFO|main|startLog|Working directory is C:\Users\Hunter Han\Documents\IntelliJProgs\pc2lib\exampleDir\bin
200117 234819.531|INFO|main|startLog|Process id is 95376@DESKTOP-K31L36J
200117 234819.531|INFO|main|start|Starting ConnectionManager...
200117 234819.754|INFO|main|start|Started ConnectionManager
200117 234819.755|INFO|main|info|Starting Server Transport...
200117 235015.686|CONFIG|main|setFileHandlers|Now logging to C:\Users\Hunter Han\Documents\IntelliJProgs\pc2lib\exampleDir\bin\logs directory.
200117 235015.687|INFO|main|info|
200117 235015.692|INFO|main|info|Version 9.6.0 () Java ver 1.8.0_231 build 5102 Windows 10 10.0 (amd64) 
200117 235015.692|INFO|main|startLog|Working directory is C:\Users\Hunter Han\Documents\IntelliJProgs\pc2lib\exampleDir\bin
200117 235015.700|INFO|main|startLog|Process id is 95616@DESKTOP-K31L36J
200117 235015.700|INFO|main|start|Starting ConnectionManager...
200117 235015.918|INFO|main|start|Started ConnectionManager
200117 235015.919|INFO|main|info|Starting Server Transport...
200117 235127.932|CONFIG|main|setFileHandlers|Now logging to C:\Users\Hunter Han\Documents\IntelliJProgs\pc2lib\exampleDir\bin\logs directory.
200117 235127.933|INFO|main|info|
200117 235127.938|INFO|main|info|Version 9.6.0 () Java ver 1.8.0_231 build 5102 Windows 10 10.0 (amd64) 
200117 235127.938|INFO|main|startLog|Working directory is C:\Users\Hunter Han\Documents\IntelliJProgs\pc2lib\exampleDir\bin
200117 235127.945|INFO|main|startLog|Process id is 93720@DESKTOP-K31L36J
200117 235127.945|INFO|main|start|Starting ConnectionManager...
200117 235128.157|INFO|main|start|Started ConnectionManager
200117 235128.158|INFO|main|info|Starting Server Transport...
200117 235347.588|CONFIG|main|setFileHandlers|Now logging to C:\Users\Hunter Han\Documents\IntelliJProgs\pc2lib\exampleDir\bin\logs directory.
200117 235347.589|INFO|main|info|
200117 235347.594|INFO|main|info|Version 9.6.0 () Java ver 1.8.0_231 build 5102 Windows 10 10.0 (amd64) 
200117 235347.594|INFO|main|startLog|Working directory is C:\Users\Hunter Han\Documents\IntelliJProgs\pc2lib\exampleDir\bin
200117 235347.601|INFO|main|startLog|Process id is 96400@DESKTOP-K31L36J
200117 235347.601|INFO|main|start|Starting ConnectionManager...
200117 235347.797|INFO|main|start|Started ConnectionManager
200117 235347.798|INFO|main|info|Starting Server Transport...
