200117 232813.583|CONFIG|main|setFileHandlers|Now logging to C:\Users\Hunter Han\Documents\IntelliJProgs\pc2lib\exampleDir\bin\logs directory.
200117 232813.584|INFO|main|info|
200117 232813.587|INFO|main|info|Version 9.6.0 () Java ver 1.8.0_231 build 5102 Windows 10 10.0 (amd64) 
200117 232813.588|INFO|main|startLog|Working directory is C:\Users\Hunter Han\Documents\IntelliJProgs\pc2lib\exampleDir\bin
200117 232813.595|INFO|main|startLog|Process id is 93196@DESKTOP-K31L36J
200117 232813.595|INFO|main|start|Starting ConnectionManager...
200117 232813.806|INFO|main|start|Started ConnectionManager
200117 232813.822|INFO|main|setClientServerAndPort|INIFile File location: file:/C:/Users/Hunter%20Han/Documents/IntelliJProgs/pc2lib/exampleDir/bin/pc2v9.ini
200117 232813.823|INFO|main|setClientServerAndPort|setClientServerAndPort localhost parsed as localhost port 50002
200117 232813.823|INFO|main|info|Contacting server at localhost:50002
200117 232813.823|INFO|main|connectToMyServer|Connecting to localhost:50002
200117 232813.836|INFO|Thread-1|receiveUnencrypted|receiveUnencrypted(TransportWrapper, ConnectionHandlerID=Socket[addr=localhost/127.0.0.1,port=50002,localport=50940]-1080837713613086802)
200117 232814.094|INFO|Thread-1|receiveUnencrypted|receiveUnencrypted Made a secret key for Socket[addr=localhost/127.0.0.1,port=50002,localport=50940]-1080837713613086802 key is com.sun.crypto.provider.DESKey@fffe7910
200117 232814.094|INFO|Thread-1|getPublicKeyPacket|Generating Unencrypted Public Key Packet
200117 232814.095|INFO|Thread-1|getPublicKeyPacket|checking key:= SunJCE Diffie-Hellman Public Key:
y:
    73dd1e6b d7a681c9 2969abc3 0589dca8 e55d7311 980b34fa ec42c071 c139f00e
    337aa2b9 5ea1f854 1c40ff1a 0bd96372 9d8168a9 3af0ed56 7a7edd15 6a5265bf
    2d7669e0 743a5551 3e31f0dd 1be14bd6 436f00d3 8538e503 5cf9b3ef 5d771b53
    e7ad3abb 919ccd88 3361118f c237d9b8 a0a6b399 2941aad9 ccaafe7f 49576852
p:
    f488fd58 4e49dbcd 20b49de4 9107366b 336c380d 451d0f7c 88b31c7c 5b2d8ef6
    f3c923c0 43f0a55b 188d8ebb 558cb85d 38d334fd 7c175743 a31d186c de33212c
    b52aff3c e1b12940 18118d7c 84a70a72 d686c403 19c80729 7aca950c d9969fab
    d00a509b 0246d308 3d66a45d 419f9c7c bd894b22 1926baab a25ec355 e92f78c7
g:
    02
l:
    512
200117 232814.095|INFO|Thread-1|getPublicKeyPacket|packet:= edu.csus.ecs.pc2.core.transport.TransportWrapper@292eca5
