200117 234819.472|CONFIG|main|setFileHandlers|Now logging to C:\Users\Hunter Han\Documents\IntelliJProgs\pc2lib\exampleDir\bin\logs directory.
200117 234819.473|INFO|main|info|
200117 234819.478|INFO|main|info|Version 9.6.0 () Java ver 1.8.0_231 build 5102 Windows 10 10.0 (amd64) 
200117 234819.479|INFO|main|startLog|Working directory is C:\Users\Hunter Han\Documents\IntelliJProgs\pc2lib\exampleDir\bin
200117 234819.486|INFO|main|startLog|Process id is 96188@DESKTOP-K31L36J
200117 234819.486|INFO|main|start|Starting ConnectionManager...
200117 234819.718|INFO|main|start|Started ConnectionManager
200117 234819.720|INFO|main|setClientServerAndPort|INIFile File location: file:/C:/Users/Hunter%20Han/Documents/IntelliJProgs/pc2lib/exampleDir/bin/pc2v9.ini
200117 234819.721|INFO|main|setClientServerAndPort|setClientServerAndPort localhost parsed as localhost port 50002
200117 234819.721|INFO|main|info|Contacting server at localhost:50002
200117 234819.721|INFO|main|connectToMyServer|Connecting to localhost:50002
200117 234819.733|INFO|Thread-1|receiveUnencrypted|receiveUnencrypted(TransportWrapper, ConnectionHandlerID=Socket[addr=localhost/127.0.0.1,port=50002,localport=51103]--5298687251275574877)
200117 234819.979|INFO|Thread-1|receiveUnencrypted|receiveUnencrypted Made a secret key for Socket[addr=localhost/127.0.0.1,port=50002,localport=51103]--5298687251275574877 key is com.sun.crypto.provider.DESKey@1822f
200117 234819.979|INFO|Thread-1|getPublicKeyPacket|Generating Unencrypted Public Key Packet
200117 234819.980|INFO|Thread-1|getPublicKeyPacket|checking key:= SunJCE Diffie-Hellman Public Key:
y:
    40607363 efe0f53c 17db6934 cc8ebdca ff9a818d 1ba51463 f6448186 8dc9789d
    61abf31c 2ac3800b 0a8fc9d6 53ae888b 7e5b6704 6abc96c0 18939017 202cc1ef
    8b3f546b 4502fc76 021f7ad0 84d11dc4 d5e169b2 ea28eb56 f21a3f6f 11ee18aa
    16655ce2 53fd4b94 443507d0 ce5623f6 88e4579c ab845488 9facacce 1edc824c
p:
    f488fd58 4e49dbcd 20b49de4 9107366b 336c380d 451d0f7c 88b31c7c 5b2d8ef6
    f3c923c0 43f0a55b 188d8ebb 558cb85d 38d334fd 7c175743 a31d186c de33212c
    b52aff3c e1b12940 18118d7c 84a70a72 d686c403 19c80729 7aca950c d9969fab
    d00a509b 0246d308 3d66a45d 419f9c7c bd894b22 1926baab a25ec355 e92f78c7
g:
    02
l:
    512
200117 234819.980|INFO|Thread-1|getPublicKeyPacket|packet:= edu.csus.ecs.pc2.core.transport.TransportWrapper@292eca5
