200117 235710.764|CONFIG|main|setFileHandlers|Now logging to C:\Users\Hunter Han\Documents\IntelliJProgs\pc2lib\exampleDir\bin\logs directory.
200117 235710.765|INFO|main|info|
200117 235710.766|INFO|main|info|Version 9.6.0 () Java ver 1.8.0_231 build 5102 Windows 10 10.0 (amd64) 
200117 235710.766|INFO|main|startLog|Working directory is C:\Users\Hunter Han\Documents\IntelliJProgs\pc2lib\exampleDir\bin
200117 235710.773|INFO|main|startLog|Process id is 99028@DESKTOP-K31L36J
200117 235710.773|INFO|main|start|Starting ConnectionManager...
200117 235710.988|INFO|main|start|Started ConnectionManager
200117 235710.990|INFO|main|setClientServerAndPort|INIFile File location: file:/C:/Users/Hunter%20Han/Documents/IntelliJProgs/pc2lib/exampleDir/bin/pc2v9.ini
200117 235710.991|INFO|main|setClientServerAndPort|setClientServerAndPort localhost parsed as localhost port 50002
200117 235710.991|INFO|main|info|Contacting server at localhost:50002
200117 235710.991|INFO|main|connectToMyServer|Connecting to localhost:50002
200117 235711.005|INFO|Thread-1|receiveUnencrypted|receiveUnencrypted(TransportWrapper, ConnectionHandlerID=Socket[addr=localhost/127.0.0.1,port=50002,localport=51373]-5124270224539898135)
200117 235711.253|INFO|Thread-1|receiveUnencrypted|receiveUnencrypted Made a secret key for Socket[addr=localhost/127.0.0.1,port=50002,localport=51373]-5124270224539898135 key is com.sun.crypto.provider.DESKey@fffe7b64
200117 235711.253|INFO|Thread-1|getPublicKeyPacket|Generating Unencrypted Public Key Packet
200117 235711.253|INFO|Thread-1|getPublicKeyPacket|checking key:= SunJCE Diffie-Hellman Public Key:
y:
    14ca054e 5741d885 587089cc d7e375c9 269d365e e2687925 ce69210d 38f6dfde
    545926ca 9dc96dc3 50244dd4 fd46f6f4 539dc641 376e2fe2 79f4f875 d4558cdb
    d1a5b7e9 5ad81ceb 144bc992 59705482 0b67ab3f 791855b1 eb614242 822d7d32
    b9c827bb 7de2c57e 565e8e69 c9d1e054 4983a36e 8c1b009c 8a618a77 a1e85c27
p:
    f488fd58 4e49dbcd 20b49de4 9107366b 336c380d 451d0f7c 88b31c7c 5b2d8ef6
    f3c923c0 43f0a55b 188d8ebb 558cb85d 38d334fd 7c175743 a31d186c de33212c
    b52aff3c e1b12940 18118d7c 84a70a72 d686c403 19c80729 7aca950c d9969fab
    d00a509b 0246d308 3d66a45d 419f9c7c bd894b22 1926baab a25ec355 e92f78c7
g:
    02
l:
    512
200117 235711.253|INFO|Thread-1|getPublicKeyPacket|packet:= edu.csus.ecs.pc2.core.transport.TransportWrapper@5f1c09ff
