200118 150537.809|CONFIG|main|setFileHandlers|Now logging to C:\Users\Hunter Han\Documents\IntelliJProgs\pc2lib\exampleDir\bin\logs directory.
200118 150537.810|INFO|main|info|
200118 150537.811|INFO|main|info|Version 9.6.0 () Java ver 1.8.0_231 build 5102 Windows 10 10.0 (amd64) 
200118 150537.812|INFO|main|startLog|Working directory is C:\Users\Hunter Han\Documents\IntelliJProgs\pc2lib\exampleDir\bin
200118 150537.819|INFO|main|startLog|Process id is 74460@DESKTOP-K31L36J
200118 150537.819|INFO|main|start|Starting ConnectionManager...
200118 150538.020|INFO|main|start|Started ConnectionManager
200118 150538.035|INFO|main|setClientServerAndPort|INIFile File location: file:/C:/Users/Hunter%20Han/Documents/IntelliJProgs/pc2lib/exampleDir/bin/pc2v9.ini
200118 150538.035|INFO|main|setClientServerAndPort|setClientServerAndPort localhost parsed as localhost port 50002
200118 150538.035|INFO|main|info|Contacting server at localhost:50002
200118 150538.035|INFO|main|connectToMyServer|Connecting to localhost:50002
200118 150538.047|INFO|Thread-1|receiveUnencrypted|receiveUnencrypted(TransportWrapper, ConnectionHandlerID=Socket[addr=localhost/127.0.0.1,port=50002,localport=53859]--3729742667863643088)
200118 150538.293|INFO|Thread-1|receiveUnencrypted|receiveUnencrypted Made a secret key for Socket[addr=localhost/127.0.0.1,port=50002,localport=53859]--3729742667863643088 key is com.sun.crypto.provider.DESKey@fffe7a51
200118 150538.293|INFO|Thread-1|getPublicKeyPacket|Generating Unencrypted Public Key Packet
200118 150538.294|INFO|Thread-1|getPublicKeyPacket|checking key:= SunJCE Diffie-Hellman Public Key:
y:
    1d8aa902 8d0dc7bc 2a950989 f463e192 9ad037d8 562d5cd0 7a555603 ace89ce0
    22d8da07 778ca58c 1ba347a5 d52e0e82 82a650d7 eea0fbca 6f33102a 2ef6cc89
    9e0cd8fe ca1b2024 43d3cf27 6da7d5d1 a2e09f40 7a4a4327 84e5b7a2 a4e96d0e
    f2b5648b 6a52a871 5b483c3f cf818da3 230b0904 a8da7406 eadb84d3 b898ae3f
p:
    f488fd58 4e49dbcd 20b49de4 9107366b 336c380d 451d0f7c 88b31c7c 5b2d8ef6
    f3c923c0 43f0a55b 188d8ebb 558cb85d 38d334fd 7c175743 a31d186c de33212c
    b52aff3c e1b12940 18118d7c 84a70a72 d686c403 19c80729 7aca950c d9969fab
    d00a509b 0246d308 3d66a45d 419f9c7c bd894b22 1926baab a25ec355 e92f78c7
g:
    02
l:
    512
200118 150538.294|INFO|Thread-1|getPublicKeyPacket|packet:= edu.csus.ecs.pc2.core.transport.TransportWrapper@5f1c09ff
