200201 230102.220|CONFIG|main|setFileHandlers|Now logging to /Users/hunterhan/IdeaProjects/pc2lib/exampleDir/bin/logs directory.
200201 230102.221|INFO|main|info|
200201 230102.226|INFO|main|info|Version 9.6.0 () Java ver 1.8.0_221 build 5102 Mac OS X 10.15.2 (x86_64) 
200201 230102.226|INFO|main|startLog|Working directory is /Users/hunterhan/IdeaProjects/pc2lib/exampleDir/bin
200201 230102.243|INFO|main|startLog|Process id is 47182@Hunters-MBP.T-mobile.com
200201 230102.243|INFO|main|start|Starting ConnectionManager...
200201 230102.381|INFO|main|start|Started ConnectionManager
200201 230102.382|INFO|main|info|Starting Server Transport...
200201 230449.426|CONFIG|main|setFileHandlers|Now logging to /Users/hunterhan/IdeaProjects/pc2lib/exampleDir/bin/logs directory.
200201 230449.428|INFO|main|info|
200201 230449.432|INFO|main|info|Version 9.6.0 () Java ver 1.8.0_221 build 5102 Mac OS X 10.15.2 (x86_64) 
200201 230449.432|INFO|main|startLog|Working directory is /Users/hunterhan/IdeaProjects/pc2lib/exampleDir/bin
200201 230449.469|INFO|main|startLog|Process id is 47238@Hunters-MBP.T-mobile.com
200201 230449.469|INFO|main|start|Starting ConnectionManager...
200201 230449.626|INFO|main|start|Started ConnectionManager
200201 230449.629|INFO|main|info|Starting Server Transport...
200201 231936.800|CONFIG|main|setFileHandlers|Now logging to /Users/hunterhan/IdeaProjects/pc2lib/exampleDir/bin/logs directory.
200201 231936.803|INFO|main|info|
200201 231936.806|INFO|main|info|Version 9.6.0 () Java ver 1.8.0_221 build 5102 Mac OS X 10.15.2 (x86_64) 
200201 231936.807|INFO|main|startLog|Working directory is /Users/hunterhan/IdeaProjects/pc2lib/exampleDir/bin
200201 231936.841|INFO|main|startLog|Process id is 47306@Hunters-MBP.T-mobile.com
200201 231936.841|INFO|main|start|Starting ConnectionManager...
200201 231936.989|INFO|main|start|Started ConnectionManager
200201 231936.992|INFO|main|info|Starting Server Transport...
200201 234253.242|CONFIG|main|setFileHandlers|Now logging to /Users/hunterhan/IdeaProjects/pc2lib/exampleDir/bin/logs directory.
200201 234253.244|INFO|main|info|
200201 234253.247|INFO|main|info|Version 9.6.0 () Java ver 1.8.0_221 build 5102 Mac OS X 10.15.2 (x86_64) 
200201 234253.248|INFO|main|startLog|Working directory is /Users/hunterhan/IdeaProjects/pc2lib/exampleDir/bin
200201 234253.283|INFO|main|startLog|Process id is 47395@Hunters-MBP.T-mobile.com
200201 234253.283|INFO|main|start|Starting ConnectionManager...
200201 234253.411|INFO|main|start|Started ConnectionManager
200201 234253.412|INFO|main|info|Starting Server Transport...
200202 001551.903|CONFIG|main|setFileHandlers|Now logging to /Users/hunterhan/IdeaProjects/pc2lib/exampleDir/bin/logs directory.
200202 001551.906|INFO|main|info|
200202 001551.909|INFO|main|info|Version 9.6.0 () Java ver 1.8.0_221 build 5102 Mac OS X 10.15.2 (x86_64) 
200202 001551.909|INFO|main|startLog|Working directory is /Users/hunterhan/IdeaProjects/pc2lib/exampleDir/bin
200202 001551.941|INFO|main|startLog|Process id is 47575@Hunters-MBP.T-mobile.com
200202 001551.941|INFO|main|start|Starting ConnectionManager...
200202 001552.051|INFO|main|start|Started ConnectionManager
200202 001552.053|INFO|main|info|Starting Server Transport...
200202 001635.767|CONFIG|main|setFileHandlers|Now logging to /Users/hunterhan/IdeaProjects/pc2lib/exampleDir/bin/logs directory.
200202 001635.769|INFO|main|info|
200202 001635.772|INFO|main|info|Version 9.6.0 () Java ver 1.8.0_221 build 5102 Mac OS X 10.15.2 (x86_64) 
200202 001635.772|INFO|main|startLog|Working directory is /Users/hunterhan/IdeaProjects/pc2lib/exampleDir/bin
200202 001635.783|INFO|main|startLog|Process id is 47586@Hunters-MBP.T-mobile.com
200202 001635.783|INFO|main|start|Starting ConnectionManager...
200202 001635.896|INFO|main|start|Started ConnectionManager
200202 001635.899|INFO|main|info|Starting Server Transport...
200202 001842.586|CONFIG|main|setFileHandlers|Now logging to /Users/hunterhan/IdeaProjects/pc2lib/exampleDir/bin/logs directory.
200202 001842.589|INFO|main|info|
200202 001842.592|INFO|main|info|Version 9.6.0 () Java ver 1.8.0_221 build 5102 Mac OS X 10.15.2 (x86_64) 
200202 001842.593|INFO|main|startLog|Working directory is /Users/hunterhan/IdeaProjects/pc2lib/exampleDir/bin
200202 001842.624|INFO|main|startLog|Process id is 47614@Hunters-MBP.T-mobile.com
200202 001842.624|INFO|main|start|Starting ConnectionManager...
200202 001842.747|INFO|main|start|Started ConnectionManager
200202 001842.749|INFO|main|info|Starting Server Transport...
200202 002006.090|CONFIG|main|setFileHandlers|Now logging to /Users/hunterhan/IdeaProjects/pc2lib/exampleDir/bin/logs directory.
200202 002006.093|INFO|main|info|
200202 002006.096|INFO|main|info|Version 9.6.0 () Java ver 1.8.0_221 build 5102 Mac OS X 10.15.2 (x86_64) 
200202 002006.096|INFO|main|startLog|Working directory is /Users/hunterhan/IdeaProjects/pc2lib/exampleDir/bin
200202 002006.130|INFO|main|startLog|Process id is 47643@Hunters-MBP.T-mobile.com
200202 002006.130|INFO|main|start|Starting ConnectionManager...
200202 002006.238|INFO|main|start|Started ConnectionManager
200202 002006.241|INFO|main|info|Starting Server Transport...
200202 002036.969|CONFIG|main|setFileHandlers|Now logging to /Users/hunterhan/IdeaProjects/pc2lib/exampleDir/bin/logs directory.
200202 002036.971|INFO|main|info|
200202 002036.974|INFO|main|info|Version 9.6.0 () Java ver 1.8.0_221 build 5102 Mac OS X 10.15.2 (x86_64) 
200202 002036.974|INFO|main|startLog|Working directory is /Users/hunterhan/IdeaProjects/pc2lib/exampleDir/bin
200202 002036.987|INFO|main|startLog|Process id is 47656@Hunters-MBP.T-mobile.com
200202 002036.987|INFO|main|start|Starting ConnectionManager...
200202 002037.098|INFO|main|start|Started ConnectionManager
200202 002037.099|INFO|main|info|Starting Server Transport...
200202 002139.560|CONFIG|main|setFileHandlers|Now logging to /Users/hunterhan/IdeaProjects/pc2lib/exampleDir/bin/logs directory.
200202 002139.563|INFO|main|info|
200202 002139.566|INFO|main|info|Version 9.6.0 () Java ver 1.8.0_221 build 5102 Mac OS X 10.15.2 (x86_64) 
200202 002139.566|INFO|main|startLog|Working directory is /Users/hunterhan/IdeaProjects/pc2lib/exampleDir/bin
200202 002139.606|INFO|main|startLog|Process id is 47680@Hunters-MBP.T-mobile.com
200202 002139.606|INFO|main|start|Starting ConnectionManager...
200202 002139.715|INFO|main|start|Started ConnectionManager
200202 002139.717|INFO|main|info|Starting Server Transport...
200202 002656.926|CONFIG|main|setFileHandlers|Now logging to /Users/hunterhan/IdeaProjects/pc2lib/exampleDir/bin/logs directory.
200202 002656.928|INFO|main|info|
200202 002656.933|INFO|main|info|Version 9.6.0 () Java ver 1.8.0_221 build 5102 Mac OS X 10.15.2 (x86_64) 
200202 002656.933|INFO|main|startLog|Working directory is /Users/hunterhan/IdeaProjects/pc2lib/exampleDir/bin
200202 002656.970|INFO|main|startLog|Process id is 47706@Hunters-MBP.T-mobile.com
200202 002656.971|INFO|main|start|Starting ConnectionManager...
200202 002657.110|INFO|main|start|Started ConnectionManager
200202 002657.113|INFO|main|info|Starting Server Transport...
200202 003126.965|CONFIG|main|setFileHandlers|Now logging to /Users/hunterhan/IdeaProjects/pc2lib/exampleDir/bin/logs directory.
200202 003126.966|INFO|main|info|
200202 003126.969|INFO|main|info|Version 9.6.0 () Java ver 1.8.0_221 build 5102 Mac OS X 10.15.2 (x86_64) 
200202 003126.970|INFO|main|startLog|Working directory is /Users/hunterhan/IdeaProjects/pc2lib/exampleDir/bin
200202 003126.995|INFO|main|startLog|Process id is 47729@Hunters-MBP.T-mobile.com
200202 003126.995|INFO|main|start|Starting ConnectionManager...
200202 003127.116|INFO|main|start|Started ConnectionManager
200202 003127.118|INFO|main|info|Starting Server Transport...
200202 003150.866|CONFIG|main|setFileHandlers|Now logging to /Users/hunterhan/IdeaProjects/pc2lib/exampleDir/bin/logs directory.
200202 003150.867|INFO|main|info|
200202 003150.870|INFO|main|info|Version 9.6.0 () Java ver 1.8.0_221 build 5102 Mac OS X 10.15.2 (x86_64) 
200202 003150.871|INFO|main|startLog|Working directory is /Users/hunterhan/IdeaProjects/pc2lib/exampleDir/bin
200202 003150.884|INFO|main|startLog|Process id is 47755@Hunters-MBP.T-mobile.com
200202 003150.884|INFO|main|start|Starting ConnectionManager...
200202 003150.995|INFO|main|start|Started ConnectionManager
200202 003150.997|INFO|main|info|Starting Server Transport...
200202 003423.073|CONFIG|main|setFileHandlers|Now logging to /Users/hunterhan/IdeaProjects/pc2lib/exampleDir/bin/logs directory.
200202 003423.075|INFO|main|info|
200202 003423.078|INFO|main|info|Version 9.6.0 () Java ver 1.8.0_221 build 5102 Mac OS X 10.15.2 (x86_64) 
200202 003423.078|INFO|main|startLog|Working directory is /Users/hunterhan/IdeaProjects/pc2lib/exampleDir/bin
200202 003423.110|INFO|main|startLog|Process id is 47788@Hunters-MBP.T-mobile.com
200202 003423.110|INFO|main|start|Starting ConnectionManager...
200202 003423.226|INFO|main|start|Started ConnectionManager
200202 003423.229|INFO|main|info|Starting Server Transport...
200202 011948.729|CONFIG|main|setFileHandlers|Now logging to /Users/hunterhan/IdeaProjects/pc2lib/exampleDir/bin/logs directory.
200202 011948.730|INFO|main|info|
200202 011948.733|INFO|main|info|Version 9.6.0 () Java ver 1.8.0_221 build 5102 Mac OS X 10.15.2 (x86_64) 
200202 011948.734|INFO|main|startLog|Working directory is /Users/hunterhan/IdeaProjects/pc2lib/exampleDir/bin
200202 011948.766|INFO|main|startLog|Process id is 48083@Hunters-MBP.T-mobile.com
200202 011948.766|INFO|main|start|Starting ConnectionManager...
200202 011948.891|INFO|main|start|Started ConnectionManager
200202 011948.893|INFO|main|info|Starting Server Transport...
200202 022511.685|CONFIG|main|setFileHandlers|Now logging to /Users/hunterhan/IdeaProjects/pc2lib/exampleDir/bin/logs directory.
200202 022511.687|INFO|main|info|
200202 022511.690|INFO|main|info|Version 9.6.0 () Java ver 1.8.0_221 build 5102 Mac OS X 10.15.2 (x86_64) 
200202 022511.690|INFO|main|startLog|Working directory is /Users/hunterhan/IdeaProjects/pc2lib/exampleDir/bin
200202 022511.706|INFO|main|startLog|Process id is 48458@Hunters-MBP.T-mobile.com
200202 022511.707|INFO|main|start|Starting ConnectionManager...
200202 022511.826|INFO|main|start|Started ConnectionManager
200202 022511.827|INFO|main|info|Starting Server Transport...
200202 022555.869|CONFIG|main|setFileHandlers|Now logging to /Users/hunterhan/IdeaProjects/pc2lib/exampleDir/bin/logs directory.
200202 022555.870|INFO|main|info|
200202 022555.873|INFO|main|info|Version 9.6.0 () Java ver 1.8.0_221 build 5102 Mac OS X 10.15.2 (x86_64) 
200202 022555.874|INFO|main|startLog|Working directory is /Users/hunterhan/IdeaProjects/pc2lib/exampleDir/bin
200202 022555.906|INFO|main|startLog|Process id is 48473@Hunters-MBP.T-mobile.com
200202 022555.907|INFO|main|start|Starting ConnectionManager...
200202 022556.026|INFO|main|start|Started ConnectionManager
200202 022556.029|INFO|main|info|Starting Server Transport...
200202 022726.840|CONFIG|main|setFileHandlers|Now logging to /Users/hunterhan/IdeaProjects/pc2lib/exampleDir/bin/logs directory.
200202 022726.842|INFO|main|info|
200202 022726.845|INFO|main|info|Version 9.6.0 () Java ver 1.8.0_221 build 5102 Mac OS X 10.15.2 (x86_64) 
200202 022726.846|INFO|main|startLog|Working directory is /Users/hunterhan/IdeaProjects/pc2lib/exampleDir/bin
200202 022726.886|INFO|main|startLog|Process id is 48502@Hunters-MBP.T-mobile.com
200202 022726.886|INFO|main|start|Starting ConnectionManager...
200202 022727.000|INFO|main|start|Started ConnectionManager
200202 022727.002|INFO|main|info|Starting Server Transport...
200202 023007.411|CONFIG|main|setFileHandlers|Now logging to /Users/hunterhan/IdeaProjects/pc2lib/exampleDir/bin/logs directory.
200202 023007.413|INFO|main|info|
200202 023007.416|INFO|main|info|Version 9.6.0 () Java ver 1.8.0_221 build 5102 Mac OS X 10.15.2 (x86_64) 
200202 023007.417|INFO|main|startLog|Working directory is /Users/hunterhan/IdeaProjects/pc2lib/exampleDir/bin
200202 023007.428|INFO|main|startLog|Process id is 48558@Hunters-MBP.T-mobile.com
200202 023007.429|INFO|main|start|Starting ConnectionManager...
200202 023007.547|INFO|main|start|Started ConnectionManager
200202 023007.548|INFO|main|info|Starting Server Transport...
200202 023101.927|CONFIG|main|setFileHandlers|Now logging to /Users/hunterhan/IdeaProjects/pc2lib/exampleDir/bin/logs directory.
200202 023101.929|INFO|main|info|
200202 023101.932|INFO|main|info|Version 9.6.0 () Java ver 1.8.0_221 build 5102 Mac OS X 10.15.2 (x86_64) 
200202 023101.933|INFO|main|startLog|Working directory is /Users/hunterhan/IdeaProjects/pc2lib/exampleDir/bin
200202 023101.948|INFO|main|startLog|Process id is 48571@Hunters-MBP.T-mobile.com
200202 023101.949|INFO|main|start|Starting ConnectionManager...
200202 023102.076|INFO|main|start|Started ConnectionManager
200202 023102.078|INFO|main|info|Starting Server Transport...
