200117 235734.596|CONFIG|Thread-5|setFileHandlers|Now logging to C:\Users\Hunter Han\Documents\IntelliJProgs\pc2lib\exampleDir\bin\logs directory.
200117 235734.596|INFO|Thread-5|info|
200117 235734.597|INFO|Thread-5|info|Version 9.6.0 () Java ver 1.8.0_231 build 5102 Windows 10 10.0 (amd64) 
200117 235734.597|INFO|Thread-5|info|Login: team9 (aka team9)
200117 235734.597|INFO|Thread-5|startLog|Working directory is C:\Users\Hunter Han\Documents\IntelliJProgs\pc2lib\exampleDir\bin
200117 235734.597|INFO|Thread-5|startLog|Process id is 99028@DESKTOP-K31L36J
200117 235734.597|INFO|Thread-5|info|Attempting to load UI class edu.csus.ecs.pc2.ui.team.TeamView
200117 235734.601|INFO|Thread-5|info|Loaded UI class edu.csus.ecs.pc2.ui.team.TeamView
200117 235734.711|INFO|Thread-5|info| handlePacket original LOGIN_SUCCESS after -- all settings loaded 
200117 235734.712|INFO|Thread-5|info|handlePacket end Packet[LOGIN_SUCCESS] #11 SERVER0 @ site 1 -> TEAM9 @ site 1
200117 235734.712|INFO|Thread-5|info| receiveObject(S) end   got Packet[LOGIN_SUCCESS] #11 SERVER0 @ site 1 -> TEAM9 @ site 1
200118 000020.834|INFO|AWT-EventQueue-0|testOrSubmitRun|submitRun for NEWTEST Java file: C:\Users\Hunter Han\Desktop\solution.java
200118 000020.835|INFO|AWT-EventQueue-0|sendToLocalServer|Sending packet to server Packet[RUN_SUBMISSION] #2 TEAM9 @ site 1 -> SERVER0 @ site 1
200118 000020.835|INFO|AWT-EventQueue-0|sendToLocalServer|Sent    packet to server Packet[RUN_SUBMISSION] #2 TEAM9 @ site 1 -> SERVER0 @ site 1
200118 000020.862|INFO|Thread-9|info| receiveObject(S) start got Packet[RUN_SUBMISSION_CONFIRM] #13 SERVER0 @ site 1 -> TEAM9 @ site 1
200118 000020.862|INFO|Thread-9|dumpPacket|Packet RUN_SUBMISSION_CONFIRM (Seq #13, o#13 ) recieveObject
200118 000020.862|INFO|Thread-9|dumpPacket|  From: SERVER0 @ site 1, oSERVER0 @ site 1 (DESKTOP-K31L36J @ 192.168.127.1) (Contest Id: Default-5053916771268647617)
200118 000020.862|INFO|Thread-9|dumpPacket|    To: TEAM9 @ site 1
200118 000020.863|INFO|Thread-9|dumpPacket|   key: RUN is: edu.csus.ecs.pc2.core.model.Run Run 1 QUEUED_FOR_COMPUTER_JUDGEMENT 3 min 208830ms from TEAM9 @ site 1 id Run-7233894321269857746 problem NEWTEST-1392576944304572800 lang Java--8544374802327027282
200118 000020.863|INFO|Thread-9|info|handlePacket start Packet[RUN_SUBMISSION_CONFIRM] #13 SERVER0 @ site 1 -> TEAM9 @ site 1
200118 000020.863|INFO|Thread-9|dumpPacket|Packet RUN_SUBMISSION_CONFIRM (Seq #13, o#13 ) handlePacket
200118 000020.863|INFO|Thread-9|dumpPacket|  From: SERVER0 @ site 1, oSERVER0 @ site 1 (DESKTOP-K31L36J @ 192.168.127.1) (Contest Id: Default-5053916771268647617)
200118 000020.863|INFO|Thread-9|dumpPacket|    To: TEAM9 @ site 1
200118 000020.863|INFO|Thread-9|dumpPacket|   key: RUN is: edu.csus.ecs.pc2.core.model.Run Run 1 QUEUED_FOR_COMPUTER_JUDGEMENT 3 min 208830ms from TEAM9 @ site 1 id Run-7233894321269857746 problem NEWTEST-1392576944304572800 lang Java--8544374802327027282
200118 000022.107|INFO|Thread-9|info| receiveObject(S) end   got Packet[RUN_SUBMISSION_CONFIRM] #13 SERVER0 @ site 1 -> TEAM9 @ site 1
200118 000738.414|INFO|Thread-10|info| receiveObject(S) start got Packet[RUN_JUDGEMENT] #43 SERVER0 @ site 1 -> TEAM9 @ site 1
200118 000738.415|INFO|Thread-10|dumpPacket|Packet RUN_JUDGEMENT (Seq #43, o#43 ) recieveObject
200118 000738.415|INFO|Thread-10|dumpPacket|  From: SERVER0 @ site 1, oSERVER0 @ site 1 (DESKTOP-K31L36J @ 192.168.127.1) (Contest Id: Default-5053916771268647617)
200118 000738.415|INFO|Thread-10|dumpPacket|    To: TEAM9 @ site 1
200118 000738.415|INFO|Thread-10|dumpPacket|   key: JUDGEMENT_RECORD is: edu.csus.ecs.pc2.core.model.JudgementRecord No by JUDGE1 @ site 1 judgement No_-_Compilation_Error-4451318115751433921 id JudgementRecord-2394738266266871419
200118 000738.415|INFO|Thread-10|dumpPacket|   key: CLIENT_ID is: edu.csus.ecs.pc2.core.model.ClientId SERVER0 @ site 1
200118 000738.415|INFO|Thread-10|dumpPacket|   key: RUN is: edu.csus.ecs.pc2.core.model.Run Run 1 JUDGED 3 min 208830ms from TEAM9 @ site 1 id Run-7233894321269857746 problem NEWTEST-1392576944304572800 lang Java--8544374802327027282
200118 000738.415|INFO|Thread-10|info|handlePacket start Packet[RUN_JUDGEMENT] #43 SERVER0 @ site 1 -> TEAM9 @ site 1
200118 000738.416|INFO|Thread-10|dumpPacket|Packet RUN_JUDGEMENT (Seq #43, o#43 ) handlePacket
200118 000738.416|INFO|Thread-10|dumpPacket|  From: SERVER0 @ site 1, oSERVER0 @ site 1 (DESKTOP-K31L36J @ 192.168.127.1) (Contest Id: Default-5053916771268647617)
200118 000738.416|INFO|Thread-10|dumpPacket|    To: TEAM9 @ site 1
200118 000738.416|INFO|Thread-10|dumpPacket|   key: JUDGEMENT_RECORD is: edu.csus.ecs.pc2.core.model.JudgementRecord No by JUDGE1 @ site 1 judgement No_-_Compilation_Error-4451318115751433921 id JudgementRecord-2394738266266871419
200118 000738.416|INFO|Thread-10|dumpPacket|   key: CLIENT_ID is: edu.csus.ecs.pc2.core.model.ClientId SERVER0 @ site 1
200118 000738.416|INFO|Thread-10|dumpPacket|   key: RUN is: edu.csus.ecs.pc2.core.model.Run Run 1 JUDGED 3 min 208830ms from TEAM9 @ site 1 id Run-7233894321269857746 problem NEWTEST-1392576944304572800 lang Java--8544374802327027282
200118 000739.889|INFO|Thread-10|runChanged|RunsPane.RunListener: Action=CHANGED; DetailedAction=null; msg=null; run=Run 1 JUDGED 3 min 208830ms from TEAM9 @ site 1 id Run-7233894321269857746 problem NEWTEST-1392576944304572800 lang Java--8544374802327027282; runFiles=null
200118 000739.890|INFO|Thread-10|runChanged|Event not for me: sent to null but my ID is TEAM9 @ site 1
200118 000739.890|INFO|Thread-10|info| receiveObject(S) end   got Packet[RUN_JUDGEMENT] #43 SERVER0 @ site 1 -> TEAM9 @ site 1
200118 000755.490|INFO|AWT-EventQueue-0|testOrSubmitRun|submitRun for NEWTEST Java file: C:\Users\Hunter Han\Desktop\solution.java
200118 000755.491|INFO|AWT-EventQueue-0|sendToLocalServer|Sending packet to server Packet[RUN_SUBMISSION] #3 TEAM9 @ site 1 -> SERVER0 @ site 1
200118 000755.491|INFO|AWT-EventQueue-0|sendToLocalServer|Sent    packet to server Packet[RUN_SUBMISSION] #3 TEAM9 @ site 1 -> SERVER0 @ site 1
200118 000755.498|INFO|Thread-12|info| receiveObject(S) start got Packet[RUN_SUBMISSION_CONFIRM] #45 SERVER0 @ site 1 -> TEAM9 @ site 1
200118 000755.498|INFO|Thread-12|dumpPacket|Packet RUN_SUBMISSION_CONFIRM (Seq #45, o#45 ) recieveObject
200118 000755.499|INFO|Thread-12|dumpPacket|  From: SERVER0 @ site 1, oSERVER0 @ site 1 (DESKTOP-K31L36J @ 192.168.127.1) (Contest Id: Default-5053916771268647617)
200118 000755.499|INFO|Thread-12|dumpPacket|    To: TEAM9 @ site 1
200118 000755.499|INFO|Thread-12|dumpPacket|   key: RUN is: edu.csus.ecs.pc2.core.model.Run Run 2 QUEUED_FOR_COMPUTER_JUDGEMENT 11 min 663481ms from TEAM9 @ site 1 id Run--3771286471058616564 problem NEWTEST-1392576944304572800 lang Java--8544374802327027282
200118 000755.499|INFO|Thread-12|info|handlePacket start Packet[RUN_SUBMISSION_CONFIRM] #45 SERVER0 @ site 1 -> TEAM9 @ site 1
200118 000755.499|INFO|Thread-12|dumpPacket|Packet RUN_SUBMISSION_CONFIRM (Seq #45, o#45 ) handlePacket
200118 000755.499|INFO|Thread-12|dumpPacket|  From: SERVER0 @ site 1, oSERVER0 @ site 1 (DESKTOP-K31L36J @ 192.168.127.1) (Contest Id: Default-5053916771268647617)
200118 000755.499|INFO|Thread-12|dumpPacket|    To: TEAM9 @ site 1
200118 000755.499|INFO|Thread-12|dumpPacket|   key: RUN is: edu.csus.ecs.pc2.core.model.Run Run 2 QUEUED_FOR_COMPUTER_JUDGEMENT 11 min 663481ms from TEAM9 @ site 1 id Run--3771286471058616564 problem NEWTEST-1392576944304572800 lang Java--8544374802327027282
200118 000756.635|INFO|Thread-12|info| receiveObject(S) end   got Packet[RUN_SUBMISSION_CONFIRM] #45 SERVER0 @ site 1 -> TEAM9 @ site 1
200118 000921.035|INFO|Thread-13|info| receiveObject(S) start got Packet[RUN_JUDGEMENT] #52 SERVER0 @ site 1 -> TEAM9 @ site 1
200118 000921.039|INFO|Thread-13|dumpPacket|Packet RUN_JUDGEMENT (Seq #52, o#52 ) recieveObject
200118 000921.040|INFO|Thread-13|dumpPacket|  From: SERVER0 @ site 1, oSERVER0 @ site 1 (DESKTOP-K31L36J @ 192.168.127.1) (Contest Id: Default-5053916771268647617)
200118 000921.041|INFO|Thread-13|dumpPacket|    To: TEAM9 @ site 1
200118 000921.041|INFO|Thread-13|dumpPacket|   key: JUDGEMENT_RECORD is: edu.csus.ecs.pc2.core.model.JudgementRecord Yes by JUDGE1 @ site 1 judgement Yes--4357454964518528495 id JudgementRecord-7824315319066348473
200118 000921.041|INFO|Thread-13|dumpPacket|   key: CLIENT_ID is: edu.csus.ecs.pc2.core.model.ClientId SERVER0 @ site 1
200118 000921.041|INFO|Thread-13|dumpPacket|   key: RUN is: edu.csus.ecs.pc2.core.model.Run Run 2 JUDGED 11 min 663481ms from TEAM9 @ site 1 id Run--3771286471058616564 problem NEWTEST-1392576944304572800 lang Java--8544374802327027282
200118 000921.041|INFO|Thread-13|info|handlePacket start Packet[RUN_JUDGEMENT] #52 SERVER0 @ site 1 -> TEAM9 @ site 1
200118 000921.042|INFO|Thread-13|dumpPacket|Packet RUN_JUDGEMENT (Seq #52, o#52 ) handlePacket
200118 000921.042|INFO|Thread-13|dumpPacket|  From: SERVER0 @ site 1, oSERVER0 @ site 1 (DESKTOP-K31L36J @ 192.168.127.1) (Contest Id: Default-5053916771268647617)
200118 000921.042|INFO|Thread-13|dumpPacket|    To: TEAM9 @ site 1
200118 000921.042|INFO|Thread-13|dumpPacket|   key: JUDGEMENT_RECORD is: edu.csus.ecs.pc2.core.model.JudgementRecord Yes by JUDGE1 @ site 1 judgement Yes--4357454964518528495 id JudgementRecord-7824315319066348473
200118 000921.042|INFO|Thread-13|dumpPacket|   key: CLIENT_ID is: edu.csus.ecs.pc2.core.model.ClientId SERVER0 @ site 1
200118 000921.042|INFO|Thread-13|dumpPacket|   key: RUN is: edu.csus.ecs.pc2.core.model.Run Run 2 JUDGED 11 min 663481ms from TEAM9 @ site 1 id Run--3771286471058616564 problem NEWTEST-1392576944304572800 lang Java--8544374802327027282
200118 000922.394|INFO|Thread-13|runChanged|RunsPane.RunListener: Action=CHANGED; DetailedAction=null; msg=null; run=Run 2 JUDGED 11 min 663481ms from TEAM9 @ site 1 id Run--3771286471058616564 problem NEWTEST-1392576944304572800 lang Java--8544374802327027282; runFiles=null
200118 000922.394|INFO|Thread-13|runChanged|Event not for me: sent to null but my ID is TEAM9 @ site 1
200118 000922.394|INFO|Thread-13|info| receiveObject(S) end   got Packet[RUN_JUDGEMENT] #52 SERVER0 @ site 1 -> TEAM9 @ site 1
200118 001042.698|INFO|AWT-EventQueue-0|testOrSubmitRun|submitRun for NEWTEST Java file: C:\Users\Hunter Han\Desktop\solution.java
200118 001042.699|INFO|AWT-EventQueue-0|sendToLocalServer|Sending packet to server Packet[RUN_SUBMISSION] #4 TEAM9 @ site 1 -> SERVER0 @ site 1
200118 001042.699|INFO|AWT-EventQueue-0|sendToLocalServer|Sent    packet to server Packet[RUN_SUBMISSION] #4 TEAM9 @ site 1 -> SERVER0 @ site 1
200118 001042.719|INFO|Thread-15|info| receiveObject(S) start got Packet[RUN_SUBMISSION_CONFIRM] #54 SERVER0 @ site 1 -> TEAM9 @ site 1
200118 001042.720|INFO|Thread-15|dumpPacket|Packet RUN_SUBMISSION_CONFIRM (Seq #54, o#54 ) recieveObject
200118 001042.720|INFO|Thread-15|dumpPacket|  From: SERVER0 @ site 1, oSERVER0 @ site 1 (DESKTOP-K31L36J @ 192.168.127.1) (Contest Id: Default-5053916771268647617)
200118 001042.720|INFO|Thread-15|dumpPacket|    To: TEAM9 @ site 1
200118 001042.720|INFO|Thread-15|dumpPacket|   key: RUN is: edu.csus.ecs.pc2.core.model.Run Run 3 QUEUED_FOR_COMPUTER_JUDGEMENT 13 min 830689ms from TEAM9 @ site 1 id Run-7008536506702459095 problem NEWTEST--9004221673204648271 lang Java--8544374802327027282
200118 001042.720|INFO|Thread-15|info|handlePacket start Packet[RUN_SUBMISSION_CONFIRM] #54 SERVER0 @ site 1 -> TEAM9 @ site 1
200118 001042.720|INFO|Thread-15|dumpPacket|Packet RUN_SUBMISSION_CONFIRM (Seq #54, o#54 ) handlePacket
200118 001042.720|INFO|Thread-15|dumpPacket|  From: SERVER0 @ site 1, oSERVER0 @ site 1 (DESKTOP-K31L36J @ 192.168.127.1) (Contest Id: Default-5053916771268647617)
200118 001042.720|INFO|Thread-15|dumpPacket|    To: TEAM9 @ site 1
200118 001042.720|INFO|Thread-15|dumpPacket|   key: RUN is: edu.csus.ecs.pc2.core.model.Run Run 3 QUEUED_FOR_COMPUTER_JUDGEMENT 13 min 830689ms from TEAM9 @ site 1 id Run-7008536506702459095 problem NEWTEST--9004221673204648271 lang Java--8544374802327027282
200118 001043.778|INFO|Thread-15|info| receiveObject(S) end   got Packet[RUN_SUBMISSION_CONFIRM] #54 SERVER0 @ site 1 -> TEAM9 @ site 1
200118 001102.467|INFO|Thread-16|info| receiveObject(S) start got Packet[RUN_JUDGEMENT] #61 SERVER0 @ site 1 -> TEAM9 @ site 1
200118 001102.467|INFO|Thread-16|dumpPacket|Packet RUN_JUDGEMENT (Seq #61, o#61 ) recieveObject
200118 001102.467|INFO|Thread-16|dumpPacket|  From: SERVER0 @ site 1, oSERVER0 @ site 1 (DESKTOP-K31L36J @ 192.168.127.1) (Contest Id: Default-5053916771268647617)
200118 001102.468|INFO|Thread-16|dumpPacket|    To: TEAM9 @ site 1
200118 001102.468|INFO|Thread-16|dumpPacket|   key: JUDGEMENT_RECORD is: edu.csus.ecs.pc2.core.model.JudgementRecord Yes by JUDGE1 @ site 1 judgement Yes--4357454964518528495 id JudgementRecord-7183940137478044856
200118 001102.468|INFO|Thread-16|dumpPacket|   key: CLIENT_ID is: edu.csus.ecs.pc2.core.model.ClientId SERVER0 @ site 1
200118 001102.468|INFO|Thread-16|dumpPacket|   key: RUN is: edu.csus.ecs.pc2.core.model.Run Run 3 JUDGED 13 min 830689ms from TEAM9 @ site 1 id Run-7008536506702459095 problem NEWTEST--9004221673204648271 lang Java--8544374802327027282
200118 001102.468|INFO|Thread-16|info|handlePacket start Packet[RUN_JUDGEMENT] #61 SERVER0 @ site 1 -> TEAM9 @ site 1
200118 001102.468|INFO|Thread-16|dumpPacket|Packet RUN_JUDGEMENT (Seq #61, o#61 ) handlePacket
200118 001102.468|INFO|Thread-16|dumpPacket|  From: SERVER0 @ site 1, oSERVER0 @ site 1 (DESKTOP-K31L36J @ 192.168.127.1) (Contest Id: Default-5053916771268647617)
200118 001102.469|INFO|Thread-16|dumpPacket|    To: TEAM9 @ site 1
200118 001102.469|INFO|Thread-16|dumpPacket|   key: JUDGEMENT_RECORD is: edu.csus.ecs.pc2.core.model.JudgementRecord Yes by JUDGE1 @ site 1 judgement Yes--4357454964518528495 id JudgementRecord-7183940137478044856
200118 001102.469|INFO|Thread-16|dumpPacket|   key: CLIENT_ID is: edu.csus.ecs.pc2.core.model.ClientId SERVER0 @ site 1
200118 001102.469|INFO|Thread-16|dumpPacket|   key: RUN is: edu.csus.ecs.pc2.core.model.Run Run 3 JUDGED 13 min 830689ms from TEAM9 @ site 1 id Run-7008536506702459095 problem NEWTEST--9004221673204648271 lang Java--8544374802327027282
200118 001103.922|INFO|Thread-16|runChanged|RunsPane.RunListener: Action=CHANGED; DetailedAction=null; msg=null; run=Run 3 JUDGED 13 min 830689ms from TEAM9 @ site 1 id Run-7008536506702459095 problem NEWTEST--9004221673204648271 lang Java--8544374802327027282; runFiles=null
200118 001103.922|INFO|Thread-16|runChanged|Event not for me: sent to null but my ID is TEAM9 @ site 1
200118 001103.922|INFO|Thread-16|info| receiveObject(S) end   got Packet[RUN_JUDGEMENT] #61 SERVER0 @ site 1 -> TEAM9 @ site 1
200118 001114.258|INFO|AWT-EventQueue-0|testOrSubmitRun|submitRun for Word Mix Java file: C:\Users\Hunter Han\Desktop\solution.java
200118 001114.258|INFO|AWT-EventQueue-0|sendToLocalServer|Sending packet to server Packet[RUN_SUBMISSION] #5 TEAM9 @ site 1 -> SERVER0 @ site 1
200118 001114.259|INFO|AWT-EventQueue-0|sendToLocalServer|Sent    packet to server Packet[RUN_SUBMISSION] #5 TEAM9 @ site 1 -> SERVER0 @ site 1
200118 001114.266|INFO|Thread-18|info| receiveObject(S) start got Packet[RUN_SUBMISSION_CONFIRM] #63 SERVER0 @ site 1 -> TEAM9 @ site 1
200118 001114.267|INFO|Thread-18|dumpPacket|Packet RUN_SUBMISSION_CONFIRM (Seq #63, o#63 ) recieveObject
200118 001114.267|INFO|Thread-18|dumpPacket|  From: SERVER0 @ site 1, oSERVER0 @ site 1 (DESKTOP-K31L36J @ 192.168.127.1) (Contest Id: Default-5053916771268647617)
200118 001114.267|INFO|Thread-18|dumpPacket|    To: TEAM9 @ site 1
200118 001114.267|INFO|Thread-18|dumpPacket|   key: RUN is: edu.csus.ecs.pc2.core.model.Run Run 4 QUEUED_FOR_COMPUTER_JUDGEMENT 14 min 862249ms from TEAM9 @ site 1 id Run-7891112300271502936 problem Word_Mix-5366080239438405028 lang Java--8544374802327027282
200118 001114.267|INFO|Thread-18|info|handlePacket start Packet[RUN_SUBMISSION_CONFIRM] #63 SERVER0 @ site 1 -> TEAM9 @ site 1
200118 001114.267|INFO|Thread-18|dumpPacket|Packet RUN_SUBMISSION_CONFIRM (Seq #63, o#63 ) handlePacket
200118 001114.267|INFO|Thread-18|dumpPacket|  From: SERVER0 @ site 1, oSERVER0 @ site 1 (DESKTOP-K31L36J @ 192.168.127.1) (Contest Id: Default-5053916771268647617)
200118 001114.267|INFO|Thread-18|dumpPacket|    To: TEAM9 @ site 1
200118 001114.267|INFO|Thread-18|dumpPacket|   key: RUN is: edu.csus.ecs.pc2.core.model.Run Run 4 QUEUED_FOR_COMPUTER_JUDGEMENT 14 min 862249ms from TEAM9 @ site 1 id Run-7891112300271502936 problem Word_Mix-5366080239438405028 lang Java--8544374802327027282
200118 001136.775|INFO|Thread-19|info| receiveObject(S) start got Packet[RUN_JUDGEMENT] #70 SERVER0 @ site 1 -> TEAM9 @ site 1
200118 001136.776|INFO|Thread-19|dumpPacket|Packet RUN_JUDGEMENT (Seq #70, o#70 ) recieveObject
200118 001136.776|INFO|Thread-19|dumpPacket|  From: SERVER0 @ site 1, oSERVER0 @ site 1 (DESKTOP-K31L36J @ 192.168.127.1) (Contest Id: Default-5053916771268647617)
200118 001136.776|INFO|Thread-19|dumpPacket|    To: TEAM9 @ site 1
200118 001136.776|INFO|Thread-19|dumpPacket|   key: JUDGEMENT_RECORD is: edu.csus.ecs.pc2.core.model.JudgementRecord No by JUDGE1 @ site 1 judgement No_-_Compilation_Error-4451318115751433921 id JudgementRecord-7367700829571956481
200118 001136.776|INFO|Thread-19|dumpPacket|   key: CLIENT_ID is: edu.csus.ecs.pc2.core.model.ClientId SERVER0 @ site 1
200118 001136.776|INFO|Thread-19|dumpPacket|   key: RUN is: edu.csus.ecs.pc2.core.model.Run Run 4 JUDGED 14 min 862249ms from TEAM9 @ site 1 id Run-7891112300271502936 problem Word_Mix-5366080239438405028 lang Java--8544374802327027282
200118 001136.776|INFO|Thread-19|info|handlePacket start Packet[RUN_JUDGEMENT] #70 SERVER0 @ site 1 -> TEAM9 @ site 1
200118 001136.776|INFO|Thread-19|dumpPacket|Packet RUN_JUDGEMENT (Seq #70, o#70 ) handlePacket
200118 001136.776|INFO|Thread-19|dumpPacket|  From: SERVER0 @ site 1, oSERVER0 @ site 1 (DESKTOP-K31L36J @ 192.168.127.1) (Contest Id: Default-5053916771268647617)
200118 001136.776|INFO|Thread-19|dumpPacket|    To: TEAM9 @ site 1
200118 001136.776|INFO|Thread-19|dumpPacket|   key: JUDGEMENT_RECORD is: edu.csus.ecs.pc2.core.model.JudgementRecord No by JUDGE1 @ site 1 judgement No_-_Compilation_Error-4451318115751433921 id JudgementRecord-7367700829571956481
200118 001136.777|INFO|Thread-19|dumpPacket|   key: CLIENT_ID is: edu.csus.ecs.pc2.core.model.ClientId SERVER0 @ site 1
200118 001136.777|INFO|Thread-19|dumpPacket|   key: RUN is: edu.csus.ecs.pc2.core.model.Run Run 4 JUDGED 14 min 862249ms from TEAM9 @ site 1 id Run-7891112300271502936 problem Word_Mix-5366080239438405028 lang Java--8544374802327027282
200118 001137.842|INFO|Thread-19|runChanged|RunsPane.RunListener: Action=CHANGED; DetailedAction=null; msg=null; run=Run 4 JUDGED 14 min 862249ms from TEAM9 @ site 1 id Run-7891112300271502936 problem Word_Mix-5366080239438405028 lang Java--8544374802327027282; runFiles=null
200118 001137.843|INFO|Thread-19|runChanged|Event not for me: sent to null but my ID is TEAM9 @ site 1
200118 001137.843|INFO|Thread-19|info| receiveObject(S) end   got Packet[RUN_JUDGEMENT] #70 SERVER0 @ site 1 -> TEAM9 @ site 1
200118 001139.377|INFO|Thread-18|info| receiveObject(S) end   got Packet[RUN_SUBMISSION_CONFIRM] #63 SERVER0 @ site 1 -> TEAM9 @ site 1
200118 001146.146|INFO|AWT-EventQueue-0|testOrSubmitRun|submitRun for Word Mix Java file: C:\Users\Hunter Han\Desktop\solution.java
200118 001146.147|INFO|AWT-EventQueue-0|sendToLocalServer|Sending packet to server Packet[RUN_SUBMISSION] #6 TEAM9 @ site 1 -> SERVER0 @ site 1
200118 001146.147|INFO|AWT-EventQueue-0|sendToLocalServer|Sent    packet to server Packet[RUN_SUBMISSION] #6 TEAM9 @ site 1 -> SERVER0 @ site 1
200118 001146.169|INFO|Thread-21|info| receiveObject(S) start got Packet[RUN_SUBMISSION_CONFIRM] #72 SERVER0 @ site 1 -> TEAM9 @ site 1
200118 001146.169|INFO|Thread-21|dumpPacket|Packet RUN_SUBMISSION_CONFIRM (Seq #72, o#72 ) recieveObject
200118 001146.169|INFO|Thread-21|dumpPacket|  From: SERVER0 @ site 1, oSERVER0 @ site 1 (DESKTOP-K31L36J @ 192.168.127.1) (Contest Id: Default-5053916771268647617)
200118 001146.170|INFO|Thread-21|dumpPacket|    To: TEAM9 @ site 1
200118 001146.170|INFO|Thread-21|dumpPacket|   key: RUN is: edu.csus.ecs.pc2.core.model.Run Run 5 QUEUED_FOR_COMPUTER_JUDGEMENT 14 min 894137ms from TEAM9 @ site 1 id Run--5597899458953950543 problem Word_Mix-5366080239438405028 lang Java--8544374802327027282
200118 001146.170|INFO|Thread-21|info|handlePacket start Packet[RUN_SUBMISSION_CONFIRM] #72 SERVER0 @ site 1 -> TEAM9 @ site 1
200118 001146.170|INFO|Thread-21|dumpPacket|Packet RUN_SUBMISSION_CONFIRM (Seq #72, o#72 ) handlePacket
200118 001146.170|INFO|Thread-21|dumpPacket|  From: SERVER0 @ site 1, oSERVER0 @ site 1 (DESKTOP-K31L36J @ 192.168.127.1) (Contest Id: Default-5053916771268647617)
200118 001146.170|INFO|Thread-21|dumpPacket|    To: TEAM9 @ site 1
200118 001146.170|INFO|Thread-21|dumpPacket|   key: RUN is: edu.csus.ecs.pc2.core.model.Run Run 5 QUEUED_FOR_COMPUTER_JUDGEMENT 14 min 894137ms from TEAM9 @ site 1 id Run--5597899458953950543 problem Word_Mix-5366080239438405028 lang Java--8544374802327027282
200118 001147.146|INFO|Thread-21|info| receiveObject(S) end   got Packet[RUN_SUBMISSION_CONFIRM] #72 SERVER0 @ site 1 -> TEAM9 @ site 1
200118 001550.186|INFO|Thread-22|info| receiveObject(S) start got Packet[RUN_JUDGEMENT] #79 SERVER0 @ site 1 -> TEAM9 @ site 1
200118 001550.187|INFO|Thread-22|dumpPacket|Packet RUN_JUDGEMENT (Seq #79, o#79 ) recieveObject
200118 001550.187|INFO|Thread-22|dumpPacket|  From: SERVER0 @ site 1, oSERVER0 @ site 1 (DESKTOP-K31L36J @ 192.168.127.1) (Contest Id: Default-5053916771268647617)
200118 001550.187|INFO|Thread-22|dumpPacket|    To: TEAM9 @ site 1
200118 001550.187|INFO|Thread-22|dumpPacket|   key: JUDGEMENT_RECORD is: edu.csus.ecs.pc2.core.model.JudgementRecord Yes by JUDGE1 @ site 1 judgement Yes--4357454964518528495 id JudgementRecord-647451289770698791
200118 001550.187|INFO|Thread-22|dumpPacket|   key: CLIENT_ID is: edu.csus.ecs.pc2.core.model.ClientId SERVER0 @ site 1
200118 001550.187|INFO|Thread-22|dumpPacket|   key: RUN is: edu.csus.ecs.pc2.core.model.Run Run 5 JUDGED 14 min 894137ms from TEAM9 @ site 1 id Run--5597899458953950543 problem Word_Mix-5366080239438405028 lang Java--8544374802327027282
200118 001550.187|INFO|Thread-22|info|handlePacket start Packet[RUN_JUDGEMENT] #79 SERVER0 @ site 1 -> TEAM9 @ site 1
200118 001550.187|INFO|Thread-22|dumpPacket|Packet RUN_JUDGEMENT (Seq #79, o#79 ) handlePacket
200118 001550.188|INFO|Thread-22|dumpPacket|  From: SERVER0 @ site 1, oSERVER0 @ site 1 (DESKTOP-K31L36J @ 192.168.127.1) (Contest Id: Default-5053916771268647617)
200118 001550.188|INFO|Thread-22|dumpPacket|    To: TEAM9 @ site 1
200118 001550.188|INFO|Thread-22|dumpPacket|   key: JUDGEMENT_RECORD is: edu.csus.ecs.pc2.core.model.JudgementRecord Yes by JUDGE1 @ site 1 judgement Yes--4357454964518528495 id JudgementRecord-647451289770698791
200118 001550.188|INFO|Thread-22|dumpPacket|   key: CLIENT_ID is: edu.csus.ecs.pc2.core.model.ClientId SERVER0 @ site 1
200118 001550.188|INFO|Thread-22|dumpPacket|   key: RUN is: edu.csus.ecs.pc2.core.model.Run Run 5 JUDGED 14 min 894137ms from TEAM9 @ site 1 id Run--5597899458953950543 problem Word_Mix-5366080239438405028 lang Java--8544374802327027282
200118 001551.530|INFO|Thread-22|runChanged|RunsPane.RunListener: Action=CHANGED; DetailedAction=null; msg=null; run=Run 5 JUDGED 14 min 894137ms from TEAM9 @ site 1 id Run--5597899458953950543 problem Word_Mix-5366080239438405028 lang Java--8544374802327027282; runFiles=null
200118 001551.530|INFO|Thread-22|runChanged|Event not for me: sent to null but my ID is TEAM9 @ site 1
200118 001551.530|INFO|Thread-22|info| receiveObject(S) end   got Packet[RUN_JUDGEMENT] #79 SERVER0 @ site 1 -> TEAM9 @ site 1
200118 001553.408|INFO|Thread-23|testRun|test run for Word Mix Java file: C:\Users\Hunter Han\Desktop\solution.java
200118 001553.418|DEBUG|Thread-23|compileProgram|before substitution: javac {:mainfile}
200118 001553.419|DEBUG|Thread-23|compileProgram|after  substitution: javac solution.java
200118 001553.427|CONFIG|Thread-23|runProgram|executing: 'javac solution.java'
200118 001553.429|CONFIG|Thread-23|runProgram|Note: exec failed in RunProgram Cannot run program "javac" (in directory "executesite1team9"): CreateProcess error=2, The system cannot find the file specified
200118 001553.529|INFO|Thread-23|showDialogToUser|Unable to find/execute compiler using the command "javac solution.java", contact staff
200118 001730.168|INFO|Thread-26|testRun|test run for Word Mix Java file: C:\Users\Hunter Han\Desktop\word_mix.java
200118 001730.173|DEBUG|Thread-26|compileProgram|before substitution: javac {:mainfile}
200118 001730.174|DEBUG|Thread-26|compileProgram|after  substitution: javac word_mix.java
200118 001730.182|CONFIG|Thread-26|runProgram|executing: 'javac word_mix.java'
200118 001730.183|CONFIG|Thread-26|runProgram|Note: exec failed in RunProgram Cannot run program "javac" (in directory "executesite1team9"): CreateProcess error=2, The system cannot find the file specified
200118 001730.203|INFO|Thread-26|showDialogToUser|Unable to find/execute compiler using the command "javac word_mix.java", contact staff
200118 001735.210|INFO|AWT-EventQueue-0|testOrSubmitRun|submitRun for Word Mix Java file: C:\Users\Hunter Han\Desktop\word_mix.java
200118 001735.210|INFO|AWT-EventQueue-0|sendToLocalServer|Sending packet to server Packet[RUN_SUBMISSION] #7 TEAM9 @ site 1 -> SERVER0 @ site 1
200118 001735.210|INFO|AWT-EventQueue-0|sendToLocalServer|Sent    packet to server Packet[RUN_SUBMISSION] #7 TEAM9 @ site 1 -> SERVER0 @ site 1
200118 001735.233|INFO|Thread-29|info| receiveObject(S) start got Packet[RUN_SUBMISSION_CONFIRM] #81 SERVER0 @ site 1 -> TEAM9 @ site 1
200118 001735.234|INFO|Thread-29|dumpPacket|Packet RUN_SUBMISSION_CONFIRM (Seq #81, o#81 ) recieveObject
200118 001735.234|INFO|Thread-29|dumpPacket|  From: SERVER0 @ site 1, oSERVER0 @ site 1 (DESKTOP-K31L36J @ 192.168.127.1) (Contest Id: Default-5053916771268647617)
200118 001735.234|INFO|Thread-29|dumpPacket|    To: TEAM9 @ site 1
200118 001735.234|INFO|Thread-29|dumpPacket|   key: RUN is: edu.csus.ecs.pc2.core.model.Run Run 6 QUEUED_FOR_COMPUTER_JUDGEMENT 20 min 1243201ms from TEAM9 @ site 1 id Run--3259087204730893358 problem Word_Mix-5366080239438405028 lang Java--8544374802327027282
200118 001735.234|INFO|Thread-29|info|handlePacket start Packet[RUN_SUBMISSION_CONFIRM] #81 SERVER0 @ site 1 -> TEAM9 @ site 1
200118 001735.234|INFO|Thread-29|dumpPacket|Packet RUN_SUBMISSION_CONFIRM (Seq #81, o#81 ) handlePacket
200118 001735.234|INFO|Thread-29|dumpPacket|  From: SERVER0 @ site 1, oSERVER0 @ site 1 (DESKTOP-K31L36J @ 192.168.127.1) (Contest Id: Default-5053916771268647617)
200118 001735.234|INFO|Thread-29|dumpPacket|    To: TEAM9 @ site 1
200118 001735.234|INFO|Thread-29|dumpPacket|   key: RUN is: edu.csus.ecs.pc2.core.model.Run Run 6 QUEUED_FOR_COMPUTER_JUDGEMENT 20 min 1243201ms from TEAM9 @ site 1 id Run--3259087204730893358 problem Word_Mix-5366080239438405028 lang Java--8544374802327027282
200118 001736.666|INFO|Thread-29|info| receiveObject(S) end   got Packet[RUN_SUBMISSION_CONFIRM] #81 SERVER0 @ site 1 -> TEAM9 @ site 1
200118 001842.008|INFO|Thread-30|info| receiveObject(S) start got Packet[RUN_JUDGEMENT] #88 SERVER0 @ site 1 -> TEAM9 @ site 1
200118 001842.008|INFO|Thread-30|dumpPacket|Packet RUN_JUDGEMENT (Seq #88, o#88 ) recieveObject
200118 001842.008|INFO|Thread-30|dumpPacket|  From: SERVER0 @ site 1, oSERVER0 @ site 1 (DESKTOP-K31L36J @ 192.168.127.1) (Contest Id: Default-5053916771268647617)
200118 001842.008|INFO|Thread-30|dumpPacket|    To: TEAM9 @ site 1
200118 001842.008|INFO|Thread-30|dumpPacket|   key: JUDGEMENT_RECORD is: edu.csus.ecs.pc2.core.model.JudgementRecord No by JUDGE1 @ site 1 judgement No_-_Compilation_Error-4451318115751433921 id JudgementRecord-6151086395994439873
200118 001842.008|INFO|Thread-30|dumpPacket|   key: CLIENT_ID is: edu.csus.ecs.pc2.core.model.ClientId SERVER0 @ site 1
200118 001842.009|INFO|Thread-30|dumpPacket|   key: RUN is: edu.csus.ecs.pc2.core.model.Run Run 6 JUDGED 20 min 1243201ms from TEAM9 @ site 1 id Run--3259087204730893358 problem Word_Mix-5366080239438405028 lang Java--8544374802327027282
200118 001842.009|INFO|Thread-30|info|handlePacket start Packet[RUN_JUDGEMENT] #88 SERVER0 @ site 1 -> TEAM9 @ site 1
200118 001842.009|INFO|Thread-30|dumpPacket|Packet RUN_JUDGEMENT (Seq #88, o#88 ) handlePacket
200118 001842.009|INFO|Thread-30|dumpPacket|  From: SERVER0 @ site 1, oSERVER0 @ site 1 (DESKTOP-K31L36J @ 192.168.127.1) (Contest Id: Default-5053916771268647617)
200118 001842.009|INFO|Thread-30|dumpPacket|    To: TEAM9 @ site 1
200118 001842.009|INFO|Thread-30|dumpPacket|   key: JUDGEMENT_RECORD is: edu.csus.ecs.pc2.core.model.JudgementRecord No by JUDGE1 @ site 1 judgement No_-_Compilation_Error-4451318115751433921 id JudgementRecord-6151086395994439873
200118 001842.009|INFO|Thread-30|dumpPacket|   key: CLIENT_ID is: edu.csus.ecs.pc2.core.model.ClientId SERVER0 @ site 1
200118 001842.009|INFO|Thread-30|dumpPacket|   key: RUN is: edu.csus.ecs.pc2.core.model.Run Run 6 JUDGED 20 min 1243201ms from TEAM9 @ site 1 id Run--3259087204730893358 problem Word_Mix-5366080239438405028 lang Java--8544374802327027282
200118 001843.177|INFO|Thread-30|runChanged|RunsPane.RunListener: Action=CHANGED; DetailedAction=null; msg=null; run=Run 6 JUDGED 20 min 1243201ms from TEAM9 @ site 1 id Run--3259087204730893358 problem Word_Mix-5366080239438405028 lang Java--8544374802327027282; runFiles=null
200118 001843.177|INFO|Thread-30|runChanged|Event not for me: sent to null but my ID is TEAM9 @ site 1
200118 001843.177|INFO|Thread-30|info| receiveObject(S) end   got Packet[RUN_JUDGEMENT] #88 SERVER0 @ site 1 -> TEAM9 @ site 1
200118 001851.808|INFO|Thread-31|testRun|test run for Word Mix Java file: C:\Users\Hunter Han\Desktop\word_mix.java
200118 001851.810|DEBUG|Thread-31|compileProgram|before substitution: javac {:mainfile}
200118 001851.811|DEBUG|Thread-31|compileProgram|after  substitution: javac word_mix.java
200118 001851.820|CONFIG|Thread-31|runProgram|executing: 'javac word_mix.java'
200118 001851.821|CONFIG|Thread-31|runProgram|Note: exec failed in RunProgram Cannot run program "javac" (in directory "executesite1team9"): CreateProcess error=2, The system cannot find the file specified
200118 001851.839|INFO|Thread-31|showDialogToUser|Unable to find/execute compiler using the command "javac word_mix.java", contact staff
200118 001856.402|INFO|AWT-EventQueue-0|testOrSubmitRun|submitRun for Word Mix Java file: C:\Users\Hunter Han\Desktop\word_mix.java
200118 001856.403|INFO|AWT-EventQueue-0|sendToLocalServer|Sending packet to server Packet[RUN_SUBMISSION] #8 TEAM9 @ site 1 -> SERVER0 @ site 1
200118 001856.403|INFO|AWT-EventQueue-0|sendToLocalServer|Sent    packet to server Packet[RUN_SUBMISSION] #8 TEAM9 @ site 1 -> SERVER0 @ site 1
200118 001856.424|INFO|Thread-34|info| receiveObject(S) start got Packet[RUN_SUBMISSION_CONFIRM] #90 SERVER0 @ site 1 -> TEAM9 @ site 1
200118 001856.424|INFO|Thread-34|dumpPacket|Packet RUN_SUBMISSION_CONFIRM (Seq #90, o#90 ) recieveObject
200118 001856.424|INFO|Thread-34|dumpPacket|  From: SERVER0 @ site 1, oSERVER0 @ site 1 (DESKTOP-K31L36J @ 192.168.127.1) (Contest Id: Default-5053916771268647617)
200118 001856.424|INFO|Thread-34|dumpPacket|    To: TEAM9 @ site 1
200118 001856.424|INFO|Thread-34|dumpPacket|   key: RUN is: edu.csus.ecs.pc2.core.model.Run Run 7 QUEUED_FOR_COMPUTER_JUDGEMENT 22 min 1324392ms from TEAM9 @ site 1 id Run--6342157212446751021 problem Word_Mix-5366080239438405028 lang Java--8544374802327027282
200118 001856.424|INFO|Thread-34|info|handlePacket start Packet[RUN_SUBMISSION_CONFIRM] #90 SERVER0 @ site 1 -> TEAM9 @ site 1
200118 001856.424|INFO|Thread-34|dumpPacket|Packet RUN_SUBMISSION_CONFIRM (Seq #90, o#90 ) handlePacket
200118 001856.424|INFO|Thread-34|dumpPacket|  From: SERVER0 @ site 1, oSERVER0 @ site 1 (DESKTOP-K31L36J @ 192.168.127.1) (Contest Id: Default-5053916771268647617)
200118 001856.424|INFO|Thread-34|dumpPacket|    To: TEAM9 @ site 1
200118 001856.424|INFO|Thread-34|dumpPacket|   key: RUN is: edu.csus.ecs.pc2.core.model.Run Run 7 QUEUED_FOR_COMPUTER_JUDGEMENT 22 min 1324392ms from TEAM9 @ site 1 id Run--6342157212446751021 problem Word_Mix-5366080239438405028 lang Java--8544374802327027282
200118 001857.761|INFO|Thread-34|info| receiveObject(S) end   got Packet[RUN_SUBMISSION_CONFIRM] #90 SERVER0 @ site 1 -> TEAM9 @ site 1
