200118 143419.864|CONFIG|Thread-5|setFileHandlers|Now logging to C:\Users\Hunter Han\Documents\IntelliJProgs\pc2lib\exampleDir\bin\logs directory.
200118 143419.864|INFO|Thread-5|info|
200118 143419.864|INFO|Thread-5|info|Version 9.6.0 () Java ver 1.8.0_231 build 5102 Windows 10 10.0 (amd64) 
200118 143419.865|INFO|Thread-5|info|Login: team1 (aka team1)
200118 143419.865|INFO|Thread-5|startLog|Working directory is C:\Users\Hunter Han\Documents\IntelliJProgs\pc2lib\exampleDir\bin
200118 143419.865|INFO|Thread-5|startLog|Process id is 82136@DESKTOP-K31L36J
200118 143419.865|INFO|Thread-5|info|Attempting to load UI class edu.csus.ecs.pc2.ui.team.TeamView
200118 143419.869|INFO|Thread-5|info|Loaded UI class edu.csus.ecs.pc2.ui.team.TeamView
200118 143419.969|INFO|Thread-5|info| handlePacket original LOGIN_SUCCESS after -- all settings loaded 
200118 143419.970|INFO|Thread-5|info|handlePacket end Packet[LOGIN_SUCCESS] #5 SERVER0 @ site 1 -> TEAM1 @ site 1
200118 143419.970|INFO|Thread-5|info| receiveObject(S) end   got Packet[LOGIN_SUCCESS] #5 SERVER0 @ site 1 -> TEAM1 @ site 1
200118 150611.352|CONFIG|Thread-5|setFileHandlers|Now logging to C:\Users\Hunter Han\Documents\IntelliJProgs\pc2lib\exampleDir\bin\logs directory.
200118 150611.353|INFO|Thread-5|info|
200118 150611.353|INFO|Thread-5|info|Version 9.6.0 () Java ver 1.8.0_231 build 5102 Windows 10 10.0 (amd64) 
200118 150611.353|INFO|Thread-5|info|Login: team1 (aka team1)
200118 150611.353|INFO|Thread-5|startLog|Working directory is C:\Users\Hunter Han\Documents\IntelliJProgs\pc2lib\exampleDir\bin
200118 150611.353|INFO|Thread-5|startLog|Process id is 74460@DESKTOP-K31L36J
200118 150611.353|INFO|Thread-5|info|Attempting to load UI class edu.csus.ecs.pc2.ui.team.TeamView
200118 150611.357|INFO|Thread-5|info|Loaded UI class edu.csus.ecs.pc2.ui.team.TeamView
200118 150611.450|INFO|Thread-5|info| handlePacket original LOGIN_SUCCESS after -- all settings loaded 
200118 150611.451|INFO|Thread-5|info|handlePacket end Packet[LOGIN_SUCCESS] #10 SERVER0 @ site 1 -> TEAM1 @ site 1
200118 150611.451|INFO|Thread-5|info| receiveObject(S) end   got Packet[LOGIN_SUCCESS] #10 SERVER0 @ site 1 -> TEAM1 @ site 1
200118 150708.618|INFO|AWT-EventQueue-0|testOrSubmitRun|submitRun for NEWTEST Java file: C:\Users\Hunter Han\Desktop\word_mix.java
200118 150708.620|INFO|AWT-EventQueue-0|sendToLocalServer|Sending packet to server Packet[RUN_SUBMISSION] #2 TEAM1 @ site 1 -> SERVER0 @ site 1
200118 150708.621|INFO|AWT-EventQueue-0|sendToLocalServer|Sent    packet to server Packet[RUN_SUBMISSION] #2 TEAM1 @ site 1 -> SERVER0 @ site 1
200118 150708.635|INFO|Thread-8|info| receiveObject(S) start got Packet[RUN_SUBMISSION_CONFIRM] #20 SERVER0 @ site 1 -> TEAM1 @ site 1
200118 150708.636|INFO|Thread-8|dumpPacket|Packet RUN_SUBMISSION_CONFIRM (Seq #20, o#20 ) recieveObject
200118 150708.636|INFO|Thread-8|dumpPacket|  From: SERVER0 @ site 1, oSERVER0 @ site 1 (DESKTOP-K31L36J @ 192.168.127.1) (Contest Id: Default-5053916771268647617)
200118 150708.636|INFO|Thread-8|dumpPacket|    To: TEAM1 @ site 1
200118 150708.636|INFO|Thread-8|dumpPacket|   key: RUN is: edu.csus.ecs.pc2.core.model.Run Run 8 QUEUED_FOR_COMPUTER_JUDGEMENT 910 min 54616615ms from TEAM1 @ site 1 id Run--1359705718784399047 problem NEWTEST-2323207713857520700 lang Java--8544374802327027282
200118 150708.636|INFO|Thread-8|info|handlePacket start Packet[RUN_SUBMISSION_CONFIRM] #20 SERVER0 @ site 1 -> TEAM1 @ site 1
200118 150708.636|INFO|Thread-8|dumpPacket|Packet RUN_SUBMISSION_CONFIRM (Seq #20, o#20 ) handlePacket
200118 150708.636|INFO|Thread-8|dumpPacket|  From: SERVER0 @ site 1, oSERVER0 @ site 1 (DESKTOP-K31L36J @ 192.168.127.1) (Contest Id: Default-5053916771268647617)
200118 150708.637|INFO|Thread-8|dumpPacket|    To: TEAM1 @ site 1
200118 150708.637|INFO|Thread-8|dumpPacket|   key: RUN is: edu.csus.ecs.pc2.core.model.Run Run 8 QUEUED_FOR_COMPUTER_JUDGEMENT 910 min 54616615ms from TEAM1 @ site 1 id Run--1359705718784399047 problem NEWTEST-2323207713857520700 lang Java--8544374802327027282
200118 150708.638|INFO|Thread-8|info| receiveObject(S) end   got Packet[RUN_SUBMISSION_CONFIRM] #20 SERVER0 @ site 1 -> TEAM1 @ site 1
200118 150849.141|INFO|Thread-9|info| receiveObject(S) start got Packet[UPDATE_SETTING] #26 SERVER0 @ site 1 -> SERVER0 @ site 0
200118 150849.141|INFO|Thread-9|dumpPacket|Packet UPDATE_SETTING (Seq #26, o#4 ) recieveObject
200118 150849.142|INFO|Thread-9|dumpPacket|  From: SERVER0 @ site 1, oADMINISTRATOR1 @ site 1 (DESKTOP-K31L36J @ 192.168.127.1) (Contest Id: Default-5053916771268647617)
200118 150849.142|INFO|Thread-9|dumpPacket|    To: SERVER0 @ site 0
200118 150849.142|INFO|Thread-9|dumpPacket|   key: CONTEST_TIME is: edu.csus.ecs.pc2.core.model.ContestTime edu.csus.ecs.pc2.core.model.ContestTime@31a3b935
200118 150849.142|INFO|Thread-9|info|handlePacket start Packet[UPDATE_SETTING] #26 SERVER0 @ site 1 -> SERVER0 @ site 0
200118 150849.142|INFO|Thread-9|dumpPacket|Packet UPDATE_SETTING (Seq #26, o#4 ) handlePacket
200118 150849.142|INFO|Thread-9|dumpPacket|  From: SERVER0 @ site 1, oADMINISTRATOR1 @ site 1 (DESKTOP-K31L36J @ 192.168.127.1) (Contest Id: Default-5053916771268647617)
200118 150849.142|INFO|Thread-9|dumpPacket|    To: SERVER0 @ site 0
200118 150849.142|INFO|Thread-9|dumpPacket|   key: CONTEST_TIME is: edu.csus.ecs.pc2.core.model.ContestTime edu.csus.ecs.pc2.core.model.ContestTime@31a3b935
200118 150849.146|INFO|Thread-9|info|handlePacket end Packet[UPDATE_SETTING] #26 SERVER0 @ site 1 -> SERVER0 @ site 0
200118 150849.146|INFO|Thread-9|info| receiveObject(S) end   got Packet[UPDATE_SETTING] #26 SERVER0 @ site 1 -> SERVER0 @ site 0
200118 150849.156|INFO|Thread-10|info| receiveObject(S) start got Packet[UPDATE_SETTING] #27 SERVER0 @ site 1 -> SERVER0 @ site 0
200118 150849.156|INFO|Thread-10|dumpPacket|Packet UPDATE_SETTING (Seq #27, o#5 ) recieveObject
200118 150849.157|INFO|Thread-10|dumpPacket|  From: SERVER0 @ site 1, oADMINISTRATOR1 @ site 1 (DESKTOP-K31L36J @ 192.168.127.1) (Contest Id: Default-5053916771268647617)
200118 150849.157|INFO|Thread-10|dumpPacket|    To: SERVER0 @ site 0
200118 150849.157|INFO|Thread-10|dumpPacket|   key: CONTEST_INFORMATION is: edu.csus.ecs.pc2.core.model.ContestInformation edu.csus.ecs.pc2.core.model.ContestInformation@6dfcadb7
200118 150849.157|INFO|Thread-10|info|handlePacket start Packet[UPDATE_SETTING] #27 SERVER0 @ site 1 -> SERVER0 @ site 0
200118 150849.157|INFO|Thread-10|dumpPacket|Packet UPDATE_SETTING (Seq #27, o#5 ) handlePacket
200118 150849.157|INFO|Thread-10|dumpPacket|  From: SERVER0 @ site 1, oADMINISTRATOR1 @ site 1 (DESKTOP-K31L36J @ 192.168.127.1) (Contest Id: Default-5053916771268647617)
200118 150849.157|INFO|Thread-10|dumpPacket|    To: SERVER0 @ site 0
200118 150849.157|INFO|Thread-10|dumpPacket|   key: CONTEST_INFORMATION is: edu.csus.ecs.pc2.core.model.ContestInformation edu.csus.ecs.pc2.core.model.ContestInformation@6dfcadb7
200118 150849.158|INFO|Thread-10|info|handlePacket end Packet[UPDATE_SETTING] #27 SERVER0 @ site 1 -> SERVER0 @ site 0
200118 150849.159|INFO|Thread-10|info| receiveObject(S) end   got Packet[UPDATE_SETTING] #27 SERVER0 @ site 1 -> SERVER0 @ site 0
200118 150859.716|INFO|Thread-11|info| receiveObject(S) start got Packet[CLOCK_STOPPED] #28 SERVER0 @ site 1 -> SERVER0 @ site 0
200118 150859.717|INFO|Thread-11|dumpPacket|Packet CLOCK_STOPPED (Seq #28, o#28 ) recieveObject
200118 150859.717|INFO|Thread-11|dumpPacket|  From: SERVER0 @ site 1, oSERVER0 @ site 1 (DESKTOP-K31L36J @ 192.168.127.1) (Contest Id: Default-5053916771268647617)
200118 150859.717|INFO|Thread-11|dumpPacket|    To: SERVER0 @ site 0
200118 150859.717|INFO|Thread-11|dumpPacket|   key: CLIENT_ID is: edu.csus.ecs.pc2.core.model.ClientId ADMINISTRATOR1 @ site 1
200118 150859.717|INFO|Thread-11|dumpPacket|   key: SITE_NUMBER is: java.lang.Integer 1
200118 150859.717|INFO|Thread-11|info|handlePacket start Packet[CLOCK_STOPPED] #28 SERVER0 @ site 1 -> SERVER0 @ site 0
200118 150859.718|INFO|Thread-11|dumpPacket|Packet CLOCK_STOPPED (Seq #28, o#28 ) handlePacket
200118 150859.718|INFO|Thread-11|dumpPacket|  From: SERVER0 @ site 1, oSERVER0 @ site 1 (DESKTOP-K31L36J @ 192.168.127.1) (Contest Id: Default-5053916771268647617)
200118 150859.719|INFO|Thread-11|dumpPacket|    To: SERVER0 @ site 0
200118 150859.719|INFO|Thread-11|dumpPacket|   key: CLIENT_ID is: edu.csus.ecs.pc2.core.model.ClientId ADMINISTRATOR1 @ site 1
200118 150859.719|INFO|Thread-11|dumpPacket|   key: SITE_NUMBER is: java.lang.Integer 1
200118 150859.721|INFO|Thread-11|info|Clock for site 1 stopped by ADMINISTRATOR1 @ site 1 elapsed 15:12:07
200118 150859.722|INFO|Thread-11|info| receiveObject(S) end   got Packet[CLOCK_STOPPED] #28 SERVER0 @ site 1 -> SERVER0 @ site 0
200118 150922.576|INFO|Thread-12|info| receiveObject(S) start got Packet[UPDATE_SETTING] #29 SERVER0 @ site 1 -> SERVER0 @ site 0
200118 150922.576|INFO|Thread-12|dumpPacket|Packet UPDATE_SETTING (Seq #29, o#8 ) recieveObject
200118 150922.577|INFO|Thread-12|dumpPacket|  From: SERVER0 @ site 1, oADMINISTRATOR1 @ site 1 (DESKTOP-K31L36J @ 192.168.127.1) (Contest Id: Default-5053916771268647617)
200118 150922.577|INFO|Thread-12|dumpPacket|    To: SERVER0 @ site 0
200118 150922.577|INFO|Thread-12|dumpPacket|   key: CONTEST_INFORMATION is: edu.csus.ecs.pc2.core.model.ContestInformation edu.csus.ecs.pc2.core.model.ContestInformation@99c2af9
200118 150922.577|INFO|Thread-12|info|handlePacket start Packet[UPDATE_SETTING] #29 SERVER0 @ site 1 -> SERVER0 @ site 0
200118 150922.577|INFO|Thread-12|dumpPacket|Packet UPDATE_SETTING (Seq #29, o#8 ) handlePacket
200118 150922.577|INFO|Thread-12|dumpPacket|  From: SERVER0 @ site 1, oADMINISTRATOR1 @ site 1 (DESKTOP-K31L36J @ 192.168.127.1) (Contest Id: Default-5053916771268647617)
200118 150922.577|INFO|Thread-12|dumpPacket|    To: SERVER0 @ site 0
200118 150922.577|INFO|Thread-12|dumpPacket|   key: CONTEST_INFORMATION is: edu.csus.ecs.pc2.core.model.ContestInformation edu.csus.ecs.pc2.core.model.ContestInformation@99c2af9
200118 150922.578|INFO|Thread-12|info|handlePacket end Packet[UPDATE_SETTING] #29 SERVER0 @ site 1 -> SERVER0 @ site 0
200118 150922.578|INFO|Thread-12|info| receiveObject(S) end   got Packet[UPDATE_SETTING] #29 SERVER0 @ site 1 -> SERVER0 @ site 0
200118 150922.583|INFO|Thread-13|info| receiveObject(S) start got Packet[UPDATE_SETTING] #30 SERVER0 @ site 1 -> SERVER0 @ site 0
200118 150922.583|INFO|Thread-13|dumpPacket|Packet UPDATE_SETTING (Seq #30, o#7 ) recieveObject
200118 150922.583|INFO|Thread-13|dumpPacket|  From: SERVER0 @ site 1, oADMINISTRATOR1 @ site 1 (DESKTOP-K31L36J @ 192.168.127.1) (Contest Id: Default-5053916771268647617)
200118 150922.583|INFO|Thread-13|dumpPacket|    To: SERVER0 @ site 0
200118 150922.583|INFO|Thread-13|dumpPacket|   key: CONTEST_TIME is: edu.csus.ecs.pc2.core.model.ContestTime edu.csus.ecs.pc2.core.model.ContestTime@76c4cffa
200118 150922.584|INFO|Thread-13|info|handlePacket start Packet[UPDATE_SETTING] #30 SERVER0 @ site 1 -> SERVER0 @ site 0
200118 150922.584|INFO|Thread-13|dumpPacket|Packet UPDATE_SETTING (Seq #30, o#7 ) handlePacket
200118 150922.584|INFO|Thread-13|dumpPacket|  From: SERVER0 @ site 1, oADMINISTRATOR1 @ site 1 (DESKTOP-K31L36J @ 192.168.127.1) (Contest Id: Default-5053916771268647617)
200118 150922.584|INFO|Thread-13|dumpPacket|    To: SERVER0 @ site 0
200118 150922.584|INFO|Thread-13|dumpPacket|   key: CONTEST_TIME is: edu.csus.ecs.pc2.core.model.ContestTime edu.csus.ecs.pc2.core.model.ContestTime@76c4cffa
200118 150922.586|INFO|Thread-13|info|handlePacket end Packet[UPDATE_SETTING] #30 SERVER0 @ site 1 -> SERVER0 @ site 0
200118 150922.587|INFO|Thread-13|info| receiveObject(S) end   got Packet[UPDATE_SETTING] #30 SERVER0 @ site 1 -> SERVER0 @ site 0
200118 150925.836|INFO|Thread-14|info| receiveObject(S) start got Packet[CLOCK_STARTED] #31 SERVER0 @ site 1 -> SERVER0 @ site 0
200118 150925.837|INFO|Thread-14|dumpPacket|Packet CLOCK_STARTED (Seq #31, o#31 ) recieveObject
200118 150925.837|INFO|Thread-14|dumpPacket|  From: SERVER0 @ site 1, oSERVER0 @ site 1 (DESKTOP-K31L36J @ 192.168.127.1) (Contest Id: Default-5053916771268647617)
200118 150925.837|INFO|Thread-14|dumpPacket|    To: SERVER0 @ site 0
200118 150925.837|INFO|Thread-14|dumpPacket|   key: CLIENT_ID is: edu.csus.ecs.pc2.core.model.ClientId ADMINISTRATOR1 @ site 1
200118 150925.837|INFO|Thread-14|dumpPacket|   key: SERVER_CLOCK_OFFSET is: java.util.GregorianCalendar java.util.GregorianCalendar[time=1579381765834,areFieldsSet=true,areAllFieldsSet=false,lenient=true,zone=sun.util.calendar.ZoneInfo[id="GMT",offset=0,dstSavings=0,useDaylight=false,transitions=0,lastRule=null],firstDayOfWeek=1,minimalDaysInFirstWeek=1,ERA=1,YEAR=2020,MONTH=0,WEEK_OF_YEAR=3,WEEK_OF_MONTH=3,DAY_OF_MONTH=18,DAY_OF_YEAR=18,DAY_OF_WEEK=7,DAY_OF_WEEK_IN_MONTH=3,AM_PM=1,HOUR=9,HOUR_OF_DAY=21,MINUTE=9,SECOND=25,MILLISECOND=834,ZONE_OFFSET=0,DST_OFFSET=0]
200118 150925.838|INFO|Thread-14|dumpPacket|   key: SITE_NUMBER is: java.lang.Integer 1
200118 150925.838|INFO|Thread-14|info|handlePacket start Packet[CLOCK_STARTED] #31 SERVER0 @ site 1 -> SERVER0 @ site 0
200118 150925.838|INFO|Thread-14|dumpPacket|Packet CLOCK_STARTED (Seq #31, o#31 ) handlePacket
200118 150925.838|INFO|Thread-14|dumpPacket|  From: SERVER0 @ site 1, oSERVER0 @ site 1 (DESKTOP-K31L36J @ 192.168.127.1) (Contest Id: Default-5053916771268647617)
200118 150925.839|INFO|Thread-14|dumpPacket|    To: SERVER0 @ site 0
200118 150925.839|INFO|Thread-14|dumpPacket|   key: CLIENT_ID is: edu.csus.ecs.pc2.core.model.ClientId ADMINISTRATOR1 @ site 1
200118 150925.839|INFO|Thread-14|dumpPacket|   key: SERVER_CLOCK_OFFSET is: java.util.GregorianCalendar java.util.GregorianCalendar[time=1579381765834,areFieldsSet=true,areAllFieldsSet=false,lenient=true,zone=sun.util.calendar.ZoneInfo[id="GMT",offset=0,dstSavings=0,useDaylight=false,transitions=0,lastRule=null],firstDayOfWeek=1,minimalDaysInFirstWeek=1,ERA=1,YEAR=2020,MONTH=0,WEEK_OF_YEAR=3,WEEK_OF_MONTH=3,DAY_OF_MONTH=18,DAY_OF_YEAR=18,DAY_OF_WEEK=7,DAY_OF_WEEK_IN_MONTH=3,AM_PM=1,HOUR=9,HOUR_OF_DAY=21,MINUTE=9,SECOND=25,MILLISECOND=834,ZONE_OFFSET=0,DST_OFFSET=0]
200118 150925.839|INFO|Thread-14|dumpPacket|   key: SITE_NUMBER is: java.lang.Integer 1
200118 150925.839|INFO|Thread-14|info|Clock for site 1 started by ADMINISTRATOR1 @ site 1 elapsed 0:00:00
200118 150925.839|INFO|Thread-14|info| receiveObject(S) end   got Packet[CLOCK_STARTED] #31 SERVER0 @ site 1 -> SERVER0 @ site 0
200118 150938.498|INFO|AWT-EventQueue-0|testOrSubmitRun|submitRun for NEWTEST Java file: C:\Users\Hunter Han\Desktop\word_mix.java
200118 150938.499|INFO|AWT-EventQueue-0|sendToLocalServer|Sending packet to server Packet[RUN_SUBMISSION] #3 TEAM1 @ site 1 -> SERVER0 @ site 1
200118 150938.499|INFO|AWT-EventQueue-0|sendToLocalServer|Sent    packet to server Packet[RUN_SUBMISSION] #3 TEAM1 @ site 1 -> SERVER0 @ site 1
200118 150938.510|INFO|Thread-16|info| receiveObject(S) start got Packet[RUN_SUBMISSION_CONFIRM] #32 SERVER0 @ site 1 -> TEAM1 @ site 1
200118 150938.510|INFO|Thread-16|dumpPacket|Packet RUN_SUBMISSION_CONFIRM (Seq #32, o#32 ) recieveObject
200118 150938.510|INFO|Thread-16|dumpPacket|  From: SERVER0 @ site 1, oSERVER0 @ site 1 (DESKTOP-K31L36J @ 192.168.127.1) (Contest Id: Default-5053916771268647617)
200118 150938.510|INFO|Thread-16|dumpPacket|    To: TEAM1 @ site 1
200118 150938.510|INFO|Thread-16|dumpPacket|   key: RUN is: edu.csus.ecs.pc2.core.model.Run Run 9 QUEUED_FOR_COMPUTER_JUDGEMENT 0 min 12668ms from TEAM1 @ site 1 id Run--7068385102799208897 problem NEWTEST-2323207713857520700 lang Java--8544374802327027282
200118 150938.510|INFO|Thread-16|info|handlePacket start Packet[RUN_SUBMISSION_CONFIRM] #32 SERVER0 @ site 1 -> TEAM1 @ site 1
200118 150938.510|INFO|Thread-16|dumpPacket|Packet RUN_SUBMISSION_CONFIRM (Seq #32, o#32 ) handlePacket
200118 150938.510|INFO|Thread-16|dumpPacket|  From: SERVER0 @ site 1, oSERVER0 @ site 1 (DESKTOP-K31L36J @ 192.168.127.1) (Contest Id: Default-5053916771268647617)
200118 150938.510|INFO|Thread-16|dumpPacket|    To: TEAM1 @ site 1
200118 150938.510|INFO|Thread-16|dumpPacket|   key: RUN is: edu.csus.ecs.pc2.core.model.Run Run 9 QUEUED_FOR_COMPUTER_JUDGEMENT 0 min 12668ms from TEAM1 @ site 1 id Run--7068385102799208897 problem NEWTEST-2323207713857520700 lang Java--8544374802327027282
200118 150939.794|INFO|Thread-16|info| receiveObject(S) end   got Packet[RUN_SUBMISSION_CONFIRM] #32 SERVER0 @ site 1 -> TEAM1 @ site 1
200118 151045.531|INFO|Thread-17|info| receiveObject(S) start got Packet[RUN_JUDGEMENT] #39 SERVER0 @ site 1 -> TEAM1 @ site 1
200118 151045.532|INFO|Thread-17|dumpPacket|Packet RUN_JUDGEMENT (Seq #39, o#39 ) recieveObject
200118 151045.532|INFO|Thread-17|dumpPacket|  From: SERVER0 @ site 1, oSERVER0 @ site 1 (DESKTOP-K31L36J @ 192.168.127.1) (Contest Id: Default-5053916771268647617)
200118 151045.532|INFO|Thread-17|dumpPacket|    To: TEAM1 @ site 1
200118 151045.532|INFO|Thread-17|dumpPacket|   key: JUDGEMENT_RECORD is: edu.csus.ecs.pc2.core.model.JudgementRecord Yes by JUDGE1 @ site 1 judgement Yes--4357454964518528495 id JudgementRecord--6294098861275646026
200118 151045.532|INFO|Thread-17|dumpPacket|   key: CLIENT_ID is: edu.csus.ecs.pc2.core.model.ClientId SERVER0 @ site 1
200118 151045.532|INFO|Thread-17|dumpPacket|   key: RUN is: edu.csus.ecs.pc2.core.model.Run Run 9 JUDGED 0 min 12668ms from TEAM1 @ site 1 id Run--7068385102799208897 problem NEWTEST-2323207713857520700 lang Java--8544374802327027282
200118 151045.532|INFO|Thread-17|info|handlePacket start Packet[RUN_JUDGEMENT] #39 SERVER0 @ site 1 -> TEAM1 @ site 1
200118 151045.532|INFO|Thread-17|dumpPacket|Packet RUN_JUDGEMENT (Seq #39, o#39 ) handlePacket
200118 151045.532|INFO|Thread-17|dumpPacket|  From: SERVER0 @ site 1, oSERVER0 @ site 1 (DESKTOP-K31L36J @ 192.168.127.1) (Contest Id: Default-5053916771268647617)
200118 151045.533|INFO|Thread-17|dumpPacket|    To: TEAM1 @ site 1
200118 151045.533|INFO|Thread-17|dumpPacket|   key: JUDGEMENT_RECORD is: edu.csus.ecs.pc2.core.model.JudgementRecord Yes by JUDGE1 @ site 1 judgement Yes--4357454964518528495 id JudgementRecord--6294098861275646026
200118 151045.533|INFO|Thread-17|dumpPacket|   key: CLIENT_ID is: edu.csus.ecs.pc2.core.model.ClientId SERVER0 @ site 1
200118 151045.533|INFO|Thread-17|dumpPacket|   key: RUN is: edu.csus.ecs.pc2.core.model.Run Run 9 JUDGED 0 min 12668ms from TEAM1 @ site 1 id Run--7068385102799208897 problem NEWTEST-2323207713857520700 lang Java--8544374802327027282
200118 151047.442|INFO|Thread-17|runChanged|RunsPane.RunListener: Action=CHANGED; DetailedAction=null; msg=null; run=Run 9 JUDGED 0 min 12668ms from TEAM1 @ site 1 id Run--7068385102799208897 problem NEWTEST-2323207713857520700 lang Java--8544374802327027282; runFiles=null
200118 151047.442|INFO|Thread-17|runChanged|Event not for me: sent to null but my ID is TEAM1 @ site 1
200118 151047.442|INFO|Thread-17|info| receiveObject(S) end   got Packet[RUN_JUDGEMENT] #39 SERVER0 @ site 1 -> TEAM1 @ site 1
200118 151055.657|INFO|AWT-EventQueue-0|submitClarification|submit clarification for NEWTEST g
200118 151055.658|INFO|AWT-EventQueue-0|sendToLocalServer|Sending packet to server Packet[CLARIFICATION_SUBMISSION] #4 TEAM1 @ site 1 -> SERVER0 @ site 1
200118 151055.658|INFO|AWT-EventQueue-0|sendToLocalServer|Sent    packet to server Packet[CLARIFICATION_SUBMISSION] #4 TEAM1 @ site 1 -> SERVER0 @ site 1
200118 151055.669|INFO|Thread-19|info| receiveObject(S) start got Packet[CLARIFICATION_SUBMISSION_CONFIRM] #41 SERVER0 @ site 1 -> TEAM1 @ site 1
200118 151055.669|INFO|Thread-19|dumpPacket|Packet CLARIFICATION_SUBMISSION_CONFIRM (Seq #41, o#41 ) recieveObject
200118 151055.669|INFO|Thread-19|dumpPacket|  From: SERVER0 @ site 1, oSERVER0 @ site 1 (DESKTOP-K31L36J @ 192.168.127.1) (Contest Id: Default-5053916771268647617)
200118 151055.669|INFO|Thread-19|dumpPacket|    To: TEAM1 @ site 1
200118 151055.669|INFO|Thread-19|dumpPacket|   key: CLARIFICATION is: edu.csus.ecs.pc2.core.model.Clarification Clarification 1 NEW from TEAM1 @ site 1 at 1 id=Clarification-2425616870400701062
200118 151055.669|INFO|Thread-19|info|handlePacket start Packet[CLARIFICATION_SUBMISSION_CONFIRM] #41 SERVER0 @ site 1 -> TEAM1 @ site 1
200118 151055.669|INFO|Thread-19|dumpPacket|Packet CLARIFICATION_SUBMISSION_CONFIRM (Seq #41, o#41 ) handlePacket
200118 151055.669|INFO|Thread-19|dumpPacket|  From: SERVER0 @ site 1, oSERVER0 @ site 1 (DESKTOP-K31L36J @ 192.168.127.1) (Contest Id: Default-5053916771268647617)
200118 151055.669|INFO|Thread-19|dumpPacket|    To: TEAM1 @ site 1
200118 151055.669|INFO|Thread-19|dumpPacket|   key: CLARIFICATION is: edu.csus.ecs.pc2.core.model.Clarification Clarification 1 NEW from TEAM1 @ site 1 at 1 id=Clarification-2425616870400701062
200118 151055.670|INFO|Thread-19|info| receiveObject(S) end   got Packet[CLARIFICATION_SUBMISSION_CONFIRM] #41 SERVER0 @ site 1 -> TEAM1 @ site 1
200118 151101.162|INFO|Thread-20|info| receiveObject(S) start got Packet[CLARIFICATION_ANSWER_UPDATE] #44 SERVER0 @ site 1 -> TEAM1 @ site 1
200118 151101.162|INFO|Thread-20|dumpPacket|Packet CLARIFICATION_ANSWER_UPDATE (Seq #44, o#43 ) recieveObject
200118 151101.162|INFO|Thread-20|dumpPacket|  From: SERVER0 @ site 1, oSERVER0 @ site 1 (DESKTOP-K31L36J @ 192.168.127.1) (Contest Id: Default-5053916771268647617)
200118 151101.162|INFO|Thread-20|dumpPacket|    To: TEAM1 @ site 1
200118 151101.162|INFO|Thread-20|dumpPacket|   key: CLARIFICATION is: edu.csus.ecs.pc2.core.model.Clarification Clarification 1 ANSWERED from TEAM1 @ site 1 at 1 id=Clarification-2425616870400701062
200118 151101.163|INFO|Thread-20|dumpPacket|   key: CLARIFICATION_ANSWER is: java.lang.String No response, read problem statement
200118 151101.163|INFO|Thread-20|dumpPacket|   key: CLIENT_ID is: edu.csus.ecs.pc2.core.model.ClientId JUDGE1 @ site 1
200118 151101.163|INFO|Thread-20|info|handlePacket start Packet[CLARIFICATION_ANSWER_UPDATE] #44 SERVER0 @ site 1 -> TEAM1 @ site 1
200118 151101.163|INFO|Thread-20|dumpPacket|Packet CLARIFICATION_ANSWER_UPDATE (Seq #44, o#43 ) handlePacket
200118 151101.163|INFO|Thread-20|dumpPacket|  From: SERVER0 @ site 1, oSERVER0 @ site 1 (DESKTOP-K31L36J @ 192.168.127.1) (Contest Id: Default-5053916771268647617)
200118 151101.163|INFO|Thread-20|dumpPacket|    To: TEAM1 @ site 1
200118 151101.163|INFO|Thread-20|dumpPacket|   key: CLARIFICATION is: edu.csus.ecs.pc2.core.model.Clarification Clarification 1 ANSWERED from TEAM1 @ site 1 at 1 id=Clarification-2425616870400701062
200118 151101.163|INFO|Thread-20|dumpPacket|   key: CLARIFICATION_ANSWER is: java.lang.String No response, read problem statement
200118 151101.163|INFO|Thread-20|dumpPacket|   key: CLIENT_ID is: edu.csus.ecs.pc2.core.model.ClientId JUDGE1 @ site 1
200118 151102.890|INFO|Thread-20|info| receiveObject(S) end   got Packet[CLARIFICATION_ANSWER_UPDATE] #44 SERVER0 @ site 1 -> TEAM1 @ site 1
200118 151158.857|INFO|AWT-EventQueue-0|testOrSubmitRun|submitRun for NEWTEST Java file: C:\Users\Hunter Han\Desktop\word_mix.java
200118 151158.858|INFO|AWT-EventQueue-0|sendToLocalServer|Sending packet to server Packet[RUN_SUBMISSION] #5 TEAM1 @ site 1 -> SERVER0 @ site 1
200118 151158.858|INFO|AWT-EventQueue-0|sendToLocalServer|Sent    packet to server Packet[RUN_SUBMISSION] #5 TEAM1 @ site 1 -> SERVER0 @ site 1
200118 151158.868|INFO|Thread-22|info| receiveObject(S) start got Packet[RUN_SUBMISSION_CONFIRM] #45 SERVER0 @ site 1 -> TEAM1 @ site 1
200118 151158.869|INFO|Thread-22|dumpPacket|Packet RUN_SUBMISSION_CONFIRM (Seq #45, o#45 ) recieveObject
200118 151158.869|INFO|Thread-22|dumpPacket|  From: SERVER0 @ site 1, oSERVER0 @ site 1 (DESKTOP-K31L36J @ 192.168.127.1) (Contest Id: Default-5053916771268647617)
200118 151158.869|INFO|Thread-22|dumpPacket|    To: TEAM1 @ site 1
200118 151158.869|INFO|Thread-22|dumpPacket|   key: RUN is: edu.csus.ecs.pc2.core.model.Run Run 10 QUEUED_FOR_COMPUTER_JUDGEMENT 2 min 153026ms from TEAM1 @ site 1 id Run-44146342105548652 problem NEWTEST-2323207713857520700 lang Java--8544374802327027282
200118 151158.869|INFO|Thread-22|info|handlePacket start Packet[RUN_SUBMISSION_CONFIRM] #45 SERVER0 @ site 1 -> TEAM1 @ site 1
200118 151158.869|INFO|Thread-22|dumpPacket|Packet RUN_SUBMISSION_CONFIRM (Seq #45, o#45 ) handlePacket
200118 151158.869|INFO|Thread-22|dumpPacket|  From: SERVER0 @ site 1, oSERVER0 @ site 1 (DESKTOP-K31L36J @ 192.168.127.1) (Contest Id: Default-5053916771268647617)
200118 151158.869|INFO|Thread-22|dumpPacket|    To: TEAM1 @ site 1
200118 151158.870|INFO|Thread-22|dumpPacket|   key: RUN is: edu.csus.ecs.pc2.core.model.Run Run 10 QUEUED_FOR_COMPUTER_JUDGEMENT 2 min 153026ms from TEAM1 @ site 1 id Run-44146342105548652 problem NEWTEST-2323207713857520700 lang Java--8544374802327027282
200118 151200.130|INFO|Thread-22|info| receiveObject(S) end   got Packet[RUN_SUBMISSION_CONFIRM] #45 SERVER0 @ site 1 -> TEAM1 @ site 1
200118 151210.923|INFO|Thread-23|info| receiveObject(S) start got Packet[UPDATE_SETTING] #51 SERVER0 @ site 1 -> SERVER0 @ site 0
200118 151210.923|INFO|Thread-23|dumpPacket|Packet UPDATE_SETTING (Seq #51, o#10 ) recieveObject
200118 151210.923|INFO|Thread-23|dumpPacket|  From: SERVER0 @ site 1, oADMINISTRATOR1 @ site 1 (DESKTOP-K31L36J @ 192.168.127.1) (Contest Id: Default-5053916771268647617)
200118 151210.923|INFO|Thread-23|dumpPacket|    To: SERVER0 @ site 0
200118 151210.923|INFO|Thread-23|dumpPacket|   key: PROBLEM is: edu.csus.ecs.pc2.core.model.Problem NEWTEST
200118 151210.923|INFO|Thread-23|info|handlePacket start Packet[UPDATE_SETTING] #51 SERVER0 @ site 1 -> SERVER0 @ site 0
200118 151210.923|INFO|Thread-23|dumpPacket|Packet UPDATE_SETTING (Seq #51, o#10 ) handlePacket
200118 151210.923|INFO|Thread-23|dumpPacket|  From: SERVER0 @ site 1, oADMINISTRATOR1 @ site 1 (DESKTOP-K31L36J @ 192.168.127.1) (Contest Id: Default-5053916771268647617)
200118 151210.923|INFO|Thread-23|dumpPacket|    To: SERVER0 @ site 0
200118 151210.923|INFO|Thread-23|dumpPacket|   key: PROBLEM is: edu.csus.ecs.pc2.core.model.Problem NEWTEST
200118 151210.924|INFO|Thread-23|info|handlePacket end Packet[UPDATE_SETTING] #51 SERVER0 @ site 1 -> SERVER0 @ site 0
200118 151210.924|INFO|Thread-23|info| receiveObject(S) end   got Packet[UPDATE_SETTING] #51 SERVER0 @ site 1 -> SERVER0 @ site 0
200118 151216.888|INFO|Thread-24|info| receiveObject(S) start got Packet[RUN_JUDGEMENT] #54 SERVER0 @ site 1 -> TEAM1 @ site 1
200118 151216.888|INFO|Thread-24|dumpPacket|Packet RUN_JUDGEMENT (Seq #54, o#54 ) recieveObject
200118 151216.889|INFO|Thread-24|dumpPacket|  From: SERVER0 @ site 1, oSERVER0 @ site 1 (DESKTOP-K31L36J @ 192.168.127.1) (Contest Id: Default-5053916771268647617)
200118 151216.889|INFO|Thread-24|dumpPacket|    To: TEAM1 @ site 1
200118 151216.890|INFO|Thread-24|dumpPacket|   key: JUDGEMENT_RECORD is: edu.csus.ecs.pc2.core.model.JudgementRecord No by JUDGE1 @ site 1 judgement No_-_Compilation_Error-4451318115751433921 id JudgementRecord-6878270218513756253
200118 151216.890|INFO|Thread-24|dumpPacket|   key: CLIENT_ID is: edu.csus.ecs.pc2.core.model.ClientId SERVER0 @ site 1
200118 151216.890|INFO|Thread-24|dumpPacket|   key: RUN is: edu.csus.ecs.pc2.core.model.Run Run 10 JUDGED 2 min 153026ms from TEAM1 @ site 1 id Run-44146342105548652 problem NEWTEST-2323207713857520700 lang Java--8544374802327027282
200118 151216.890|INFO|Thread-24|info|handlePacket start Packet[RUN_JUDGEMENT] #54 SERVER0 @ site 1 -> TEAM1 @ site 1
200118 151216.890|INFO|Thread-24|dumpPacket|Packet RUN_JUDGEMENT (Seq #54, o#54 ) handlePacket
200118 151216.890|INFO|Thread-24|dumpPacket|  From: SERVER0 @ site 1, oSERVER0 @ site 1 (DESKTOP-K31L36J @ 192.168.127.1) (Contest Id: Default-5053916771268647617)
200118 151216.890|INFO|Thread-24|dumpPacket|    To: TEAM1 @ site 1
200118 151216.890|INFO|Thread-24|dumpPacket|   key: JUDGEMENT_RECORD is: edu.csus.ecs.pc2.core.model.JudgementRecord No by JUDGE1 @ site 1 judgement No_-_Compilation_Error-4451318115751433921 id JudgementRecord-6878270218513756253
200118 151216.890|INFO|Thread-24|dumpPacket|   key: CLIENT_ID is: edu.csus.ecs.pc2.core.model.ClientId SERVER0 @ site 1
200118 151216.890|INFO|Thread-24|dumpPacket|   key: RUN is: edu.csus.ecs.pc2.core.model.Run Run 10 JUDGED 2 min 153026ms from TEAM1 @ site 1 id Run-44146342105548652 problem NEWTEST-2323207713857520700 lang Java--8544374802327027282
200118 151218.145|INFO|Thread-24|runChanged|RunsPane.RunListener: Action=CHANGED; DetailedAction=null; msg=null; run=Run 10 JUDGED 2 min 153026ms from TEAM1 @ site 1 id Run-44146342105548652 problem NEWTEST-2323207713857520700 lang Java--8544374802327027282; runFiles=null
200118 151218.145|INFO|Thread-24|runChanged|Event not for me: sent to null but my ID is TEAM1 @ site 1
200118 151218.145|INFO|Thread-24|info| receiveObject(S) end   got Packet[RUN_JUDGEMENT] #54 SERVER0 @ site 1 -> TEAM1 @ site 1
200118 151221.113|INFO|AWT-EventQueue-0|testOrSubmitRun|submitRun for NEWTEST Java file: C:\Users\Hunter Han\Desktop\word_mix.java
200118 151221.114|INFO|AWT-EventQueue-0|sendToLocalServer|Sending packet to server Packet[RUN_SUBMISSION] #6 TEAM1 @ site 1 -> SERVER0 @ site 1
200118 151221.114|INFO|AWT-EventQueue-0|sendToLocalServer|Sent    packet to server Packet[RUN_SUBMISSION] #6 TEAM1 @ site 1 -> SERVER0 @ site 1
200118 151221.122|INFO|Thread-26|info| receiveObject(S) start got Packet[RUN_SUBMISSION_CONFIRM] #56 SERVER0 @ site 1 -> TEAM1 @ site 1
200118 151221.122|INFO|Thread-26|dumpPacket|Packet RUN_SUBMISSION_CONFIRM (Seq #56, o#56 ) recieveObject
200118 151221.123|INFO|Thread-26|dumpPacket|  From: SERVER0 @ site 1, oSERVER0 @ site 1 (DESKTOP-K31L36J @ 192.168.127.1) (Contest Id: Default-5053916771268647617)
200118 151221.123|INFO|Thread-26|dumpPacket|    To: TEAM1 @ site 1
200118 151221.123|INFO|Thread-26|dumpPacket|   key: RUN is: edu.csus.ecs.pc2.core.model.Run Run 11 QUEUED_FOR_COMPUTER_JUDGEMENT 2 min 175282ms from TEAM1 @ site 1 id Run--5748059256368645835 problem NEWTEST-2323207713857520700 lang Java--8544374802327027282
200118 151221.123|INFO|Thread-26|info|handlePacket start Packet[RUN_SUBMISSION_CONFIRM] #56 SERVER0 @ site 1 -> TEAM1 @ site 1
200118 151221.123|INFO|Thread-26|dumpPacket|Packet RUN_SUBMISSION_CONFIRM (Seq #56, o#56 ) handlePacket
200118 151221.123|INFO|Thread-26|dumpPacket|  From: SERVER0 @ site 1, oSERVER0 @ site 1 (DESKTOP-K31L36J @ 192.168.127.1) (Contest Id: Default-5053916771268647617)
200118 151221.123|INFO|Thread-26|dumpPacket|    To: TEAM1 @ site 1
200118 151221.123|INFO|Thread-26|dumpPacket|   key: RUN is: edu.csus.ecs.pc2.core.model.Run Run 11 QUEUED_FOR_COMPUTER_JUDGEMENT 2 min 175282ms from TEAM1 @ site 1 id Run--5748059256368645835 problem NEWTEST-2323207713857520700 lang Java--8544374802327027282
200118 151221.825|INFO|Thread-27|info| receiveObject(S) start got Packet[RUN_JUDGEMENT] #60 SERVER0 @ site 1 -> TEAM1 @ site 1
200118 151221.825|INFO|Thread-27|dumpPacket|Packet RUN_JUDGEMENT (Seq #60, o#60 ) recieveObject
200118 151221.825|INFO|Thread-27|dumpPacket|  From: SERVER0 @ site 1, oSERVER0 @ site 1 (DESKTOP-K31L36J @ 192.168.127.1) (Contest Id: Default-5053916771268647617)
200118 151221.825|INFO|Thread-27|dumpPacket|    To: TEAM1 @ site 1
200118 151221.825|INFO|Thread-27|dumpPacket|   key: JUDGEMENT_RECORD is: edu.csus.ecs.pc2.core.model.JudgementRecord No by JUDGE1 @ site 1 judgement No_-_Run-time_Error--628361778834185523 id JudgementRecord--4595428361889411555
200118 151221.825|INFO|Thread-27|dumpPacket|   key: CLIENT_ID is: edu.csus.ecs.pc2.core.model.ClientId SERVER0 @ site 1
200118 151221.825|INFO|Thread-27|dumpPacket|   key: RUN is: edu.csus.ecs.pc2.core.model.Run Run 11 JUDGED 2 min 175282ms from TEAM1 @ site 1 id Run--5748059256368645835 problem NEWTEST-2323207713857520700 lang Java--8544374802327027282
200118 151221.825|INFO|Thread-27|info|handlePacket start Packet[RUN_JUDGEMENT] #60 SERVER0 @ site 1 -> TEAM1 @ site 1
200118 151221.825|INFO|Thread-27|dumpPacket|Packet RUN_JUDGEMENT (Seq #60, o#60 ) handlePacket
200118 151221.825|INFO|Thread-27|dumpPacket|  From: SERVER0 @ site 1, oSERVER0 @ site 1 (DESKTOP-K31L36J @ 192.168.127.1) (Contest Id: Default-5053916771268647617)
200118 151221.826|INFO|Thread-27|dumpPacket|    To: TEAM1 @ site 1
200118 151221.826|INFO|Thread-27|dumpPacket|   key: JUDGEMENT_RECORD is: edu.csus.ecs.pc2.core.model.JudgementRecord No by JUDGE1 @ site 1 judgement No_-_Run-time_Error--628361778834185523 id JudgementRecord--4595428361889411555
200118 151221.826|INFO|Thread-27|dumpPacket|   key: CLIENT_ID is: edu.csus.ecs.pc2.core.model.ClientId SERVER0 @ site 1
200118 151221.826|INFO|Thread-27|dumpPacket|   key: RUN is: edu.csus.ecs.pc2.core.model.Run Run 11 JUDGED 2 min 175282ms from TEAM1 @ site 1 id Run--5748059256368645835 problem NEWTEST-2323207713857520700 lang Java--8544374802327027282
200118 151224.097|INFO|Thread-27|runChanged|RunsPane.RunListener: Action=CHANGED; DetailedAction=null; msg=null; run=Run 11 JUDGED 2 min 175282ms from TEAM1 @ site 1 id Run--5748059256368645835 problem NEWTEST-2323207713857520700 lang Java--8544374802327027282; runFiles=null
200118 151224.098|INFO|Thread-27|runChanged|Event not for me: sent to null but my ID is TEAM1 @ site 1
200118 151224.098|INFO|Thread-27|info| receiveObject(S) end   got Packet[RUN_JUDGEMENT] #60 SERVER0 @ site 1 -> TEAM1 @ site 1
200118 151225.249|INFO|Thread-26|info| receiveObject(S) end   got Packet[RUN_SUBMISSION_CONFIRM] #56 SERVER0 @ site 1 -> TEAM1 @ site 1
200118 151414.741|INFO|Thread-28|info| receiveObject(S) start got Packet[RUN_JUDGEMENT] #63 SERVER0 @ site 1 -> TEAM1 @ site 1
200118 151414.741|INFO|Thread-28|dumpPacket|Packet RUN_JUDGEMENT (Seq #63, o#63 ) recieveObject
200118 151414.741|INFO|Thread-28|dumpPacket|  From: SERVER0 @ site 1, oSERVER0 @ site 1 (DESKTOP-K31L36J @ 192.168.127.1) (Contest Id: Default-5053916771268647617)
200118 151414.741|INFO|Thread-28|dumpPacket|    To: TEAM1 @ site 1
200118 151414.741|INFO|Thread-28|dumpPacket|   key: JUDGEMENT_RECORD is: edu.csus.ecs.pc2.core.model.JudgementRecord No by JUDGE1 @ site 1 judgement No_-_Run-time_Error--628361778834185523 id JudgementRecord--4595428361889411555
200118 151414.741|INFO|Thread-28|dumpPacket|   key: CLIENT_ID is: edu.csus.ecs.pc2.core.model.ClientId SERVER0 @ site 1
200118 151414.741|INFO|Thread-28|dumpPacket|   key: RUN is: edu.csus.ecs.pc2.core.model.Run Run 11 JUDGED 2 min 175282ms from TEAM1 @ site 1 id Run--5748059256368645835 problem NEWTEST-2323207713857520700 lang Java--8544374802327027282
200118 151414.742|INFO|Thread-28|info|handlePacket start Packet[RUN_JUDGEMENT] #63 SERVER0 @ site 1 -> TEAM1 @ site 1
200118 151414.742|INFO|Thread-28|dumpPacket|Packet RUN_JUDGEMENT (Seq #63, o#63 ) handlePacket
200118 151414.742|INFO|Thread-28|dumpPacket|  From: SERVER0 @ site 1, oSERVER0 @ site 1 (DESKTOP-K31L36J @ 192.168.127.1) (Contest Id: Default-5053916771268647617)
200118 151414.742|INFO|Thread-28|dumpPacket|    To: TEAM1 @ site 1
200118 151414.742|INFO|Thread-28|dumpPacket|   key: JUDGEMENT_RECORD is: edu.csus.ecs.pc2.core.model.JudgementRecord No by JUDGE1 @ site 1 judgement No_-_Run-time_Error--628361778834185523 id JudgementRecord--4595428361889411555
200118 151414.742|INFO|Thread-28|dumpPacket|   key: CLIENT_ID is: edu.csus.ecs.pc2.core.model.ClientId SERVER0 @ site 1
200118 151414.742|INFO|Thread-28|dumpPacket|   key: RUN is: edu.csus.ecs.pc2.core.model.Run Run 11 JUDGED 2 min 175282ms from TEAM1 @ site 1 id Run--5748059256368645835 problem NEWTEST-2323207713857520700 lang Java--8544374802327027282
200118 151417.034|INFO|Thread-28|runChanged|RunsPane.RunListener: Action=CHANGED; DetailedAction=null; msg=null; run=Run 11 JUDGED 2 min 175282ms from TEAM1 @ site 1 id Run--5748059256368645835 problem NEWTEST-2323207713857520700 lang Java--8544374802327027282; runFiles=null
200118 151417.034|INFO|Thread-28|runChanged|Event not for me: sent to null but my ID is TEAM1 @ site 1
200118 151417.034|INFO|Thread-28|info| receiveObject(S) end   got Packet[RUN_JUDGEMENT] #63 SERVER0 @ site 1 -> TEAM1 @ site 1
200118 151444.060|INFO|Thread-29|info| receiveObject(S) start got Packet[UPDATE_SETTING] #66 SERVER0 @ site 1 -> SERVER0 @ site 0
200118 151444.060|INFO|Thread-29|dumpPacket|Packet UPDATE_SETTING (Seq #66, o#11 ) recieveObject
200118 151444.060|INFO|Thread-29|dumpPacket|  From: SERVER0 @ site 1, oADMINISTRATOR1 @ site 1 (DESKTOP-K31L36J @ 192.168.127.1) (Contest Id: Default-5053916771268647617)
200118 151444.060|INFO|Thread-29|dumpPacket|    To: SERVER0 @ site 0
200118 151444.060|INFO|Thread-29|dumpPacket|   key: PROBLEM is: edu.csus.ecs.pc2.core.model.Problem NEWTEST
200118 151444.060|INFO|Thread-29|info|handlePacket start Packet[UPDATE_SETTING] #66 SERVER0 @ site 1 -> SERVER0 @ site 0
200118 151444.061|INFO|Thread-29|dumpPacket|Packet UPDATE_SETTING (Seq #66, o#11 ) handlePacket
200118 151444.061|INFO|Thread-29|dumpPacket|  From: SERVER0 @ site 1, oADMINISTRATOR1 @ site 1 (DESKTOP-K31L36J @ 192.168.127.1) (Contest Id: Default-5053916771268647617)
200118 151444.061|INFO|Thread-29|dumpPacket|    To: SERVER0 @ site 0
200118 151444.061|INFO|Thread-29|dumpPacket|   key: PROBLEM is: edu.csus.ecs.pc2.core.model.Problem NEWTEST
200118 151444.061|INFO|Thread-29|info|handlePacket end Packet[UPDATE_SETTING] #66 SERVER0 @ site 1 -> SERVER0 @ site 0
200118 151444.061|INFO|Thread-29|info| receiveObject(S) end   got Packet[UPDATE_SETTING] #66 SERVER0 @ site 1 -> SERVER0 @ site 0
200118 151452.169|INFO|AWT-EventQueue-0|testOrSubmitRun|submitRun for NEWTEST Java file: C:\Users\Hunter Han\Desktop\word_mix.java
200118 151452.170|INFO|AWT-EventQueue-0|sendToLocalServer|Sending packet to server Packet[RUN_SUBMISSION] #7 TEAM1 @ site 1 -> SERVER0 @ site 1
200118 151452.170|INFO|AWT-EventQueue-0|sendToLocalServer|Sent    packet to server Packet[RUN_SUBMISSION] #7 TEAM1 @ site 1 -> SERVER0 @ site 1
200118 151452.181|INFO|Thread-31|info| receiveObject(S) start got Packet[RUN_SUBMISSION_CONFIRM] #67 SERVER0 @ site 1 -> TEAM1 @ site 1
200118 151452.181|INFO|Thread-31|dumpPacket|Packet RUN_SUBMISSION_CONFIRM (Seq #67, o#67 ) recieveObject
200118 151452.181|INFO|Thread-31|dumpPacket|  From: SERVER0 @ site 1, oSERVER0 @ site 1 (DESKTOP-K31L36J @ 192.168.127.1) (Contest Id: Default-5053916771268647617)
200118 151452.181|INFO|Thread-31|dumpPacket|    To: TEAM1 @ site 1
200118 151452.181|INFO|Thread-31|dumpPacket|   key: RUN is: edu.csus.ecs.pc2.core.model.Run Run 12 QUEUED_FOR_COMPUTER_JUDGEMENT 5 min 326338ms from TEAM1 @ site 1 id Run-6128139916456190511 problem NEWTEST-2323207713857520700 lang Java--8544374802327027282
200118 151452.181|INFO|Thread-31|info|handlePacket start Packet[RUN_SUBMISSION_CONFIRM] #67 SERVER0 @ site 1 -> TEAM1 @ site 1
200118 151452.181|INFO|Thread-31|dumpPacket|Packet RUN_SUBMISSION_CONFIRM (Seq #67, o#67 ) handlePacket
200118 151452.181|INFO|Thread-31|dumpPacket|  From: SERVER0 @ site 1, oSERVER0 @ site 1 (DESKTOP-K31L36J @ 192.168.127.1) (Contest Id: Default-5053916771268647617)
200118 151452.181|INFO|Thread-31|dumpPacket|    To: TEAM1 @ site 1
200118 151452.181|INFO|Thread-31|dumpPacket|   key: RUN is: edu.csus.ecs.pc2.core.model.Run Run 12 QUEUED_FOR_COMPUTER_JUDGEMENT 5 min 326338ms from TEAM1 @ site 1 id Run-6128139916456190511 problem NEWTEST-2323207713857520700 lang Java--8544374802327027282
200118 151453.236|INFO|Thread-32|info| receiveObject(S) start got Packet[RUN_JUDGEMENT] #71 SERVER0 @ site 1 -> TEAM1 @ site 1
200118 151453.236|INFO|Thread-32|dumpPacket|Packet RUN_JUDGEMENT (Seq #71, o#71 ) recieveObject
200118 151453.236|INFO|Thread-32|dumpPacket|  From: SERVER0 @ site 1, oSERVER0 @ site 1 (DESKTOP-K31L36J @ 192.168.127.1) (Contest Id: Default-5053916771268647617)
200118 151453.236|INFO|Thread-32|dumpPacket|    To: TEAM1 @ site 1
200118 151453.236|INFO|Thread-32|dumpPacket|   key: JUDGEMENT_RECORD is: edu.csus.ecs.pc2.core.model.JudgementRecord No by JUDGE1 @ site 1 judgement No_-_Run-time_Error--628361778834185523 id JudgementRecord--5845541534371988596
200118 151453.236|INFO|Thread-32|dumpPacket|   key: CLIENT_ID is: edu.csus.ecs.pc2.core.model.ClientId SERVER0 @ site 1
200118 151453.236|INFO|Thread-32|dumpPacket|   key: RUN is: edu.csus.ecs.pc2.core.model.Run Run 12 JUDGED 5 min 326338ms from TEAM1 @ site 1 id Run-6128139916456190511 problem NEWTEST-2323207713857520700 lang Java--8544374802327027282
200118 151453.236|INFO|Thread-32|info|handlePacket start Packet[RUN_JUDGEMENT] #71 SERVER0 @ site 1 -> TEAM1 @ site 1
200118 151453.236|INFO|Thread-32|dumpPacket|Packet RUN_JUDGEMENT (Seq #71, o#71 ) handlePacket
200118 151453.236|INFO|Thread-32|dumpPacket|  From: SERVER0 @ site 1, oSERVER0 @ site 1 (DESKTOP-K31L36J @ 192.168.127.1) (Contest Id: Default-5053916771268647617)
200118 151453.236|INFO|Thread-32|dumpPacket|    To: TEAM1 @ site 1
200118 151453.236|INFO|Thread-32|dumpPacket|   key: JUDGEMENT_RECORD is: edu.csus.ecs.pc2.core.model.JudgementRecord No by JUDGE1 @ site 1 judgement No_-_Run-time_Error--628361778834185523 id JudgementRecord--5845541534371988596
200118 151453.236|INFO|Thread-32|dumpPacket|   key: CLIENT_ID is: edu.csus.ecs.pc2.core.model.ClientId SERVER0 @ site 1
200118 151453.236|INFO|Thread-32|dumpPacket|   key: RUN is: edu.csus.ecs.pc2.core.model.Run Run 12 JUDGED 5 min 326338ms from TEAM1 @ site 1 id Run-6128139916456190511 problem NEWTEST-2323207713857520700 lang Java--8544374802327027282
200118 151454.497|INFO|Thread-32|runChanged|RunsPane.RunListener: Action=CHANGED; DetailedAction=null; msg=null; run=Run 12 JUDGED 5 min 326338ms from TEAM1 @ site 1 id Run-6128139916456190511 problem NEWTEST-2323207713857520700 lang Java--8544374802327027282; runFiles=null
200118 151454.498|INFO|Thread-32|runChanged|Event not for me: sent to null but my ID is TEAM1 @ site 1
200118 151454.498|INFO|Thread-32|info| receiveObject(S) end   got Packet[RUN_JUDGEMENT] #71 SERVER0 @ site 1 -> TEAM1 @ site 1
200118 151455.345|INFO|Thread-31|info| receiveObject(S) end   got Packet[RUN_SUBMISSION_CONFIRM] #67 SERVER0 @ site 1 -> TEAM1 @ site 1
200118 151646.778|INFO|Thread-33|info| receiveObject(S) start got Packet[UPDATE_SETTING] #78 SERVER0 @ site 1 -> SERVER0 @ site 0
200118 151646.778|INFO|Thread-33|dumpPacket|Packet UPDATE_SETTING (Seq #78, o#12 ) recieveObject
200118 151646.778|INFO|Thread-33|dumpPacket|  From: SERVER0 @ site 1, oADMINISTRATOR1 @ site 1 (DESKTOP-K31L36J @ 192.168.127.1) (Contest Id: Default-5053916771268647617)
200118 151646.778|INFO|Thread-33|dumpPacket|    To: SERVER0 @ site 0
200118 151646.778|INFO|Thread-33|dumpPacket|   key: PROBLEM is: edu.csus.ecs.pc2.core.model.Problem NEWTEST
200118 151646.778|INFO|Thread-33|info|handlePacket start Packet[UPDATE_SETTING] #78 SERVER0 @ site 1 -> SERVER0 @ site 0
200118 151646.778|INFO|Thread-33|dumpPacket|Packet UPDATE_SETTING (Seq #78, o#12 ) handlePacket
200118 151646.778|INFO|Thread-33|dumpPacket|  From: SERVER0 @ site 1, oADMINISTRATOR1 @ site 1 (DESKTOP-K31L36J @ 192.168.127.1) (Contest Id: Default-5053916771268647617)
200118 151646.778|INFO|Thread-33|dumpPacket|    To: SERVER0 @ site 0
200118 151646.779|INFO|Thread-33|dumpPacket|   key: PROBLEM is: edu.csus.ecs.pc2.core.model.Problem NEWTEST
200118 151646.779|INFO|Thread-33|info|handlePacket end Packet[UPDATE_SETTING] #78 SERVER0 @ site 1 -> SERVER0 @ site 0
200118 151646.779|INFO|Thread-33|info| receiveObject(S) end   got Packet[UPDATE_SETTING] #78 SERVER0 @ site 1 -> SERVER0 @ site 0
200118 151656.069|INFO|Thread-34|info| receiveObject(S) start got Packet[CLOCK_STOPPED] #79 SERVER0 @ site 1 -> SERVER0 @ site 0
200118 151656.069|INFO|Thread-34|dumpPacket|Packet CLOCK_STOPPED (Seq #79, o#79 ) recieveObject
200118 151656.069|INFO|Thread-34|dumpPacket|  From: SERVER0 @ site 1, oSERVER0 @ site 1 (DESKTOP-K31L36J @ 192.168.127.1) (Contest Id: Default-5053916771268647617)
200118 151656.069|INFO|Thread-34|dumpPacket|    To: SERVER0 @ site 0
200118 151656.069|INFO|Thread-34|dumpPacket|   key: CLIENT_ID is: edu.csus.ecs.pc2.core.model.ClientId ADMINISTRATOR1 @ site 1
200118 151656.069|INFO|Thread-34|dumpPacket|   key: SITE_NUMBER is: java.lang.Integer 1
200118 151656.070|INFO|Thread-34|info|handlePacket start Packet[CLOCK_STOPPED] #79 SERVER0 @ site 1 -> SERVER0 @ site 0
200118 151656.070|INFO|Thread-34|dumpPacket|Packet CLOCK_STOPPED (Seq #79, o#79 ) handlePacket
200118 151656.070|INFO|Thread-34|dumpPacket|  From: SERVER0 @ site 1, oSERVER0 @ site 1 (DESKTOP-K31L36J @ 192.168.127.1) (Contest Id: Default-5053916771268647617)
200118 151656.070|INFO|Thread-34|dumpPacket|    To: SERVER0 @ site 0
200118 151656.070|INFO|Thread-34|dumpPacket|   key: CLIENT_ID is: edu.csus.ecs.pc2.core.model.ClientId ADMINISTRATOR1 @ site 1
200118 151656.070|INFO|Thread-34|dumpPacket|   key: SITE_NUMBER is: java.lang.Integer 1
200118 151656.070|INFO|Thread-34|info|Clock for site 1 stopped by ADMINISTRATOR1 @ site 1 elapsed 0:07:30
200118 151656.070|INFO|Thread-34|info| receiveObject(S) end   got Packet[CLOCK_STOPPED] #79 SERVER0 @ site 1 -> SERVER0 @ site 0
200118 151657.476|INFO|Thread-35|info| receiveObject(S) start got Packet[CLOCK_STARTED] #80 SERVER0 @ site 1 -> SERVER0 @ site 0
200118 151657.476|INFO|Thread-35|dumpPacket|Packet CLOCK_STARTED (Seq #80, o#80 ) recieveObject
200118 151657.476|INFO|Thread-35|dumpPacket|  From: SERVER0 @ site 1, oSERVER0 @ site 1 (DESKTOP-K31L36J @ 192.168.127.1) (Contest Id: Default-5053916771268647617)
200118 151657.476|INFO|Thread-35|dumpPacket|    To: SERVER0 @ site 0
200118 151657.476|INFO|Thread-35|dumpPacket|   key: CLIENT_ID is: edu.csus.ecs.pc2.core.model.ClientId ADMINISTRATOR1 @ site 1
200118 151657.476|INFO|Thread-35|dumpPacket|   key: SERVER_CLOCK_OFFSET is: java.util.GregorianCalendar java.util.GregorianCalendar[time=1579382217474,areFieldsSet=true,areAllFieldsSet=false,lenient=true,zone=sun.util.calendar.ZoneInfo[id="GMT",offset=0,dstSavings=0,useDaylight=false,transitions=0,lastRule=null],firstDayOfWeek=1,minimalDaysInFirstWeek=1,ERA=1,YEAR=2020,MONTH=0,WEEK_OF_YEAR=3,WEEK_OF_MONTH=3,DAY_OF_MONTH=18,DAY_OF_YEAR=18,DAY_OF_WEEK=7,DAY_OF_WEEK_IN_MONTH=3,AM_PM=1,HOUR=9,HOUR_OF_DAY=21,MINUTE=16,SECOND=57,MILLISECOND=474,ZONE_OFFSET=0,DST_OFFSET=0]
200118 151657.476|INFO|Thread-35|dumpPacket|   key: SITE_NUMBER is: java.lang.Integer 1
200118 151657.476|INFO|Thread-35|info|handlePacket start Packet[CLOCK_STARTED] #80 SERVER0 @ site 1 -> SERVER0 @ site 0
200118 151657.476|INFO|Thread-35|dumpPacket|Packet CLOCK_STARTED (Seq #80, o#80 ) handlePacket
200118 151657.476|INFO|Thread-35|dumpPacket|  From: SERVER0 @ site 1, oSERVER0 @ site 1 (DESKTOP-K31L36J @ 192.168.127.1) (Contest Id: Default-5053916771268647617)
200118 151657.476|INFO|Thread-35|dumpPacket|    To: SERVER0 @ site 0
200118 151657.476|INFO|Thread-35|dumpPacket|   key: CLIENT_ID is: edu.csus.ecs.pc2.core.model.ClientId ADMINISTRATOR1 @ site 1
200118 151657.476|INFO|Thread-35|dumpPacket|   key: SERVER_CLOCK_OFFSET is: java.util.GregorianCalendar java.util.GregorianCalendar[time=1579382217474,areFieldsSet=true,areAllFieldsSet=false,lenient=true,zone=sun.util.calendar.ZoneInfo[id="GMT",offset=0,dstSavings=0,useDaylight=false,transitions=0,lastRule=null],firstDayOfWeek=1,minimalDaysInFirstWeek=1,ERA=1,YEAR=2020,MONTH=0,WEEK_OF_YEAR=3,WEEK_OF_MONTH=3,DAY_OF_MONTH=18,DAY_OF_YEAR=18,DAY_OF_WEEK=7,DAY_OF_WEEK_IN_MONTH=3,AM_PM=1,HOUR=9,HOUR_OF_DAY=21,MINUTE=16,SECOND=57,MILLISECOND=474,ZONE_OFFSET=0,DST_OFFSET=0]
200118 151657.476|INFO|Thread-35|dumpPacket|   key: SITE_NUMBER is: java.lang.Integer 1
200118 151657.477|INFO|Thread-35|info|Clock for site 1 started by ADMINISTRATOR1 @ site 1 elapsed 0:07:30
200118 151657.477|INFO|Thread-35|info| receiveObject(S) end   got Packet[CLOCK_STARTED] #80 SERVER0 @ site 1 -> SERVER0 @ site 0
200118 151715.623|INFO|Thread-36|info| receiveObject(S) start got Packet[RUN_JUDGEMENT] #82 SERVER0 @ site 1 -> TEAM1 @ site 1
200118 151715.623|INFO|Thread-36|dumpPacket|Packet RUN_JUDGEMENT (Seq #82, o#82 ) recieveObject
200118 151715.623|INFO|Thread-36|dumpPacket|  From: SERVER0 @ site 1, oSERVER0 @ site 1 (DESKTOP-K31L36J @ 192.168.127.1) (Contest Id: Default-5053916771268647617)
200118 151715.624|INFO|Thread-36|dumpPacket|    To: TEAM1 @ site 1
200118 151715.624|INFO|Thread-36|dumpPacket|   key: JUDGEMENT_RECORD is: edu.csus.ecs.pc2.core.model.JudgementRecord No by JUDGE1 @ site 1 judgement No_-_Run-time_Error--628361778834185523 id JudgementRecord--5845541534371988596
200118 151715.624|INFO|Thread-36|dumpPacket|   key: CLIENT_ID is: edu.csus.ecs.pc2.core.model.ClientId SERVER0 @ site 1
200118 151715.624|INFO|Thread-36|dumpPacket|   key: RUN is: edu.csus.ecs.pc2.core.model.Run Run 12 JUDGED 5 min 326338ms from TEAM1 @ site 1 id Run-6128139916456190511 problem NEWTEST-2323207713857520700 lang Java--8544374802327027282
200118 151715.624|INFO|Thread-36|info|handlePacket start Packet[RUN_JUDGEMENT] #82 SERVER0 @ site 1 -> TEAM1 @ site 1
200118 151715.624|INFO|Thread-36|dumpPacket|Packet RUN_JUDGEMENT (Seq #82, o#82 ) handlePacket
200118 151715.624|INFO|Thread-36|dumpPacket|  From: SERVER0 @ site 1, oSERVER0 @ site 1 (DESKTOP-K31L36J @ 192.168.127.1) (Contest Id: Default-5053916771268647617)
200118 151715.624|INFO|Thread-36|dumpPacket|    To: TEAM1 @ site 1
200118 151715.624|INFO|Thread-36|dumpPacket|   key: JUDGEMENT_RECORD is: edu.csus.ecs.pc2.core.model.JudgementRecord No by JUDGE1 @ site 1 judgement No_-_Run-time_Error--628361778834185523 id JudgementRecord--5845541534371988596
200118 151715.624|INFO|Thread-36|dumpPacket|   key: CLIENT_ID is: edu.csus.ecs.pc2.core.model.ClientId SERVER0 @ site 1
200118 151715.624|INFO|Thread-36|dumpPacket|   key: RUN is: edu.csus.ecs.pc2.core.model.Run Run 12 JUDGED 5 min 326338ms from TEAM1 @ site 1 id Run-6128139916456190511 problem NEWTEST-2323207713857520700 lang Java--8544374802327027282
200118 151716.706|INFO|Thread-36|runChanged|RunsPane.RunListener: Action=CHANGED; DetailedAction=null; msg=null; run=Run 12 JUDGED 5 min 326338ms from TEAM1 @ site 1 id Run-6128139916456190511 problem NEWTEST-2323207713857520700 lang Java--8544374802327027282; runFiles=null
200118 151716.706|INFO|Thread-36|runChanged|Event not for me: sent to null but my ID is TEAM1 @ site 1
200118 151716.706|INFO|Thread-36|info| receiveObject(S) end   got Packet[RUN_JUDGEMENT] #82 SERVER0 @ site 1 -> TEAM1 @ site 1
200118 151718.696|INFO|Thread-37|testRun|test run for NEWTEST Java file: C:\Users\Hunter Han\Desktop\word_mix.java
200118 151718.705|DEBUG|Thread-37|compileProgram|before substitution: javac {:mainfile}
200118 151718.706|DEBUG|Thread-37|compileProgram|after  substitution: javac word_mix.java
200118 151718.714|CONFIG|Thread-37|runProgram|executing: 'javac word_mix.java'
200118 151719.031|DEBUG|Thread-37|executeProgram|before substitution: java {:package}{:basename}
200118 151719.031|DEBUG|Thread-37|executeProgram|after  substitution: java word_mix
200118 151719.031|CONFIG|Thread-37|runProgram|executing: 'java word_mix'
200118 151719.107|INFO|Thread-37|executeProgram|Child process returned exit code 0
200118 151723.170|INFO|AWT-EventQueue-0|testOrSubmitRun|submitRun for NEWTEST Java file: C:\Users\Hunter Han\Desktop\word_mix.java
200118 151723.171|INFO|AWT-EventQueue-0|sendToLocalServer|Sending packet to server Packet[RUN_SUBMISSION] #8 TEAM1 @ site 1 -> SERVER0 @ site 1
200118 151723.171|INFO|AWT-EventQueue-0|sendToLocalServer|Sent    packet to server Packet[RUN_SUBMISSION] #8 TEAM1 @ site 1 -> SERVER0 @ site 1
200118 151723.194|INFO|Thread-46|info| receiveObject(S) start got Packet[RUN_SUBMISSION_CONFIRM] #84 SERVER0 @ site 1 -> TEAM1 @ site 1
200118 151723.194|INFO|Thread-46|dumpPacket|Packet RUN_SUBMISSION_CONFIRM (Seq #84, o#84 ) recieveObject
200118 151723.194|INFO|Thread-46|dumpPacket|  From: SERVER0 @ site 1, oSERVER0 @ site 1 (DESKTOP-K31L36J @ 192.168.127.1) (Contest Id: Default-5053916771268647617)
200118 151723.194|INFO|Thread-46|dumpPacket|    To: TEAM1 @ site 1
200118 151723.194|INFO|Thread-46|dumpPacket|   key: RUN is: edu.csus.ecs.pc2.core.model.Run Run 13 QUEUED_FOR_COMPUTER_JUDGEMENT 7 min 475931ms from TEAM1 @ site 1 id Run-1692202977187808650 problem NEWTEST-2323207713857520700 lang Java--8544374802327027282
200118 151723.194|INFO|Thread-46|info|handlePacket start Packet[RUN_SUBMISSION_CONFIRM] #84 SERVER0 @ site 1 -> TEAM1 @ site 1
200118 151723.194|INFO|Thread-46|dumpPacket|Packet RUN_SUBMISSION_CONFIRM (Seq #84, o#84 ) handlePacket
200118 151723.194|INFO|Thread-46|dumpPacket|  From: SERVER0 @ site 1, oSERVER0 @ site 1 (DESKTOP-K31L36J @ 192.168.127.1) (Contest Id: Default-5053916771268647617)
200118 151723.194|INFO|Thread-46|dumpPacket|    To: TEAM1 @ site 1
200118 151723.194|INFO|Thread-46|dumpPacket|   key: RUN is: edu.csus.ecs.pc2.core.model.Run Run 13 QUEUED_FOR_COMPUTER_JUDGEMENT 7 min 475931ms from TEAM1 @ site 1 id Run-1692202977187808650 problem NEWTEST-2323207713857520700 lang Java--8544374802327027282
200118 151724.610|INFO|Thread-47|info| receiveObject(S) start got Packet[RUN_JUDGEMENT] #88 SERVER0 @ site 1 -> TEAM1 @ site 1
200118 151724.610|INFO|Thread-47|dumpPacket|Packet RUN_JUDGEMENT (Seq #88, o#88 ) recieveObject
200118 151724.610|INFO|Thread-47|dumpPacket|  From: SERVER0 @ site 1, oSERVER0 @ site 1 (DESKTOP-K31L36J @ 192.168.127.1) (Contest Id: Default-5053916771268647617)
200118 151724.610|INFO|Thread-47|dumpPacket|    To: TEAM1 @ site 1
200118 151724.610|INFO|Thread-47|dumpPacket|   key: JUDGEMENT_RECORD is: edu.csus.ecs.pc2.core.model.JudgementRecord No by JUDGE1 @ site 1 judgement No_-_Run-time_Error--628361778834185523 id JudgementRecord-2610843365764738106
200118 151724.610|INFO|Thread-47|dumpPacket|   key: CLIENT_ID is: edu.csus.ecs.pc2.core.model.ClientId SERVER0 @ site 1
200118 151724.610|INFO|Thread-47|dumpPacket|   key: RUN is: edu.csus.ecs.pc2.core.model.Run Run 13 JUDGED 7 min 475931ms from TEAM1 @ site 1 id Run-1692202977187808650 problem NEWTEST-2323207713857520700 lang Java--8544374802327027282
200118 151724.610|INFO|Thread-47|info|handlePacket start Packet[RUN_JUDGEMENT] #88 SERVER0 @ site 1 -> TEAM1 @ site 1
200118 151724.610|INFO|Thread-47|dumpPacket|Packet RUN_JUDGEMENT (Seq #88, o#88 ) handlePacket
200118 151724.610|INFO|Thread-47|dumpPacket|  From: SERVER0 @ site 1, oSERVER0 @ site 1 (DESKTOP-K31L36J @ 192.168.127.1) (Contest Id: Default-5053916771268647617)
200118 151724.610|INFO|Thread-47|dumpPacket|    To: TEAM1 @ site 1
200118 151724.610|INFO|Thread-47|dumpPacket|   key: JUDGEMENT_RECORD is: edu.csus.ecs.pc2.core.model.JudgementRecord No by JUDGE1 @ site 1 judgement No_-_Run-time_Error--628361778834185523 id JudgementRecord-2610843365764738106
200118 151724.610|INFO|Thread-47|dumpPacket|   key: CLIENT_ID is: edu.csus.ecs.pc2.core.model.ClientId SERVER0 @ site 1
200118 151724.610|INFO|Thread-47|dumpPacket|   key: RUN is: edu.csus.ecs.pc2.core.model.Run Run 13 JUDGED 7 min 475931ms from TEAM1 @ site 1 id Run-1692202977187808650 problem NEWTEST-2323207713857520700 lang Java--8544374802327027282
200118 151725.521|INFO|Thread-47|runChanged|RunsPane.RunListener: Action=CHANGED; DetailedAction=null; msg=null; run=Run 13 JUDGED 7 min 475931ms from TEAM1 @ site 1 id Run-1692202977187808650 problem NEWTEST-2323207713857520700 lang Java--8544374802327027282; runFiles=null
200118 151725.521|INFO|Thread-47|runChanged|Event not for me: sent to null but my ID is TEAM1 @ site 1
200118 151725.522|INFO|Thread-47|info| receiveObject(S) end   got Packet[RUN_JUDGEMENT] #88 SERVER0 @ site 1 -> TEAM1 @ site 1
200118 151726.177|INFO|Thread-46|info| receiveObject(S) end   got Packet[RUN_SUBMISSION_CONFIRM] #84 SERVER0 @ site 1 -> TEAM1 @ site 1
200118 151828.070|INFO|Thread-48|info| receiveObject(S) start got Packet[UPDATE_SETTING] #93 SERVER0 @ site 1 -> SERVER0 @ site 0
200118 151828.071|INFO|Thread-48|dumpPacket|Packet UPDATE_SETTING (Seq #93, o#15 ) recieveObject
200118 151828.071|INFO|Thread-48|dumpPacket|  From: SERVER0 @ site 1, oADMINISTRATOR1 @ site 1 (DESKTOP-K31L36J @ 192.168.127.1) (Contest Id: Default-5053916771268647617)
200118 151828.071|INFO|Thread-48|dumpPacket|    To: SERVER0 @ site 0
200118 151828.071|INFO|Thread-48|dumpPacket|   key: PROBLEM is: edu.csus.ecs.pc2.core.model.Problem NEWTEST
200118 151828.071|INFO|Thread-48|info|handlePacket start Packet[UPDATE_SETTING] #93 SERVER0 @ site 1 -> SERVER0 @ site 0
200118 151828.071|INFO|Thread-48|dumpPacket|Packet UPDATE_SETTING (Seq #93, o#15 ) handlePacket
200118 151828.071|INFO|Thread-48|dumpPacket|  From: SERVER0 @ site 1, oADMINISTRATOR1 @ site 1 (DESKTOP-K31L36J @ 192.168.127.1) (Contest Id: Default-5053916771268647617)
200118 151828.071|INFO|Thread-48|dumpPacket|    To: SERVER0 @ site 0
200118 151828.071|INFO|Thread-48|dumpPacket|   key: PROBLEM is: edu.csus.ecs.pc2.core.model.Problem NEWTEST
200118 151828.071|INFO|Thread-48|info|handlePacket end Packet[UPDATE_SETTING] #93 SERVER0 @ site 1 -> SERVER0 @ site 0
200118 151828.071|INFO|Thread-48|info| receiveObject(S) end   got Packet[UPDATE_SETTING] #93 SERVER0 @ site 1 -> SERVER0 @ site 0
200118 151841.663|INFO|Thread-49|info| receiveObject(S) start got Packet[RUN_JUDGEMENT] #95 SERVER0 @ site 1 -> TEAM1 @ site 1
200118 151841.663|INFO|Thread-49|dumpPacket|Packet RUN_JUDGEMENT (Seq #95, o#95 ) recieveObject
200118 151841.663|INFO|Thread-49|dumpPacket|  From: SERVER0 @ site 1, oSERVER0 @ site 1 (DESKTOP-K31L36J @ 192.168.127.1) (Contest Id: Default-5053916771268647617)
200118 151841.663|INFO|Thread-49|dumpPacket|    To: TEAM1 @ site 1
200118 151841.663|INFO|Thread-49|dumpPacket|   key: JUDGEMENT_RECORD is: edu.csus.ecs.pc2.core.model.JudgementRecord No by JUDGE1 @ site 1 judgement No_-_Run-time_Error--628361778834185523 id JudgementRecord-2610843365764738106
200118 151841.663|INFO|Thread-49|dumpPacket|   key: CLIENT_ID is: edu.csus.ecs.pc2.core.model.ClientId SERVER0 @ site 1
200118 151841.663|INFO|Thread-49|dumpPacket|   key: RUN is: edu.csus.ecs.pc2.core.model.Run Run 13 JUDGED 7 min 475931ms from TEAM1 @ site 1 id Run-1692202977187808650 problem NEWTEST-2323207713857520700 lang Java--8544374802327027282
200118 151841.663|INFO|Thread-49|info|handlePacket start Packet[RUN_JUDGEMENT] #95 SERVER0 @ site 1 -> TEAM1 @ site 1
200118 151841.663|INFO|Thread-49|dumpPacket|Packet RUN_JUDGEMENT (Seq #95, o#95 ) handlePacket
200118 151841.663|INFO|Thread-49|dumpPacket|  From: SERVER0 @ site 1, oSERVER0 @ site 1 (DESKTOP-K31L36J @ 192.168.127.1) (Contest Id: Default-5053916771268647617)
200118 151841.663|INFO|Thread-49|dumpPacket|    To: TEAM1 @ site 1
200118 151841.663|INFO|Thread-49|dumpPacket|   key: JUDGEMENT_RECORD is: edu.csus.ecs.pc2.core.model.JudgementRecord No by JUDGE1 @ site 1 judgement No_-_Run-time_Error--628361778834185523 id JudgementRecord-2610843365764738106
200118 151841.663|INFO|Thread-49|dumpPacket|   key: CLIENT_ID is: edu.csus.ecs.pc2.core.model.ClientId SERVER0 @ site 1
200118 151841.663|INFO|Thread-49|dumpPacket|   key: RUN is: edu.csus.ecs.pc2.core.model.Run Run 13 JUDGED 7 min 475931ms from TEAM1 @ site 1 id Run-1692202977187808650 problem NEWTEST-2323207713857520700 lang Java--8544374802327027282
200118 151843.106|INFO|Thread-49|runChanged|RunsPane.RunListener: Action=CHANGED; DetailedAction=null; msg=null; run=Run 13 JUDGED 7 min 475931ms from TEAM1 @ site 1 id Run-1692202977187808650 problem NEWTEST-2323207713857520700 lang Java--8544374802327027282; runFiles=null
200118 151843.106|INFO|Thread-49|runChanged|Event not for me: sent to null but my ID is TEAM1 @ site 1
200118 151843.106|INFO|Thread-49|info| receiveObject(S) end   got Packet[RUN_JUDGEMENT] #95 SERVER0 @ site 1 -> TEAM1 @ site 1
200118 151941.024|INFO|Thread-50|info| receiveObject(S) start got Packet[UPDATE_SETTING] #98 SERVER0 @ site 1 -> SERVER0 @ site 0
200118 151941.024|INFO|Thread-50|dumpPacket|Packet UPDATE_SETTING (Seq #98, o#16 ) recieveObject
200118 151941.024|INFO|Thread-50|dumpPacket|  From: SERVER0 @ site 1, oADMINISTRATOR1 @ site 1 (DESKTOP-K31L36J @ 192.168.127.1) (Contest Id: Default-5053916771268647617)
200118 151941.024|INFO|Thread-50|dumpPacket|    To: SERVER0 @ site 0
200118 151941.024|INFO|Thread-50|dumpPacket|   key: PROBLEM is: edu.csus.ecs.pc2.core.model.Problem NEWTEST
200118 151941.025|INFO|Thread-50|info|handlePacket start Packet[UPDATE_SETTING] #98 SERVER0 @ site 1 -> SERVER0 @ site 0
200118 151941.025|INFO|Thread-50|dumpPacket|Packet UPDATE_SETTING (Seq #98, o#16 ) handlePacket
200118 151941.025|INFO|Thread-50|dumpPacket|  From: SERVER0 @ site 1, oADMINISTRATOR1 @ site 1 (DESKTOP-K31L36J @ 192.168.127.1) (Contest Id: Default-5053916771268647617)
200118 151941.025|INFO|Thread-50|dumpPacket|    To: SERVER0 @ site 0
200118 151941.025|INFO|Thread-50|dumpPacket|   key: PROBLEM is: edu.csus.ecs.pc2.core.model.Problem NEWTEST
200118 151941.025|INFO|Thread-50|info|handlePacket end Packet[UPDATE_SETTING] #98 SERVER0 @ site 1 -> SERVER0 @ site 0
200118 151941.025|INFO|Thread-50|info| receiveObject(S) end   got Packet[UPDATE_SETTING] #98 SERVER0 @ site 1 -> SERVER0 @ site 0
200118 152414.294|INFO|Thread-51|info| receiveObject(S) start got Packet[RUN_JUDGEMENT] #104 SERVER0 @ site 1 -> TEAM1 @ site 1
200118 152414.294|INFO|Thread-51|dumpPacket|Packet RUN_JUDGEMENT (Seq #104, o#104 ) recieveObject
200118 152414.294|INFO|Thread-51|dumpPacket|  From: SERVER0 @ site 1, oSERVER0 @ site 1 (DESKTOP-K31L36J @ 192.168.127.1) (Contest Id: Default-5053916771268647617)
200118 152414.294|INFO|Thread-51|dumpPacket|    To: TEAM1 @ site 1
200118 152414.295|INFO|Thread-51|dumpPacket|   key: JUDGEMENT_RECORD is: edu.csus.ecs.pc2.core.model.JudgementRecord No by JUDGE1 @ site 1 judgement No_-_Run-time_Error--628361778834185523 id JudgementRecord-2610843365764738106
200118 152414.295|INFO|Thread-51|dumpPacket|   key: CLIENT_ID is: edu.csus.ecs.pc2.core.model.ClientId SERVER0 @ site 1
200118 152414.295|INFO|Thread-51|dumpPacket|   key: RUN is: edu.csus.ecs.pc2.core.model.Run Run 13 JUDGED 7 min 475931ms from TEAM1 @ site 1 id Run-1692202977187808650 problem NEWTEST-2323207713857520700 lang Java--8544374802327027282
200118 152414.295|INFO|Thread-51|info|handlePacket start Packet[RUN_JUDGEMENT] #104 SERVER0 @ site 1 -> TEAM1 @ site 1
200118 152414.295|INFO|Thread-51|dumpPacket|Packet RUN_JUDGEMENT (Seq #104, o#104 ) handlePacket
200118 152414.295|INFO|Thread-51|dumpPacket|  From: SERVER0 @ site 1, oSERVER0 @ site 1 (DESKTOP-K31L36J @ 192.168.127.1) (Contest Id: Default-5053916771268647617)
200118 152414.295|INFO|Thread-51|dumpPacket|    To: TEAM1 @ site 1
200118 152414.295|INFO|Thread-51|dumpPacket|   key: JUDGEMENT_RECORD is: edu.csus.ecs.pc2.core.model.JudgementRecord No by JUDGE1 @ site 1 judgement No_-_Run-time_Error--628361778834185523 id JudgementRecord-2610843365764738106
200118 152414.295|INFO|Thread-51|dumpPacket|   key: CLIENT_ID is: edu.csus.ecs.pc2.core.model.ClientId SERVER0 @ site 1
200118 152414.295|INFO|Thread-51|dumpPacket|   key: RUN is: edu.csus.ecs.pc2.core.model.Run Run 13 JUDGED 7 min 475931ms from TEAM1 @ site 1 id Run-1692202977187808650 problem NEWTEST-2323207713857520700 lang Java--8544374802327027282
200118 152415.961|INFO|Thread-51|runChanged|RunsPane.RunListener: Action=CHANGED; DetailedAction=null; msg=null; run=Run 13 JUDGED 7 min 475931ms from TEAM1 @ site 1 id Run-1692202977187808650 problem NEWTEST-2323207713857520700 lang Java--8544374802327027282; runFiles=null
200118 152415.961|INFO|Thread-51|runChanged|Event not for me: sent to null but my ID is TEAM1 @ site 1
200118 152415.961|INFO|Thread-51|info| receiveObject(S) end   got Packet[RUN_JUDGEMENT] #104 SERVER0 @ site 1 -> TEAM1 @ site 1
